{"total": {"lines":{"total":4364,"covered":3135,"skipped":0,"pct":71.83},"statements":{"total":5025,"covered":3551,"skipped":0,"pct":70.66},"functions":{"total":1433,"covered":974,"skipped":0,"pct":67.96},"branches":{"total":3230,"covered":2056,"skipped":0,"pct":63.65},"branchesTrue":{"total":0,"covered":0,"skipped":0,"pct":100}}
,"/private/tmp/bde-coverage-worktree/src/renderer/src/App.tsx": {"lines":{"total":102,"covered":0,"skipped":0,"pct":0},"functions":{"total":30,"covered":0,"skipped":0,"pct":0},"statements":{"total":125,"covered":0,"skipped":0,"pct":0},"branches":{"total":73,"covered":0,"skipped":0,"pct":0}}
,"/private/tmp/bde-coverage-worktree/src/renderer/src/main.tsx": {"lines":{"total":1,"covered":0,"skipped":0,"pct":0},"functions":{"total":0,"covered":0,"skipped":0,"pct":100},"statements":{"total":1,"covered":0,"skipped":0,"pct":0},"branches":{"total":0,"covered":0,"skipped":0,"pct":100}}
,"/private/tmp/bde-coverage-worktree/src/renderer/src/components/Onboarding.tsx": {"lines":{"total":35,"covered":0,"skipped":0,"pct":0},"functions":{"total":7,"covered":0,"skipped":0,"pct":0},"statements":{"total":42,"covered":0,"skipped":0,"pct":0},"branches":{"total":37,"covered":0,"skipped":0,"pct":0}}
,"/private/tmp/bde-coverage-worktree/src/renderer/src/components/agents/AgentCard.tsx": {"lines":{"total":16,"covered":16,"skipped":0,"pct":100},"functions":{"total":6,"covered":4,"skipped":0,"pct":66.66},"statements":{"total":22,"covered":20,"skipped":0,"pct":90.9},"branches":{"total":18,"covered":17,"skipped":0,"pct":94.44}}
,"/private/tmp/bde-coverage-worktree/src/renderer/src/components/agents/AgentDetail.tsx": {"lines":{"total":23,"covered":23,"skipped":0,"pct":100},"functions":{"total":8,"covered":8,"skipped":0,"pct":100},"statements":{"total":25,"covered":25,"skipped":0,"pct":100},"branches":{"total":18,"covered":15,"skipped":0,"pct":83.33}}
,"/private/tmp/bde-coverage-worktree/src/renderer/src/components/agents/AgentList.tsx": {"lines":{"total":28,"covered":28,"skipped":0,"pct":100},"functions":{"total":17,"covered":13,"skipped":0,"pct":76.47},"statements":{"total":34,"covered":32,"skipped":0,"pct":94.11},"branches":{"total":25,"covered":25,"skipped":0,"pct":100}}
,"/private/tmp/bde-coverage-worktree/src/renderer/src/components/agents/ChatBubble.tsx": {"lines":{"total":7,"covered":1,"skipped":0,"pct":14.28},"functions":{"total":2,"covered":0,"skipped":0,"pct":0},"statements":{"total":7,"covered":1,"skipped":0,"pct":14.28},"branches":{"total":4,"covered":0,"skipped":0,"pct":0}}
,"/private/tmp/bde-coverage-worktree/src/renderer/src/components/agents/ChatRenderer.tsx": {"lines":{"total":58,"covered":52,"skipped":0,"pct":89.65},"functions":{"total":12,"covered":9,"skipped":0,"pct":75},"statements":{"total":61,"covered":54,"skipped":0,"pct":88.52},"branches":{"total":34,"covered":31,"skipped":0,"pct":91.17}}
,"/private/tmp/bde-coverage-worktree/src/renderer/src/components/agents/HealthBar.tsx": {"lines":{"total":1,"covered":1,"skipped":0,"pct":100},"functions":{"total":1,"covered":1,"skipped":0,"pct":100},"statements":{"total":1,"covered":1,"skipped":0,"pct":100},"branches":{"total":8,"covered":8,"skipped":0,"pct":100}}
,"/private/tmp/bde-coverage-worktree/src/renderer/src/components/agents/SpawnModal.tsx": {"lines":{"total":99,"covered":88,"skipped":0,"pct":88.88},"functions":{"total":29,"covered":27,"skipped":0,"pct":93.1},"statements":{"total":110,"covered":98,"skipped":0,"pct":89.09},"branches":{"total":77,"covered":53,"skipped":0,"pct":68.83}}
,"/private/tmp/bde-coverage-worktree/src/renderer/src/components/agents/SteerInput.tsx": {"lines":{"total":23,"covered":0,"skipped":0,"pct":0},"functions":{"total":7,"covered":0,"skipped":0,"pct":0},"statements":{"total":25,"covered":0,"skipped":0,"pct":0},"branches":{"total":14,"covered":0,"skipped":0,"pct":0}}
,"/private/tmp/bde-coverage-worktree/src/renderer/src/components/agents/ThinkingBlock.tsx": {"lines":{"total":5,"covered":2,"skipped":0,"pct":40},"functions":{"total":3,"covered":0,"skipped":0,"pct":0},"statements":{"total":6,"covered":2,"skipped":0,"pct":33.33},"branches":{"total":5,"covered":0,"skipped":0,"pct":0}}
,"/private/tmp/bde-coverage-worktree/src/renderer/src/components/agents/ToolCallBlock.tsx": {"lines":{"total":7,"covered":1,"skipped":0,"pct":14.28},"functions":{"total":3,"covered":0,"skipped":0,"pct":0},"statements":{"total":7,"covered":1,"skipped":0,"pct":14.28},"branches":{"total":18,"covered":0,"skipped":0,"pct":0}}
,"/private/tmp/bde-coverage-worktree/src/renderer/src/components/diff/DiffCommentComposer.tsx": {"lines":{"total":17,"covered":13,"skipped":0,"pct":76.47},"functions":{"total":5,"covered":5,"skipped":0,"pct":100},"statements":{"total":18,"covered":13,"skipped":0,"pct":72.22},"branches":{"total":10,"covered":5,"skipped":0,"pct":50}}
,"/private/tmp/bde-coverage-worktree/src/renderer/src/components/diff/DiffCommentWidget.tsx": {"lines":{"total":5,"covered":5,"skipped":0,"pct":100},"functions":{"total":4,"covered":4,"skipped":0,"pct":100},"statements":{"total":7,"covered":7,"skipped":0,"pct":100},"branches":{"total":8,"covered":8,"skipped":0,"pct":100}}
,"/private/tmp/bde-coverage-worktree/src/renderer/src/components/diff/DiffSizeWarning.tsx": {"lines":{"total":4,"covered":4,"skipped":0,"pct":100},"functions":{"total":2,"covered":2,"skipped":0,"pct":100},"statements":{"total":6,"covered":6,"skipped":0,"pct":100},"branches":{"total":4,"covered":4,"skipped":0,"pct":100}}
,"/private/tmp/bde-coverage-worktree/src/renderer/src/components/diff/DiffViewer.tsx": {"lines":{"total":198,"covered":179,"skipped":0,"pct":90.4},"functions":{"total":46,"covered":40,"skipped":0,"pct":86.95},"statements":{"total":229,"covered":201,"skipped":0,"pct":87.77},"branches":{"total":192,"covered":141,"skipped":0,"pct":73.43}}
,"/private/tmp/bde-coverage-worktree/src/renderer/src/components/layout/ActivityBar.tsx": {"lines":{"total":63,"covered":0,"skipped":0,"pct":0},"functions":{"total":26,"covered":0,"skipped":0,"pct":0},"statements":{"total":74,"covered":0,"skipped":0,"pct":0},"branches":{"total":28,"covered":0,"skipped":0,"pct":0}}
,"/private/tmp/bde-coverage-worktree/src/renderer/src/components/layout/CommandPalette.tsx": {"lines":{"total":113,"covered":81,"skipped":0,"pct":71.68},"functions":{"total":42,"covered":31,"skipped":0,"pct":73.8},"statements":{"total":131,"covered":95,"skipped":0,"pct":72.51},"branches":{"total":48,"covered":30,"skipped":0,"pct":62.5}}
,"/private/tmp/bde-coverage-worktree/src/renderer/src/components/layout/StatusBar.tsx": {"lines":{"total":1,"covered":1,"skipped":0,"pct":100},"functions":{"total":1,"covered":1,"skipped":0,"pct":100},"statements":{"total":1,"covered":1,"skipped":0,"pct":100},"branches":{"total":2,"covered":2,"skipped":0,"pct":100}}
,"/private/tmp/bde-coverage-worktree/src/renderer/src/components/layout/TitleBar.tsx": {"lines":{"total":4,"covered":4,"skipped":0,"pct":100},"functions":{"total":4,"covered":4,"skipped":0,"pct":100},"statements":{"total":7,"covered":7,"skipped":0,"pct":100},"branches":{"total":10,"covered":4,"skipped":0,"pct":40}}
,"/private/tmp/bde-coverage-worktree/src/renderer/src/components/layout/ToastContainer.tsx": {"lines":{"total":16,"covered":10,"skipped":0,"pct":62.5},"functions":{"total":8,"covered":6,"skipped":0,"pct":75},"statements":{"total":19,"covered":13,"skipped":0,"pct":68.42},"branches":{"total":17,"covered":16,"skipped":0,"pct":94.11}}
,"/private/tmp/bde-coverage-worktree/src/renderer/src/components/panels/PanelDropOverlay.tsx": {"lines":{"total":33,"covered":8,"skipped":0,"pct":24.24},"functions":{"total":6,"covered":1,"skipped":0,"pct":16.66},"statements":{"total":38,"covered":12,"skipped":0,"pct":31.57},"branches":{"total":17,"covered":8,"skipped":0,"pct":47.05}}
,"/private/tmp/bde-coverage-worktree/src/renderer/src/components/panels/PanelLeaf.tsx": {"lines":{"total":37,"covered":28,"skipped":0,"pct":75.67},"functions":{"total":15,"covered":11,"skipped":0,"pct":73.33},"statements":{"total":44,"covered":32,"skipped":0,"pct":72.72},"branches":{"total":31,"covered":16,"skipped":0,"pct":51.61}}
,"/private/tmp/bde-coverage-worktree/src/renderer/src/components/panels/PanelRenderer.tsx": {"lines":{"total":3,"covered":3,"skipped":0,"pct":100},"functions":{"total":1,"covered":1,"skipped":0,"pct":100},"statements":{"total":3,"covered":3,"skipped":0,"pct":100},"branches":{"total":2,"covered":2,"skipped":0,"pct":100}}
,"/private/tmp/bde-coverage-worktree/src/renderer/src/components/panels/PanelResizeHandle.tsx": {"lines":{"total":2,"covered":2,"skipped":0,"pct":100},"functions":{"total":1,"covered":1,"skipped":0,"pct":100},"statements":{"total":2,"covered":2,"skipped":0,"pct":100},"branches":{"total":6,"covered":6,"skipped":0,"pct":100}}
,"/private/tmp/bde-coverage-worktree/src/renderer/src/components/panels/PanelTabBar.tsx": {"lines":{"total":19,"covered":19,"skipped":0,"pct":100},"functions":{"total":12,"covered":12,"skipped":0,"pct":100},"statements":{"total":23,"covered":23,"skipped":0,"pct":100},"branches":{"total":8,"covered":8,"skipped":0,"pct":100}}
,"/private/tmp/bde-coverage-worktree/src/renderer/src/components/pr-station/PRStationActions.tsx": {"lines":{"total":54,"covered":52,"skipped":0,"pct":96.29},"functions":{"total":18,"covered":16,"skipped":0,"pct":88.88},"statements":{"total":62,"covered":57,"skipped":0,"pct":91.93},"branches":{"total":28,"covered":23,"skipped":0,"pct":82.14}}
,"/private/tmp/bde-coverage-worktree/src/renderer/src/components/pr-station/PRStationChecks.tsx": {"lines":{"total":14,"covered":14,"skipped":0,"pct":100},"functions":{"total":4,"covered":4,"skipped":0,"pct":100},"statements":{"total":16,"covered":16,"skipped":0,"pct":100},"branches":{"total":18,"covered":18,"skipped":0,"pct":100}}
,"/private/tmp/bde-coverage-worktree/src/renderer/src/components/pr-station/PRStationConflictBanner.tsx": {"lines":{"total":16,"covered":15,"skipped":0,"pct":93.75},"functions":{"total":7,"covered":6,"skipped":0,"pct":85.71},"statements":{"total":19,"covered":17,"skipped":0,"pct":89.47},"branches":{"total":10,"covered":9,"skipped":0,"pct":90}}
,"/private/tmp/bde-coverage-worktree/src/renderer/src/components/pr-station/PRStationConversation.tsx": {"lines":{"total":35,"covered":34,"skipped":0,"pct":97.14},"functions":{"total":9,"covered":8,"skipped":0,"pct":88.88},"statements":{"total":39,"covered":37,"skipped":0,"pct":94.87},"branches":{"total":16,"covered":13,"skipped":0,"pct":81.25}}
,"/private/tmp/bde-coverage-worktree/src/renderer/src/components/pr-station/PRStationDetail.tsx": {"lines":{"total":59,"covered":52,"skipped":0,"pct":88.13},"functions":{"total":10,"covered":9,"skipped":0,"pct":90},"statements":{"total":65,"covered":54,"skipped":0,"pct":83.07},"branches":{"total":34,"covered":18,"skipped":0,"pct":52.94}}
,"/private/tmp/bde-coverage-worktree/src/renderer/src/components/pr-station/PRStationDiff.tsx": {"lines":{"total":65,"covered":53,"skipped":0,"pct":81.53},"functions":{"total":19,"covered":14,"skipped":0,"pct":73.68},"statements":{"total":76,"covered":58,"skipped":0,"pct":76.31},"branches":{"total":34,"covered":18,"skipped":0,"pct":52.94}}
,"/private/tmp/bde-coverage-worktree/src/renderer/src/components/pr-station/PRStationList.tsx": {"lines":{"total":29,"covered":23,"skipped":0,"pct":79.31},"functions":{"total":11,"covered":10,"skipped":0,"pct":90.9},"statements":{"total":29,"covered":23,"skipped":0,"pct":79.31},"branches":{"total":22,"covered":14,"skipped":0,"pct":63.63}}
,"/private/tmp/bde-coverage-worktree/src/renderer/src/components/pr-station/PRStationReviews.tsx": {"lines":{"total":20,"covered":17,"skipped":0,"pct":85},"functions":{"total":4,"covered":4,"skipped":0,"pct":100},"statements":{"total":21,"covered":17,"skipped":0,"pct":80.95},"branches":{"total":17,"covered":13,"skipped":0,"pct":76.47}}
,"/private/tmp/bde-coverage-worktree/src/renderer/src/components/pr-station/ReviewSubmitDialog.tsx": {"lines":{"total":26,"covered":26,"skipped":0,"pct":100},"functions":{"total":10,"covered":10,"skipped":0,"pct":100},"statements":{"total":30,"covered":29,"skipped":0,"pct":96.66},"branches":{"total":16,"covered":12,"skipped":0,"pct":75}}
,"/private/tmp/bde-coverage-worktree/src/renderer/src/components/settings/AboutSection.tsx": {"lines":{"total":4,"covered":2,"skipped":0,"pct":50},"functions":{"total":2,"covered":0,"skipped":0,"pct":0},"statements":{"total":4,"covered":2,"skipped":0,"pct":50},"branches":{"total":0,"covered":0,"skipped":0,"pct":100}}
,"/private/tmp/bde-coverage-worktree/src/renderer/src/components/settings/AgentManagerSection.tsx": {"lines":{"total":40,"covered":35,"skipped":0,"pct":87.5},"functions":{"total":10,"covered":8,"skipped":0,"pct":80},"statements":{"total":45,"covered":40,"skipped":0,"pct":88.88},"branches":{"total":18,"covered":18,"skipped":0,"pct":100}}
,"/private/tmp/bde-coverage-worktree/src/renderer/src/components/settings/AgentRuntimeSection.tsx": {"lines":{"total":21,"covered":1,"skipped":0,"pct":4.76},"functions":{"total":7,"covered":0,"skipped":0,"pct":0},"statements":{"total":23,"covered":1,"skipped":0,"pct":4.34},"branches":{"total":9,"covered":0,"skipped":0,"pct":0}}
,"/private/tmp/bde-coverage-worktree/src/renderer/src/components/settings/AppearanceSection.tsx": {"lines":{"total":20,"covered":14,"skipped":0,"pct":70},"functions":{"total":11,"covered":8,"skipped":0,"pct":72.72},"statements":{"total":22,"covered":16,"skipped":0,"pct":72.72},"branches":{"total":10,"covered":7,"skipped":0,"pct":70}}
,"/private/tmp/bde-coverage-worktree/src/renderer/src/components/settings/ConnectionsSection.tsx": {"lines":{"total":76,"covered":57,"skipped":0,"pct":75},"functions":{"total":17,"covered":13,"skipped":0,"pct":76.47},"statements":{"total":79,"covered":59,"skipped":0,"pct":74.68},"branches":{"total":33,"covered":24,"skipped":0,"pct":72.72}}
,"/private/tmp/bde-coverage-worktree/src/renderer/src/components/settings/CredentialForm.tsx": {"lines":{"total":8,"covered":7,"skipped":0,"pct":87.5},"functions":{"total":7,"covered":6,"skipped":0,"pct":85.71},"statements":{"total":9,"covered":8,"skipped":0,"pct":88.88},"branches":{"total":35,"covered":28,"skipped":0,"pct":80}}
,"/private/tmp/bde-coverage-worktree/src/renderer/src/components/settings/RepositoriesSection.tsx": {"lines":{"total":43,"covered":41,"skipped":0,"pct":95.34},"functions":{"total":18,"covered":16,"skipped":0,"pct":88.88},"statements":{"total":47,"covered":44,"skipped":0,"pct":93.61},"branches":{"total":26,"covered":22,"skipped":0,"pct":84.61}}
,"/private/tmp/bde-coverage-worktree/src/renderer/src/components/settings/TaskTemplatesSection.tsx": {"lines":{"total":35,"covered":17,"skipped":0,"pct":48.57},"functions":{"total":12,"covered":5,"skipped":0,"pct":41.66},"statements":{"total":36,"covered":18,"skipped":0,"pct":50},"branches":{"total":12,"covered":10,"skipped":0,"pct":83.33}}
,"/private/tmp/bde-coverage-worktree/src/renderer/src/components/sprint/AgentStatusChip.tsx": {"lines":{"total":2,"covered":2,"skipped":0,"pct":100},"functions":{"total":1,"covered":1,"skipped":0,"pct":100},"statements":{"total":2,"covered":2,"skipped":0,"pct":100},"branches":{"total":12,"covered":9,"skipped":0,"pct":75}}
,"/private/tmp/bde-coverage-worktree/src/renderer/src/components/sprint/ConflictDrawer.tsx": {"lines":{"total":46,"covered":11,"skipped":0,"pct":23.91},"functions":{"total":15,"covered":3,"skipped":0,"pct":20},"statements":{"total":56,"covered":12,"skipped":0,"pct":21.42},"branches":{"total":52,"covered":6,"skipped":0,"pct":11.53}}
,"/private/tmp/bde-coverage-worktree/src/renderer/src/components/sprint/EventCard.tsx": {"lines":{"total":32,"covered":26,"skipped":0,"pct":81.25},"functions":{"total":12,"covered":9,"skipped":0,"pct":75},"statements":{"total":35,"covered":26,"skipped":0,"pct":74.28},"branches":{"total":43,"covered":28,"skipped":0,"pct":65.11}}
,"/private/tmp/bde-coverage-worktree/src/renderer/src/components/sprint/HealthCheckDrawer.tsx": {"lines":{"total":15,"covered":3,"skipped":0,"pct":20},"functions":{"total":6,"covered":1,"skipped":0,"pct":16.66},"statements":{"total":16,"covered":3,"skipped":0,"pct":18.75},"branches":{"total":12,"covered":3,"skipped":0,"pct":25}}
,"/private/tmp/bde-coverage-worktree/src/renderer/src/components/sprint/KanbanBoard.tsx": {"lines":{"total":50,"covered":39,"skipped":0,"pct":78},"functions":{"total":13,"covered":7,"skipped":0,"pct":53.84},"statements":{"total":61,"covered":44,"skipped":0,"pct":72.13},"branches":{"total":43,"covered":25,"skipped":0,"pct":58.13}}
,"/private/tmp/bde-coverage-worktree/src/renderer/src/components/sprint/KanbanColumn.tsx": {"lines":{"total":16,"covered":16,"skipped":0,"pct":100},"functions":{"total":4,"covered":4,"skipped":0,"pct":100},"statements":{"total":17,"covered":17,"skipped":0,"pct":100},"branches":{"total":39,"covered":35,"skipped":0,"pct":89.74}}
,"/private/tmp/bde-coverage-worktree/src/renderer/src/components/sprint/LogDrawer.tsx": {"lines":{"total":75,"covered":66,"skipped":0,"pct":88},"functions":{"total":21,"covered":19,"skipped":0,"pct":90.47},"statements":{"total":86,"covered":74,"skipped":0,"pct":86.04},"branches":{"total":69,"covered":52,"skipped":0,"pct":75.36}}
,"/private/tmp/bde-coverage-worktree/src/renderer/src/components/sprint/NewTicketModal.tsx": {"lines":{"total":79,"covered":66,"skipped":0,"pct":83.54},"functions":{"total":31,"covered":24,"skipped":0,"pct":77.41},"statements":{"total":86,"covered":70,"skipped":0,"pct":81.39},"branches":{"total":52,"covered":40,"skipped":0,"pct":76.92}}
,"/private/tmp/bde-coverage-worktree/src/renderer/src/components/sprint/PRList.tsx": {"lines":{"total":46,"covered":0,"skipped":0,"pct":0},"functions":{"total":17,"covered":0,"skipped":0,"pct":0},"statements":{"total":51,"covered":0,"skipped":0,"pct":0},"branches":{"total":30,"covered":0,"skipped":0,"pct":0}}
,"/private/tmp/bde-coverage-worktree/src/renderer/src/components/sprint/PRSection.tsx": {"lines":{"total":11,"covered":0,"skipped":0,"pct":0},"functions":{"total":3,"covered":0,"skipped":0,"pct":0},"statements":{"total":11,"covered":0,"skipped":0,"pct":0},"branches":{"total":2,"covered":0,"skipped":0,"pct":0}}
,"/private/tmp/bde-coverage-worktree/src/renderer/src/components/sprint/SpecDrawer.tsx": {"lines":{"total":97,"covered":57,"skipped":0,"pct":58.76},"functions":{"total":26,"covered":14,"skipped":0,"pct":53.84},"statements":{"total":111,"covered":65,"skipped":0,"pct":58.55},"branches":{"total":87,"covered":51,"skipped":0,"pct":58.62}}
,"/private/tmp/bde-coverage-worktree/src/renderer/src/components/sprint/SpecEditor.tsx": {"lines":{"total":5,"covered":4,"skipped":0,"pct":80},"functions":{"total":3,"covered":2,"skipped":0,"pct":66.66},"statements":{"total":5,"covered":4,"skipped":0,"pct":80},"branches":{"total":0,"covered":0,"skipped":0,"pct":100}}
,"/private/tmp/bde-coverage-worktree/src/renderer/src/components/sprint/SpecViewer.tsx": {"lines":{"total":4,"covered":4,"skipped":0,"pct":100},"functions":{"total":1,"covered":1,"skipped":0,"pct":100},"statements":{"total":4,"covered":4,"skipped":0,"pct":100},"branches":{"total":2,"covered":2,"skipped":0,"pct":100}}
,"/private/tmp/bde-coverage-worktree/src/renderer/src/components/sprint/SprintCenter.tsx": {"lines":{"total":61,"covered":44,"skipped":0,"pct":72.13},"functions":{"total":44,"covered":25,"skipped":0,"pct":56.81},"statements":{"total":83,"covered":62,"skipped":0,"pct":74.69},"branches":{"total":40,"covered":17,"skipped":0,"pct":42.5}}
,"/private/tmp/bde-coverage-worktree/src/renderer/src/components/sprint/SprintToolbar.tsx": {"lines":{"total":13,"covered":0,"skipped":0,"pct":0},"functions":{"total":11,"covered":0,"skipped":0,"pct":0},"statements":{"total":18,"covered":0,"skipped":0,"pct":0},"branches":{"total":14,"covered":0,"skipped":0,"pct":0}}
,"/private/tmp/bde-coverage-worktree/src/renderer/src/components/sprint/TaskCard.tsx": {"lines":{"total":21,"covered":14,"skipped":0,"pct":66.66},"functions":{"total":16,"covered":9,"skipped":0,"pct":56.25},"statements":{"total":22,"covered":15,"skipped":0,"pct":68.18},"branches":{"total":55,"covered":53,"skipped":0,"pct":96.36}}
,"/private/tmp/bde-coverage-worktree/src/renderer/src/components/sprint/TaskEventSubtitle.tsx": {"lines":{"total":18,"covered":18,"skipped":0,"pct":100},"functions":{"total":2,"covered":2,"skipped":0,"pct":100},"statements":{"total":19,"covered":19,"skipped":0,"pct":100},"branches":{"total":12,"covered":11,"skipped":0,"pct":91.66}}
,"/private/tmp/bde-coverage-worktree/src/renderer/src/components/sprint/TaskTable.tsx": {"lines":{"total":58,"covered":56,"skipped":0,"pct":96.55},"functions":{"total":31,"covered":29,"skipped":0,"pct":93.54},"statements":{"total":67,"covered":64,"skipped":0,"pct":95.52},"branches":{"total":81,"covered":75,"skipped":0,"pct":92.59}}
,"/private/tmp/bde-coverage-worktree/src/renderer/src/components/sprint/TicketEditor.tsx": {"lines":{"total":58,"covered":0,"skipped":0,"pct":0},"functions":{"total":31,"covered":0,"skipped":0,"pct":0},"statements":{"total":67,"covered":0,"skipped":0,"pct":0},"branches":{"total":46,"covered":0,"skipped":0,"pct":0}}
,"/private/tmp/bde-coverage-worktree/src/renderer/src/components/terminal/AgentOutputTab.tsx": {"lines":{"total":13,"covered":0,"skipped":0,"pct":0},"functions":{"total":5,"covered":0,"skipped":0,"pct":0},"statements":{"total":15,"covered":0,"skipped":0,"pct":0},"branches":{"total":12,"covered":0,"skipped":0,"pct":0}}
,"/private/tmp/bde-coverage-worktree/src/renderer/src/components/terminal/AgentPicker.tsx": {"lines":{"total":40,"covered":0,"skipped":0,"pct":0},"functions":{"total":14,"covered":0,"skipped":0,"pct":0},"statements":{"total":47,"covered":0,"skipped":0,"pct":0},"branches":{"total":18,"covered":0,"skipped":0,"pct":0}}
,"/private/tmp/bde-coverage-worktree/src/renderer/src/components/terminal/EmptyState.tsx": {"lines":{"total":4,"covered":0,"skipped":0,"pct":0},"functions":{"total":3,"covered":0,"skipped":0,"pct":0},"statements":{"total":4,"covered":0,"skipped":0,"pct":0},"branches":{"total":0,"covered":0,"skipped":0,"pct":100}}
,"/private/tmp/bde-coverage-worktree/src/renderer/src/components/terminal/FindBar.tsx": {"lines":{"total":53,"covered":0,"skipped":0,"pct":0},"functions":{"total":14,"covered":0,"skipped":0,"pct":0},"statements":{"total":65,"covered":0,"skipped":0,"pct":0},"branches":{"total":36,"covered":0,"skipped":0,"pct":0}}
,"/private/tmp/bde-coverage-worktree/src/renderer/src/components/terminal/PaneStatusBar.tsx": {"lines":{"total":3,"covered":0,"skipped":0,"pct":0},"functions":{"total":1,"covered":0,"skipped":0,"pct":0},"statements":{"total":3,"covered":0,"skipped":0,"pct":0},"branches":{"total":4,"covered":0,"skipped":0,"pct":0}}
,"/private/tmp/bde-coverage-worktree/src/renderer/src/components/terminal/ShellPicker.tsx": {"lines":{"total":35,"covered":1,"skipped":0,"pct":2.85},"functions":{"total":15,"covered":0,"skipped":0,"pct":0},"statements":{"total":39,"covered":1,"skipped":0,"pct":2.56},"branches":{"total":22,"covered":0,"skipped":0,"pct":0}}
,"/private/tmp/bde-coverage-worktree/src/renderer/src/components/terminal/TerminalContent.tsx": {"lines":{"total":4,"covered":4,"skipped":0,"pct":100},"functions":{"total":2,"covered":2,"skipped":0,"pct":100},"statements":{"total":4,"covered":4,"skipped":0,"pct":100},"branches":{"total":15,"covered":12,"skipped":0,"pct":80}}
,"/private/tmp/bde-coverage-worktree/src/renderer/src/components/terminal/TerminalPane.tsx": {"lines":{"total":51,"covered":0,"skipped":0,"pct":0},"functions":{"total":15,"covered":0,"skipped":0,"pct":0},"statements":{"total":57,"covered":0,"skipped":0,"pct":0},"branches":{"total":9,"covered":0,"skipped":0,"pct":0}}
,"/private/tmp/bde-coverage-worktree/src/renderer/src/components/terminal/TerminalTabBar.tsx": {"lines":{"total":113,"covered":84,"skipped":0,"pct":74.33},"functions":{"total":46,"covered":29,"skipped":0,"pct":63.04},"statements":{"total":129,"covered":93,"skipped":0,"pct":72.09},"branches":{"total":82,"covered":58,"skipped":0,"pct":70.73}}
,"/private/tmp/bde-coverage-worktree/src/renderer/src/components/terminal/TerminalToolbar.tsx": {"lines":{"total":1,"covered":1,"skipped":0,"pct":100},"functions":{"total":1,"covered":1,"skipped":0,"pct":100},"statements":{"total":1,"covered":1,"skipped":0,"pct":100},"branches":{"total":6,"covered":6,"skipped":0,"pct":100}}
,"/private/tmp/bde-coverage-worktree/src/renderer/src/components/ui/Badge.tsx": {"lines":{"total":1,"covered":1,"skipped":0,"pct":100},"functions":{"total":1,"covered":1,"skipped":0,"pct":100},"statements":{"total":1,"covered":1,"skipped":0,"pct":100},"branches":{"total":2,"covered":2,"skipped":0,"pct":100}}
,"/private/tmp/bde-coverage-worktree/src/renderer/src/components/ui/Button.tsx": {"lines":{"total":3,"covered":3,"skipped":0,"pct":100},"functions":{"total":1,"covered":1,"skipped":0,"pct":100},"statements":{"total":3,"covered":3,"skipped":0,"pct":100},"branches":{"total":14,"covered":14,"skipped":0,"pct":100}}
,"/private/tmp/bde-coverage-worktree/src/renderer/src/components/ui/Card.tsx": {"lines":{"total":2,"covered":0,"skipped":0,"pct":0},"functions":{"total":1,"covered":0,"skipped":0,"pct":0},"statements":{"total":2,"covered":0,"skipped":0,"pct":0},"branches":{"total":6,"covered":0,"skipped":0,"pct":0}}
,"/private/tmp/bde-coverage-worktree/src/renderer/src/components/ui/ConfirmModal.tsx": {"lines":{"total":27,"covered":27,"skipped":0,"pct":100},"functions":{"total":12,"covered":12,"skipped":0,"pct":100},"statements":{"total":30,"covered":30,"skipped":0,"pct":100},"branches":{"total":17,"covered":15,"skipped":0,"pct":88.23}}
,"/private/tmp/bde-coverage-worktree/src/renderer/src/components/ui/Divider.tsx": {"lines":{"total":1,"covered":0,"skipped":0,"pct":0},"functions":{"total":1,"covered":0,"skipped":0,"pct":0},"statements":{"total":1,"covered":0,"skipped":0,"pct":0},"branches":{"total":1,"covered":0,"skipped":0,"pct":0}}
,"/private/tmp/bde-coverage-worktree/src/renderer/src/components/ui/ElapsedTime.tsx": {"lines":{"total":5,"covered":5,"skipped":0,"pct":100},"functions":{"total":5,"covered":3,"skipped":0,"pct":60},"statements":{"total":8,"covered":6,"skipped":0,"pct":75},"branches":{"total":0,"covered":0,"skipped":0,"pct":100}}
,"/private/tmp/bde-coverage-worktree/src/renderer/src/components/ui/EmptyState.tsx": {"lines":{"total":1,"covered":1,"skipped":0,"pct":100},"functions":{"total":1,"covered":1,"skipped":0,"pct":100},"statements":{"total":1,"covered":1,"skipped":0,"pct":100},"branches":{"total":6,"covered":6,"skipped":0,"pct":100}}
,"/private/tmp/bde-coverage-worktree/src/renderer/src/components/ui/ErrorBanner.tsx": {"lines":{"total":2,"covered":2,"skipped":0,"pct":100},"functions":{"total":1,"covered":1,"skipped":0,"pct":100},"statements":{"total":3,"covered":2,"skipped":0,"pct":66.66},"branches":{"total":4,"covered":2,"skipped":0,"pct":50}}
,"/private/tmp/bde-coverage-worktree/src/renderer/src/components/ui/ErrorBoundary.tsx": {"lines":{"total":6,"covered":6,"skipped":0,"pct":100},"functions":{"total":3,"covered":3,"skipped":0,"pct":100},"statements":{"total":6,"covered":6,"skipped":0,"pct":100},"branches":{"total":8,"covered":8,"skipped":0,"pct":100}}
,"/private/tmp/bde-coverage-worktree/src/renderer/src/components/ui/Input.tsx": {"lines":{"total":3,"covered":3,"skipped":0,"pct":100},"functions":{"total":2,"covered":2,"skipped":0,"pct":100},"statements":{"total":3,"covered":3,"skipped":0,"pct":100},"branches":{"total":9,"covered":9,"skipped":0,"pct":100}}
,"/private/tmp/bde-coverage-worktree/src/renderer/src/components/ui/Kbd.tsx": {"lines":{"total":1,"covered":1,"skipped":0,"pct":100},"functions":{"total":1,"covered":1,"skipped":0,"pct":100},"statements":{"total":1,"covered":1,"skipped":0,"pct":100},"branches":{"total":0,"covered":0,"skipped":0,"pct":100}}
,"/private/tmp/bde-coverage-worktree/src/renderer/src/components/ui/Panel.tsx": {"lines":{"total":2,"covered":0,"skipped":0,"pct":0},"functions":{"total":1,"covered":0,"skipped":0,"pct":0},"statements":{"total":2,"covered":0,"skipped":0,"pct":0},"branches":{"total":4,"covered":0,"skipped":0,"pct":0}}
,"/private/tmp/bde-coverage-worktree/src/renderer/src/components/ui/Spinner.tsx": {"lines":{"total":1,"covered":1,"skipped":0,"pct":100},"functions":{"total":1,"covered":1,"skipped":0,"pct":100},"statements":{"total":1,"covered":1,"skipped":0,"pct":100},"branches":{"total":3,"covered":3,"skipped":0,"pct":100}}
,"/private/tmp/bde-coverage-worktree/src/renderer/src/components/ui/Textarea.tsx": {"lines":{"total":13,"covered":13,"skipped":0,"pct":100},"functions":{"total":5,"covered":4,"skipped":0,"pct":80},"statements":{"total":15,"covered":13,"skipped":0,"pct":86.66},"branches":{"total":3,"covered":2,"skipped":0,"pct":66.66}}
,"/private/tmp/bde-coverage-worktree/src/renderer/src/components/ui/Tooltip.tsx": {"lines":{"total":1,"covered":0,"skipped":0,"pct":0},"functions":{"total":1,"covered":0,"skipped":0,"pct":0},"statements":{"total":1,"covered":0,"skipped":0,"pct":0},"branches":{"total":1,"covered":0,"skipped":0,"pct":0}}
,"/private/tmp/bde-coverage-worktree/src/renderer/src/hooks/useGitHubRateLimitWarning.ts": {"lines":{"total":7,"covered":0,"skipped":0,"pct":0},"functions":{"total":5,"covered":0,"skipped":0,"pct":0},"statements":{"total":9,"covered":0,"skipped":0,"pct":0},"branches":{"total":0,"covered":0,"skipped":0,"pct":100}}
,"/private/tmp/bde-coverage-worktree/src/renderer/src/hooks/useHealthCheck.ts": {"lines":{"total":14,"covered":14,"skipped":0,"pct":100},"functions":{"total":10,"covered":9,"skipped":0,"pct":90},"statements":{"total":20,"covered":19,"skipped":0,"pct":95},"branches":{"total":2,"covered":1,"skipped":0,"pct":50}}
,"/private/tmp/bde-coverage-worktree/src/renderer/src/hooks/usePrStatusPolling.ts": {"lines":{"total":50,"covered":47,"skipped":0,"pct":94},"functions":{"total":18,"covered":16,"skipped":0,"pct":88.88},"statements":{"total":70,"covered":65,"skipped":0,"pct":92.85},"branches":{"total":25,"covered":18,"skipped":0,"pct":72}}
,"/private/tmp/bde-coverage-worktree/src/renderer/src/hooks/useRepoOptions.ts": {"lines":{"total":8,"covered":8,"skipped":0,"pct":100},"functions":{"total":6,"covered":6,"skipped":0,"pct":100},"statements":{"total":9,"covered":9,"skipped":0,"pct":100},"branches":{"total":8,"covered":8,"skipped":0,"pct":100}}
,"/private/tmp/bde-coverage-worktree/src/renderer/src/hooks/useSidebarResize.ts": {"lines":{"total":14,"covered":3,"skipped":0,"pct":21.42},"functions":{"total":4,"covered":1,"skipped":0,"pct":25},"statements":{"total":14,"covered":3,"skipped":0,"pct":21.42},"branches":{"total":0,"covered":0,"skipped":0,"pct":100}}
,"/private/tmp/bde-coverage-worktree/src/renderer/src/hooks/useSprintKeyboardShortcuts.ts": {"lines":{"total":15,"covered":15,"skipped":0,"pct":100},"functions":{"total":6,"covered":6,"skipped":0,"pct":100},"statements":{"total":19,"covered":19,"skipped":0,"pct":100},"branches":{"total":14,"covered":14,"skipped":0,"pct":100}}
,"/private/tmp/bde-coverage-worktree/src/renderer/src/hooks/useSprintPolling.ts": {"lines":{"total":8,"covered":8,"skipped":0,"pct":100},"functions":{"total":6,"covered":5,"skipped":0,"pct":83.33},"statements":{"total":12,"covered":11,"skipped":0,"pct":91.66},"branches":{"total":2,"covered":1,"skipped":0,"pct":50}}
,"/private/tmp/bde-coverage-worktree/src/renderer/src/hooks/useSprintTaskActions.ts": {"lines":{"total":59,"covered":52,"skipped":0,"pct":88.13},"functions":{"total":21,"covered":18,"skipped":0,"pct":85.71},"statements":{"total":73,"covered":64,"skipped":0,"pct":87.67},"branches":{"total":34,"covered":27,"skipped":0,"pct":79.41}}
,"/private/tmp/bde-coverage-worktree/src/renderer/src/hooks/useTaskNotifications.ts": {"lines":{"total":75,"covered":29,"skipped":0,"pct":38.66},"functions":{"total":17,"covered":7,"skipped":0,"pct":41.17},"statements":{"total":88,"covered":31,"skipped":0,"pct":35.22},"branches":{"total":42,"covered":8,"skipped":0,"pct":19.04}}
,"/private/tmp/bde-coverage-worktree/src/renderer/src/hooks/useUnifiedAgents.ts": {"lines":{"total":26,"covered":22,"skipped":0,"pct":84.61},"functions":{"total":9,"covered":4,"skipped":0,"pct":44.44},"statements":{"total":34,"covered":27,"skipped":0,"pct":79.41},"branches":{"total":10,"covered":10,"skipped":0,"pct":100}}
,"/private/tmp/bde-coverage-worktree/src/renderer/src/hooks/useVisibilityAwareInterval.ts": {"lines":{"total":19,"covered":19,"skipped":0,"pct":100},"functions":{"total":7,"covered":7,"skipped":0,"pct":100},"statements":{"total":21,"covered":21,"skipped":0,"pct":100},"branches":{"total":6,"covered":6,"skipped":0,"pct":100}}
,"/private/tmp/bde-coverage-worktree/src/renderer/src/lib/agent-messages.ts": {"lines":{"total":12,"covered":0,"skipped":0,"pct":0},"functions":{"total":2,"covered":0,"skipped":0,"pct":0},"statements":{"total":12,"covered":0,"skipped":0,"pct":0},"branches":{"total":21,"covered":0,"skipped":0,"pct":0}}
,"/private/tmp/bde-coverage-worktree/src/renderer/src/lib/agentNormalizers.ts": {"lines":{"total":34,"covered":34,"skipped":0,"pct":100},"functions":{"total":6,"covered":6,"skipped":0,"pct":100},"statements":{"total":39,"covered":39,"skipped":0,"pct":100},"branches":{"total":52,"covered":45,"skipped":0,"pct":86.53}}
,"/private/tmp/bde-coverage-worktree/src/renderer/src/lib/attachments.ts": {"lines":{"total":55,"covered":0,"skipped":0,"pct":0},"functions":{"total":7,"covered":0,"skipped":0,"pct":0},"statements":{"total":58,"covered":0,"skipped":0,"pct":0},"branches":{"total":44,"covered":0,"skipped":0,"pct":0}}
,"/private/tmp/bde-coverage-worktree/src/renderer/src/lib/chat-markdown.tsx": {"lines":{"total":55,"covered":54,"skipped":0,"pct":98.18},"functions":{"total":4,"covered":4,"skipped":0,"pct":100},"statements":{"total":56,"covered":55,"skipped":0,"pct":98.21},"branches":{"total":35,"covered":30,"skipped":0,"pct":85.71}}
,"/private/tmp/bde-coverage-worktree/src/renderer/src/lib/constants.ts": {"lines":{"total":35,"covered":35,"skipped":0,"pct":100},"functions":{"total":0,"covered":0,"skipped":0,"pct":100},"statements":{"total":35,"covered":35,"skipped":0,"pct":100},"branches":{"total":0,"covered":0,"skipped":0,"pct":100}}
,"/private/tmp/bde-coverage-worktree/src/renderer/src/lib/cost.ts": {"lines":{"total":8,"covered":8,"skipped":0,"pct":100},"functions":{"total":2,"covered":2,"skipped":0,"pct":100},"statements":{"total":10,"covered":10,"skipped":0,"pct":100},"branches":{"total":10,"covered":8,"skipped":0,"pct":80}}
,"/private/tmp/bde-coverage-worktree/src/renderer/src/lib/diff-parser.ts": {"lines":{"total":97,"covered":97,"skipped":0,"pct":100},"functions":{"total":8,"covered":8,"skipped":0,"pct":100},"statements":{"total":105,"covered":105,"skipped":0,"pct":100},"branches":{"total":38,"covered":36,"skipped":0,"pct":94.73}}
,"/private/tmp/bde-coverage-worktree/src/renderer/src/lib/format.ts": {"lines":{"total":41,"covered":36,"skipped":0,"pct":87.8},"functions":{"total":9,"covered":8,"skipped":0,"pct":88.88},"statements":{"total":56,"covered":50,"skipped":0,"pct":89.28},"branches":{"total":42,"covered":37,"skipped":0,"pct":88.09}}
,"/private/tmp/bde-coverage-worktree/src/renderer/src/lib/github-api.ts": {"lines":{"total":65,"covered":65,"skipped":0,"pct":100},"functions":{"total":19,"covered":19,"skipped":0,"pct":100},"statements":{"total":77,"covered":76,"skipped":0,"pct":98.7},"branches":{"total":55,"covered":49,"skipped":0,"pct":89.09}}
,"/private/tmp/bde-coverage-worktree/src/renderer/src/lib/logPoller.ts": {"lines":{"total":23,"covered":20,"skipped":0,"pct":86.95},"functions":{"total":5,"covered":5,"skipped":0,"pct":100},"statements":{"total":24,"covered":21,"skipped":0,"pct":87.5},"branches":{"total":8,"covered":6,"skipped":0,"pct":75}}
,"/private/tmp/bde-coverage-worktree/src/renderer/src/lib/motion.ts": {"lines":{"total":4,"covered":4,"skipped":0,"pct":100},"functions":{"total":0,"covered":0,"skipped":0,"pct":100},"statements":{"total":4,"covered":4,"skipped":0,"pct":100},"branches":{"total":0,"covered":0,"skipped":0,"pct":100}}
,"/private/tmp/bde-coverage-worktree/src/renderer/src/lib/partitionSprintTasks.ts": {"lines":{"total":29,"covered":24,"skipped":0,"pct":82.75},"functions":{"total":1,"covered":1,"skipped":0,"pct":100},"statements":{"total":29,"covered":24,"skipped":0,"pct":82.75},"branches":{"total":12,"covered":9,"skipped":0,"pct":75}}
,"/private/tmp/bde-coverage-worktree/src/renderer/src/lib/render-markdown.ts": {"lines":{"total":3,"covered":3,"skipped":0,"pct":100},"functions":{"total":3,"covered":3,"skipped":0,"pct":100},"statements":{"total":3,"covered":3,"skipped":0,"pct":100},"branches":{"total":0,"covered":0,"skipped":0,"pct":100}}
,"/private/tmp/bde-coverage-worktree/src/renderer/src/lib/stream-parser.ts": {"lines":{"total":88,"covered":78,"skipped":0,"pct":88.63},"functions":{"total":2,"covered":2,"skipped":0,"pct":100},"statements":{"total":90,"covered":80,"skipped":0,"pct":88.88},"branches":{"total":101,"covered":81,"skipped":0,"pct":80.19}}
,"/private/tmp/bde-coverage-worktree/src/renderer/src/lib/utils.ts": {"lines":{"total":7,"covered":7,"skipped":0,"pct":100},"functions":{"total":1,"covered":1,"skipped":0,"pct":100},"statements":{"total":10,"covered":10,"skipped":0,"pct":100},"branches":{"total":8,"covered":7,"skipped":0,"pct":87.5}}
,"/private/tmp/bde-coverage-worktree/src/renderer/src/services/memory.ts": {"lines":{"total":3,"covered":3,"skipped":0,"pct":100},"functions":{"total":3,"covered":3,"skipped":0,"pct":100},"statements":{"total":3,"covered":3,"skipped":0,"pct":100},"branches":{"total":0,"covered":0,"skipped":0,"pct":100}}
,"/private/tmp/bde-coverage-worktree/src/renderer/src/services/settings.ts": {"lines":{"total":3,"covered":0,"skipped":0,"pct":0},"functions":{"total":3,"covered":0,"skipped":0,"pct":0},"statements":{"total":3,"covered":0,"skipped":0,"pct":0},"branches":{"total":0,"covered":0,"skipped":0,"pct":100}}
,"/private/tmp/bde-coverage-worktree/src/renderer/src/stores/agentEvents.ts": {"lines":{"total":9,"covered":9,"skipped":0,"pct":100},"functions":{"total":8,"covered":8,"skipped":0,"pct":100},"statements":{"total":12,"covered":12,"skipped":0,"pct":100},"branches":{"total":2,"covered":2,"skipped":0,"pct":100}}
,"/private/tmp/bde-coverage-worktree/src/renderer/src/stores/agentHistory.ts": {"lines":{"total":20,"covered":18,"skipped":0,"pct":90},"functions":{"total":8,"covered":7,"skipped":0,"pct":87.5},"statements":{"total":20,"covered":18,"skipped":0,"pct":90},"branches":{"total":2,"covered":2,"skipped":0,"pct":100}}
,"/private/tmp/bde-coverage-worktree/src/renderer/src/stores/commandPalette.ts": {"lines":{"total":4,"covered":4,"skipped":0,"pct":100},"functions":{"total":5,"covered":5,"skipped":0,"pct":100},"statements":{"total":6,"covered":6,"skipped":0,"pct":100},"branches":{"total":0,"covered":0,"skipped":0,"pct":100}}
,"/private/tmp/bde-coverage-worktree/src/renderer/src/stores/costData.ts": {"lines":{"total":9,"covered":9,"skipped":0,"pct":100},"functions":{"total":3,"covered":3,"skipped":0,"pct":100},"statements":{"total":12,"covered":12,"skipped":0,"pct":100},"branches":{"total":4,"covered":4,"skipped":0,"pct":100}}
,"/private/tmp/bde-coverage-worktree/src/renderer/src/stores/healthCheck.ts": {"lines":{"total":11,"covered":11,"skipped":0,"pct":100},"functions":{"total":7,"covered":7,"skipped":0,"pct":100},"statements":{"total":12,"covered":12,"skipped":0,"pct":100},"branches":{"total":4,"covered":4,"skipped":0,"pct":100}}
,"/private/tmp/bde-coverage-worktree/src/renderer/src/stores/localAgents.ts": {"lines":{"total":22,"covered":21,"skipped":0,"pct":95.45},"functions":{"total":11,"covered":10,"skipped":0,"pct":90.9},"statements":{"total":23,"covered":22,"skipped":0,"pct":95.65},"branches":{"total":8,"covered":6,"skipped":0,"pct":75}}
,"/private/tmp/bde-coverage-worktree/src/renderer/src/stores/panelLayout.ts": {"lines":{"total":152,"covered":147,"skipped":0,"pct":96.71},"functions":{"total":37,"covered":34,"skipped":0,"pct":91.89},"statements":{"total":179,"covered":173,"skipped":0,"pct":96.64},"branches":{"total":144,"covered":134,"skipped":0,"pct":93.05}}
,"/private/tmp/bde-coverage-worktree/src/renderer/src/stores/pendingReview.ts": {"lines":{"total":22,"covered":22,"skipped":0,"pct":100},"functions":{"total":12,"covered":12,"skipped":0,"pct":100},"statements":{"total":24,"covered":24,"skipped":0,"pct":100},"branches":{"total":10,"covered":9,"skipped":0,"pct":90}}
,"/private/tmp/bde-coverage-worktree/src/renderer/src/stores/prConflicts.ts": {"lines":{"total":6,"covered":6,"skipped":0,"pct":100},"functions":{"total":4,"covered":4,"skipped":0,"pct":100},"statements":{"total":7,"covered":7,"skipped":0,"pct":100},"branches":{"total":4,"covered":4,"skipped":0,"pct":100}}
,"/private/tmp/bde-coverage-worktree/src/renderer/src/stores/sprintEvents.ts": {"lines":{"total":15,"covered":15,"skipped":0,"pct":100},"functions":{"total":7,"covered":7,"skipped":0,"pct":100},"statements":{"total":16,"covered":16,"skipped":0,"pct":100},"branches":{"total":4,"covered":4,"skipped":0,"pct":100}}
,"/private/tmp/bde-coverage-worktree/src/renderer/src/stores/sprintTasks.ts": {"lines":{"total":106,"covered":101,"skipped":0,"pct":95.28},"functions":{"total":32,"covered":27,"skipped":0,"pct":84.37},"statements":{"total":117,"covered":111,"skipped":0,"pct":94.87},"branches":{"total":67,"covered":53,"skipped":0,"pct":79.1}}
,"/private/tmp/bde-coverage-worktree/src/renderer/src/stores/sprintUI.ts": {"lines":{"total":5,"covered":5,"skipped":0,"pct":100},"functions":{"total":6,"covered":6,"skipped":0,"pct":100},"statements":{"total":7,"covered":7,"skipped":0,"pct":100},"branches":{"total":0,"covered":0,"skipped":0,"pct":100}}
,"/private/tmp/bde-coverage-worktree/src/renderer/src/stores/terminal.ts": {"lines":{"total":39,"covered":39,"skipped":0,"pct":100},"functions":{"total":33,"covered":33,"skipped":0,"pct":100},"statements":{"total":52,"covered":52,"skipped":0,"pct":100},"branches":{"total":18,"covered":17,"skipped":0,"pct":94.44}}
,"/private/tmp/bde-coverage-worktree/src/renderer/src/stores/theme.ts": {"lines":{"total":17,"covered":16,"skipped":0,"pct":94.11},"functions":{"total":7,"covered":7,"skipped":0,"pct":100},"statements":{"total":19,"covered":18,"skipped":0,"pct":94.73},"branches":{"total":6,"covered":6,"skipped":0,"pct":100}}
,"/private/tmp/bde-coverage-worktree/src/renderer/src/stores/toasts.ts": {"lines":{"total":24,"covered":23,"skipped":0,"pct":95.83},"functions":{"total":11,"covered":10,"skipped":0,"pct":90.9},"statements":{"total":27,"covered":26,"skipped":0,"pct":96.29},"branches":{"total":4,"covered":3,"skipped":0,"pct":75}}
,"/private/tmp/bde-coverage-worktree/src/renderer/src/stores/ui.ts": {"lines":{"total":22,"covered":20,"skipped":0,"pct":90.9},"functions":{"total":5,"covered":5,"skipped":0,"pct":100},"statements":{"total":26,"covered":23,"skipped":0,"pct":88.46},"branches":{"total":18,"covered":10,"skipped":0,"pct":55.55}}
,"/private/tmp/bde-coverage-worktree/src/renderer/src/stores/unifiedAgents.ts": {"lines":{"total":36,"covered":34,"skipped":0,"pct":94.44},"functions":{"total":8,"covered":8,"skipped":0,"pct":100},"statements":{"total":40,"covered":38,"skipped":0,"pct":95},"branches":{"total":18,"covered":13,"skipped":0,"pct":72.22}}
,"/private/tmp/bde-coverage-worktree/src/renderer/src/views/AgentsView.tsx": {"lines":{"total":48,"covered":42,"skipped":0,"pct":87.5},"functions":{"total":25,"covered":19,"skipped":0,"pct":76},"statements":{"total":63,"covered":53,"skipped":0,"pct":84.12},"branches":{"total":28,"covered":13,"skipped":0,"pct":46.42}}
,"/private/tmp/bde-coverage-worktree/src/renderer/src/views/CostView.tsx": {"lines":{"total":79,"covered":73,"skipped":0,"pct":92.4},"functions":{"total":27,"covered":24,"skipped":0,"pct":88.88},"statements":{"total":94,"covered":80,"skipped":0,"pct":85.1},"branches":{"total":90,"covered":59,"skipped":0,"pct":65.55}}
,"/private/tmp/bde-coverage-worktree/src/renderer/src/views/MemoryView.tsx": {"lines":{"total":133,"covered":103,"skipped":0,"pct":77.44},"functions":{"total":30,"covered":27,"skipped":0,"pct":90},"statements":{"total":155,"covered":116,"skipped":0,"pct":74.83},"branches":{"total":103,"covered":54,"skipped":0,"pct":52.42}}
,"/private/tmp/bde-coverage-worktree/src/renderer/src/views/PRStationView.tsx": {"lines":{"total":41,"covered":33,"skipped":0,"pct":80.48},"functions":{"total":15,"covered":12,"skipped":0,"pct":80},"statements":{"total":46,"covered":35,"skipped":0,"pct":76.08},"branches":{"total":33,"covered":26,"skipped":0,"pct":78.78}}
,"/private/tmp/bde-coverage-worktree/src/renderer/src/views/SettingsView.tsx": {"lines":{"total":8,"covered":8,"skipped":0,"pct":100},"functions":{"total":3,"covered":3,"skipped":0,"pct":100},"statements":{"total":8,"covered":8,"skipped":0,"pct":100},"branches":{"total":4,"covered":3,"skipped":0,"pct":75}}
,"/private/tmp/bde-coverage-worktree/src/renderer/src/views/SprintView.tsx": {"lines":{"total":2,"covered":2,"skipped":0,"pct":100},"functions":{"total":1,"covered":1,"skipped":0,"pct":100},"statements":{"total":2,"covered":2,"skipped":0,"pct":100},"branches":{"total":2,"covered":1,"skipped":0,"pct":50}}
,"/private/tmp/bde-coverage-worktree/src/renderer/src/views/TerminalView.tsx": {"lines":{"total":99,"covered":81,"skipped":0,"pct":81.81},"functions":{"total":29,"covered":24,"skipped":0,"pct":82.75},"statements":{"total":126,"covered":104,"skipped":0,"pct":82.53},"branches":{"total":63,"covered":38,"skipped":0,"pct":60.31}}
}
