TN:
SF:src/renderer/src/App.tsx
FN:59,ShortcutsOverlay
FN:62,(anonymous_1)
FN:63,(anonymous_2)
FN:70,(anonymous_3)
FN:77,(anonymous_4)
FN:88,(anonymous_5)
FN:97,(anonymous_6)
FN:113,App
FN:116,(anonymous_8)
FN:117,(anonymous_9)
FN:118,(anonymous_10)
FN:119,(anonymous_11)
FN:120,(anonymous_12)
FN:122,(anonymous_13)
FN:123,(anonymous_14)
FN:124,(anonymous_15)
FN:127,(anonymous_16)
FN:129,(anonymous_17)
FN:133,(anonymous_18)
FN:140,(anonymous_19)
FN:146,(anonymous_20)
FN:147,(anonymous_21)
FN:157,(anonymous_22)
FN:161,(anonymous_23)
FN:230,(anonymous_24)
FN:236,(anonymous_25)
FN:238,(anonymous_26)
FN:242,(anonymous_27)
FN:250,(anonymous_28)
FN:263,(anonymous_29)
FNF:30
FNH:0
FNDA:0,ShortcutsOverlay
FNDA:0,(anonymous_1)
FNDA:0,(anonymous_2)
FNDA:0,(anonymous_3)
FNDA:0,(anonymous_4)
FNDA:0,(anonymous_5)
FNDA:0,(anonymous_6)
FNDA:0,App
FNDA:0,(anonymous_8)
FNDA:0,(anonymous_9)
FNDA:0,(anonymous_10)
FNDA:0,(anonymous_11)
FNDA:0,(anonymous_12)
FNDA:0,(anonymous_13)
FNDA:0,(anonymous_14)
FNDA:0,(anonymous_15)
FNDA:0,(anonymous_16)
FNDA:0,(anonymous_17)
FNDA:0,(anonymous_18)
FNDA:0,(anonymous_19)
FNDA:0,(anonymous_20)
FNDA:0,(anonymous_21)
FNDA:0,(anonymous_22)
FNDA:0,(anonymous_23)
FNDA:0,(anonymous_24)
FNDA:0,(anonymous_25)
FNDA:0,(anonymous_26)
FNDA:0,(anonymous_27)
FNDA:0,(anonymous_28)
FNDA:0,(anonymous_29)
DA:22,0
DA:32,0
DA:42,0
DA:50,0
DA:60,0
DA:62,0
DA:63,0
DA:64,0
DA:65,0
DA:66,0
DA:69,0
DA:70,0
DA:73,0
DA:77,0
DA:89,0
DA:98,0
DA:114,0
DA:116,0
DA:117,0
DA:118,0
DA:119,0
DA:120,0
DA:122,0
DA:123,0
DA:124,0
DA:125,0
DA:127,0
DA:129,0
DA:130,0
DA:133,0
DA:134,0
DA:137,0
DA:138,0
DA:140,0
DA:141,0
DA:142,0
DA:143,0
DA:146,0
DA:147,0
DA:148,0
DA:149,0
DA:150,0
DA:151,0
DA:152,0
DA:156,0
DA:157,0
DA:160,0
DA:162,0
DA:163,0
DA:165,0
DA:166,0
DA:167,0
DA:168,0
DA:169,0
DA:170,0
DA:171,0
DA:174,0
DA:176,0
DA:177,0
DA:178,0
DA:179,0
DA:183,0
DA:184,0
DA:185,0
DA:186,0
DA:187,0
DA:191,0
DA:192,0
DA:193,0
DA:194,0
DA:195,0
DA:196,0
DA:198,0
DA:202,0
DA:203,0
DA:204,0
DA:205,0
DA:206,0
DA:207,0
DA:208,0
DA:209,0
DA:210,0
DA:213,0
DA:216,0
DA:217,0
DA:218,0
DA:219,0
DA:222,0
DA:223,0
DA:224,0
DA:225,0
DA:228,0
DA:229,0
DA:230,0
DA:236,0
DA:237,0
DA:238,0
DA:241,0
DA:242,0
DA:245,0
DA:250,0
DA:263,0
LF:102
LH:0
BRDA:64,0,0,0
BRDA:64,0,1,0
BRDA:82,1,0,0
BRDA:82,1,1,0
BRDA:149,2,0,0
BRDA:149,2,1,0
BRDA:151,3,0,0
BRDA:151,3,1,0
BRDA:163,4,0,0
BRDA:163,4,1,0
BRDA:163,4,2,0
BRDA:165,5,0,0
BRDA:165,5,1,0
BRDA:167,6,0,0
BRDA:167,6,1,0
BRDA:168,7,0,0
BRDA:168,7,1,0
BRDA:169,8,0,0
BRDA:169,8,1,0
BRDA:174,9,0,0
BRDA:174,9,1,0
BRDA:174,10,0,0
BRDA:174,10,1,0
BRDA:176,11,0,0
BRDA:176,11,1,0
BRDA:176,12,0,0
BRDA:176,12,1,0
BRDA:176,12,2,0
BRDA:183,13,0,0
BRDA:183,13,1,0
BRDA:183,14,0,0
BRDA:183,14,1,0
BRDA:186,15,0,0
BRDA:186,15,1,0
BRDA:191,16,0,0
BRDA:191,16,1,0
BRDA:191,17,0,0
BRDA:191,17,1,0
BRDA:194,18,0,0
BRDA:194,18,1,0
BRDA:196,19,0,0
BRDA:196,19,1,0
BRDA:202,20,0,0
BRDA:202,20,1,0
BRDA:202,21,0,0
BRDA:202,21,1,0
BRDA:202,21,2,0
BRDA:202,21,3,0
BRDA:205,22,0,0
BRDA:205,22,1,0
BRDA:207,23,0,0
BRDA:207,23,1,0
BRDA:207,24,0,0
BRDA:207,24,1,0
BRDA:208,25,0,0
BRDA:208,25,1,0
BRDA:216,26,0,0
BRDA:216,26,1,0
BRDA:216,27,0,0
BRDA:216,27,1,0
BRDA:222,28,0,0
BRDA:222,28,1,0
BRDA:222,29,0,0
BRDA:222,29,1,0
BRDA:228,30,0,0
BRDA:228,30,1,0
BRDA:228,31,0,0
BRDA:228,31,1,0
BRDA:228,31,2,0
BRDA:241,32,0,0
BRDA:241,32,1,0
BRDA:263,33,0,0
BRDA:263,33,1,0
BRF:73
BRH:0
end_of_record
TN:
SF:src/renderer/src/main.tsx
FNF:0
FNH:0
DA:7,0
LF:1
LH:0
BRF:0
BRH:0
end_of_record
TN:
SF:src/renderer/src/components/Onboarding.tsx
FN:20,getCheckState
FN:25,getExpiryState
FN:31,StatusIcon
FN:44,getInstruction
FN:52,Onboarding
FN:56,(anonymous_5)
FN:71,(anonymous_6)
FNF:7
FNH:0
FNDA:0,getCheckState
FNDA:0,getExpiryState
FNDA:0,StatusIcon
FNDA:0,getInstruction
FNDA:0,Onboarding
FNDA:0,(anonymous_5)
FNDA:0,(anonymous_6)
DA:21,0
DA:22,0
DA:26,0
DA:27,0
DA:28,0
DA:32,0
DA:34,0
DA:36,0
DA:38,0
DA:40,0
DA:45,0
DA:46,0
DA:47,0
DA:48,0
DA:49,0
DA:53,0
DA:54,0
DA:56,0
DA:57,0
DA:58,0
DA:59,0
DA:60,0
DA:61,0
DA:62,0
DA:65,0
DA:67,0
DA:71,0
DA:72,0
DA:75,0
DA:76,0
DA:77,0
DA:78,0
DA:79,0
DA:81,0
DA:142,0
LF:35
LH:0
BRDA:21,0,0,0
BRDA:21,0,1,0
BRDA:22,1,0,0
BRDA:22,1,1,0
BRDA:26,2,0,0
BRDA:26,2,1,0
BRDA:27,3,0,0
BRDA:27,3,1,0
BRDA:28,4,0,0
BRDA:28,4,1,0
BRDA:32,5,0,0
BRDA:32,5,1,0
BRDA:32,5,2,0
BRDA:32,5,3,0
BRDA:45,6,0,0
BRDA:45,6,1,0
BRDA:46,7,0,0
BRDA:46,7,1,0
BRDA:47,8,0,0
BRDA:47,8,1,0
BRDA:48,9,0,0
BRDA:48,9,1,0
BRDA:61,10,0,0
BRDA:61,10,1,0
BRDA:61,11,0,0
BRDA:61,11,1,0
BRDA:61,11,2,0
BRDA:79,12,0,0
BRDA:79,12,1,0
BRDA:79,12,2,0
BRDA:108,13,0,0
BRDA:108,13,1,0
BRDA:108,13,2,0
BRDA:115,14,0,0
BRDA:115,14,1,0
BRDA:126,15,0,0
BRDA:126,15,1,0
BRF:37
BRH:0
end_of_record
TN:
SF:src/renderer/src/components/agents/AgentCard.tsx
FN:24,formatDuration
FN:33,AgentCard
FN:40,(anonymous_2)
FN:42,(anonymous_3)
FN:42,(anonymous_4)
FN:43,(anonymous_5)
FNF:6
FNH:4
FNDA:16,formatDuration
FNDA:16,AgentCard
FNDA:16,(anonymous_2)
FNDA:0,(anonymous_3)
FNDA:0,(anonymous_4)
FNDA:10,(anonymous_5)
DA:16,2
DA:25,16
DA:26,16
DA:27,16
DA:28,16
DA:29,15
DA:30,14
DA:34,16
DA:35,16
DA:36,16
DA:39,16
DA:40,16
DA:41,16
DA:42,10
DA:43,10
DA:46,16
LF:16
LH:16
BRDA:26,0,0,6
BRDA:26,0,1,10
BRDA:28,1,0,1
BRDA:28,1,1,15
BRDA:29,2,0,1
BRDA:29,2,1,14
BRDA:34,3,0,16
BRDA:34,3,1,0
BRDA:36,4,0,15
BRDA:36,4,1,1
BRDA:41,5,0,6
BRDA:41,5,1,10
BRDA:55,6,0,1
BRDA:55,6,1,15
BRDA:57,7,0,1
BRDA:57,7,1,15
BRDA:72,8,0,10
BRDA:72,8,1,6
BRF:18
BRH:17
end_of_record
TN:
SF:src/renderer/src/components/agents/AgentDetail.tsx
FN:26,AgentDetail
FN:30,(anonymous_1)
FN:31,(anonymous_2)
FN:101,LogFallback
FN:105,(anonymous_4)
FN:107,(anonymous_5)
FN:112,(anonymous_6)
FN:115,(anonymous_7)
FNF:8
FNH:8
FNDA:20,AgentDetail
FNDA:20,(anonymous_1)
FNDA:7,(anonymous_2)
FNDA:16,LogFallback
FNDA:13,(anonymous_4)
FNDA:12,(anonymous_5)
FNDA:1,(anonymous_6)
FNDA:13,(anonymous_7)
DA:18,2
DA:27,20
DA:28,20
DA:30,20
DA:31,20
DA:32,7
DA:34,20
DA:39,20
DA:102,16
DA:103,16
DA:105,16
DA:106,13
DA:107,13
DA:108,12
DA:109,12
DA:110,12
DA:113,1
DA:115,13
DA:118,16
DA:119,13
DA:126,3
DA:127,2
DA:134,1
LF:23
LH:23
BRDA:27,0,0,20
BRDA:27,0,1,0
BRDA:34,1,0,1
BRDA:34,1,1,19
BRDA:71,2,0,20
BRDA:71,2,1,1
BRDA:82,3,0,7
BRDA:82,3,1,13
BRDA:91,4,0,20
BRDA:91,4,1,13
BRDA:108,5,0,12
BRDA:108,5,1,0
BRDA:113,6,0,1
BRDA:113,6,1,0
BRDA:118,7,0,13
BRDA:118,7,1,3
BRDA:126,8,0,2
BRDA:126,8,1,1
BRF:18
BRH:15
end_of_record
TN:
SF:src/renderer/src/components/agents/AgentList.tsx
FN:27,groupAgents
FN:49,GroupHeader
FN:75,AgentList
FN:79,(anonymous_3)
FN:82,(anonymous_4)
FN:89,(anonymous_5)
FN:108,(anonymous_6)
FN:126,(anonymous_7)
FN:127,(anonymous_8)
FN:128,(anonymous_9)
FN:135,(anonymous_10)
FN:136,(anonymous_11)
FN:137,(anonymous_12)
FN:144,(anonymous_13)
FN:144,(anonymous_14)
FN:145,(anonymous_15)
FN:146,(anonymous_16)
FNF:17
FNH:13
FNDA:33,groupAgents
FNDA:23,GroupHeader
FNDA:30,AgentList
FNDA:29,(anonymous_3)
FNDA:27,(anonymous_4)
FNDA:29,(anonymous_5)
FNDA:15,(anonymous_6)
FNDA:0,(anonymous_7)
FNDA:3,(anonymous_8)
FNDA:0,(anonymous_9)
FNDA:0,(anonymous_10)
FNDA:19,(anonymous_11)
FNDA:1,(anonymous_12)
FNDA:1,(anonymous_13)
FNDA:1,(anonymous_14)
FNDA:1,(anonymous_15)
FNDA:0,(anonymous_16)
DA:25,2
DA:28,33
DA:29,33
DA:30,33
DA:31,33
DA:33,33
DA:34,30
DA:35,4
DA:37,26
DA:38,26
DA:39,21
DA:41,5
DA:46,33
DA:50,23
DA:76,30
DA:77,30
DA:79,30
DA:80,29
DA:81,16
DA:82,16
DA:83,27
DA:89,30
DA:91,30
DA:108,15
DA:128,3
DA:137,19
DA:144,1
DA:146,1
LF:28
LH:28
BRDA:34,0,0,4
BRDA:34,0,1,26
BRDA:37,1,0,25
BRDA:37,1,1,1
BRDA:38,2,0,21
BRDA:38,2,1,5
BRDA:68,3,0,20
BRDA:68,3,1,3
BRDA:76,4,0,30
BRDA:76,4,1,29
BRDA:80,5,0,13
BRDA:80,5,1,16
BRDA:83,6,0,27
BRDA:83,6,1,20
BRDA:83,6,2,15
BRDA:124,7,0,30
BRDA:124,7,1,2
BRDA:133,8,0,30
BRDA:133,8,1,17
BRDA:142,9,0,30
BRDA:142,9,1,4
BRDA:145,10,0,4
BRDA:145,10,1,1
BRDA:151,11,0,30
BRDA:151,11,1,7
BRF:25
BRH:25
end_of_record
TN:
SF:src/renderer/src/components/agents/ChatBubble.tsx
FN:31,formatTime
FN:39,ChatBubble
FNF:2
FNH:0
FNDA:0,formatTime
FNDA:0,ChatBubble
DA:13,1
DA:32,0
DA:33,0
DA:40,0
DA:51,0
DA:57,0
DA:64,0
LF:7
LH:1
BRDA:61,0,0,0
BRDA:61,0,1,0
BRDA:67,1,0,0
BRDA:67,1,1,0
BRF:4
BRH:0
end_of_record
TN:
SF:src/renderer/src/components/agents/ChatRenderer.tsx
FN:29,pairEvents
FN:108,StartedBlock
FN:116,CompletedBlock
FN:132,RateLimitedBlock
FN:147,renderBlock
FN:176,ChatRenderer
FN:178,(anonymous_6)
FN:183,(anonymous_7)
FN:184,(anonymous_8)
FN:189,(anonymous_9)
FN:195,(anonymous_10)
FN:219,(anonymous_11)
FNF:12
FNH:9
FNDA:25,pairEvents
FNDA:1,StartedBlock
FNDA:2,CompletedBlock
FNDA:1,RateLimitedBlock
FNDA:13,renderBlock
FNDA:12,ChatRenderer
FNDA:12,(anonymous_6)
FNDA:0,(anonymous_7)
FNDA:0,(anonymous_8)
FNDA:12,(anonymous_9)
FNDA:0,(anonymous_10)
FNDA:13,(anonymous_11)
DA:30,25
DA:32,25
DA:33,33
DA:35,33
DA:37,3
DA:38,3
DA:41,8
DA:42,8
DA:45,2
DA:46,2
DA:49,3
DA:50,3
DA:54,7
DA:55,7
DA:56,4
DA:64,4
DA:66,3
DA:68,7
DA:73,2
DA:79,2
DA:82,2
DA:83,2
DA:86,2
DA:87,2
DA:90,4
DA:99,4
DA:103,25
DA:109,1
DA:117,2
DA:118,2
DA:119,2
DA:133,1
DA:148,13
DA:150,1
DA:152,4
DA:154,1
DA:156,1
DA:158,1
DA:160,1
DA:162,1
DA:164,1
DA:166,2
DA:177,12
DA:178,12
DA:179,12
DA:181,12
DA:183,0
DA:184,0
DA:189,12
DA:190,12
DA:191,11
DA:195,12
DA:196,0
DA:197,0
DA:198,0
DA:199,0
DA:202,12
DA:220,13
LF:58
LH:52
BRDA:35,0,0,3
BRDA:35,0,1,8
BRDA:35,0,2,2
BRDA:35,0,3,3
BRDA:35,0,4,7
BRDA:35,0,5,2
BRDA:35,0,6,2
BRDA:35,0,7,2
BRDA:35,0,8,4
BRDA:55,1,0,4
BRDA:55,1,1,3
BRDA:55,2,0,7
BRDA:55,2,1,5
BRDA:111,3,0,1
BRDA:111,3,1,0
BRDA:118,4,0,1
BRDA:118,4,1,1
BRDA:126,5,0,1
BRDA:126,5,1,1
BRDA:148,6,0,1
BRDA:148,6,1,4
BRDA:148,6,2,1
BRDA:148,6,3,1
BRDA:148,6,4,1
BRDA:148,6,5,1
BRDA:148,6,6,1
BRDA:148,6,7,1
BRDA:148,6,8,2
BRDA:190,7,0,11
BRDA:190,7,1,1
BRDA:190,8,0,12
BRDA:190,8,1,12
BRDA:197,9,0,0
BRDA:197,9,1,0
BRF:34
BRH:31
end_of_record
TN:
SF:src/renderer/src/components/agents/HealthBar.tsx
FN:8,HealthBar
FNF:1
FNH:1
FNDA:4,HealthBar
DA:9,4
LF:1
LH:1
BRDA:36,0,0,2
BRDA:36,0,1,2
BRDA:40,1,0,2
BRDA:40,1,1,2
BRDA:47,2,0,4
BRDA:47,2,1,2
BRDA:61,3,0,1
BRDA:61,3,1,1
BRF:8
BRH:8
end_of_record
TN:
SF:src/renderer/src/components/agents/SpawnModal.tsx
FN:19,SpawnModal
FN:29,(anonymous_1)
FN:30,(anonymous_2)
FN:31,(anonymous_3)
FN:36,(anonymous_4)
FN:42,(anonymous_5)
FN:45,(anonymous_6)
FN:58,(anonymous_7)
FN:64,(anonymous_8)
FN:68,(anonymous_9)
FN:70,(anonymous_10)
FN:82,(anonymous_11)
FN:86,(anonymous_12)
FN:88,(anonymous_13)
FN:94,(anonymous_14)
FN:98,(anonymous_15)
FN:111,(anonymous_16)
FN:126,(anonymous_17)
FN:142,(anonymous_18)
FN:153,(anonymous_19)
FN:169,(anonymous_20)
FN:187,(anonymous_21)
FN:189,(anonymous_22)
FN:197,(anonymous_23)
FN:202,(anonymous_24)
FN:222,(anonymous_25)
FN:225,(anonymous_26)
FN:240,(anonymous_27)
FN:247,(anonymous_28)
FNF:29
FNH:27
FNDA:109,SpawnModal
FNDA:111,(anonymous_1)
FNDA:111,(anonymous_2)
FNDA:111,(anonymous_3)
FNDA:19,(anonymous_4)
FNDA:1,(anonymous_5)
FNDA:19,(anonymous_6)
FNDA:19,(anonymous_7)
FNDA:16,(anonymous_8)
FNDA:27,(anonymous_9)
FNDA:68,(anonymous_10)
FNDA:25,(anonymous_11)
FNDA:27,(anonymous_12)
FNDA:2,(anonymous_13)
FNDA:4,(anonymous_14)
FNDA:3,(anonymous_15)
FNDA:1,(anonymous_16)
FNDA:0,(anonymous_17)
FNDA:67,(anonymous_18)
FNDA:1,(anonymous_19)
FNDA:8,(anonymous_20)
FNDA:67,(anonymous_21)
FNDA:9,(anonymous_22)
FNDA:9,(anonymous_23)
FNDA:1,(anonymous_24)
FNDA:0,(anonymous_25)
FNDA:214,(anonymous_26)
FNDA:321,(anonymous_27)
FNDA:1,(anonymous_28)
DA:12,2
DA:20,109
DA:21,109
DA:22,109
DA:23,109
DA:24,109
DA:25,109
DA:26,109
DA:27,109
DA:28,109
DA:29,111
DA:30,111
DA:31,111
DA:32,109
DA:33,109
DA:34,109
DA:36,109
DA:37,19
DA:38,19
DA:39,19
DA:43,1
DA:45,19
DA:47,19
DA:48,19
DA:49,19
DA:50,4
DA:51,4
DA:58,109
DA:59,19
DA:60,17
DA:61,17
DA:62,17
DA:63,17
DA:64,17
DA:68,109
DA:69,27
DA:70,25
DA:71,68
DA:72,1
DA:73,1
DA:74,1
DA:75,1
DA:77,0
DA:81,25
DA:82,25
DA:86,109
DA:87,27
DA:88,4
DA:89,2
DA:90,2
DA:93,4
DA:94,4
DA:97,109
DA:99,3
DA:100,3
DA:101,3
DA:102,3
DA:103,0
DA:104,0
DA:106,3
DA:107,3
DA:108,3
DA:111,2
DA:112,2
DA:113,2
DA:115,2
DA:116,2
DA:117,2
DA:119,1
DA:120,1
DA:121,0
DA:122,0
DA:127,0
DA:128,0
DA:134,1
DA:141,109
DA:143,67
DA:144,0
DA:145,0
DA:146,0
DA:153,109
DA:154,1
DA:155,1
DA:156,1
DA:159,109
DA:160,109
DA:161,109
DA:163,109
DA:169,8
DA:187,67
DA:189,9
DA:198,9
DA:202,1
DA:222,0
DA:226,214
DA:227,214
DA:228,214
DA:241,321
DA:247,1
LF:99
LH:88
BRDA:22,0,0,109
BRDA:22,0,1,0
BRDA:43,1,0,1
BRDA:43,1,1,0
BRDA:49,2,0,4
BRDA:49,2,1,15
BRDA:51,3,0,4
BRDA:51,3,1,0
BRDA:59,4,0,17
BRDA:59,4,1,2
BRDA:61,5,0,17
BRDA:61,5,1,0
BRDA:69,6,0,2
BRDA:69,6,1,25
BRDA:71,7,0,1
BRDA:71,7,1,67
BRDA:74,8,0,1
BRDA:74,8,1,0
BRDA:87,9,0,23
BRDA:87,9,1,4
BRDA:89,10,0,2
BRDA:89,10,1,0
BRDA:89,11,0,2
BRDA:89,11,1,2
BRDA:100,12,0,0
BRDA:100,12,1,3
BRDA:100,13,0,3
BRDA:100,13,1,3
BRDA:102,14,0,0
BRDA:102,14,1,3
BRDA:119,15,0,1
BRDA:119,15,1,0
BRDA:120,16,0,0
BRDA:120,16,1,1
BRDA:143,17,0,0
BRDA:143,17,1,67
BRDA:143,18,0,67
BRDA:143,18,1,0
BRDA:145,19,0,0
BRDA:145,19,1,0
BRDA:145,20,0,0
BRDA:145,20,1,0
BRDA:145,20,2,0
BRDA:145,20,3,0
BRDA:165,21,0,109
BRDA:165,21,1,107
BRDA:174,22,0,0
BRDA:174,22,1,107
BRDA:189,23,0,9
BRDA:189,23,1,5
BRDA:194,24,0,107
BRDA:194,24,1,7
BRDA:194,24,2,7
BRDA:205,25,0,0
BRDA:205,25,1,9
BRDA:211,26,0,0
BRDA:211,26,1,107
BRDA:211,27,0,0
BRDA:211,27,1,107
BRDA:213,28,0,107
BRDA:213,28,1,0
BRDA:227,29,0,166
BRDA:227,29,1,48
BRDA:246,30,0,107
BRDA:246,30,1,214
BRDA:256,31,0,107
BRDA:256,31,1,1
BRDA:268,32,0,107
BRDA:268,32,1,70
BRDA:268,32,2,70
BRDA:268,32,3,70
BRDA:269,33,0,107
BRDA:269,33,1,107
BRDA:271,34,0,23
BRDA:271,34,1,84
BRDA:271,35,0,0
BRDA:271,35,1,84
BRF:77
BRH:53
end_of_record
TN:
SF:src/renderer/src/components/agents/SteerInput.tsx
FN:10,SteerInput
FN:17,(anonymous_1)
FN:26,(anonymous_2)
FN:34,(anonymous_3)
FN:55,(anonymous_4)
FN:73,(anonymous_5)
FN:76,(anonymous_6)
FNF:7
FNH:0
FNDA:0,SteerInput
FNDA:0,(anonymous_1)
FNDA:0,(anonymous_2)
FNDA:0,(anonymous_3)
FNDA:0,(anonymous_4)
FNDA:0,(anonymous_5)
FNDA:0,(anonymous_6)
DA:11,0
DA:12,0
DA:14,0
DA:17,0
DA:18,0
DA:19,0
DA:20,0
DA:21,0
DA:22,0
DA:23,0
DA:26,0
DA:27,0
DA:28,0
DA:29,0
DA:30,0
DA:33,0
DA:35,0
DA:36,0
DA:37,0
DA:43,0
DA:55,0
DA:74,0
DA:77,0
LF:23
LH:0
BRDA:19,0,0,0
BRDA:19,0,1,0
BRDA:28,1,0,0
BRDA:28,1,1,0
BRDA:35,2,0,0
BRDA:35,2,1,0
BRDA:35,3,0,0
BRDA:35,3,1,0
BRDA:93,4,0,0
BRDA:93,4,1,0
BRDA:94,5,0,0
BRDA:94,5,1,0
BRDA:95,6,0,0
BRDA:95,6,1,0
BRF:14
BRH:0
end_of_record
TN:
SF:src/renderer/src/components/agents/ThinkingBlock.tsx
FN:14,ThinkingBlock
FN:27,(anonymous_1)
FN:27,(anonymous_2)
FNF:3
FNH:0
FNDA:0,ThinkingBlock
FNDA:0,(anonymous_1)
FNDA:0,(anonymous_2)
DA:5,1
DA:6,1
DA:15,0
DA:17,0
DA:27,0
LF:5
LH:2
BRDA:47,0,0,0
BRDA:47,0,1,0
BRDA:67,1,0,0
BRDA:67,1,1,0
BRDA:67,1,2,0
BRF:5
BRH:0
end_of_record
TN:
SF:src/renderer/src/components/agents/ToolCallBlock.tsx
FN:17,formatTime
FN:39,ToolCallBlock
FN:57,(anonymous_2)
FNF:3
FNH:0
FNDA:0,formatTime
FNDA:0,ToolCallBlock
FNDA:0,(anonymous_2)
DA:18,0
DA:19,0
DA:21,0
DA:25,1
DA:40,0
DA:42,0
DA:57,0
LF:7
LH:1
BRDA:69,0,0,0
BRDA:69,0,1,0
BRDA:76,1,0,0
BRDA:76,1,1,0
BRDA:105,2,0,0
BRDA:105,2,1,0
BRDA:108,3,0,0
BRDA:108,3,1,0
BRDA:109,4,0,0
BRDA:109,4,1,0
BRDA:116,5,0,0
BRDA:116,5,1,0
BRDA:132,6,0,0
BRDA:132,6,1,0
BRDA:134,7,0,0
BRDA:134,7,1,0
BRDA:142,8,0,0
BRDA:142,8,1,0
BRF:18
BRH:0
end_of_record
TN:
SF:src/renderer/src/components/diff/DiffCommentComposer.tsx
FN:10,DiffCommentComposer
FN:18,(anonymous_1)
FN:22,(anonymous_2)
FN:28,(anonymous_3)
FN:45,(anonymous_4)
FNF:5
FNH:5
FNDA:35,DiffCommentComposer
FNDA:7,(anonymous_1)
FNDA:1,(anonymous_2)
FNDA:28,(anonymous_3)
FNDA:28,(anonymous_4)
DA:15,35
DA:16,35
DA:18,35
DA:19,7
DA:22,35
DA:23,1
DA:24,1
DA:25,1
DA:28,35
DA:29,28
DA:30,0
DA:31,0
DA:33,28
DA:34,0
DA:35,0
DA:39,35
DA:45,28
LF:17
LH:13
BRDA:13,0,0,35
BRDA:24,1,0,0
BRDA:24,1,1,1
BRDA:29,2,0,0
BRDA:29,2,1,28
BRDA:29,3,0,28
BRDA:29,3,1,0
BRDA:29,3,2,0
BRDA:33,4,0,0
BRDA:33,4,1,28
BRF:10
BRH:5
end_of_record
TN:
SF:src/renderer/src/components/diff/DiffCommentWidget.tsx
FN:11,DiffCommentWidget
FN:20,(anonymous_1)
FN:20,(anonymous_2)
FN:30,(anonymous_3)
FNF:4
FNH:4
FNDA:13,DiffCommentWidget
FNDA:3,(anonymous_1)
FNDA:3,(anonymous_2)
FNDA:11,(anonymous_3)
DA:12,13
DA:14,13
DA:16,12
DA:20,3
DA:31,11
LF:5
LH:5
BRDA:14,0,0,1
BRDA:14,0,1,12
BRDA:22,1,0,2
BRDA:22,1,1,10
BRDA:25,2,0,1
BRDA:25,2,1,11
BRDA:28,3,0,13
BRDA:28,3,1,10
BRF:8
BRH:8
end_of_record
TN:
SF:src/renderer/src/components/diff/DiffSizeWarning.tsx
FN:9,formatBytes
FN:15,DiffSizeWarning
FNF:2
FNH:2
FNDA:6,formatBytes
FNDA:6,DiffSizeWarning
DA:10,6
DA:11,5
DA:12,1
DA:16,6
LF:4
LH:4
BRDA:10,0,0,1
BRDA:10,0,1,5
BRDA:11,1,0,4
BRDA:11,1,1,1
BRF:4
BRH:4
end_of_record
TN:
SF:src/renderer/src/components/diff/DiffViewer.tsx
FN:19,FileList
FN:35,(anonymous_1)
FN:39,(anonymous_2)
FN:86,rowHeight
FN:94,VirtualizedDiffContent
FN:112,(anonymous_5)
FN:115,(anonymous_6)
FN:116,(anonymous_7)
FN:123,(anonymous_8)
FN:130,(anonymous_9)
FN:144,(anonymous_10)
FN:157,(anonymous_11)
FN:215,PlainDiffContent
FN:256,(anonymous_13)
FN:260,(anonymous_14)
FN:275,(anonymous_15)
FN:279,(anonymous_16)
FN:284,(anonymous_17)
FN:297,(anonymous_18)
FN:313,(anonymous_19)
FN:319,(anonymous_20)
FN:343,(anonymous_21)
FN:348,(anonymous_22)
FN:354,(anonymous_23)
FN:358,(anonymous_24)
FN:371,(anonymous_25)
FN:405,DiffViewer
FN:420,(anonymous_27)
FN:422,(anonymous_28)
FN:427,(anonymous_29)
FN:443,(anonymous_30)
FN:458,(anonymous_31)
FN:459,(anonymous_32)
FN:461,(anonymous_33)
FN:464,(anonymous_34)
FN:472,(anonymous_35)
FN:508,(anonymous_36)
FN:510,(anonymous_37)
FN:511,(anonymous_38)
FN:519,(anonymous_39)
FN:530,(anonymous_40)
FN:545,(anonymous_41)
FN:562,(anonymous_42)
FN:566,(anonymous_43)
FN:592,(anonymous_44)
FN:607,(anonymous_45)
FNF:46
FNH:40
FNDA:30,FileList
FNDA:42,(anonymous_1)
FNDA:1,(anonymous_2)
FNDA:562,rowHeight
FNDA:1,VirtualizedDiffContent
FNDA:1,(anonymous_5)
FNDA:0,(anonymous_6)
FNDA:0,(anonymous_7)
FNDA:1,(anonymous_8)
FNDA:1,(anonymous_9)
FNDA:1,(anonymous_10)
FNDA:59,(anonymous_11)
FNDA:29,PlainDiffContent
FNDA:41,(anonymous_13)
FNDA:82,(anonymous_14)
FNDA:41,(anonymous_15)
FNDA:82,(anonymous_16)
FNDA:670,(anonymous_17)
FNDA:0,(anonymous_18)
FNDA:2,(anonymous_19)
FNDA:1,(anonymous_20)
FNDA:0,(anonymous_21)
FNDA:0,(anonymous_22)
FNDA:670,(anonymous_23)
FNDA:4,(anonymous_24)
FNDA:1,(anonymous_25)
FNDA:31,DiffViewer
FNDA:31,(anonymous_27)
FNDA:23,(anonymous_28)
FNDA:31,(anonymous_29)
FNDA:23,(anonymous_30)
FNDA:23,(anonymous_31)
FNDA:1,(anonymous_32)
FNDA:23,(anonymous_33)
FNDA:670,(anonymous_34)
FNDA:23,(anonymous_35)
FNDA:23,(anonymous_36)
FNDA:30,(anonymous_37)
FNDA:30,(anonymous_38)
FNDA:23,(anonymous_39)
FNDA:3,(anonymous_40)
FNDA:2,(anonymous_41)
FNDA:28,(anonymous_42)
FNDA:5,(anonymous_43)
FNDA:0,(anonymous_44)
FNDA:27,(anonymous_45)
DA:28,30
DA:36,42
DA:39,1
DA:81,1
DA:82,1
DA:83,1
DA:84,1
DA:87,562
DA:88,560
DA:89,558
DA:109,1
DA:110,1
DA:112,1
DA:113,1
DA:114,1
DA:115,1
DA:116,1
DA:117,0
DA:118,0
DA:121,1
DA:122,1
DA:123,1
DA:124,1
DA:125,1
DA:130,1
DA:131,1
DA:132,1
DA:133,1
DA:134,10
DA:135,10
DA:136,0
DA:138,10
DA:141,1
DA:144,1
DA:145,1
DA:146,1
DA:147,59
DA:148,1
DA:151,1
DA:152,1
DA:154,1
DA:158,59
DA:159,59
DA:160,1
DA:178,58
DA:180,1
DA:181,1
DA:192,57
DA:193,57
DA:254,29
DA:257,41
DA:261,82
DA:276,41
DA:280,82
DA:285,670
DA:286,670
DA:287,670
DA:288,670
DA:290,670
DA:298,0
DA:299,0
DA:314,2
DA:315,2
DA:316,2
DA:317,2
DA:320,1
DA:321,0
DA:322,0
DA:344,0
DA:345,0
DA:346,0
DA:349,0
DA:350,0
DA:355,670
DA:356,670
DA:357,670
DA:358,4
DA:359,4
DA:371,1
DA:415,31
DA:416,31
DA:417,31
DA:418,31
DA:419,31
DA:420,31
DA:422,31
DA:423,31
DA:424,31
DA:427,31
DA:428,31
DA:429,31
DA:430,2
DA:431,2
DA:432,2
DA:433,2
DA:434,2
DA:436,31
DA:440,31
DA:443,31
DA:444,23
DA:445,23
DA:446,2
DA:447,2
DA:448,2
DA:449,2
DA:451,23
DA:455,31
DA:456,31
DA:458,31
DA:459,23
DA:460,23
DA:461,23
DA:464,31
DA:465,670
DA:466,2
DA:472,31
DA:473,23
DA:474,22
DA:482,1
DA:483,1
DA:484,1
DA:485,1
DA:487,1
DA:488,1
DA:489,1
DA:490,1
DA:492,1
DA:493,1
DA:494,1
DA:495,1
DA:497,1
DA:498,550
DA:499,550
DA:504,1
DA:508,31
DA:509,23
DA:510,23
DA:511,30
DA:512,30
DA:515,23
DA:519,31
DA:520,23
DA:521,1
DA:522,1
DA:523,1
DA:524,552
DA:525,552
DA:527,1
DA:530,31
DA:531,3
DA:532,3
DA:534,3
DA:535,0
DA:536,0
DA:537,0
DA:540,3
DA:541,3
DA:545,31
DA:546,2
DA:547,2
DA:549,2
DA:550,0
DA:551,0
DA:552,0
DA:555,2
DA:556,2
DA:557,2
DA:562,31
DA:563,28
DA:564,28
DA:566,27
DA:567,5
DA:568,5
DA:569,5
DA:572,4
DA:573,1
DA:574,1
DA:575,1
DA:576,1
DA:578,3
DA:579,1
DA:580,1
DA:581,1
DA:582,1
DA:586,2
DA:587,2
DA:588,2
DA:590,2
DA:592,0
DA:597,2
DA:598,1
DA:600,1
DA:602,2
DA:606,27
DA:607,27
DA:610,31
DA:611,1
DA:618,30
LF:198
LH:179
BRDA:38,0,0,5
BRDA:38,0,1,37
BRDA:43,1,0,42
BRDA:43,1,1,40
BRDA:44,2,0,42
BRDA:44,2,1,40
BRDA:87,3,0,2
BRDA:87,3,1,560
BRDA:88,4,0,2
BRDA:88,4,1,558
BRDA:114,5,0,0
BRDA:114,5,1,1
BRDA:135,6,0,0
BRDA:135,6,1,10
BRDA:147,7,0,1
BRDA:147,7,1,60
BRDA:152,8,0,1
BRDA:152,8,1,0
BRDA:159,9,0,1
BRDA:159,9,1,58
BRDA:163,10,0,0
BRDA:163,10,1,1
BRDA:168,11,0,1
BRDA:168,11,1,0
BRDA:171,12,0,1
BRDA:171,12,1,0
BRDA:178,13,0,1
BRDA:178,13,1,57
BRDA:180,14,0,1
BRDA:180,14,1,0
BRDA:184,15,0,0
BRDA:184,15,1,1
BRDA:196,16,0,57
BRDA:196,16,1,0
BRDA:199,17,0,59
BRDA:199,17,1,0
BRDA:202,18,0,0
BRDA:202,18,1,57
BRDA:202,19,0,0
BRDA:202,19,1,57
BRDA:259,20,0,5
BRDA:259,20,1,36
BRDA:261,21,0,41
BRDA:261,21,1,41
BRDA:267,22,0,41
BRDA:267,22,1,40
BRDA:270,23,0,41
BRDA:270,23,1,40
BRDA:278,24,0,2
BRDA:278,24,1,39
BRDA:278,25,0,41
BRDA:278,25,1,2
BRDA:280,26,0,41
BRDA:280,26,1,41
BRDA:285,27,0,670
BRDA:285,27,1,40
BRDA:286,28,0,670
BRDA:286,28,1,0
BRDA:287,29,0,670
BRDA:287,29,1,0
BRDA:292,30,0,670
BRDA:292,30,1,3
BRDA:292,30,2,3
BRDA:292,30,3,1
BRDA:292,30,4,1
BRDA:307,31,0,1
BRDA:307,31,1,669
BRDA:309,32,0,670
BRDA:309,32,1,40
BRDA:312,33,0,18
BRDA:312,33,1,652
BRDA:314,34,0,0
BRDA:314,34,1,2
BRDA:314,35,0,2
BRDA:314,35,1,2
BRDA:320,36,0,1
BRDA:320,36,1,0
BRDA:320,37,0,1
BRDA:320,37,1,0
BRDA:320,37,2,0
BRDA:320,37,3,0
BRDA:321,38,0,0
BRDA:321,38,1,0
BRDA:330,39,0,670
BRDA:330,39,1,40
BRDA:333,40,0,40
BRDA:333,40,1,630
BRDA:333,41,0,40
BRDA:333,41,1,590
BRDA:337,42,0,670
BRDA:337,42,1,3
BRDA:337,42,2,3
BRDA:340,43,0,670
BRDA:340,43,1,0
BRDA:340,43,2,0
BRDA:340,43,3,0
BRDA:355,44,0,670
BRDA:355,44,1,0
BRDA:356,45,0,670
BRDA:356,45,1,0
BRDA:357,46,0,666
BRDA:357,46,1,4
BRDA:357,47,0,670
BRDA:357,47,1,4
BRDA:367,48,0,4
BRDA:367,48,1,2
BRDA:407,49,0,31
BRDA:409,50,0,31
BRDA:424,51,0,31
BRDA:424,51,1,2
BRDA:430,52,0,0
BRDA:430,52,1,2
BRDA:430,53,0,2
BRDA:430,53,1,2
BRDA:432,54,0,2
BRDA:432,54,1,2
BRDA:445,55,0,23
BRDA:445,55,1,21
BRDA:447,56,0,2
BRDA:447,56,1,2
BRDA:465,57,0,668
BRDA:465,57,1,2
BRDA:465,58,0,670
BRDA:465,58,1,3
BRDA:466,59,0,2
BRDA:466,59,1,2
BRDA:466,59,2,1
BRDA:473,60,0,22
BRDA:473,60,1,1
BRDA:520,61,0,22
BRDA:520,61,1,1
BRDA:531,62,0,0
BRDA:531,62,1,3
BRDA:531,63,0,3
BRDA:531,63,1,3
BRDA:534,64,0,0
BRDA:534,64,1,3
BRDA:536,65,0,0
BRDA:536,65,1,0
BRDA:536,66,0,0
BRDA:536,66,1,0
BRDA:541,67,0,3
BRDA:541,67,1,0
BRDA:549,68,0,0
BRDA:549,68,1,2
BRDA:551,69,0,0
BRDA:551,69,1,0
BRDA:551,70,0,0
BRDA:551,70,1,0
BRDA:557,71,0,2
BRDA:557,71,1,0
BRDA:563,72,0,0
BRDA:563,72,1,28
BRDA:564,73,0,1
BRDA:564,73,1,27
BRDA:568,74,0,0
BRDA:568,74,1,5
BRDA:568,75,0,5
BRDA:568,75,1,5
BRDA:569,76,0,1
BRDA:569,76,1,4
BRDA:569,77,0,5
BRDA:569,77,1,4
BRDA:569,77,2,4
BRDA:572,78,0,1
BRDA:572,78,1,3
BRDA:574,79,0,1
BRDA:574,79,1,0
BRDA:578,80,0,1
BRDA:578,80,1,2
BRDA:580,81,0,0
BRDA:580,81,1,1
BRDA:586,82,0,2
BRDA:586,82,1,0
BRDA:586,83,0,2
BRDA:586,83,1,1
BRDA:588,84,0,0
BRDA:588,84,1,2
BRDA:590,85,0,0
BRDA:590,85,1,2
BRDA:592,86,0,0
BRDA:592,86,1,0
BRDA:597,87,0,1
BRDA:597,87,1,1
BRDA:598,88,0,1
BRDA:598,88,1,0
BRDA:600,89,0,0
BRDA:600,89,1,1
BRDA:610,90,0,1
BRDA:610,90,1,30
BRDA:622,91,0,1
BRDA:622,91,1,29
BRF:192
BRH:141
end_of_record
TN:
SF:src/renderer/src/components/layout/ActivityBar.tsx
FN:35,ActivityBar
FN:37,(anonymous_1)
FN:39,(anonymous_2)
FN:40,(anonymous_3)
FN:41,(anonymous_4)
FN:42,(anonymous_5)
FN:43,(anonymous_6)
FN:54,handleClick
FN:62,(anonymous_8)
FN:73,handleContextMenu
FN:78,closeContextMenu
FN:82,handleCloseAll
FN:87,(anonymous_12)
FN:99,(anonymous_13)
FN:103,(anonymous_14)
FN:111,(anonymous_15)
FN:115,(anonymous_16)
FN:149,(anonymous_17)
FN:171,(anonymous_18)
FN:180,(anonymous_19)
FN:189,(anonymous_20)
FN:198,(anonymous_21)
FN:200,(anonymous_22)
FN:203,(anonymous_23)
FN:219,(anonymous_24)
FN:223,(anonymous_25)
FNF:26
FNH:0
FNDA:0,ActivityBar
FNDA:0,(anonymous_1)
FNDA:0,(anonymous_2)
FNDA:0,(anonymous_3)
FNDA:0,(anonymous_4)
FNDA:0,(anonymous_5)
FNDA:0,(anonymous_6)
FNDA:0,handleClick
FNDA:0,(anonymous_8)
FNDA:0,handleContextMenu
FNDA:0,closeContextMenu
FNDA:0,handleCloseAll
FNDA:0,(anonymous_12)
FNDA:0,(anonymous_13)
FNDA:0,(anonymous_14)
FNDA:0,(anonymous_15)
FNDA:0,(anonymous_16)
FNDA:0,(anonymous_17)
FNDA:0,(anonymous_18)
FNDA:0,(anonymous_19)
FNDA:0,(anonymous_20)
FNDA:0,(anonymous_21)
FNDA:0,(anonymous_22)
FNDA:0,(anonymous_23)
FNDA:0,(anonymous_24)
FNDA:0,(anonymous_25)
DA:15,0
DA:37,0
DA:39,0
DA:40,0
DA:41,0
DA:42,0
DA:43,0
DA:44,0
DA:46,0
DA:49,0
DA:50,0
DA:52,0
DA:55,0
DA:56,0
DA:57,0
DA:58,0
DA:59,0
DA:60,0
DA:61,0
DA:62,0
DA:63,0
DA:66,0
DA:67,0
DA:68,0
DA:74,0
DA:75,0
DA:79,0
DA:83,0
DA:85,0
DA:86,0
DA:87,0
DA:88,0
DA:89,0
DA:91,0
DA:93,0
DA:96,0
DA:100,0
DA:104,0
DA:105,0
DA:106,0
DA:112,0
DA:113,0
DA:115,0
DA:150,0
DA:151,0
DA:172,0
DA:173,0
DA:174,0
DA:175,0
DA:181,0
DA:182,0
DA:183,0
DA:184,0
DA:190,0
DA:191,0
DA:192,0
DA:193,0
DA:198,0
DA:201,0
DA:204,0
DA:205,0
DA:220,0
DA:224,0
LF:63
LH:0
BRDA:43,0,0,0
BRDA:43,0,1,0
BRDA:49,1,0,0
BRDA:49,1,1,0
BRDA:58,2,0,0
BRDA:58,2,1,0
BRDA:61,3,0,0
BRDA:61,3,1,0
BRDA:63,4,0,0
BRDA:63,4,1,0
BRDA:67,5,0,0
BRDA:67,5,1,0
BRDA:88,6,0,0
BRDA:88,6,1,0
BRDA:97,7,0,0
BRDA:97,7,1,0
BRDA:109,8,0,0
BRDA:109,8,1,0
BRDA:121,9,0,0
BRDA:121,9,1,0
BRDA:139,10,0,0
BRDA:139,10,1,0
BRDA:174,11,0,0
BRDA:174,11,1,0
BRDA:183,12,0,0
BRDA:183,12,1,0
BRDA:192,13,0,0
BRDA:192,13,1,0
BRF:28
BRH:0
end_of_record
TN:
SF:src/renderer/src/components/layout/CommandPalette.tsx
FN:29,fuzzyMatch
FN:44,CommandPalette
FN:51,(anonymous_2)
FN:52,(anonymous_3)
FN:55,(anonymous_4)
FN:59,(anonymous_5)
FN:68,(anonymous_6)
FN:71,(anonymous_7)
FN:76,(anonymous_8)
FN:87,(anonymous_9)
FN:92,(anonymous_10)
FN:104,(anonymous_11)
FN:108,(anonymous_12)
FN:118,(anonymous_13)
FN:129,(anonymous_14)
FN:145,(anonymous_15)
FN:155,(anonymous_16)
FN:166,(anonymous_17)
FN:179,(anonymous_18)
FN:186,(anonymous_19)
FN:192,(anonymous_20)
FN:203,(anonymous_21)
FN:205,(anonymous_22)
FN:209,(anonymous_23)
FN:212,(anonymous_24)
FN:215,(anonymous_25)
FN:217,(anonymous_26)
FN:221,(anonymous_27)
FN:221,(anonymous_28)
FN:222,(anonymous_29)
FN:233,(anonymous_30)
FN:239,(anonymous_31)
FN:244,(anonymous_32)
FN:253,(anonymous_33)
FN:259,(anonymous_34)
FN:262,(anonymous_35)
FN:277,(anonymous_36)
FN:291,(anonymous_37)
FN:294,(anonymous_38)
FN:297,(anonymous_39)
FN:303,(anonymous_40)
FN:304,(anonymous_41)
FNF:42
FNH:31
FNDA:702,fuzzyMatch
FNDA:107,CommandPalette
FNDA:107,(anonymous_2)
FNDA:107,(anonymous_3)
FNDA:18,(anonymous_4)
FNDA:17,(anonymous_5)
FNDA:17,(anonymous_6)
FNDA:0,(anonymous_7)
FNDA:107,(anonymous_8)
FNDA:749,(anonymous_9)
FNDA:2,(anonymous_10)
FNDA:0,(anonymous_11)
FNDA:0,(anonymous_12)
FNDA:0,(anonymous_13)
FNDA:0,(anonymous_14)
FNDA:0,(anonymous_15)
FNDA:0,(anonymous_16)
FNDA:0,(anonymous_17)
FNDA:0,(anonymous_18)
FNDA:0,(anonymous_19)
FNDA:0,(anonymous_20)
FNDA:107,(anonymous_21)
FNDA:702,(anonymous_22)
FNDA:107,(anonymous_23)
FNDA:428,(anonymous_24)
FNDA:3356,(anonymous_25)
FNDA:428,(anonymous_26)
FNDA:107,(anonymous_27)
FNDA:239,(anonymous_28)
FNDA:107,(anonymous_29)
FNDA:1,(anonymous_30)
FNDA:45,(anonymous_31)
FNDA:23,(anonymous_32)
FNDA:33,(anonymous_33)
FNDA:3,(anonymous_34)
FNDA:1,(anonymous_35)
FNDA:11,(anonymous_36)
FNDA:27,(anonymous_37)
FNDA:236,(anonymous_38)
FNDA:826,(anonymous_39)
FNDA:1,(anonymous_40)
FNDA:2,(anonymous_41)
DA:22,1
DA:30,702
DA:31,702
DA:32,702
DA:33,702
DA:34,7540
DA:36,702
DA:45,107
DA:46,107
DA:47,107
DA:48,107
DA:49,107
DA:50,107
DA:51,107
DA:52,107
DA:55,107
DA:56,18
DA:57,17
DA:58,17
DA:59,17
DA:61,17
DA:62,17
DA:65,17
DA:69,17
DA:76,107
DA:77,107
DA:87,749
DA:93,2
DA:94,2
DA:98,107
DA:105,0
DA:106,0
DA:108,0
DA:109,0
DA:119,0
DA:120,0
DA:122,0
DA:123,0
DA:124,0
DA:125,0
DA:128,0
DA:129,0
DA:130,0
DA:132,0
DA:134,0
DA:139,107
DA:146,0
DA:147,0
DA:148,0
DA:156,0
DA:157,0
DA:158,0
DA:167,0
DA:168,0
DA:169,0
DA:170,0
DA:172,0
DA:180,0
DA:181,0
DA:186,107
DA:187,0
DA:193,0
DA:194,0
DA:195,0
DA:200,107
DA:203,107
DA:204,107
DA:205,702
DA:209,107
DA:210,107
DA:211,107
DA:212,428
DA:215,3356
DA:217,428
DA:221,239
DA:222,107
DA:223,107
DA:224,107
DA:225,107
DA:226,239
DA:227,839
DA:230,107
DA:233,107
DA:234,1
DA:235,1
DA:239,107
DA:240,45
DA:244,107
DA:245,23
DA:246,22
DA:247,22
DA:248,22
DA:252,107
DA:254,33
DA:255,1
DA:256,1
DA:257,32
DA:258,3
DA:259,3
DA:260,29
DA:261,1
DA:262,1
DA:263,28
DA:264,1
DA:265,1
DA:271,107
DA:277,11
DA:291,27
DA:295,236
DA:298,826
DA:299,826
DA:303,1
DA:304,2
LF:113
LH:81
BRDA:33,0,0,702
BRDA:33,0,1,7674
BRDA:34,1,0,550
BRDA:34,1,1,6990
BRDA:56,2,0,1
BRDA:56,2,1,17
BRDA:122,3,0,0
BRDA:122,3,1,0
BRDA:130,4,0,0
BRDA:130,4,1,0
BRDA:147,5,0,0
BRDA:147,5,1,0
BRDA:157,6,0,0
BRDA:157,6,1,0
BRDA:168,7,0,0
BRDA:168,7,1,0
BRDA:170,8,0,0
BRDA:170,8,1,0
BRDA:189,9,0,0
BRDA:189,9,1,0
BRDA:204,10,0,53
BRDA:204,10,1,54
BRDA:234,11,0,1
BRDA:234,11,1,0
BRDA:245,12,0,1
BRDA:245,12,1,22
BRDA:247,13,0,22
BRDA:247,13,1,0
BRDA:254,14,0,1
BRDA:254,14,1,32
BRDA:257,15,0,3
BRDA:257,15,1,29
BRDA:260,16,0,1
BRDA:260,16,1,28
BRDA:263,17,0,1
BRDA:263,17,1,27
BRDA:273,18,0,107
BRDA:273,18,1,106
BRDA:283,19,0,0
BRDA:283,19,1,106
BRDA:298,20,0,826
BRDA:298,20,1,0
BRDA:302,21,0,92
BRDA:302,21,1,734
BRDA:307,22,0,826
BRDA:307,22,1,706
BRDA:313,23,0,106
BRDA:313,23,1,14
BRF:48
BRH:30
end_of_record
TN:
SF:src/renderer/src/components/layout/StatusBar.tsx
FN:7,StatusBar
FNF:1
FNH:1
FNDA:2,StatusBar
DA:8,2
LF:1
LH:1
BRDA:17,0,0,2
BRDA:17,0,1,2
BRF:2
BRH:2
end_of_record
TN:
SF:src/renderer/src/components/layout/TitleBar.tsx
FN:12,TitleBar
FN:13,(anonymous_1)
FN:14,(anonymous_2)
FN:15,(anonymous_3)
FNF:4
FNH:4
FNDA:4,TitleBar
FNDA:4,(anonymous_1)
FNDA:4,(anonymous_2)
FNDA:12,(anonymous_3)
DA:13,4
DA:14,4
DA:15,12
DA:17,4
LF:4
LH:4
BRDA:28,0,0,4
BRDA:28,0,1,0
BRDA:32,1,0,0
BRDA:32,1,1,0
BRDA:35,2,0,0
BRDA:35,2,1,0
BRDA:39,3,0,4
BRDA:39,3,1,1
BRDA:44,4,0,4
BRDA:44,4,1,0
BRF:10
BRH:4
end_of_record
TN:
SF:src/renderer/src/components/layout/ToastContainer.tsx
FN:5,ToastItem
FN:21,(anonymous_1)
FN:33,(anonymous_2)
FN:46,ToastContainer
FN:47,(anonymous_4)
FN:48,(anonymous_5)
FN:56,(anonymous_6)
FN:65,(anonymous_7)
FNF:8
FNH:6
FNDA:8,ToastItem
FNDA:0,(anonymous_1)
FNDA:0,(anonymous_2)
FNDA:9,ToastContainer
FNDA:28,(anonymous_4)
FNDA:28,(anonymous_5)
FNDA:8,(anonymous_6)
FNDA:1,(anonymous_7)
DA:7,8
DA:13,8
DA:15,8
DA:22,0
DA:23,0
DA:24,0
DA:34,0
DA:35,0
DA:36,0
DA:47,28
DA:48,28
DA:49,9
DA:51,9
DA:53,7
DA:57,8
DA:65,1
LF:16
LH:10
BRDA:7,0,0,3
BRDA:7,0,1,5
BRDA:9,1,0,2
BRDA:9,1,1,3
BRDA:13,2,0,8
BRDA:13,2,1,7
BRDA:16,3,0,2
BRDA:16,3,1,6
BRDA:18,4,0,8
BRDA:18,4,1,1
BRDA:30,5,0,8
BRDA:30,5,1,1
BRDA:30,5,2,1
BRDA:51,6,0,2
BRDA:51,6,1,7
BRDA:63,7,0,0
BRDA:63,7,1,8
BRF:17
BRH:16
end_of_record
TN:
SF:src/renderer/src/components/panels/PanelDropOverlay.tsx
FN:30,getDropZone
FN:47,zoneStyle
FN:72,PanelDropOverlay
FN:75,handleDragOver
FN:83,handleDrop
FN:102,handleDragLeave
FNF:6
FNH:1
FNDA:7,getDropZone
FNDA:0,zoneStyle
FNDA:0,PanelDropOverlay
FNDA:0,handleDragOver
FNDA:0,handleDrop
FNDA:0,handleDragLeave
DA:31,7
DA:32,7
DA:34,7
DA:35,5
DA:36,3
DA:37,2
DA:38,1
DA:45,2
DA:48,0
DA:54,0
DA:56,0
DA:58,0
DA:60,0
DA:62,0
DA:64,0
DA:73,0
DA:76,0
DA:77,0
DA:78,0
DA:79,0
DA:80,0
DA:84,0
DA:85,0
DA:86,0
DA:88,0
DA:89,0
DA:92,0
DA:93,0
DA:95,0
DA:98,0
DA:99,0
DA:103,0
DA:106,0
LF:33
LH:8
BRDA:34,0,0,2
BRDA:34,0,1,5
BRDA:35,1,0,2
BRDA:35,1,1,3
BRDA:36,2,0,1
BRDA:36,2,1,2
BRDA:37,3,0,1
BRDA:37,3,1,1
BRDA:54,4,0,0
BRDA:54,4,1,0
BRDA:54,4,2,0
BRDA:54,4,3,0
BRDA:54,4,4,0
BRDA:86,5,0,0
BRDA:86,5,1,0
BRDA:118,6,0,0
BRDA:118,6,1,0
BRF:17
BRH:8
end_of_record
TN:
SF:src/renderer/src/components/panels/PanelLeaf.tsx
FN:14,(anonymous_0)
FN:15,(anonymous_1)
FN:16,(anonymous_2)
FN:17,(anonymous_3)
FN:18,(anonymous_4)
FN:24,resolveView
FN:47,ViewSkeleton
FN:91,PanelLeaf
FN:92,(anonymous_8)
FN:93,(anonymous_9)
FN:99,handlePanelClick
FN:103,handleDragEnter
FN:109,handleDragLeave
FN:117,(anonymous_13)
FN:158,(anonymous_14)
FNF:15
FNH:11
FNDA:2,(anonymous_0)
FNDA:0,(anonymous_1)
FNDA:0,(anonymous_2)
FNDA:0,(anonymous_3)
FNDA:1,(anonymous_4)
FNDA:21,resolveView
FNDA:3,ViewSkeleton
FNDA:20,PanelLeaf
FNDA:32,(anonymous_8)
FNDA:32,(anonymous_9)
FNDA:2,handlePanelClick
FNDA:3,handleDragEnter
FNDA:0,handleDragLeave
FNDA:1,(anonymous_13)
FNDA:21,(anonymous_14)
DA:14,2
DA:15,2
DA:16,2
DA:17,2
DA:18,2
DA:25,21
DA:27,15
DA:29,3
DA:31,2
DA:33,0
DA:35,0
DA:37,0
DA:39,1
DA:48,3
DA:92,32
DA:93,32
DA:94,20
DA:95,20
DA:97,20
DA:100,2
DA:104,3
DA:105,2
DA:110,0
DA:111,0
DA:112,0
DA:116,20
DA:118,1
DA:119,0
DA:122,1
DA:123,1
DA:124,1
DA:127,0
DA:128,0
DA:131,1
DA:136,20
DA:159,21
DA:160,21
LF:37
LH:28
BRDA:25,0,0,15
BRDA:25,0,1,3
BRDA:25,0,2,2
BRDA:25,0,3,0
BRDA:25,0,4,0
BRDA:25,0,5,0
BRDA:25,0,6,1
BRDA:104,1,0,2
BRDA:104,1,1,1
BRDA:111,2,0,0
BRDA:111,2,1,0
BRDA:111,3,0,0
BRDA:111,3,1,0
BRDA:118,4,0,0
BRDA:118,4,1,1
BRDA:118,5,0,1
BRDA:118,5,1,0
BRDA:122,6,0,1
BRDA:122,6,1,0
BRDA:123,7,0,1
BRDA:123,7,1,0
BRDA:127,8,0,0
BRDA:127,8,1,0
BRDA:127,9,0,0
BRDA:127,9,1,0
BRDA:150,10,0,16
BRDA:150,10,1,4
BRDA:166,11,0,20
BRDA:166,11,1,1
BRDA:177,12,0,20
BRDA:177,12,1,2
BRF:31
BRH:16
end_of_record
TN:
SF:src/renderer/src/components/panels/PanelRenderer.tsx
FN:11,PanelRenderer
FNF:1
FNH:1
FNDA:9,PanelRenderer
DA:12,9
DA:13,6
DA:16,3
LF:3
LH:3
BRDA:12,0,0,6
BRDA:12,0,1,3
BRF:2
BRH:2
end_of_record
TN:
SF:src/renderer/src/components/panels/PanelResizeHandle.tsx
FN:5,PanelResizeHandle
FNF:1
FNH:1
FNDA:3,PanelResizeHandle
DA:6,3
DA:7,3
LF:2
LH:2
BRDA:10,0,0,1
BRDA:10,0,1,2
BRDA:11,1,0,1
BRDA:11,1,1,2
BRDA:13,2,0,1
BRDA:13,2,1,2
BRF:6
BRH:6
end_of_record
TN:
SF:src/renderer/src/components/panels/PanelTabBar.tsx
FN:14,PanelTabBar
FN:15,(anonymous_1)
FN:16,(anonymous_2)
FN:17,(anonymous_3)
FN:18,(anonymous_4)
FN:23,handleTabClick
FN:28,handleTabClose
FN:33,handleDragStart
FN:62,(anonymous_8)
FN:68,(anonymous_9)
FN:69,(anonymous_10)
FN:90,(anonymous_11)
FNF:12
FNH:12
FNDA:29,PanelTabBar
FNDA:41,(anonymous_1)
FNDA:41,(anonymous_2)
FNDA:41,(anonymous_3)
FNDA:41,(anonymous_4)
FNDA:2,handleTabClick
FNDA:2,handleTabClose
FNDA:1,handleDragStart
FNDA:37,(anonymous_8)
FNDA:1,(anonymous_9)
FNDA:2,(anonymous_10)
FNDA:2,(anonymous_11)
DA:15,41
DA:16,41
DA:17,41
DA:18,41
DA:21,29
DA:24,2
DA:25,2
DA:29,2
DA:30,2
DA:37,1
DA:38,1
DA:39,1
DA:47,1
DA:50,29
DA:63,37
DA:64,37
DA:68,1
DA:69,2
DA:90,2
LF:19
LH:19
BRDA:21,0,0,29
BRDA:21,0,1,8
BRDA:77,1,0,29
BRDA:77,1,1,8
BRDA:78,2,0,29
BRDA:78,2,1,8
BRDA:88,3,0,37
BRDA:88,3,1,29
BRF:8
BRH:8
end_of_record
TN:
SF:src/renderer/src/components/pr-station/PRStationActions.tsx
FN:28,PRStationActions
FN:39,(anonymous_1)
FN:41,(anonymous_2)
FN:43,(anonymous_3)
FN:45,handleOutside
FN:51,(anonymous_5)
FN:54,(anonymous_6)
FN:59,handleMerge
FN:74,handleClose
FN:100,(anonymous_9)
FN:111,(anonymous_10)
FN:125,(anonymous_11)
FN:139,(anonymous_12)
FN:147,(anonymous_13)
FN:147,(anonymous_14)
FN:155,(anonymous_15)
FN:159,(anonymous_16)
FN:174,(anonymous_17)
FNF:18
FNH:16
FNDA:52,PRStationActions
FNDA:52,(anonymous_1)
FNDA:0,(anonymous_2)
FNDA:17,(anonymous_3)
FNDA:2,handleOutside
FNDA:2,(anonymous_5)
FNDA:13,(anonymous_6)
FNDA:5,handleMerge
FNDA:2,handleClose
FNDA:63,(anonymous_9)
FNDA:1,(anonymous_10)
FNDA:0,(anonymous_11)
FNDA:7,(anonymous_12)
FNDA:2,(anonymous_13)
FNDA:2,(anonymous_14)
FNDA:12,(anonymous_15)
FNDA:2,(anonymous_16)
FNDA:3,(anonymous_17)
DA:20,1
DA:29,52
DA:30,52
DA:31,52
DA:32,52
DA:33,52
DA:35,52
DA:36,52
DA:37,52
DA:39,52
DA:41,52
DA:43,52
DA:44,17
DA:46,2
DA:47,0
DA:50,2
DA:51,2
DA:54,52
DA:55,13
DA:56,13
DA:60,5
DA:61,5
DA:62,5
DA:63,5
DA:64,3
DA:65,3
DA:67,2
DA:69,5
DA:70,5
DA:75,2
DA:76,2
DA:77,2
DA:78,2
DA:79,1
DA:80,1
DA:82,1
DA:84,2
DA:85,2
DA:89,52
DA:90,1
DA:100,63
DA:102,51
DA:103,17
DA:111,1
DA:118,34
DA:119,8
DA:125,0
DA:132,26
DA:139,7
DA:147,2
DA:156,12
DA:160,2
DA:161,2
DA:174,3
LF:54
LH:52
BRDA:37,0,0,52
BRDA:37,0,1,52
BRDA:44,1,0,15
BRDA:44,1,1,2
BRDA:46,2,0,0
BRDA:46,2,1,2
BRDA:46,3,0,2
BRDA:46,3,1,2
BRDA:60,4,0,0
BRDA:60,4,1,5
BRDA:67,5,0,2
BRDA:67,5,1,0
BRDA:75,6,0,0
BRDA:75,6,1,2
BRDA:82,7,0,1
BRDA:82,7,1,0
BRDA:89,8,0,1
BRDA:89,8,1,51
BRDA:102,9,0,17
BRDA:102,9,1,34
BRDA:118,10,0,8
BRDA:118,10,1,26
BRDA:140,11,0,1
BRDA:140,11,1,25
BRDA:153,12,0,52
BRDA:153,12,1,4
BRDA:158,13,0,4
BRDA:158,13,1,8
BRF:28
BRH:23
end_of_record
TN:
SF:src/renderer/src/components/pr-station/PRStationChecks.tsx
FN:9,CheckIcon
FN:19,checkStatusClass
FN:25,PRStationChecks
FN:51,(anonymous_3)
FNF:4
FNH:4
FNDA:3,CheckIcon
FNDA:3,checkStatusClass
FNDA:3,PRStationChecks
FNDA:3,(anonymous_3)
DA:10,3
DA:11,1
DA:13,2
DA:14,1
DA:16,1
DA:20,3
DA:21,2
DA:22,1
DA:26,3
DA:27,1
DA:38,2
DA:39,1
DA:47,1
DA:52,3
LF:14
LH:14
BRDA:10,0,0,1
BRDA:10,0,1,2
BRDA:13,1,0,1
BRDA:13,1,1,1
BRDA:13,2,0,2
BRDA:13,2,1,1
BRDA:20,3,0,1
BRDA:20,3,1,2
BRDA:21,4,0,1
BRDA:21,4,1,1
BRDA:21,5,0,2
BRDA:21,5,1,1
BRDA:26,6,0,1
BRDA:26,6,1,2
BRDA:38,7,0,1
BRDA:38,7,1,1
BRDA:55,8,0,3
BRDA:55,8,1,3
BRF:18
BRH:18
end_of_record
TN:
SF:src/renderer/src/components/pr-station/PRStationConflictBanner.tsx
FN:11,PRStationConflictBanner
FN:15,(anonymous_1)
FN:21,(anonymous_2)
FN:27,(anonymous_3)
FN:30,(anonymous_4)
FN:33,(anonymous_5)
FN:48,(anonymous_6)
FNF:7
FNH:6
FNDA:5,PRStationConflictBanner
FNDA:2,(anonymous_1)
FNDA:1,(anonymous_2)
FNDA:1,(anonymous_3)
FNDA:0,(anonymous_4)
FNDA:1,(anonymous_5)
FNDA:2,(anonymous_6)
DA:12,5
DA:13,5
DA:15,5
DA:16,2
DA:17,1
DA:18,1
DA:21,1
DA:22,1
DA:24,1
DA:25,1
DA:28,1
DA:31,0
DA:33,1
DA:36,5
DA:38,3
DA:49,2
LF:16
LH:15
BRDA:16,0,0,1
BRDA:16,0,1,1
BRDA:22,1,0,0
BRDA:22,1,1,1
BRDA:36,2,0,2
BRDA:36,2,1,3
BRDA:44,3,0,1
BRDA:44,3,1,2
BRDA:46,4,0,1
BRDA:46,4,1,1
BRF:10
BRH:9
end_of_record
TN:
SF:src/renderer/src/components/pr-station/PRStationConversation.tsx
FN:16,buildTimeline
FN:20,(anonymous_1)
FN:34,(anonymous_2)
FN:52,(anonymous_3)
FN:53,(anonymous_4)
FN:56,CommentCard
FN:81,PRStationConversation
FN:118,(anonymous_7)
FN:139,(anonymous_8)
FNF:9
FNH:8
FNDA:3,buildTimeline
FNDA:4,(anonymous_1)
FNDA:0,(anonymous_2)
FNDA:1,(anonymous_3)
FNDA:3,(anonymous_4)
FNDA:5,CommentCard
FNDA:3,PRStationConversation
FNDA:3,(anonymous_7)
FNDA:4,(anonymous_8)
DA:20,4
DA:21,3
DA:22,3
DA:23,4
DA:24,2
DA:25,2
DA:26,2
DA:30,3
DA:31,3
DA:32,2
DA:33,2
DA:34,2
DA:35,2
DA:36,2
DA:39,3
DA:41,3
DA:42,1
DA:45,3
DA:46,2
DA:52,3
DA:53,3
DA:66,5
DA:67,5
DA:86,3
DA:87,0
DA:98,3
DA:100,3
DA:101,1
DA:109,2
DA:111,2
DA:119,3
DA:120,1
DA:129,2
DA:130,2
DA:140,4
LF:35
LH:34
BRDA:23,0,0,2
BRDA:23,0,1,2
BRDA:24,1,0,2
BRDA:24,1,1,2
BRDA:33,2,0,2
BRDA:33,2,1,0
BRDA:48,3,0,2
BRDA:48,3,1,0
BRDA:86,4,0,0
BRDA:86,4,1,3
BRDA:100,5,0,1
BRDA:100,5,1,2
BRDA:119,6,0,1
BRDA:119,6,1,2
BRDA:135,7,0,2
BRDA:135,7,1,2
BRF:16
BRH:13
end_of_record
TN:
SF:src/renderer/src/components/pr-station/PRStationDetail.tsx
FN:26,FileStatusIcon
FN:37,fileStatusLabel
FN:46,fileStatusBadgeClass
FN:54,PRStationDetail
FN:66,(anonymous_4)
FN:69,fetchAll
FN:70,(anonymous_6)
FN:110,(anonymous_7)
FN:163,(anonymous_8)
FN:218,(anonymous_9)
FNF:10
FNH:9
FNDA:18,FileStatusIcon
FNDA:18,fileStatusLabel
FNDA:18,fileStatusBadgeClass
FNDA:18,PRStationDetail
FNDA:9,(anonymous_4)
FNDA:9,fetchAll
FNDA:9,(anonymous_6)
FNDA:9,(anonymous_7)
FNDA:0,(anonymous_8)
FNDA:18,(anonymous_9)
DA:27,18
DA:29,9
DA:31,0
DA:33,9
DA:38,18
DA:39,9
DA:40,0
DA:41,0
DA:42,9
DA:47,18
DA:48,9
DA:49,0
DA:50,9
DA:55,18
DA:56,18
DA:57,18
DA:58,18
DA:59,18
DA:60,18
DA:61,18
DA:62,18
DA:63,18
DA:64,18
DA:66,18
DA:67,9
DA:70,9
DA:71,9
DA:73,9
DA:74,9
DA:75,9
DA:76,9
DA:78,9
DA:79,9
DA:86,9
DA:87,9
DA:88,9
DA:89,9
DA:90,9
DA:91,9
DA:92,9
DA:93,9
DA:94,9
DA:96,9
DA:97,9
DA:98,9
DA:100,0
DA:102,9
DA:103,9
DA:104,9
DA:109,9
DA:110,9
DA:113,18
DA:114,9
DA:132,9
DA:133,0
DA:141,9
DA:143,18
DA:164,0
DA:219,18
LF:59
LH:52
BRDA:27,0,0,9
BRDA:27,0,1,0
BRDA:27,0,2,9
BRDA:38,1,0,9
BRDA:38,1,1,0
BRDA:38,1,2,0
BRDA:38,1,3,9
BRDA:47,2,0,9
BRDA:47,2,1,0
BRDA:47,2,2,9
BRDA:71,3,0,0
BRDA:71,3,1,9
BRDA:86,4,0,0
BRDA:86,4,1,9
BRDA:97,5,0,0
BRDA:97,5,1,9
BRDA:100,6,0,0
BRDA:100,6,1,0
BRDA:102,7,0,9
BRDA:102,7,1,0
BRDA:113,8,0,9
BRDA:113,8,1,9
BRDA:132,9,0,0
BRDA:132,9,1,9
BRDA:141,10,0,9
BRDA:141,10,1,0
BRDA:153,11,0,18
BRDA:153,11,1,0
BRDA:161,12,0,18
BRDA:161,12,1,0
BRDA:185,13,0,9
BRDA:185,13,1,0
BRDA:214,14,0,0
BRDA:214,14,1,9
BRF:34
BRH:18
end_of_record
TN:
SF:src/renderer/src/components/pr-station/PRStationDiff.tsx
FN:15,PRStationDiff
FN:26,(anonymous_1)
FN:28,(anonymous_2)
FN:29,(anonymous_3)
FN:31,(anonymous_4)
FN:46,(anonymous_5)
FN:51,(anonymous_6)
FN:52,(anonymous_7)
FN:55,(anonymous_8)
FN:56,(anonymous_9)
FN:70,(anonymous_10)
FN:76,(anonymous_11)
FN:77,(anonymous_12)
FN:87,(anonymous_13)
FN:93,(anonymous_14)
FN:99,(anonymous_15)
FN:120,(anonymous_16)
FN:121,(anonymous_17)
FN:137,(anonymous_18)
FNF:19
FNH:14
FNDA:16,PRStationDiff
FNDA:16,(anonymous_1)
FNDA:16,(anonymous_2)
FNDA:16,(anonymous_3)
FNDA:1,(anonymous_4)
FNDA:7,(anonymous_5)
FNDA:7,(anonymous_6)
FNDA:0,(anonymous_7)
FNDA:8,(anonymous_8)
FNDA:8,(anonymous_9)
FNDA:7,(anonymous_10)
FNDA:7,(anonymous_11)
FNDA:0,(anonymous_12)
FNDA:1,(anonymous_13)
FNDA:8,(anonymous_14)
FNDA:0,(anonymous_15)
FNDA:0,(anonymous_16)
FNDA:0,(anonymous_17)
FNDA:1,(anonymous_18)
DA:12,1
DA:16,16
DA:17,16
DA:18,16
DA:19,16
DA:20,16
DA:21,16
DA:24,16
DA:25,16
DA:26,16
DA:28,16
DA:29,16
DA:31,16
DA:32,1
DA:43,16
DA:44,16
DA:46,16
DA:47,7
DA:48,7
DA:49,7
DA:50,7
DA:51,7
DA:52,0
DA:55,16
DA:56,8
DA:57,8
DA:58,0
DA:59,0
DA:60,0
DA:62,8
DA:63,8
DA:64,8
DA:65,8
DA:66,8
DA:67,8
DA:69,8
DA:71,7
DA:72,7
DA:75,7
DA:76,7
DA:77,0
DA:79,7
DA:80,0
DA:81,0
DA:82,0
DA:85,7
DA:88,1
DA:89,1
DA:90,1
DA:93,8
DA:94,8
DA:95,8
DA:99,16
DA:100,0
DA:101,0
DA:102,0
DA:105,16
DA:106,8
DA:114,8
DA:116,7
DA:117,0
DA:120,7
DA:121,7
DA:123,7
DA:137,1
LF:65
LH:53
BRDA:26,0,0,16
BRDA:26,0,1,14
BRDA:37,1,0,0
BRDA:37,1,1,1
BRDA:38,2,0,0
BRDA:38,2,1,1
BRDA:52,3,0,0
BRDA:52,3,1,0
BRDA:57,4,0,0
BRDA:57,4,1,8
BRDA:71,5,0,0
BRDA:71,5,1,7
BRDA:76,6,0,7
BRDA:76,6,1,0
BRDA:77,7,0,0
BRDA:77,7,1,0
BRDA:79,8,0,0
BRDA:79,8,1,7
BRDA:88,9,0,1
BRDA:88,9,1,0
BRDA:88,10,0,1
BRDA:88,10,1,1
BRDA:88,11,0,1
BRDA:88,11,1,0
BRDA:89,12,0,1
BRDA:89,12,1,0
BRDA:102,13,0,0
BRDA:102,13,1,0
BRDA:105,14,0,8
BRDA:105,14,1,8
BRDA:114,15,0,1
BRDA:114,15,1,7
BRDA:116,16,0,0
BRDA:116,16,1,7
BRF:34
BRH:18
end_of_record
TN:
SF:src/renderer/src/components/pr-station/PRStationList.tsx
FN:16,(anonymous_0)
FN:19,CIBadge
FN:44,PRStationList
FN:49,(anonymous_3)
FN:56,(anonymous_4)
FN:63,(anonymous_5)
FN:73,(anonymous_6)
FN:87,(anonymous_7)
FN:90,(anonymous_8)
FN:90,(anonymous_9)
FN:96,(anonymous_10)
FNF:11
FNH:10
FNDA:3,(anonymous_0)
FNDA:2,CIBadge
FNDA:7,PRStationList
FNDA:4,(anonymous_3)
FNDA:4,(anonymous_4)
FNDA:0,(anonymous_5)
FNDA:2,(anonymous_6)
FNDA:2,(anonymous_7)
FNDA:2,(anonymous_8)
FNDA:2,(anonymous_9)
FNDA:1,(anonymous_10)
DA:15,1
DA:16,3
DA:20,2
DA:21,0
DA:23,2
DA:24,2
DA:30,0
DA:31,0
DA:37,0
DA:45,7
DA:46,7
DA:47,7
DA:49,7
DA:50,4
DA:51,4
DA:52,4
DA:56,7
DA:58,4
DA:60,4
DA:63,7
DA:64,0
DA:65,0
DA:68,7
DA:73,2
DA:87,2
DA:90,2
DA:91,2
DA:92,2
DA:96,1
LF:29
LH:23
BRDA:20,0,0,0
BRDA:20,0,1,2
BRDA:20,1,0,2
BRDA:20,1,1,2
BRDA:23,2,0,2
BRDA:23,2,1,0
BRDA:30,3,0,0
BRDA:30,3,1,0
BRDA:81,4,0,4
BRDA:81,4,1,3
BRDA:81,5,0,7
BRDA:81,5,1,4
BRDA:87,6,0,1
BRDA:87,6,1,2
BRDA:91,7,0,2
BRDA:91,7,1,0
BRDA:95,8,0,0
BRDA:95,8,1,2
BRDA:101,9,0,2
BRDA:101,9,1,0
BRDA:106,10,0,2
BRDA:106,10,1,0
BRF:22
BRH:14
end_of_record
TN:
SF:src/renderer/src/components/pr-station/PRStationReviews.tsx
FN:11,ReviewStateBadge
FN:43,latestReviewPerUser
FN:55,PRStationReviews
FN:86,(anonymous_3)
FNF:4
FNH:4
FNDA:2,ReviewStateBadge
FNDA:2,latestReviewPerUser
FNDA:3,PRStationReviews
FNDA:2,(anonymous_3)
DA:12,2
DA:14,1
DA:20,1
DA:26,0
DA:32,0
DA:38,0
DA:44,2
DA:45,2
DA:46,3
DA:47,3
DA:48,3
DA:49,2
DA:52,2
DA:56,3
DA:57,1
DA:68,2
DA:70,2
DA:71,1
DA:79,1
DA:87,2
LF:20
LH:17
BRDA:12,0,0,1
BRDA:12,0,1,1
BRDA:12,0,2,0
BRDA:12,0,3,0
BRDA:12,0,4,0
BRDA:46,1,0,0
BRDA:46,1,1,3
BRDA:48,2,0,2
BRDA:48,2,1,1
BRDA:48,3,0,3
BRDA:48,3,1,1
BRDA:56,4,0,1
BRDA:56,4,1,2
BRDA:70,5,0,1
BRDA:70,5,1,1
BRDA:93,6,0,2
BRDA:93,6,1,2
BRF:17
BRH:13
end_of_record
TN:
SF:src/renderer/src/components/pr-station/ReviewSubmitDialog.tsx
FN:20,ReviewSubmitDialog
FN:24,(anonymous_1)
FN:25,(anonymous_2)
FN:27,(anonymous_3)
FN:29,(anonymous_4)
FN:36,(anonymous_5)
FN:65,(anonymous_6)
FN:71,(anonymous_7)
FN:77,(anonymous_8)
FN:84,(anonymous_9)
FNF:10
FNH:10
FNDA:51,ReviewSubmitDialog
FNDA:51,(anonymous_1)
FNDA:51,(anonymous_2)
FNDA:51,(anonymous_3)
FNDA:7,(anonymous_4)
FNDA:2,(anonymous_5)
FNDA:12,(anonymous_6)
FNDA:20,(anonymous_7)
FNDA:153,(anonymous_8)
FNDA:3,(anonymous_9)
DA:18,1
DA:21,51
DA:22,51
DA:23,51
DA:24,51
DA:25,51
DA:27,51
DA:29,51
DA:30,7
DA:31,7
DA:32,7
DA:33,7
DA:36,2
DA:45,7
DA:46,5
DA:47,5
DA:48,5
DA:49,5
DA:51,2
DA:53,7
DA:57,51
DA:63,51
DA:65,12
DA:71,20
DA:78,153
DA:84,3
LF:26
LH:26
BRDA:24,0,0,51
BRDA:24,0,1,46
BRDA:30,1,0,0
BRDA:30,1,1,7
BRDA:35,2,0,7
BRDA:35,2,1,6
BRDA:40,3,0,0
BRDA:40,3,1,2
BRDA:41,4,0,0
BRDA:41,4,1,2
BRDA:51,5,0,2
BRDA:51,5,1,0
BRDA:94,6,0,51
BRDA:94,6,1,5
BRDA:96,7,0,4
BRDA:96,7,1,1
BRF:16
BRH:12
end_of_record
TN:
SF:src/renderer/src/components/settings/AboutSection.tsx
FN:10,AboutSection
FN:25,(anonymous_1)
FNF:2
FNH:0
FNDA:0,AboutSection
FNDA:0,(anonymous_1)
DA:7,2
DA:8,2
DA:11,0
DA:25,0
LF:4
LH:2
BRF:0
BRH:0
end_of_record
TN:
SF:src/renderer/src/components/settings/AgentManagerSection.tsx
FN:15,AgentManagerSection
FN:24,(anonymous_1)
FN:25,loadSettings
FN:42,(anonymous_3)
FN:61,markDirty
FN:77,(anonymous_5)
FN:90,(anonymous_6)
FN:104,(anonymous_7)
FN:119,(anonymous_8)
FN:131,(anonymous_9)
FNF:10
FNH:8
FNDA:38,AgentManagerSection
FNDA:9,(anonymous_1)
FNDA:9,loadSettings
FNDA:3,(anonymous_3)
FNDA:21,markDirty
FNDA:4,(anonymous_5)
FNDA:14,(anonymous_6)
FNDA:0,(anonymous_7)
FNDA:3,(anonymous_8)
FNDA:0,(anonymous_9)
DA:9,3
DA:10,3
DA:11,3
DA:12,3
DA:13,3
DA:16,38
DA:17,38
DA:18,38
DA:19,38
DA:20,38
DA:21,38
DA:22,38
DA:24,38
DA:26,9
DA:33,9
DA:34,9
DA:35,9
DA:36,9
DA:37,9
DA:39,9
DA:42,38
DA:43,3
DA:44,3
DA:45,3
DA:52,3
DA:53,3
DA:55,0
DA:57,3
DA:62,21
DA:65,38
DA:78,4
DA:79,4
DA:91,14
DA:92,14
DA:105,0
DA:106,0
DA:120,3
DA:121,3
DA:132,0
DA:133,0
LF:40
LH:35
BRDA:33,0,0,1
BRDA:33,0,1,8
BRDA:34,1,0,1
BRDA:34,1,1,8
BRDA:34,2,0,9
BRDA:34,2,1,1
BRDA:35,3,0,1
BRDA:35,3,1,8
BRDA:35,4,0,9
BRDA:35,4,1,1
BRDA:36,5,0,2
BRDA:36,5,1,7
BRDA:37,6,0,1
BRDA:37,6,1,8
BRDA:147,7,0,38
BRDA:147,7,1,24
BRDA:151,8,0,3
BRDA:151,8,1,35
BRF:18
BRH:18
end_of_record
TN:
SF:src/renderer/src/components/settings/AgentRuntimeSection.tsx
FN:14,AgentRuntimeSection
FN:20,(anonymous_1)
FN:21,(anonymous_2)
FN:27,(anonymous_3)
FN:53,(anonymous_4)
FN:63,(anonymous_5)
FN:65,(anonymous_6)
FNF:7
FNH:0
FNDA:0,AgentRuntimeSection
FNDA:0,(anonymous_1)
FNDA:0,(anonymous_2)
FNDA:0,(anonymous_3)
FNDA:0,(anonymous_4)
FNDA:0,(anonymous_5)
FNDA:0,(anonymous_6)
DA:8,2
DA:15,0
DA:16,0
DA:17,0
DA:18,0
DA:20,0
DA:21,0
DA:22,0
DA:23,0
DA:27,0
DA:28,0
DA:29,0
DA:30,0
DA:34,0
DA:35,0
DA:37,0
DA:39,0
DA:43,0
DA:53,0
DA:63,0
DA:66,0
LF:21
LH:1
BRDA:22,0,0,0
BRDA:22,0,1,0
BRDA:23,1,0,0
BRDA:23,1,1,0
BRDA:78,2,0,0
BRDA:78,2,1,0
BRDA:78,2,2,0
BRDA:82,3,0,0
BRDA:82,3,1,0
BRF:9
BRH:0
end_of_record
TN:
SF:src/renderer/src/components/settings/AppearanceSection.tsx
FN:16,useAccentColor
FN:18,(anonymous_1)
FN:21,(anonymous_2)
FN:27,(anonymous_3)
FN:37,AppearanceSection
FN:39,(anonymous_5)
FN:40,(anonymous_6)
FN:50,(anonymous_7)
FN:55,(anonymous_8)
FN:63,(anonymous_9)
FN:68,(anonymous_10)
FNF:11
FNH:8
FNDA:4,useAccentColor
FNDA:4,(anonymous_1)
FNDA:0,(anonymous_2)
FNDA:4,(anonymous_3)
FNDA:4,AppearanceSection
FNDA:4,(anonymous_5)
FNDA:4,(anonymous_6)
FNDA:0,(anonymous_7)
FNDA:1,(anonymous_8)
FNDA:24,(anonymous_9)
FNDA:0,(anonymous_10)
DA:7,3
DA:17,4
DA:18,4
DA:21,4
DA:22,0
DA:23,0
DA:24,0
DA:27,4
DA:28,4
DA:29,4
DA:30,0
DA:34,4
DA:38,4
DA:39,4
DA:40,4
DA:42,4
DA:50,0
DA:55,1
DA:64,24
DA:68,0
LF:20
LH:14
BRDA:18,0,0,4
BRDA:18,0,1,4
BRDA:29,1,0,0
BRDA:29,1,1,4
BRDA:49,2,0,4
BRDA:49,2,1,0
BRDA:54,3,0,0
BRDA:54,3,1,4
BRDA:66,4,0,4
BRDA:66,4,1,20
BRF:10
BRH:7
end_of_record
TN:
SF:src/renderer/src/components/settings/ConnectionsSection.tsx
FN:36,formatExpiry
FN:44,ConnectionsSection
FN:49,(anonymous_2)
FN:61,(anonymous_3)
FN:68,(anonymous_4)
FN:73,(anonymous_5)
FN:83,(anonymous_6)
FN:84,(anonymous_7)
FN:90,(anonymous_8)
FN:114,(anonymous_9)
FN:115,(anonymous_10)
FN:120,(anonymous_11)
FN:126,(anonymous_12)
FN:135,(anonymous_13)
FN:212,(anonymous_14)
FN:222,(anonymous_15)
FN:235,(anonymous_16)
FNF:17
FNH:13
FNDA:0,formatExpiry
FNDA:58,ConnectionsSection
FNDA:14,(anonymous_2)
FNDA:14,(anonymous_3)
FNDA:14,(anonymous_4)
FNDA:14,(anonymous_5)
FNDA:15,(anonymous_6)
FNDA:15,(anonymous_7)
FNDA:2,(anonymous_8)
FNDA:14,(anonymous_9)
FNDA:14,(anonymous_10)
FNDA:0,(anonymous_11)
FNDA:0,(anonymous_12)
FNDA:2,(anonymous_13)
FNDA:2,(anonymous_14)
FNDA:13,(anonymous_15)
FNDA:0,(anonymous_16)
DA:26,3
DA:32,3
DA:37,0
DA:38,0
DA:40,0
DA:46,58
DA:47,58
DA:49,58
DA:50,14
DA:51,14
DA:52,14
DA:53,13
DA:55,1
DA:57,14
DA:61,58
DA:64,58
DA:65,58
DA:66,58
DA:68,58
DA:69,14
DA:74,14
DA:82,58
DA:84,15
DA:85,15
DA:90,58
DA:91,2
DA:92,2
DA:93,2
DA:98,2
DA:99,2
DA:101,0
DA:103,2
DA:108,58
DA:109,58
DA:110,58
DA:111,58
DA:112,58
DA:114,58
DA:115,14
DA:116,14
DA:120,58
DA:121,0
DA:122,0
DA:123,0
DA:126,58
DA:127,0
DA:128,0
DA:129,0
DA:130,0
DA:131,0
DA:132,0
DA:135,58
DA:136,2
DA:137,2
DA:138,2
DA:139,2
DA:140,2
DA:141,2
DA:142,1
DA:144,1
DA:147,0
DA:148,0
DA:150,2
DA:155,58
DA:156,58
DA:157,58
DA:158,30
DA:159,30
DA:160,30
DA:161,0
DA:162,0
DA:163,0
DA:167,58
DA:212,2
DA:222,13
DA:235,0
LF:76
LH:57
BRDA:75,0,0,14
BRDA:75,0,1,14
BRDA:76,1,0,14
BRDA:76,1,1,14
BRDA:77,2,0,14
BRDA:77,2,1,14
BRDA:127,3,0,0
BRDA:127,3,1,0
BRDA:140,4,0,1
BRDA:140,4,1,1
BRDA:141,5,0,1
BRDA:141,5,1,1
BRDA:157,6,0,30
BRDA:157,6,1,28
BRDA:158,7,0,30
BRDA:158,7,1,0
BRDA:158,8,0,30
BRDA:158,8,1,30
BRDA:161,9,0,0
BRDA:161,9,1,0
BRDA:161,10,0,0
BRDA:161,10,1,0
BRDA:178,11,0,58
BRDA:178,11,1,0
BRDA:246,12,0,58
BRDA:246,12,1,17
BRDA:250,13,0,2
BRDA:250,13,1,56
BRDA:266,14,0,58
BRDA:266,14,1,0
BRDA:267,15,0,58
BRDA:267,15,1,56
BRDA:267,15,2,56
BRF:33
BRH:24
end_of_record
TN:
SF:src/renderer/src/components/settings/CredentialForm.tsx
FN:37,CredentialForm
FN:55,(anonymous_1)
FN:56,(anonymous_2)
FN:63,(anonymous_3)
FN:72,(anonymous_4)
FN:83,(anonymous_5)
FN:95,(anonymous_6)
FNF:7
FNH:6
FNDA:73,CredentialForm
FNDA:3,(anonymous_1)
FNDA:3,(anonymous_2)
FNDA:73,(anonymous_3)
FNDA:3,(anonymous_4)
FNDA:3,(anonymous_5)
FNDA:0,(anonymous_6)
DA:53,73
DA:55,73
DA:56,3
DA:59,73
DA:64,73
DA:72,3
DA:83,3
DA:95,0
LF:8
LH:7
BRDA:66,0,0,72
BRDA:66,0,1,1
BRDA:70,1,0,2
BRDA:70,1,1,70
BRDA:71,2,0,72
BRDA:71,2,1,0
BRDA:74,3,0,7
BRDA:74,3,1,65
BRDA:75,4,0,7
BRDA:75,4,1,0
BRDA:76,5,0,65
BRDA:76,5,1,0
BRDA:84,6,0,2
BRDA:84,6,1,70
BRDA:87,7,0,2
BRDA:87,7,1,70
BRDA:94,8,0,1
BRDA:94,8,1,0
BRDA:96,9,0,1
BRDA:96,9,1,0
BRDA:103,10,0,0
BRDA:103,10,1,73
BRDA:109,11,0,73
BRDA:109,11,1,60
BRDA:115,12,0,60
BRDA:115,12,1,3
BRDA:121,13,0,60
BRDA:121,13,1,4
BRDA:122,14,0,2
BRDA:122,14,1,2
BRDA:123,15,0,2
BRDA:123,15,1,2
BRDA:132,16,0,73
BRDA:132,16,1,14
BRDA:132,16,2,0
BRF:35
BRH:28
end_of_record
TN:
SF:src/renderer/src/components/settings/RepositoriesSection.tsx
FN:22,RepositoriesSection
FN:31,(anonymous_1)
FN:32,(anonymous_2)
FN:37,(anonymous_3)
FN:43,(anonymous_4)
FN:44,(anonymous_5)
FN:51,(anonymous_6)
FN:73,(anonymous_7)
FN:82,(anonymous_8)
FN:98,(anonymous_9)
FN:118,(anonymous_10)
FN:125,(anonymous_11)
FN:137,(anonymous_12)
FN:143,(anonymous_13)
FN:148,(anonymous_14)
FN:153,(anonymous_15)
FN:159,(anonymous_16)
FN:178,(anonymous_17)
FNF:18
FNH:16
FNDA:62,RepositoriesSection
FNDA:9,(anonymous_1)
FNDA:9,(anonymous_2)
FNDA:2,(anonymous_3)
FNDA:1,(anonymous_4)
FNDA:2,(anonymous_5)
FNDA:1,(anonymous_6)
FNDA:1,(anonymous_7)
FNDA:5,(anonymous_8)
FNDA:1,(anonymous_9)
FNDA:10,(anonymous_10)
FNDA:21,(anonymous_11)
FNDA:4,(anonymous_12)
FNDA:10,(anonymous_13)
FNDA:392,(anonymous_14)
FNDA:0,(anonymous_15)
FNDA:0,(anonymous_16)
FNDA:3,(anonymous_17)
DA:9,3
DA:23,62
DA:24,62
DA:25,62
DA:26,62
DA:27,62
DA:28,62
DA:29,62
DA:31,62
DA:32,9
DA:33,9
DA:37,62
DA:38,2
DA:39,2
DA:42,62
DA:44,2
DA:45,1
DA:46,1
DA:51,62
DA:52,1
DA:53,1
DA:63,1
DA:64,1
DA:65,1
DA:66,1
DA:67,1
DA:68,1
DA:69,1
DA:70,1
DA:73,62
DA:74,1
DA:75,1
DA:78,62
DA:83,5
DA:98,1
DA:118,10
DA:125,21
DA:137,4
DA:143,10
DA:149,392
DA:153,0
DA:159,0
DA:178,3
LF:43
LH:41
BRDA:33,0,0,2
BRDA:33,0,1,7
BRDA:52,1,0,0
BRDA:52,1,1,1
BRDA:52,2,0,1
BRDA:52,2,1,1
BRDA:58,3,0,1
BRDA:58,3,1,0
BRDA:59,4,0,1
BRDA:59,4,1,0
BRDA:75,5,0,1
BRDA:75,5,1,0
BRDA:86,6,0,5
BRDA:86,6,1,1
BRDA:90,7,0,5
BRDA:90,7,1,5
BRDA:90,7,2,5
BRDA:106,8,0,62
BRDA:106,8,1,58
BRDA:106,8,2,9
BRDA:111,9,0,49
BRDA:111,9,1,13
BRDA:151,10,0,49
BRDA:151,10,1,343
BRDA:166,11,0,49
BRDA:166,11,1,45
BRF:26
BRH:22
end_of_record
TN:
SF:src/renderer/src/components/settings/TaskTemplatesSection.tsx
FN:10,TaskTemplatesSection
FN:14,(anonymous_1)
FN:15,(anonymous_2)
FN:21,(anonymous_3)
FN:28,(anonymous_4)
FN:36,(anonymous_5)
FN:43,(anonymous_6)
FN:50,(anonymous_7)
FN:71,(anonymous_8)
FN:79,(anonymous_9)
FN:87,(anonymous_10)
FN:98,(anonymous_11)
FNF:12
FNH:5
FNDA:13,TaskTemplatesSection
FNDA:6,(anonymous_1)
FNDA:6,(anonymous_2)
FNDA:0,(anonymous_3)
FNDA:0,(anonymous_4)
FNDA:0,(anonymous_5)
FNDA:1,(anonymous_6)
FNDA:0,(anonymous_7)
FNDA:2,(anonymous_8)
FNDA:0,(anonymous_9)
FNDA:0,(anonymous_10)
FNDA:0,(anonymous_11)
DA:11,13
DA:12,13
DA:14,13
DA:15,6
DA:16,6
DA:17,6
DA:21,13
DA:22,0
DA:23,0
DA:24,0
DA:27,13
DA:29,0
DA:30,0
DA:35,13
DA:37,0
DA:38,0
DA:43,13
DA:44,1
DA:45,1
DA:46,1
DA:49,13
DA:51,0
DA:52,0
DA:53,0
DA:54,0
DA:56,0
DA:57,0
DA:59,0
DA:60,0
DA:65,13
DA:67,7
DA:72,2
DA:79,0
DA:87,0
DA:98,0
LF:35
LH:17
BRDA:52,0,0,0
BRDA:52,0,1,0
BRDA:65,1,0,6
BRDA:65,1,1,7
BRDA:81,2,0,2
BRDA:81,2,1,1
BRDA:88,3,0,1
BRDA:88,3,1,1
BRDA:91,4,0,1
BRDA:91,4,1,1
BRDA:103,5,0,7
BRDA:103,5,1,5
BRF:12
BRH:10
end_of_record
TN:
SF:src/renderer/src/components/sprint/AgentStatusChip.tsx
FN:11,AgentStatusChip
FNF:1
FNH:1
FNDA:20,AgentStatusChip
DA:12,20
DA:16,20
LF:2
LH:2
BRDA:12,0,0,4
BRDA:12,0,1,16
BRDA:13,1,0,4
BRDA:13,1,1,0
BRDA:19,2,0,4
BRDA:19,2,1,16
BRDA:19,3,0,20
BRDA:19,3,1,20
BRDA:21,4,0,0
BRDA:21,4,1,16
BRDA:23,5,0,0
BRDA:23,5,1,16
BRF:12
BRH:9
end_of_record
TN:
SF:src/renderer/src/components/sprint/ConflictDrawer.tsx
FN:23,ConflictDrawer
FN:29,(anonymous_1)
FN:41,(anonymous_2)
FN:52,(anonymous_3)
FN:54,(anonymous_4)
FN:64,(anonymous_5)
FN:66,(anonymous_6)
FN:73,(anonymous_7)
FN:77,(anonymous_8)
FN:85,(anonymous_9)
FN:147,(anonymous_10)
FN:154,(anonymous_11)
FN:184,(anonymous_12)
FN:200,(anonymous_13)
FN:210,(anonymous_14)
FNF:15
FNH:3
FNDA:3,ConflictDrawer
FNDA:2,(anonymous_1)
FNDA:0,(anonymous_2)
FNDA:0,(anonymous_3)
FNDA:0,(anonymous_4)
FNDA:0,(anonymous_5)
FNDA:0,(anonymous_6)
FNDA:0,(anonymous_7)
FNDA:1,(anonymous_8)
FNDA:0,(anonymous_9)
FNDA:0,(anonymous_10)
FNDA:0,(anonymous_11)
FNDA:0,(anonymous_12)
FNDA:0,(anonymous_13)
FNDA:0,(anonymous_14)
DA:24,3
DA:25,3
DA:26,3
DA:29,3
DA:30,2
DA:32,0
DA:34,0
DA:35,0
DA:36,0
DA:38,0
DA:39,0
DA:41,0
DA:46,0
DA:53,0
DA:54,0
DA:65,0
DA:66,0
DA:73,0
DA:77,3
DA:78,1
DA:79,1
DA:80,1
DA:84,3
DA:86,0
DA:87,0
DA:88,0
DA:89,0
DA:90,0
DA:91,0
DA:92,0
DA:95,0
DA:96,0
DA:97,0
DA:99,0
DA:117,0
DA:118,0
DA:120,0
DA:122,0
DA:128,3
DA:148,0
DA:149,0
DA:150,0
DA:154,0
DA:185,0
DA:200,0
DA:210,0
LF:46
LH:11
BRDA:30,0,0,2
BRDA:30,0,1,0
BRDA:30,1,0,2
BRDA:30,1,1,0
BRDA:35,2,0,0
BRDA:35,2,1,0
BRDA:35,3,0,0
BRDA:35,3,1,0
BRDA:36,4,0,0
BRDA:36,4,1,0
BRDA:36,5,0,0
BRDA:36,5,1,0
BRDA:39,6,0,0
BRDA:39,6,1,0
BRDA:53,7,0,0
BRDA:53,7,1,0
BRDA:65,8,0,0
BRDA:65,8,1,0
BRDA:78,9,0,1
BRDA:78,9,1,0
BRDA:89,10,0,0
BRDA:89,10,1,0
BRDA:90,11,0,0
BRDA:90,11,1,0
BRDA:96,12,0,0
BRDA:96,12,1,0
BRDA:97,13,0,0
BRDA:97,13,1,0
BRDA:120,14,0,0
BRDA:120,14,1,0
BRDA:130,15,0,3
BRDA:130,15,1,0
BRDA:131,16,0,0
BRDA:131,16,1,3
BRDA:144,17,0,3
BRDA:144,17,1,0
BRDA:154,18,0,0
BRDA:154,18,1,0
BRDA:165,19,0,0
BRDA:165,19,1,0
BRDA:170,20,0,0
BRDA:170,20,1,0
BRDA:174,21,0,0
BRDA:174,21,1,0
BRDA:176,22,0,0
BRDA:176,22,1,0
BRDA:178,23,0,0
BRDA:178,23,1,0
BRDA:196,24,0,0
BRDA:196,24,1,0
BRDA:213,25,0,0
BRDA:213,25,1,0
BRF:52
BRH:6
end_of_record
TN:
SF:src/renderer/src/components/sprint/EventCard.tsx
FN:36,formatTime
FN:44,formatDuration
FN:53,formatCost
FN:68,StartedCard
FN:81,ToolCallCard
FN:103,(anonymous_5)
FN:144,ToolResultCard
FN:169,ThinkingCard
FN:181,RateLimitedCard
FN:195,ErrorCard
FN:209,CompletedCard
FN:234,EventCard
FNF:12
FNH:9
FNDA:5,formatTime
FNDA:1,formatDuration
FNDA:1,formatCost
FNDA:1,StartedCard
FNDA:1,ToolCallCard
FNDA:0,(anonymous_5)
FNDA:2,ToolResultCard
FNDA:0,ThinkingCard
FNDA:0,RateLimitedCard
FNDA:1,ErrorCard
FNDA:1,CompletedCard
FNDA:7,EventCard
DA:37,5
DA:38,5
DA:40,0
DA:45,1
DA:46,1
DA:47,1
DA:48,1
DA:49,1
DA:50,1
DA:54,1
DA:55,1
DA:58,3
DA:69,1
DA:82,1
DA:84,1
DA:103,0
DA:145,2
DA:147,2
DA:170,0
DA:182,0
DA:196,1
DA:210,1
DA:212,1
DA:235,7
DA:237,1
DA:239,1
DA:241,2
DA:243,0
DA:245,0
DA:247,1
DA:249,1
DA:251,1
LF:32
LH:26
BRDA:45,0,0,0
BRDA:45,0,1,1
BRDA:47,1,0,0
BRDA:47,1,1,1
BRDA:54,2,0,0
BRDA:54,2,1,1
BRDA:101,3,0,1
BRDA:101,3,1,0
BRDA:114,4,0,0
BRDA:114,4,1,0
BRDA:116,5,0,0
BRDA:116,5,1,0
BRDA:119,6,0,0
BRDA:119,6,1,1
BRDA:121,7,0,1
BRDA:121,7,1,0
BRDA:121,7,2,0
BRDA:148,8,0,1
BRDA:148,8,1,1
BRDA:150,9,0,1
BRDA:150,9,1,1
BRDA:153,10,0,1
BRDA:153,10,1,1
BRDA:154,11,0,1
BRDA:154,11,1,1
BRDA:160,12,0,1
BRDA:160,12,1,1
BRDA:214,13,0,1
BRDA:214,13,1,0
BRDA:218,14,0,1
BRDA:218,14,1,0
BRDA:227,15,0,1
BRDA:227,15,1,1
BRDA:228,16,0,1
BRDA:228,16,1,1
BRDA:235,17,0,1
BRDA:235,17,1,1
BRDA:235,17,2,2
BRDA:235,17,3,0
BRDA:235,17,4,0
BRDA:235,17,5,1
BRDA:235,17,6,1
BRDA:235,17,7,1
BRF:43
BRH:28
end_of_record
TN:
SF:src/renderer/src/components/sprint/HealthCheckDrawer.tsx
FN:16,minutesAgo
FN:21,HealthCheckDrawer
FN:24,(anonymous_2)
FN:55,(anonymous_3)
FN:70,(anonymous_4)
FN:79,(anonymous_5)
FNF:6
FNH:1
FNDA:0,minutesAgo
FNDA:2,HealthCheckDrawer
FNDA:0,(anonymous_2)
FNDA:0,(anonymous_3)
FNDA:0,(anonymous_4)
FNDA:0,(anonymous_5)
DA:17,0
DA:18,0
DA:22,2
DA:24,2
DA:25,0
DA:26,0
DA:27,0
DA:28,0
DA:30,0
DA:32,0
DA:36,2
DA:56,0
DA:57,0
DA:70,0
DA:79,0
LF:15
LH:3
BRDA:17,0,0,0
BRDA:17,0,1,0
BRDA:30,1,0,0
BRDA:30,1,1,0
BRDA:38,2,0,2
BRDA:38,2,1,0
BRDA:39,3,0,0
BRDA:39,3,1,2
BRDA:52,4,0,2
BRDA:52,4,1,0
BRDA:74,5,0,0
BRDA:74,5,1,0
BRF:12
BRH:3
end_of_record
TN:
SF:src/renderer/src/components/sprint/KanbanBoard.tsx
FN:40,resolveTargetStatus
FN:47,(anonymous_1)
FN:56,KanbanBoard
FN:88,(anonymous_3)
FN:89,(anonymous_4)
FN:93,(anonymous_5)
FN:102,(anonymous_6)
FN:119,(anonymous_7)
FN:120,(anonymous_8)
FN:123,(anonymous_9)
FN:139,(anonymous_10)
FN:146,(anonymous_11)
FN:150,(anonymous_12)
FNF:13
FNH:7
FNDA:8,resolveTargetStatus
FNDA:1,(anonymous_1)
FNDA:21,KanbanBoard
FNDA:0,(anonymous_3)
FNDA:0,(anonymous_4)
FNDA:9,(anonymous_5)
FNDA:7,(anonymous_6)
FNDA:0,(anonymous_7)
FNDA:0,(anonymous_8)
FNDA:0,(anonymous_9)
FNDA:1,(anonymous_10)
FNDA:1,(anonymous_11)
FNDA:0,(anonymous_12)
DA:38,2
DA:44,8
DA:45,7
DA:47,1
DA:48,1
DA:50,0
DA:51,0
DA:54,2
DA:71,21
DA:75,21
DA:76,21
DA:78,21
DA:81,21
DA:83,21
DA:88,21
DA:89,0
DA:90,0
DA:93,21
DA:94,9
DA:95,9
DA:96,9
DA:98,8
DA:99,8
DA:100,8
DA:102,7
DA:103,7
DA:106,7
DA:111,1
DA:114,6
DA:116,1
DA:117,0
DA:118,0
DA:119,0
DA:120,0
DA:121,0
DA:122,0
DA:123,0
DA:127,1
DA:131,5
DA:132,3
DA:133,3
DA:136,2
DA:139,21
DA:140,1
DA:141,1
DA:142,1
DA:146,21
DA:147,1
DA:150,21
DA:152,21
LF:50
LH:39
BRDA:44,0,0,7
BRDA:44,0,1,1
BRDA:48,1,0,1
BRDA:48,1,1,0
BRDA:50,2,0,0
BRDA:50,2,1,0
BRDA:61,3,0,21
BRDA:89,4,0,0
BRDA:89,4,1,0
BRDA:96,5,0,1
BRDA:96,5,1,8
BRDA:100,6,0,1
BRDA:100,6,1,7
BRDA:103,7,0,0
BRDA:103,7,1,7
BRDA:106,8,0,1
BRDA:106,8,1,6
BRDA:107,9,0,7
BRDA:107,9,1,3
BRDA:107,9,2,3
BRDA:114,10,0,1
BRDA:114,10,1,5
BRDA:116,11,0,0
BRDA:116,11,1,1
BRDA:116,12,0,1
BRDA:116,12,1,1
BRDA:118,13,0,0
BRDA:118,13,1,0
BRDA:121,14,0,0
BRDA:121,14,1,0
BRDA:121,15,0,0
BRDA:121,15,1,0
BRDA:121,15,2,0
BRDA:131,16,0,3
BRDA:131,16,1,2
BRDA:131,17,0,5
BRDA:131,17,1,3
BRDA:140,18,0,1
BRDA:140,18,1,0
BRDA:207,19,0,0
BRDA:207,19,1,21
BRDA:211,20,0,0
BRDA:211,20,1,0
BRF:43
BRH:25
end_of_record
TN:
SF:src/renderer/src/components/sprint/KanbanColumn.tsx
FN:52,KanbanColumn2
FN:72,(anonymous_1)
FN:74,(anonymous_2)
FN:83,(anonymous_3)
FNF:4
FNH:4
FNDA:48,KanbanColumn2
FNDA:27,(anonymous_1)
FNDA:48,(anonymous_2)
FNDA:27,(anonymous_3)
DA:28,2
DA:40,2
DA:52,2
DA:67,48
DA:68,48
DA:69,48
DA:70,48
DA:71,48
DA:72,48
DA:74,48
DA:75,48
DA:76,31
DA:83,17
DA:84,27
DA:106,48
DA:117,48
LF:16
LH:16
BRDA:58,0,0,48
BRDA:68,1,0,48
BRDA:68,1,1,16
BRDA:69,2,0,48
BRDA:69,2,1,32
BRDA:70,3,0,17
BRDA:70,3,1,31
BRDA:70,4,0,48
BRDA:70,4,1,32
BRDA:71,5,0,17
BRDA:71,5,1,31
BRDA:71,6,0,48
BRDA:71,6,1,32
BRDA:75,7,0,31
BRDA:75,7,1,17
BRDA:79,8,0,31
BRDA:79,8,1,17
BRDA:86,9,0,0
BRDA:86,9,1,27
BRDA:86,10,0,27
BRDA:86,10,1,27
BRDA:87,11,0,0
BRDA:87,11,1,27
BRDA:92,12,0,27
BRDA:92,12,1,27
BRDA:93,13,0,25
BRDA:93,13,1,2
BRDA:93,14,0,25
BRDA:93,14,1,0
BRDA:107,15,0,16
BRDA:107,15,1,32
BRDA:120,16,0,0
BRDA:120,16,1,48
BRDA:120,17,0,1
BRDA:120,17,1,47
BRDA:124,18,0,16
BRDA:124,18,1,32
BRDA:125,19,0,1
BRDA:125,19,1,15
BRF:39
BRH:35
end_of_record
TN:
SF:src/renderer/src/components/sprint/LogDrawer.tsx
FN:22,LogDrawer
FN:30,(anonymous_1)
FN:33,(anonymous_2)
FN:36,(anonymous_3)
FN:39,(anonymous_4)
FN:47,(anonymous_5)
FN:54,(anonymous_6)
FN:59,(anonymous_7)
FN:71,(anonymous_8)
FN:75,(anonymous_9)
FN:82,(anonymous_10)
FN:88,(anonymous_11)
FN:91,(anonymous_12)
FN:108,(anonymous_13)
FN:123,(anonymous_14)
FN:132,(anonymous_15)
FN:142,(anonymous_16)
FN:174,(anonymous_17)
FN:196,(anonymous_18)
FN:210,(anonymous_19)
FN:215,(anonymous_20)
FNF:21
FNH:19
FNDA:55,LogDrawer
FNDA:6,(anonymous_1)
FNDA:55,(anonymous_2)
FNDA:55,(anonymous_3)
FNDA:21,(anonymous_4)
FNDA:21,(anonymous_5)
FNDA:17,(anonymous_6)
FNDA:3,(anonymous_7)
FNDA:11,(anonymous_8)
FNDA:6,(anonymous_9)
FNDA:22,(anonymous_10)
FNDA:21,(anonymous_11)
FNDA:21,(anonymous_12)
FNDA:1,(anonymous_13)
FNDA:22,(anonymous_14)
FNDA:1,(anonymous_15)
FNDA:1,(anonymous_16)
FNDA:0,(anonymous_17)
FNDA:22,(anonymous_18)
FNDA:1,(anonymous_19)
FNDA:0,(anonymous_20)
DA:23,55
DA:24,55
DA:25,55
DA:26,55
DA:27,55
DA:30,55
DA:33,55
DA:34,55
DA:36,55
DA:39,55
DA:40,21
DA:41,21
DA:42,21
DA:43,21
DA:47,55
DA:48,21
DA:49,17
DA:50,17
DA:52,17
DA:54,17
DA:55,17
DA:56,17
DA:57,17
DA:58,17
DA:59,3
DA:60,3
DA:62,17
DA:68,17
DA:71,17
DA:73,6
DA:75,6
DA:76,6
DA:77,6
DA:82,55
DA:83,22
DA:84,17
DA:88,55
DA:91,55
DA:92,21
DA:93,21
DA:94,0
DA:95,0
DA:97,0
DA:100,21
DA:103,55
DA:104,55
DA:106,55
DA:108,55
DA:109,1
DA:110,1
DA:111,1
DA:112,1
DA:113,1
DA:114,1
DA:115,0
DA:118,0
DA:122,55
DA:124,22
DA:125,0
DA:126,0
DA:132,55
DA:133,1
DA:134,1
DA:139,1
DA:142,55
DA:143,1
DA:144,1
DA:147,55
DA:149,52
DA:151,55
DA:159,55
DA:175,0
DA:196,22
DA:210,1
DA:215,0
LF:75
LH:66
BRDA:30,0,0,0
BRDA:30,0,1,6
BRDA:34,1,0,50
BRDA:34,1,1,5
BRDA:48,2,0,4
BRDA:48,2,1,17
BRDA:57,3,0,0
BRDA:57,3,1,17
BRDA:58,4,0,3
BRDA:58,4,1,14
BRDA:71,5,0,11
BRDA:71,5,1,6
BRDA:83,6,0,17
BRDA:83,6,1,5
BRDA:88,7,0,21
BRDA:88,7,1,21
BRDA:94,8,0,0
BRDA:94,8,1,0
BRDA:94,9,0,0
BRDA:94,9,1,0
BRDA:94,9,2,0
BRDA:106,10,0,55
BRDA:106,10,1,33
BRDA:110,11,0,0
BRDA:110,11,1,1
BRDA:110,12,0,1
BRDA:110,12,1,1
BRDA:114,13,0,0
BRDA:114,13,1,1
BRDA:115,14,0,0
BRDA:115,14,1,0
BRDA:124,15,0,0
BRDA:124,15,1,22
BRDA:124,16,0,22
BRDA:124,16,1,0
BRDA:133,17,0,0
BRDA:133,17,1,1
BRDA:147,18,0,3
BRDA:147,18,1,52
BRDA:149,19,0,52
BRDA:149,19,1,2
BRDA:151,20,0,27
BRDA:151,20,1,25
BRDA:153,21,0,4
BRDA:153,21,1,21
BRDA:155,22,0,2
BRDA:155,22,1,19
BRDA:156,23,0,0
BRDA:156,23,1,2
BRDA:171,24,0,50
BRDA:171,24,1,2
BRDA:172,25,0,0
BRDA:172,25,1,50
BRDA:178,26,0,1
BRDA:178,26,1,49
BRDA:178,27,0,50
BRDA:178,27,1,1
BRDA:180,28,0,3
BRDA:180,28,1,46
BRDA:189,29,0,55
BRDA:189,29,1,33
BRDA:209,30,0,55
BRDA:209,30,1,33
BRDA:209,30,2,3
BRDA:214,31,0,55
BRDA:214,31,1,2
BRDA:214,31,2,1
BRDA:214,31,3,0
BRDA:214,31,4,1
BRF:69
BRH:52
end_of_record
TN:
SF:src/renderer/src/components/sprint/NewTicketModal.tsx
FN:71,NewTicketModal
FN:85,(anonymous_1)
FN:86,(anonymous_2)
FN:88,(anonymous_3)
FN:92,(anonymous_4)
FN:101,(anonymous_5)
FN:105,(anonymous_6)
FN:109,(anonymous_7)
FN:111,(anonymous_8)
FN:118,(anonymous_9)
FN:121,(anonymous_10)
FN:136,(anonymous_11)
FN:193,(anonymous_12)
FN:200,(anonymous_13)
FN:216,(anonymous_14)
FN:217,(anonymous_15)
FN:229,(anonymous_16)
FN:231,(anonymous_17)
FN:244,(anonymous_18)
FN:247,(anonymous_19)
FN:268,(anonymous_20)
FN:269,(anonymous_21)
FN:283,(anonymous_22)
FN:285,(anonymous_23)
FN:297,(anonymous_24)
FN:299,(anonymous_25)
FN:312,(anonymous_26)
FN:315,(anonymous_27)
FN:326,(anonymous_28)
FN:330,(anonymous_29)
FN:341,(anonymous_30)
FNF:31
FNH:24
FNDA:76,NewTicketModal
FNDA:17,(anonymous_1)
FNDA:17,(anonymous_2)
FNDA:62,(anonymous_3)
FNDA:18,(anonymous_4)
FNDA:15,(anonymous_5)
FNDA:0,(anonymous_6)
FNDA:19,(anonymous_7)
FNDA:38,(anonymous_8)
FNDA:15,(anonymous_9)
FNDA:3,(anonymous_10)
FNDA:4,(anonymous_11)
FNDA:0,(anonymous_12)
FNDA:5,(anonymous_13)
FNDA:31,(anonymous_14)
FNDA:31,(anonymous_15)
FNDA:0,(anonymous_16)
FNDA:171,(anonymous_17)
FNDA:1,(anonymous_18)
FNDA:111,(anonymous_19)
FNDA:7,(anonymous_20)
FNDA:7,(anonymous_21)
FNDA:0,(anonymous_22)
FNDA:45,(anonymous_23)
FNDA:0,(anonymous_24)
FNDA:75,(anonymous_25)
FNDA:0,(anonymous_26)
FNDA:60,(anonymous_27)
FNDA:120,(anonymous_28)
FNDA:3,(anonymous_29)
FNDA:0,(anonymous_30)
DA:28,2
DA:36,2
DA:72,76
DA:73,76
DA:74,76
DA:75,76
DA:76,76
DA:77,76
DA:78,76
DA:79,76
DA:80,76
DA:81,76
DA:82,76
DA:85,76
DA:86,17
DA:87,17
DA:88,62
DA:92,76
DA:93,18
DA:94,15
DA:95,15
DA:96,15
DA:97,15
DA:98,15
DA:99,15
DA:100,15
DA:101,15
DA:105,76
DA:106,0
DA:109,76
DA:110,19
DA:111,15
DA:112,38
DA:113,0
DA:114,0
DA:117,15
DA:118,15
DA:121,76
DA:122,3
DA:123,1
DA:124,1
DA:125,1
DA:127,2
DA:128,3
DA:129,0
DA:130,0
DA:132,2
DA:133,2
DA:136,76
DA:137,4
DA:138,4
DA:140,4
DA:141,3
DA:150,3
DA:151,3
DA:155,1
DA:164,4
DA:167,76
DA:193,0
DA:200,5
DA:216,31
DA:218,31
DA:229,0
DA:232,171
DA:244,1
DA:248,111
DA:268,7
DA:270,7
DA:271,0
DA:272,0
DA:283,0
DA:286,45
DA:297,0
DA:300,75
DA:312,0
DA:316,60
DA:327,120
DA:330,3
DA:341,0
LF:79
LH:66
BRDA:87,0,0,3
BRDA:87,0,1,14
BRDA:93,1,0,15
BRDA:93,1,1,3
BRDA:110,2,0,4
BRDA:110,2,1,15
BRDA:112,3,0,0
BRDA:112,3,1,38
BRDA:122,4,0,1
BRDA:122,4,1,2
BRDA:127,5,0,2
BRDA:127,5,1,0
BRDA:127,6,0,0
BRDA:127,6,1,0
BRDA:128,7,0,0
BRDA:128,7,1,3
BRDA:130,8,0,0
BRDA:130,8,1,0
BRDA:138,9,0,0
BRDA:138,9,1,4
BRDA:140,10,0,3
BRDA:140,10,1,1
BRDA:148,11,0,3
BRDA:148,11,1,2
BRDA:159,12,0,1
BRDA:159,12,1,1
BRDA:160,13,0,4
BRDA:160,13,1,1
BRDA:162,14,0,4
BRDA:162,14,1,1
BRDA:171,15,0,76
BRDA:171,15,1,72
BRDA:180,16,0,0
BRDA:180,16,1,72
BRDA:192,17,0,57
BRDA:192,17,1,15
BRDA:199,18,0,15
BRDA:199,18,1,57
BRDA:208,19,0,72
BRDA:208,19,1,57
BRDA:218,20,0,0
BRDA:218,20,1,31
BRDA:260,21,0,72
BRDA:260,21,1,15
BRDA:270,22,0,0
BRDA:270,22,1,7
BRDA:270,23,0,7
BRDA:270,23,1,0
BRDA:329,24,0,2
BRDA:329,24,1,118
BRDA:360,25,0,57
BRDA:360,25,1,15
BRF:52
BRH:40
end_of_record
TN:
SF:src/renderer/src/components/sprint/PRList.tsx
FN:15,PRList
FN:24,(anonymous_1)
FN:25,(anonymous_2)
FN:45,(anonymous_3)
FN:50,(anonymous_4)
FN:55,(anonymous_5)
FN:56,(anonymous_6)
FN:61,(anonymous_7)
FN:61,(anonymous_8)
FN:92,(anonymous_9)
FN:118,(anonymous_10)
FN:126,(anonymous_11)
FN:135,(anonymous_12)
FN:151,(anonymous_13)
FN:152,(anonymous_14)
FN:158,(anonymous_15)
FN:165,(anonymous_16)
FNF:17
FNH:0
FNDA:0,PRList
FNDA:0,(anonymous_1)
FNDA:0,(anonymous_2)
FNDA:0,(anonymous_3)
FNDA:0,(anonymous_4)
FNDA:0,(anonymous_5)
FNDA:0,(anonymous_6)
FNDA:0,(anonymous_7)
FNDA:0,(anonymous_8)
FNDA:0,(anonymous_9)
FNDA:0,(anonymous_10)
FNDA:0,(anonymous_11)
FNDA:0,(anonymous_12)
FNDA:0,(anonymous_13)
FNDA:0,(anonymous_14)
FNDA:0,(anonymous_15)
FNDA:0,(anonymous_16)
DA:13,0
DA:16,0
DA:17,0
DA:18,0
DA:19,0
DA:20,0
DA:21,0
DA:22,0
DA:24,0
DA:25,0
DA:26,0
DA:27,0
DA:28,0
DA:34,0
DA:35,0
DA:36,0
DA:39,0
DA:41,0
DA:45,0
DA:46,0
DA:47,0
DA:50,0
DA:51,0
DA:52,0
DA:55,0
DA:56,0
DA:57,0
DA:58,0
DA:59,0
DA:60,0
DA:61,0
DA:62,0
DA:64,0
DA:66,0
DA:67,0
DA:71,0
DA:93,0
DA:94,0
DA:95,0
DA:118,0
DA:126,0
DA:135,0
DA:151,0
DA:152,0
DA:158,0
DA:165,0
LF:46
LH:0
BRDA:57,0,0,0
BRDA:57,0,1,0
BRDA:61,1,0,0
BRDA:61,1,1,0
BRDA:64,2,0,0
BRDA:64,2,1,0
BRDA:84,3,0,0
BRDA:84,3,1,0
BRDA:84,4,0,0
BRDA:84,4,1,0
BRDA:89,5,0,0
BRDA:89,5,1,0
BRDA:97,6,0,0
BRDA:97,6,1,0
BRDA:103,7,0,0
BRDA:103,7,1,0
BRDA:110,8,0,0
BRDA:110,8,1,0
BRDA:118,9,0,0
BRDA:118,9,1,0
BRDA:120,10,0,0
BRDA:120,10,1,0
BRDA:137,11,0,0
BRDA:137,11,1,0
BRDA:141,12,0,0
BRDA:141,12,1,0
BRDA:150,13,0,0
BRDA:150,13,1,0
BRDA:167,14,0,0
BRDA:167,14,1,0
BRF:30
BRH:0
end_of_record
TN:
SF:src/renderer/src/components/sprint/PRSection.tsx
FN:6,PRSection
FN:7,(anonymous_1)
FN:15,(anonymous_2)
FNF:3
FNH:0
FNDA:0,PRSection
FNDA:0,(anonymous_1)
FNDA:0,(anonymous_2)
DA:4,0
DA:7,0
DA:8,0
DA:9,0
DA:11,0
DA:15,0
DA:16,0
DA:17,0
DA:18,0
DA:19,0
DA:25,0
LF:11
LH:0
BRDA:26,0,0,0
BRDA:26,0,1,0
BRF:2
BRH:0
end_of_record
TN:
SF:src/renderer/src/components/sprint/SpecDrawer.tsx
FN:11,extractSpecPath
FN:27,SpecDrawer
FN:36,(anonymous_2)
FN:56,(anonymous_3)
FN:61,(anonymous_4)
FN:71,(anonymous_5)
FN:75,(anonymous_6)
FN:81,(anonymous_7)
FN:89,(anonymous_8)
FN:101,(anonymous_9)
FN:108,(anonymous_10)
FN:110,(anonymous_11)
FN:129,(anonymous_12)
FN:140,(anonymous_13)
FN:161,(anonymous_14)
FN:163,(anonymous_15)
FN:183,(anonymous_16)
FN:194,(anonymous_17)
FN:210,(anonymous_18)
FN:213,(anonymous_19)
FN:221,(anonymous_20)
FN:221,(anonymous_21)
FN:236,(anonymous_22)
FN:247,(anonymous_23)
FN:255,(anonymous_24)
FN:261,(anonymous_25)
FNF:26
FNH:14
FNDA:11,extractSpecPath
FNDA:53,SpecDrawer
FNDA:22,(anonymous_2)
FNDA:3,(anonymous_3)
FNDA:2,(anonymous_4)
FNDA:11,(anonymous_5)
FNDA:21,(anonymous_6)
FNDA:2,(anonymous_7)
FNDA:0,(anonymous_8)
FNDA:0,(anonymous_9)
FNDA:43,(anonymous_10)
FNDA:0,(anonymous_11)
FNDA:40,(anonymous_12)
FNDA:0,(anonymous_13)
FNDA:0,(anonymous_14)
FNDA:0,(anonymous_15)
FNDA:4,(anonymous_16)
FNDA:1,(anonymous_17)
FNDA:0,(anonymous_18)
FNDA:0,(anonymous_19)
FNDA:1,(anonymous_20)
FNDA:1,(anonymous_21)
FNDA:0,(anonymous_22)
FNDA:0,(anonymous_23)
FNDA:0,(anonymous_24)
FNDA:0,(anonymous_25)
DA:12,11
DA:13,11
DA:28,53
DA:29,53
DA:30,53
DA:31,53
DA:32,53
DA:33,53
DA:34,53
DA:36,53
DA:37,22
DA:38,20
DA:40,20
DA:41,20
DA:42,20
DA:43,20
DA:45,20
DA:46,9
DA:47,9
DA:48,9
DA:51,11
DA:52,22
DA:53,22
DA:54,5
DA:57,3
DA:58,2
DA:59,2
DA:62,2
DA:63,1
DA:64,1
DA:67,6
DA:68,6
DA:71,11
DA:75,53
DA:76,21
DA:77,9
DA:78,9
DA:81,53
DA:82,2
DA:83,2
DA:84,2
DA:85,2
DA:86,2
DA:89,53
DA:90,0
DA:91,0
DA:92,0
DA:93,0
DA:94,0
DA:96,0
DA:97,0
DA:101,53
DA:102,0
DA:103,0
DA:104,0
DA:105,0
DA:108,53
DA:109,43
DA:110,40
DA:111,0
DA:112,0
DA:113,0
DA:115,0
DA:116,0
DA:117,0
DA:118,0
DA:119,0
DA:120,0
DA:121,0
DA:124,0
DA:128,40
DA:129,40
DA:132,53
DA:134,53
DA:141,0
DA:142,0
DA:143,0
DA:144,0
DA:145,0
DA:146,0
DA:148,0
DA:161,0
DA:164,0
DA:165,0
DA:166,0
DA:183,4
DA:195,1
DA:196,1
DA:197,1
DA:210,0
DA:213,0
DA:221,1
DA:237,0
DA:238,0
DA:247,0
DA:255,0
DA:261,0
LF:97
LH:57
BRDA:13,0,0,5
BRDA:13,0,1,6
BRDA:37,1,0,2
BRDA:37,1,1,20
BRDA:45,2,0,9
BRDA:45,2,1,11
BRDA:51,3,0,11
BRDA:51,3,1,5
BRDA:53,4,0,5
BRDA:53,4,1,6
BRDA:57,5,0,1
BRDA:57,5,1,2
BRDA:62,6,0,1
BRDA:62,6,1,1
BRDA:76,7,0,12
BRDA:76,7,1,9
BRDA:76,8,0,21
BRDA:76,8,1,9
BRDA:76,8,2,9
BRDA:82,9,0,0
BRDA:82,9,1,2
BRDA:90,10,0,0
BRDA:90,10,1,0
BRDA:90,11,0,0
BRDA:90,11,1,0
BRDA:92,12,0,0
BRDA:92,12,1,0
BRDA:96,13,0,0
BRDA:96,13,1,0
BRDA:102,14,0,0
BRDA:102,14,1,0
BRDA:102,15,0,0
BRDA:102,15,1,0
BRDA:104,16,0,0
BRDA:104,16,1,0
BRDA:109,17,0,3
BRDA:109,17,1,40
BRDA:111,18,0,0
BRDA:111,18,1,0
BRDA:111,19,0,0
BRDA:111,19,1,0
BRDA:111,19,2,0
BRDA:115,20,0,0
BRDA:115,20,1,0
BRDA:116,21,0,0
BRDA:116,21,1,0
BRDA:116,22,0,0
BRDA:116,22,1,0
BRDA:118,23,0,0
BRDA:118,23,1,0
BRDA:137,24,0,53
BRDA:137,24,1,50
BRDA:141,25,0,0
BRDA:141,25,1,0
BRDA:141,26,0,0
BRDA:141,26,1,0
BRDA:143,27,0,0
BRDA:143,27,1,0
BRDA:152,28,0,50
BRDA:152,28,1,3
BRDA:153,29,0,53
BRDA:153,29,1,50
BRDA:164,30,0,0
BRDA:164,30,1,0
BRDA:182,31,0,46
BRDA:182,31,1,4
BRDA:207,32,0,4
BRDA:207,32,1,46
BRDA:217,33,0,50
BRDA:217,33,1,15
BRDA:223,34,0,1
BRDA:223,34,1,14
BRDA:225,35,0,15
BRDA:225,35,1,1
BRDA:232,36,0,25
BRDA:232,36,1,25
BRDA:232,37,0,50
BRDA:232,37,1,44
BRDA:243,38,0,19
BRDA:243,38,1,6
BRDA:251,39,0,2
BRDA:251,39,1,4
BRDA:260,40,0,50
BRDA:260,40,1,4
BRDA:260,40,2,2
BRDA:265,41,0,50
BRDA:265,41,1,2
BRF:87
BRH:51
end_of_record
TN:
SF:src/renderer/src/components/sprint/SpecEditor.tsx
FN:8,SpecEditor
FN:11,(anonymous_1)
FN:20,(anonymous_2)
FNF:3
FNH:2
FNDA:4,SpecEditor
FNDA:4,(anonymous_1)
FNDA:0,(anonymous_2)
DA:9,4
DA:11,4
DA:12,4
DA:15,4
DA:20,0
LF:5
LH:4
BRF:0
BRH:0
end_of_record
TN:
SF:src/renderer/src/components/sprint/SpecViewer.tsx
FN:9,SpecViewer
FNF:1
FNH:1
FNDA:46,SpecViewer
DA:10,46
DA:11,29
DA:20,17
DA:22,17
LF:4
LH:4
BRDA:10,0,0,29
BRDA:10,0,1,17
BRF:2
BRH:2
end_of_record
TN:
SF:src/renderer/src/components/sprint/SprintCenter.tsx
FN:31,SprintCenter
FN:33,(anonymous_1)
FN:34,(anonymous_2)
FN:35,(anonymous_3)
FN:36,(anonymous_4)
FN:37,(anonymous_5)
FN:38,(anonymous_6)
FN:39,(anonymous_7)
FN:40,(anonymous_8)
FN:42,(anonymous_9)
FN:43,(anonymous_10)
FN:44,(anonymous_11)
FN:45,(anonymous_12)
FN:46,(anonymous_13)
FN:74,(anonymous_14)
FN:74,(anonymous_15)
FN:77,(anonymous_16)
FN:80,(anonymous_17)
FN:81,(anonymous_18)
FN:87,(anonymous_19)
FN:89,(anonymous_20)
FN:93,(anonymous_21)
FN:103,(anonymous_22)
FN:105,(anonymous_23)
FN:105,(anonymous_24)
FN:110,(anonymous_25)
FN:113,(anonymous_26)
FN:115,(anonymous_27)
FN:118,(anonymous_28)
FN:127,(anonymous_29)
FN:130,(anonymous_30)
FN:141,(anonymous_31)
FN:152,(anonymous_32)
FN:163,(anonymous_33)
FN:174,(anonymous_34)
FN:193,(anonymous_35)
FN:214,(anonymous_36)
FN:231,(anonymous_37)
FN:236,(anonymous_38)
FN:286,(anonymous_39)
FN:295,(anonymous_40)
FN:297,(anonymous_41)
FN:302,(anonymous_42)
FN:308,(anonymous_43)
FNF:44
FNH:25
FNDA:2,SprintCenter
FNDA:9,(anonymous_1)
FNDA:9,(anonymous_2)
FNDA:9,(anonymous_3)
FNDA:6,(anonymous_4)
FNDA:6,(anonymous_5)
FNDA:6,(anonymous_6)
FNDA:9,(anonymous_7)
FNDA:6,(anonymous_8)
FNDA:9,(anonymous_9)
FNDA:9,(anonymous_10)
FNDA:6,(anonymous_11)
FNDA:6,(anonymous_12)
FNDA:6,(anonymous_13)
FNDA:2,(anonymous_14)
FNDA:0,(anonymous_15)
FNDA:0,(anonymous_16)
FNDA:6,(anonymous_17)
FNDA:1,(anonymous_18)
FNDA:1,(anonymous_19)
FNDA:1,(anonymous_20)
FNDA:0,(anonymous_21)
FNDA:6,(anonymous_22)
FNDA:2,(anonymous_23)
FNDA:0,(anonymous_24)
FNDA:0,(anonymous_25)
FNDA:2,(anonymous_26)
FNDA:2,(anonymous_27)
FNDA:0,(anonymous_28)
FNDA:6,(anonymous_29)
FNDA:0,(anonymous_30)
FNDA:0,(anonymous_31)
FNDA:0,(anonymous_32)
FNDA:0,(anonymous_33)
FNDA:0,(anonymous_34)
FNDA:3,(anonymous_35)
FNDA:0,(anonymous_36)
FNDA:0,(anonymous_37)
FNDA:0,(anonymous_38)
FNDA:0,(anonymous_39)
FNDA:0,(anonymous_40)
FNDA:0,(anonymous_41)
FNDA:0,(anonymous_42)
FNDA:0,(anonymous_43)
DA:33,9
DA:34,9
DA:35,9
DA:36,6
DA:37,6
DA:38,6
DA:39,9
DA:40,6
DA:42,9
DA:43,9
DA:44,6
DA:45,6
DA:46,6
DA:63,2
DA:65,2
DA:68,2
DA:69,2
DA:70,2
DA:71,2
DA:73,2
DA:74,2
DA:77,2
DA:80,6
DA:81,2
DA:82,1
DA:83,1
DA:87,2
DA:88,1
DA:89,1
DA:93,2
DA:94,0
DA:96,2
DA:99,2
DA:100,2
DA:101,2
DA:103,6
DA:104,2
DA:105,2
DA:109,2
DA:110,0
DA:113,2
DA:115,2
DA:116,2
DA:117,0
DA:118,0
DA:121,2
DA:128,6
DA:130,0
DA:141,0
DA:152,0
DA:163,0
DA:174,0
DA:194,3
DA:214,0
DA:231,0
DA:236,0
DA:286,0
DA:295,0
DA:297,0
DA:302,0
DA:308,0
LF:61
LH:44
BRDA:74,0,0,0
BRDA:74,0,1,2
BRDA:74,1,0,0
BRDA:74,1,1,0
BRDA:77,2,0,0
BRDA:77,2,1,2
BRDA:77,3,0,0
BRDA:77,3,1,0
BRDA:109,4,0,0
BRDA:109,4,1,2
BRDA:116,5,0,2
BRDA:116,5,1,0
BRDA:130,6,0,0
BRDA:130,6,1,0
BRDA:131,7,0,0
BRDA:131,7,1,6
BRDA:133,8,0,0
BRDA:133,8,1,6
BRDA:142,9,0,2
BRDA:142,9,1,0
BRDA:149,10,0,2
BRDA:149,10,1,0
BRDA:160,11,0,2
BRDA:160,11,1,0
BRDA:167,12,0,0
BRDA:167,12,1,0
BRDA:184,13,0,0
BRDA:184,13,1,2
BRDA:184,14,0,2
BRDA:184,14,1,0
BRDA:188,15,0,0
BRDA:188,15,1,0
BRDA:191,16,0,1
BRDA:191,16,1,1
BRDA:191,17,0,2
BRDA:191,17,1,1
BRDA:233,18,0,1
BRDA:233,18,1,0
BRDA:268,19,0,1
BRDA:268,19,1,0
BRF:40
BRH:17
end_of_record
TN:
SF:src/renderer/src/components/sprint/SprintToolbar.tsx
FN:23,SprintToolbar
FN:30,(anonymous_1)
FN:31,(anonymous_2)
FN:32,(anonymous_3)
FN:33,(anonymous_4)
FN:34,(anonymous_5)
FN:47,(anonymous_6)
FN:50,(anonymous_7)
FN:61,(anonymous_8)
FN:94,(anonymous_9)
FN:103,(anonymous_10)
FNF:11
FNH:0
FNDA:0,SprintToolbar
FNDA:0,(anonymous_1)
FNDA:0,(anonymous_2)
FNDA:0,(anonymous_3)
FNDA:0,(anonymous_4)
FNDA:0,(anonymous_5)
FNDA:0,(anonymous_6)
FNDA:0,(anonymous_7)
FNDA:0,(anonymous_8)
FNDA:0,(anonymous_9)
FNDA:0,(anonymous_10)
DA:30,0
DA:31,0
DA:32,0
DA:33,0
DA:34,0
DA:36,0
DA:39,0
DA:41,0
DA:48,0
DA:50,0
DA:61,0
DA:94,0
DA:103,0
LF:13
LH:0
BRDA:50,0,0,0
BRDA:50,0,1,0
BRDA:51,1,0,0
BRDA:51,1,1,0
BRDA:53,2,0,0
BRDA:53,2,1,0
BRDA:62,3,0,0
BRDA:62,3,1,0
BRDA:69,4,0,0
BRDA:69,4,1,0
BRDA:80,5,0,0
BRDA:80,5,1,0
BRDA:87,6,0,0
BRDA:87,6,1,0
BRF:14
BRH:0
end_of_record
TN:
SF:src/renderer/src/components/sprint/TaskCard.tsx
FN:27,TaskCard2
FN:39,(anonymous_1)
FN:70,(anonymous_2)
FN:104,(anonymous_3)
FN:130,(anonymous_4)
FN:133,(anonymous_5)
FN:140,(anonymous_6)
FN:143,(anonymous_7)
FN:147,(anonymous_8)
FN:157,(anonymous_9)
FN:158,(anonymous_10)
FN:168,(anonymous_11)
FN:172,(anonymous_12)
FN:177,(anonymous_13)
FN:189,(anonymous_14)
FN:194,(anonymous_15)
FNF:16
FNH:9
FNDA:61,TaskCard2
FNDA:183,(anonymous_1)
FNDA:2,(anonymous_2)
FNDA:0,(anonymous_3)
FNDA:1,(anonymous_4)
FNDA:1,(anonymous_5)
FNDA:1,(anonymous_6)
FNDA:0,(anonymous_7)
FNDA:1,(anonymous_8)
FNDA:0,(anonymous_9)
FNDA:0,(anonymous_10)
FNDA:1,(anonymous_11)
FNDA:0,(anonymous_12)
FNDA:1,(anonymous_13)
FNDA:0,(anonymous_14)
FNDA:0,(anonymous_15)
DA:27,3
DA:39,183
DA:41,61
DA:46,61
DA:52,61
DA:54,61
DA:63,61
DA:71,2
DA:104,0
DA:130,1
DA:133,1
DA:140,1
DA:143,0
DA:147,1
DA:158,0
DA:159,0
DA:168,1
DA:172,0
DA:177,1
DA:189,0
DA:194,0
LF:21
LH:14
BRDA:39,0,0,183
BRDA:39,0,1,183
BRDA:56,1,0,61
BRDA:56,1,1,0
BRDA:57,2,0,61
BRDA:57,2,1,59
BRDA:58,3,0,61
BRDA:58,3,1,2
BRDA:68,4,0,61
BRDA:68,4,1,1
BRDA:68,4,2,1
BRDA:73,5,0,1
BRDA:73,5,1,1
BRDA:75,6,0,1
BRDA:75,6,1,1
BRDA:80,7,0,61
BRDA:80,7,1,1
BRDA:86,8,0,61
BRDA:86,8,1,59
BRDA:87,9,0,58
BRDA:87,9,1,1
BRDA:94,10,0,61
BRDA:94,10,1,1
BRDA:99,11,0,61
BRDA:99,11,1,5
BRDA:107,12,0,2
BRDA:107,12,1,3
BRDA:108,13,0,2
BRDA:108,13,1,3
BRDA:112,14,0,61
BRDA:112,14,1,5
BRDA:112,14,2,2
BRDA:112,14,3,1
BRDA:115,15,0,61
BRDA:115,15,1,2
BRDA:120,16,0,61
BRDA:120,16,1,20
BRDA:128,17,0,61
BRDA:128,17,1,22
BRDA:138,18,0,61
BRDA:138,18,1,13
BRDA:146,19,0,13
BRDA:146,19,1,2
BRDA:153,20,0,61
BRDA:153,20,1,2
BRDA:166,21,0,61
BRDA:166,21,1,20
BRDA:171,22,0,20
BRDA:171,22,1,0
BRDA:176,23,0,20
BRDA:176,23,1,2
BRDA:183,24,0,61
BRDA:183,24,1,4
BRDA:185,25,0,4
BRDA:185,25,1,1
BRF:55
BRH:53
end_of_record
TN:
SF:src/renderer/src/components/sprint/TaskEventSubtitle.tsx
FN:30,getIconAndText
FN:66,TaskEventSubtitle
FNF:2
FNH:2
FNDA:8,getIconAndText
FNDA:29,TaskEventSubtitle
DA:31,8
DA:33,1
DA:34,1
DA:37,1
DA:38,1
DA:41,1
DA:42,1
DA:48,1
DA:49,1
DA:52,1
DA:54,1
DA:55,1
DA:58,1
DA:59,1
DA:62,1
DA:67,29
DA:69,8
DA:71,8
LF:18
LH:18
BRDA:31,0,0,1
BRDA:31,0,1,1
BRDA:31,0,2,1
BRDA:31,0,3,1
BRDA:31,0,4,1
BRDA:31,0,5,1
BRDA:31,0,6,1
BRDA:31,0,7,1
BRDA:43,1,0,1
BRDA:43,1,1,0
BRDA:67,2,0,21
BRDA:67,2,1,8
BRF:12
BRH:11
end_of_record
TN:
SF:src/renderer/src/components/sprint/TaskTable.tsx
FN:30,getInitialCollapsed
FN:40,priorityVariant
FN:46,formatDate
FN:52,TaskTable
FN:64,(anonymous_4)
FN:67,(anonymous_5)
FN:81,(anonymous_6)
FN:83,(anonymous_7)
FN:128,(anonymous_8)
FN:159,(anonymous_9)
FN:171,DoneRow
FN:185,(anonymous_11)
FN:202,(anonymous_12)
FN:214,(anonymous_13)
FN:222,(anonymous_14)
FN:232,FailedRow
FN:246,(anonymous_16)
FN:263,(anonymous_17)
FN:274,(anonymous_18)
FN:281,(anonymous_19)
FN:291,BacklogRow
FN:307,(anonymous_21)
FN:309,(anonymous_22)
FN:315,(anonymous_23)
FN:321,(anonymous_24)
FN:329,(anonymous_25)
FN:329,(anonymous_26)
FN:333,(anonymous_27)
FN:337,(anonymous_28)
[...]
FN:100,(anonymous_9)
FN:101,(anonymous_10)
FN:102,(anonymous_11)
FN:105,(anonymous_12)
FN:106,(anonymous_13)
FN:107,(anonymous_14)
FN:110,(anonymous_15)
FN:112,(anonymous_16)
FN:120,(anonymous_17)
FN:122,(anonymous_18)
FN:125,(anonymous_19)
FN:127,(anonymous_20)
FN:130,(anonymous_21)
FN:138,(anonymous_22)
FN:139,(anonymous_23)
FN:140,(anonymous_24)
FN:143,(anonymous_25)
FN:144,(anonymous_26)
FN:145,(anonymous_27)
FN:148,(anonymous_28)
FN:149,(anonymous_29)
FN:153,(anonymous_30)
FN:154,(anonymous_31)
FN:158,(anonymous_32)
FNF:33
FNH:33
FNDA:14,makeTab
FNDA:2,makeAgentTab
FNDA:1,(anonymous_2)
FNDA:13,(anonymous_3)
FNDA:13,(anonymous_4)
FNDA:5,(anonymous_5)
FNDA:6,(anonymous_6)
FNDA:8,(anonymous_7)
FNDA:4,(anonymous_8)
FNDA:3,(anonymous_9)
FNDA:3,(anonymous_10)
FNDA:4,(anonymous_11)
FNDA:2,(anonymous_12)
FNDA:2,(anonymous_13)
FNDA:3,(anonymous_14)
FNDA:2,(anonymous_15)
FNDA:5,(anonymous_16)
FNDA:1,(anonymous_17)
FNDA:1,(anonymous_18)
FNDA:1,(anonymous_19)
FNDA:1,(anonymous_20)
FNDA:2,(anonymous_21)
FNDA:2,(anonymous_22)
FNDA:2,(anonymous_23)
FNDA:3,(anonymous_24)
FNDA:3,(anonymous_25)
FNDA:3,(anonymous_26)
FNDA:3,(anonymous_27)
FNDA:2,(anonymous_28)
FNDA:2,(anonymous_29)
FNDA:2,(anonymous_30)
FNDA:2,(anonymous_31)
FNDA:1,(anonymous_32)
DA:18,1
DA:21,14
DA:22,14
DA:35,2
DA:71,1
DA:73,1
DA:82,13
DA:83,13
DA:87,5
DA:88,5
DA:89,6
DA:90,8
DA:92,4
DA:94,5
DA:95,5
DA:98,4
DA:101,3
DA:102,4
DA:106,2
DA:107,3
DA:110,2
DA:113,5
DA:114,5
DA:121,1
DA:122,1
DA:126,1
DA:127,1
DA:131,2
DA:132,2
DA:133,2
DA:134,2
DA:135,2
DA:139,2
DA:140,3
DA:144,3
DA:145,3
DA:149,2
DA:154,2
DA:158,1
LF:39
LH:39
BRDA:26,0,0,14
BRDA:26,0,1,14
BRDA:88,1,0,1
BRDA:88,1,1,4
BRDA:92,2,0,2
BRDA:92,2,1,2
BRDA:94,3,0,1
BRDA:94,3,1,3
BRDA:102,4,0,3
BRDA:102,4,1,1
BRDA:107,5,0,2
BRDA:107,5,1,1
BRDA:116,6,0,4
BRDA:116,6,1,1
BRDA:140,7,0,2
BRDA:140,7,1,1
BRDA:145,8,0,3
BRDA:145,8,1,0
BRF:18
BRH:17
end_of_record
TN:
SF:src/renderer/src/stores/theme.ts
FN:11,applyTheme
FN:16,loadSavedTheme
FN:27,(anonymous_2)
FN:29,(anonymous_3)
FN:30,(anonymous_4)
FN:36,(anonymous_5)
FN:37,(anonymous_6)
FNF:7
FNH:7
FNDA:8,applyTheme
FNDA:1,loadSavedTheme
FNDA:1,(anonymous_2)
FNDA:2,(anonymous_3)
FNDA:2,(anonymous_4)
FNDA:5,(anonymous_5)
FNDA:5,(anonymous_6)
DA:12,8
DA:13,4
DA:17,1
DA:18,1
DA:20,0
DA:24,1
DA:25,1
DA:27,1
DA:30,2
DA:31,2
DA:32,2
DA:33,2
DA:34,2
DA:37,5
DA:38,5
DA:39,5
DA:40,5
LF:17
LH:16
BRDA:12,0,0,4
BRDA:12,0,1,4
BRDA:18,1,0,1
BRDA:18,1,1,1
BRDA:31,2,0,1
BRDA:31,2,1,1
BRF:6
BRH:6
end_of_record
TN:
SF:src/renderer/src/stores/toasts.ts
FN:32,(anonymous_0)
FN:35,(anonymous_1)
FN:39,(anonymous_2)
FN:43,(anonymous_3)
FN:52,(anonymous_4)
FN:58,(anonymous_5)
FN:59,(anonymous_6)
FN:65,(anonymous_7)
FN:68,(anonymous_8)
FN:71,(anonymous_9)
FN:77,(anonymous_10)
FNF:11
FNH:10
FNDA:4,(anonymous_0)
FNDA:19,(anonymous_1)
FNDA:19,(anonymous_2)
FNDA:2,(anonymous_3)
FNDA:4,(anonymous_4)
FNDA:4,(anonymous_5)
FNDA:4,(anonymous_6)
FNDA:15,(anonymous_7)
FNDA:2,(anonymous_8)
FNDA:2,(anonymous_9)
FNDA:0,(anonymous_10)
DA:20,4
DA:21,4
DA:29,4
DA:30,4
DA:32,4
DA:36,19
DA:37,19
DA:39,19
DA:43,19
DA:44,2
DA:45,2
DA:47,19
DA:49,19
DA:53,4
DA:54,4
DA:55,1
DA:56,1
DA:58,4
DA:59,4
DA:64,4
DA:66,15
DA:69,2
DA:72,2
DA:78,0
LF:24
LH:23
BRDA:35,0,0,19
BRDA:54,1,0,1
BRDA:54,1,1,3
BRDA:77,2,0,0
BRF:4
BRH:3
end_of_record
TN:
SF:src/renderer/src/stores/ui.ts
FN:11,getFocusedPanelId
FN:19,(anonymous_1)
FN:21,(anonymous_2)
FN:28,(anonymous_3)
FN:41,(anonymous_4)
FNF:5
FNH:5
FNDA:6,getFocusedPanelId
FNDA:1,(anonymous_1)
FNDA:8,(anonymous_2)
FNDA:3,(anonymous_3)
FNDA:10,(anonymous_4)
DA:12,6
DA:13,6
DA:15,0
DA:16,0
DA:19,1
DA:22,8
DA:23,8
DA:24,8
DA:25,2
DA:26,2
DA:27,2
DA:28,3
DA:29,2
DA:30,2
DA:34,6
DA:36,8
DA:41,1
DA:42,10
DA:43,10
DA:44,10
DA:45,10
DA:46,10
LF:22
LH:20
BRDA:13,0,0,6
BRDA:13,0,1,0
BRDA:15,1,0,0
BRDA:15,1,1,0
BRDA:24,2,0,2
BRDA:24,2,1,6
BRDA:27,3,0,2
BRDA:27,3,1,0
BRDA:29,4,0,2
BRDA:29,4,1,0
BRDA:29,5,0,2
BRDA:29,5,1,2
BRDA:42,6,0,10
BRDA:42,6,1,0
BRDA:43,7,0,10
BRDA:43,7,1,0
BRDA:45,8,0,10
BRDA:45,8,1,0
BRF:18
BRH:10
end_of_record
TN:
SF:src/renderer/src/stores/unifiedAgents.ts
FN:51,buildAgentList
FN:57,(anonymous_1)
FN:62,(anonymous_2)
FN:74,(anonymous_3)
FN:96,(anonymous_4)
FN:109,(anonymous_5)
FN:111,(anonymous_6)
FN:124,(anonymous_7)
FNF:8
FNH:8
FNDA:7,buildAgentList
FNDA:1,(anonymous_1)
FNDA:7,(anonymous_2)
FNDA:4,(anonymous_3)
FNDA:3,(anonymous_4)
FNDA:3,(anonymous_5)
FNDA:2,(anonymous_6)
FNDA:2,(anonymous_7)
DA:17,1
DA:52,7
DA:53,7
DA:54,7
DA:57,1
DA:63,7
DA:66,7
DA:71,7
DA:75,4
DA:78,4
DA:79,4
DA:82,4
DA:83,4
DA:85,4
DA:87,3
DA:88,1
DA:89,1
DA:90,2
DA:91,2
DA:92,2
DA:97,3
DA:98,3
DA:101,3
DA:102,3
DA:103,3
DA:105,0
DA:111,3
DA:112,3
DA:114,2
DA:115,1
DA:116,1
DA:117,1
DA:119,0
DA:125,2
DA:126,1
DA:127,1
LF:36
LH:34
BRDA:85,0,0,1
BRDA:85,0,1,3
BRDA:87,1,0,1
BRDA:87,1,1,2
BRDA:90,2,0,2
BRDA:90,2,1,0
BRDA:98,3,0,1
BRDA:98,3,1,2
BRDA:105,4,0,0
BRDA:105,4,1,0
BRDA:112,5,0,1
BRDA:112,5,1,2
BRDA:114,6,0,1
BRDA:114,6,1,1
BRDA:119,7,0,0
BRDA:119,7,1,0
BRDA:125,8,0,1
BRDA:125,8,1,1
BRF:18
BRH:13
end_of_record
TN:
SF:src/renderer/src/views/AgentsView.tsx
FN:23,AgentsView
FN:25,(anonymous_1)
FN:26,(anonymous_2)
FN:27,(anonymous_3)
FN:28,(anonymous_4)
FN:29,(anonymous_5)
FN:30,(anonymous_6)
FN:38,(anonymous_7)
FN:40,(anonymous_8)
FN:44,(anonymous_9)
FN:51,(anonymous_10)
FN:58,(anonymous_11)
FN:65,(anonymous_12)
FN:66,(anonymous_13)
FN:68,(anonymous_14)
FN:71,(anonymous_15)
FN:74,(anonymous_16)
FN:94,(anonymous_17)
FN:129,(anonymous_18)
FN:135,HealthBarWrapper
FN:142,(anonymous_20)
FN:144,(anonymous_21)
FN:145,(anonymous_22)
FN:147,(anonymous_23)
FN:151,(anonymous_24)
FNF:25
FNH:19
FNDA:1,AgentsView
FNDA:1,(anonymous_1)
FNDA:1,(anonymous_2)
FNDA:1,(anonymous_3)
FNDA:1,(anonymous_4)
FNDA:1,(anonymous_5)
FNDA:1,(anonymous_6)
FNDA:1,(anonymous_7)
FNDA:1,(anonymous_8)
FNDA:1,(anonymous_9)
FNDA:1,(anonymous_10)
FNDA:1,(anonymous_11)
FNDA:1,(anonymous_12)
FNDA:0,(anonymous_13)
FNDA:1,(anonymous_14)
FNDA:0,(anonymous_15)
FNDA:0,(anonymous_16)
FNDA:0,(anonymous_17)
FNDA:0,(anonymous_18)
FNDA:1,HealthBarWrapper
FNDA:1,(anonymous_20)
FNDA:1,(anonymous_21)
FNDA:1,(anonymous_22)
FNDA:0,(anonymous_23)
FNDA:1,(anonymous_24)
DA:24,1
DA:25,1
DA:26,1
DA:27,1
DA:28,1
DA:29,1
DA:30,1
DA:32,1
DA:33,1
DA:34,1
DA:35,1
DA:38,1
DA:39,1
DA:40,1
DA:44,1
DA:45,1
DA:46,1
DA:48,1
DA:51,1
DA:52,1
DA:53,0
DA:58,1
DA:59,1
DA:60,0
DA:65,1
DA:66,1
DA:67,1
DA:68,1
DA:71,1
DA:72,1
DA:74,1
DA:75,0
DA:76,0
DA:79,1
DA:94,0
DA:129,0
DA:136,1
DA:142,1
DA:143,1
DA:144,1
DA:145,1
DA:146,1
DA:149,1
DA:150,1
DA:151,1
DA:154,1
DA:155,1
DA:159,1
LF:48
LH:42
BRDA:45,0,0,0
BRDA:45,0,1,1
BRDA:48,1,0,1
BRDA:48,1,1,0
BRDA:52,2,0,0
BRDA:52,2,1,1
BRDA:52,3,0,1
BRDA:52,3,1,1
BRDA:59,4,0,0
BRDA:59,4,1,1
BRDA:72,5,0,0
BRDA:72,5,1,1
BRDA:72,6,0,0
BRDA:72,6,1,0
BRDA:75,7,0,0
BRDA:75,7,1,0
BRDA:80,8,0,0
BRDA:80,8,1,1
BRDA:116,9,0,0
BRDA:116,9,1,1
BRDA:124,10,0,1
BRDA:124,10,1,0
BRDA:146,11,0,1
BRDA:146,11,1,0
BRDA:154,12,0,1
BRDA:154,12,1,0
BRDA:155,13,0,0
BRDA:155,13,1,1
BRF:28
BRH:13
end_of_record
TN:
SF:src/renderer/src/views/CostView.tsx
FN:19,formatCost
FN:25,formatTokens
FN:32,formatDuration
FN:41,formatDate
FN:46,cacheHitPct
FN:55,costTier
FN:62,truncate
FN:68,ClaudeCodePanel
FN:110,TaskTable
FN:121,(anonymous_9)
FN:129,(anonymous_10)
FN:132,(anonymous_11)
FN:139,(anonymous_12)
FN:145,(anonymous_13)
FN:152,(anonymous_14)
FN:169,(anonymous_15)
FN:193,exportCsv
FN:195,(anonymous_17)
FN:207,CostView
FN:214,(anonymous_19)
FN:216,(anonymous_20)
FN:233,(anonymous_21)
FN:236,(anonymous_22)
FN:237,(anonymous_23)
FN:247,(anonymous_24)
FN:250,(anonymous_25)
FN:253,(anonymous_26)
FNF:27
FNH:24
FNDA:62,formatCost
FNDA:16,formatTokens
FNDA:30,formatDuration
FNDA:30,formatDate
FNDA:32,cacheHitPct
FNDA:30,costTier
FNDA:46,truncate
FNDA:16,ClaudeCodePanel
FNDA:15,TaskTable
FNDA:45,(anonymous_9)
FNDA:1,(anonymous_10)
FNDA:0,(anonymous_11)
FNDA:0,(anonymous_12)
FNDA:30,(anonymous_13)
FNDA:1,(anonymous_14)
FNDA:1,(anonymous_15)
FNDA:1,exportCsv
FNDA:2,(anonymous_17)
FNDA:36,CostView
FNDA:40,(anonymous_19)
FNDA:18,(anonymous_20)
FNDA:17,(anonymous_21)
FNDA:32,(anonymous_22)
FNDA:14,(anonymous_23)
FNDA:1,(anonymous_24)
FNDA:0,(anonymous_25)
FNDA:1,(anonymous_26)
DA:20,62
DA:21,62
DA:22,46
DA:26,16
DA:27,16
DA:28,0
DA:29,0
DA:33,30
DA:34,30
DA:35,30
DA:36,15
DA:37,15
DA:38,15
DA:42,30
DA:43,30
DA:47,32
DA:48,32
DA:49,32
DA:50,32
DA:51,32
DA:52,32
DA:56,30
DA:57,30
DA:58,0
DA:59,0
DA:63,46
DA:69,16
DA:121,45
DA:123,15
DA:129,1
DA:132,0
DA:139,0
DA:146,30
DA:147,30
DA:148,30
DA:152,1
DA:170,1
DA:171,1
DA:172,1
DA:194,1
DA:195,1
DA:196,2
DA:197,2
DA:198,2
DA:199,2
DA:201,1
DA:202,1
DA:208,36
DA:209,36
DA:210,36
DA:211,36
DA:212,36
DA:213,36
DA:214,40
DA:216,36
DA:217,18
DA:218,18
DA:222,15
DA:223,15
DA:225,15
DA:229,17
DA:233,36
DA:234,36
DA:236,36
DA:237,32
DA:238,14
DA:239,13
DA:241,1
DA:242,14
DA:243,14
DA:247,36
DA:248,1
DA:249,1
DA:250,1
DA:253,36
DA:254,1
DA:261,36
DA:262,17
DA:278,19
LF:79
LH:73
BRDA:20,0,0,0
BRDA:20,0,1,62
BRDA:20,1,0,62
BRDA:20,1,1,62
BRDA:21,2,0,16
BRDA:21,2,1,46
BRDA:26,3,0,0
BRDA:26,3,1,16
BRDA:26,4,0,16
BRDA:26,4,1,16
BRDA:27,5,0,16
BRDA:27,5,1,0
BRDA:28,6,0,0
BRDA:28,6,1,0
BRDA:33,7,0,0
BRDA:33,7,1,30
BRDA:33,8,0,30
BRDA:33,8,1,30
BRDA:35,9,0,15
BRDA:35,9,1,15
BRDA:47,10,0,32
BRDA:47,10,1,0
BRDA:48,11,0,32
BRDA:48,11,1,0
BRDA:50,12,0,0
BRDA:50,12,1,32
BRDA:50,13,0,32
BRDA:50,13,1,32
BRDA:52,14,0,0
BRDA:52,14,1,32
BRDA:56,15,0,0
BRDA:56,15,1,30
BRDA:56,16,0,30
BRDA:56,16,1,30
BRDA:57,17,0,30
BRDA:57,17,1,0
BRDA:58,18,0,0
BRDA:58,18,1,0
BRDA:63,19,0,0
BRDA:63,19,1,46
BRDA:88,20,0,16
BRDA:88,20,1,0
BRDA:92,21,0,16
BRDA:92,21,1,16
BRDA:121,22,0,15
BRDA:121,22,1,30
BRDA:155,23,0,30
BRDA:155,23,1,0
BRDA:159,24,0,30
BRDA:159,24,1,0
BRDA:160,25,0,30
BRDA:160,25,1,0
BRDA:162,26,0,30
BRDA:162,26,1,0
BRDA:165,27,0,15
BRDA:165,27,1,15
BRDA:197,28,0,2
BRDA:197,28,1,0
BRDA:199,29,0,2
BRDA:199,29,1,0
BRDA:199,30,0,2
BRDA:199,30,1,0
BRDA:199,31,0,2
BRDA:199,31,1,0
BRDA:199,32,0,2
BRDA:199,32,1,0
BRDA:199,33,0,2
BRDA:199,33,1,0
BRDA:199,34,0,2
BRDA:199,34,1,0
BRDA:199,35,0,2
BRDA:199,35,1,1
BRDA:238,36,0,13
BRDA:238,36,1,1
BRDA:241,37,0,1
BRDA:241,37,1,0
BRDA:242,38,0,14
BRDA:242,38,1,0
BRDA:261,39,0,17
BRDA:261,39,1,19
BRDA:263,40,0,0
BRDA:263,40,1,17
BRDA:279,41,0,0
BRDA:279,41,1,19
BRDA:288,42,0,1
BRDA:288,42,1,18
BRDA:295,43,0,36
BRDA:295,43,1,17
BRDA:298,44,0,3
BRDA:298,44,1,16
BRF:90
BRH:59
end_of_record
TN:
SF:src/renderer/src/views/MemoryView.tsx
FN:29,formatRelativeTime
FN:41,formatSize
FN:48,groupFiles
FN:74,MemoryView
FN:87,(anonymous_4)
FN:98,(anonymous_5)
FN:102,(anonymous_6)
FN:116,(anonymous_7)
FN:127,(anonymous_8)
FN:131,(anonymous_9)
FN:149,(anonymous_10)
FN:150,onKeyDown
FN:157,(anonymous_12)
FN:162,(anonymous_13)
FN:171,(anonymous_14)
FN:173,(anonymous_15)
FN:175,(anonymous_16)
FN:182,(anonymous_17)
FN:196,(anonymous_18)
FN:200,(anonymous_19)
FN:219,(anonymous_20)
FN:233,(anonymous_21)
FN:234,(anonymous_22)
FN:253,(anonymous_23)
FN:264,(anonymous_24)
FN:267,(anonymous_25)
FN:274,(anonymous_26)
FN:288,(anonymous_27)
FN:298,(anonymous_28)
FN:329,(anonymous_29)
FNF:30
FNH:27
FNDA:90,formatRelativeTime
FNDA:90,formatSize
FNDA:131,groupFiles
FNDA:131,MemoryView
FNDA:16,(anonymous_4)
FNDA:14,(anonymous_5)
FNDA:7,(anonymous_6)
FNDA:2,(anonymous_7)
FNDA:1,(anonymous_8)
FNDA:2,(anonymous_9)
FNDA:88,(anonymous_10)
FNDA:84,onKeyDown
FNDA:88,(anonymous_12)
FNDA:131,(anonymous_13)
FNDA:131,(anonymous_14)
FNDA:131,(anonymous_15)
FNDA:84,(anonymous_16)
FNDA:0,(anonymous_17)
FNDA:130,(anonymous_18)
FNDA:14,(anonymous_19)
FNDA:3,(anonymous_20)
FNDA:18,(anonymous_21)
FNDA:20,(anonymous_22)
FNDA:0,(anonymous_23)
FNDA:89,(anonymous_24)
FNDA:89,(anonymous_25)
FNDA:5,(anonymous_26)
FNDA:56,(anonymous_27)
FNDA:0,(anonymous_28)
FNDA:66,(anonymous_29)
DA:30,90
DA:31,90
DA:32,90
DA:33,0
DA:34,0
DA:35,0
DA:36,0
DA:37,0
DA:38,0
DA:42,90
DA:43,0
DA:44,0
DA:45,0
DA:49,131
DA:50,131
DA:51,131
DA:52,131
DA:54,131
DA:55,90
DA:56,1
DA:57,89
DA:58,1
DA:59,88
DA:60,0
DA:62,88
DA:66,131
DA:67,131
DA:68,131
DA:69,131
DA:71,131
DA:75,131
DA:76,131
DA:77,131
DA:78,131
DA:79,131
DA:80,131
DA:81,131
DA:82,131
DA:83,131
DA:84,131
DA:85,131
DA:87,131
DA:88,16
DA:89,16
DA:90,16
DA:92,0
DA:94,16
DA:98,131
DA:99,14
DA:102,131
DA:103,7
DA:104,7
DA:105,7
DA:106,7
DA:107,7
DA:108,7
DA:110,0
DA:112,7
DA:116,131
DA:117,2
DA:118,2
DA:119,2
DA:120,2
DA:121,2
DA:123,0
DA:127,131
DA:128,1
DA:131,131
DA:132,2
DA:133,2
DA:134,2
DA:135,2
DA:136,2
DA:137,2
DA:138,2
DA:139,2
DA:140,2
DA:141,2
DA:143,0
DA:145,2
DA:149,131
DA:151,84
DA:152,1
DA:153,1
DA:156,88
DA:157,88
DA:161,131
DA:162,131
DA:163,131
DA:164,131
DA:165,131
DA:166,131
DA:169,131
DA:170,131
DA:171,131
DA:173,131
DA:174,131
DA:175,130
DA:176,84
DA:177,84
DA:178,0
DA:180,0
DA:181,0
DA:182,0
DA:183,0
DA:184,0
DA:185,0
DA:186,0
DA:190,0
DA:191,0
DA:192,0
DA:195,130
DA:196,130
DA:200,131
DA:201,14
DA:202,0
DA:203,14
DA:206,131
DA:208,131
DA:219,3
DA:233,18
DA:235,20
DA:236,20
DA:237,0
DA:238,0
DA:253,0
DA:265,89
DA:268,89
DA:269,89
DA:274,5
DA:289,56
DA:298,0
DA:329,66
LF:133
LH:103
BRDA:32,0,0,90
BRDA:32,0,1,0
BRDA:34,1,0,0
BRDA:34,1,1,0
BRDA:36,2,0,0
BRDA:36,2,1,0
BRDA:42,3,0,90
BRDA:42,3,1,0
BRDA:44,4,0,0
BRDA:44,4,1,0
BRDA:55,5,0,1
BRDA:55,5,1,89
BRDA:57,6,0,1
BRDA:57,6,1,88
BRDA:59,7,0,0
BRDA:59,7,1,88
BRDA:67,8,0,1
BRDA:67,8,1,130
BRDA:68,9,0,0
BRDA:68,9,1,131
BRDA:69,10,0,88
BRDA:69,10,1,43
BRDA:92,11,0,0
BRDA:92,11,1,0
BRDA:110,12,0,0
BRDA:110,12,1,0
BRDA:117,13,0,0
BRDA:117,13,1,2
BRDA:123,14,0,0
BRDA:123,14,1,0
BRDA:133,15,0,0
BRDA:133,15,1,2
BRDA:134,16,0,1
BRDA:134,16,1,1
BRDA:143,17,0,0
BRDA:143,17,1,0
BRDA:151,18,0,1
BRDA:151,18,1,83
BRDA:151,19,0,84
BRDA:151,19,1,82
BRDA:151,19,2,2
BRDA:164,20,0,1
BRDA:164,20,1,130
BRDA:174,21,0,1
BRDA:174,21,1,130
BRDA:177,22,0,84
BRDA:177,22,1,0
BRDA:177,23,0,84
BRDA:177,23,1,20
BRDA:178,24,0,0
BRDA:178,24,1,0
BRDA:178,25,0,0
BRDA:178,25,1,0
BRDA:178,25,2,0
BRDA:180,26,0,0
BRDA:180,26,1,0
BRDA:180,27,0,0
BRDA:180,27,1,0
BRDA:184,28,0,0
BRDA:184,28,1,0
BRDA:185,29,0,0
BRDA:185,29,1,0
BRDA:185,30,0,0
BRDA:185,30,1,0
BRDA:186,31,0,0
BRDA:186,31,1,0
BRDA:190,32,0,0
BRDA:190,32,1,0
BRDA:190,33,0,0
BRDA:190,33,1,0
BRDA:190,33,2,0
BRDA:201,34,0,14
BRDA:201,34,1,0
BRDA:209,35,0,0
BRDA:209,35,1,131
BRDA:228,36,0,131
BRDA:228,36,1,23
BRDA:235,37,0,2
BRDA:235,37,1,18
BRDA:236,38,0,0
BRDA:236,38,1,20
BRDA:249,39,0,131
BRDA:249,39,1,1
BRDA:251,40,0,0
BRDA:251,40,1,1
BRDA:251,41,0,0
BRDA:251,41,1,1
BRDA:272,42,0,76
BRDA:272,42,1,13
BRDA:272,43,0,0
BRDA:272,43,1,89
BRDA:286,44,0,131
BRDA:286,44,1,14
BRDA:286,44,2,14
BRDA:293,45,0,131
BRDA:293,45,1,117
BRDA:293,45,2,28
BRDA:305,46,0,5
BRDA:305,46,1,126
BRDA:309,47,0,76
BRDA:309,47,1,50
BRDA:314,48,0,76
BRDA:314,48,1,66
BRF:103
BRH:54
end_of_record
TN:
SF:src/renderer/src/views/PRStationView.tsx
FN:18,PRStationView
FN:26,(anonymous_1)
FN:31,(anonymous_2)
FN:32,(anonymous_3)
FN:51,(anonymous_4)
FN:57,(anonymous_5)
FN:61,(anonymous_6)
FN:64,(anonymous_7)
FN:67,(anonymous_8)
FN:96,(anonymous_9)
FN:102,(anonymous_10)
FN:116,(anonymous_11)
FN:146,(anonymous_12)
FN:147,(anonymous_13)
FN:150,(anonymous_14)
FNF:15
FNH:12
FNDA:42,PRStationView
FNDA:42,(anonymous_1)
FNDA:1,(anonymous_2)
FNDA:1,(anonymous_3)
FNDA:25,(anonymous_4)
FNDA:10,(anonymous_5)
FNDA:10,(anonymous_6)
FNDA:0,(anonymous_7)
FNDA:10,(anonymous_8)
FNDA:1,(anonymous_9)
FNDA:2,(anonymous_10)
FNDA:2,(anonymous_11)
FNDA:1,(anonymous_12)
FNDA:0,(anonymous_13)
FNDA:0,(anonymous_14)
DA:19,42
DA:20,42
DA:21,42
DA:22,42
DA:23,42
DA:24,42
DA:25,42
DA:26,42
DA:27,42
DA:30,42
DA:32,1
DA:33,1
DA:34,1
DA:36,1
DA:37,0
DA:38,0
DA:39,0
DA:40,0
DA:41,0
DA:44,1
DA:46,1
DA:51,42
DA:52,25
DA:53,15
DA:54,15
DA:56,10
DA:57,10
DA:58,10
DA:59,10
DA:60,10
DA:62,10
DA:67,10
DA:68,10
DA:73,42
DA:96,1
DA:102,2
DA:116,2
DA:146,1
DA:148,0
DA:149,0
DA:150,0
LF:41
LH:33
BRDA:25,0,0,26
BRDA:25,0,1,16
BRDA:27,1,0,26
BRDA:27,1,1,16
BRDA:27,2,0,26
BRDA:27,2,1,17
BRDA:36,3,0,0
BRDA:36,3,1,1
BRDA:39,4,0,0
BRDA:39,4,1,0
BRDA:52,5,0,15
BRDA:52,5,1,10
BRDA:58,6,0,0
BRDA:58,6,1,10
BRDA:62,7,0,10
BRDA:62,7,1,0
BRDA:74,8,0,0
BRDA:74,8,1,42
BRDA:87,9,0,26
BRDA:87,9,1,16
BRDA:95,10,0,24
BRDA:95,10,1,2
BRDA:101,11,0,2
BRDA:101,11,1,24
BRDA:108,12,0,26
BRDA:108,12,1,9
BRDA:111,13,0,0
BRDA:111,13,1,9
BRDA:122,14,0,24
BRDA:122,14,1,2
BRDA:142,15,0,42
BRDA:142,15,1,2
BRDA:142,15,2,2
BRF:33
BRH:26
end_of_record
TN:
SF:src/renderer/src/views/SettingsView.tsx
FN:39,SettingsView
FN:50,(anonymous_1)
FN:54,(anonymous_2)
FNF:3
FNH:3
FNDA:7,SettingsView
FNDA:49,(anonymous_1)
FNDA:2,(anonymous_2)
DA:17,2
DA:29,2
DA:40,7
DA:41,7
DA:42,7
DA:44,7
DA:51,49
DA:54,2
LF:8
LH:8
BRDA:45,0,0,0
BRDA:45,0,1,7
BRDA:53,1,0,7
BRDA:53,1,1,42
BRF:4
BRH:3
end_of_record
TN:
SF:src/renderer/src/views/SprintView.tsx
FN:9,SprintView
FNF:1
FNH:1
FNDA:1,SprintView
DA:10,1
DA:11,1
LF:2
LH:2
BRDA:17,0,0,0
BRDA:17,0,1,1
BRF:2
BRH:1
end_of_record
TN:
SF:src/renderer/src/views/TerminalView.tsx
FN:11,TerminalView
FN:13,(anonymous_1)
FN:14,(anonymous_2)
FN:15,(anonymous_3)
FN:16,(anonymous_4)
FN:17,(anonymous_5)
FN:18,(anonymous_6)
FN:19,(anonymous_7)
FN:20,(anonymous_8)
FN:21,(anonymous_9)
FN:22,(anonymous_10)
FN:23,(anonymous_11)
FN:24,(anonymous_12)
FN:25,(anonymous_13)
FN:26,(anonymous_14)
FN:27,(anonymous_15)
FN:28,(anonymous_16)
FN:30,(anonymous_17)
FN:33,(anonymous_18)
FN:37,(anonymous_19)
FN:39,(anonymous_20)
FN:44,(anonymous_21)
FN:47,(anonymous_22)
FN:51,(anonymous_23)
FN:54,(anonymous_24)
FN:77,(anonymous_25)
FN:104,(anonymous_26)
FN:115,(anonymous_27)
FN:165,(anonymous_28)
FNF:29
FNH:24
FNDA:17,TerminalView
FNDA:17,(anonymous_1)
FNDA:17,(anonymous_2)
FNDA:17,(anonymous_3)
FNDA:17,(anonymous_4)
FNDA:17,(anonymous_5)
FNDA:17,(anonymous_6)
FNDA:17,(anonymous_7)
FNDA:17,(anonymous_8)
FNDA:17,(anonymous_9)
FNDA:17,(anonymous_10)
FNDA:17,(anonymous_11)
FNDA:17,(anonymous_12)
FNDA:17,(anonymous_13)
FNDA:17,(anonymous_14)
FNDA:17,(anonymous_15)
FNDA:17,(anonymous_16)
FNDA:18,(anonymous_17)
FNDA:0,(anonymous_18)
FNDA:0,(anonymous_19)
FNDA:0,(anonymous_20)
FNDA:0,(anonymous_21)
FNDA:0,(anonymous_22)
FNDA:17,(anonymous_23)
FNDA:11,(anonymous_24)
FNDA:2,(anonymous_25)
FNDA:2,(anonymous_26)
FNDA:1,(anonymous_27)
FNDA:15,(anonymous_28)
DA:12,17
DA:13,17
DA:14,17
DA:15,17
DA:16,17
DA:17,17
DA:18,17
DA:19,17
DA:20,17
DA:21,17
DA:22,17
DA:23,17
DA:24,17
DA:25,17
DA:26,17
DA:27,17
DA:28,17
DA:30,18
DA:31,17
DA:33,17
DA:34,0
DA:37,17
DA:38,0
DA:39,0
DA:40,0
DA:44,17
DA:45,0
DA:47,0
DA:51,17
DA:52,17
DA:54,15
DA:56,11
DA:58,11
DA:59,1
DA:60,1
DA:61,1
DA:62,1
DA:66,10
DA:67,1
DA:68,1
DA:69,1
DA:70,1
DA:74,9
DA:75,2
DA:76,2
DA:77,2
DA:78,2
DA:79,1
DA:81,2
DA:85,7
DA:86,1
DA:87,1
DA:88,1
DA:89,1
DA:93,6
DA:94,0
DA:95,0
DA:97,0
DA:101,6
DA:102,1
DA:103,1
DA:104,2
DA:105,1
DA:106,1
DA:108,1
DA:112,5
DA:113,1
DA:114,1
DA:115,1
DA:116,1
DA:117,1
DA:119,1
DA:123,4
DA:124,2
DA:125,2
DA:126,2
DA:127,2
DA:131,2
DA:132,1
DA:133,1
DA:134,1
DA:135,1
DA:139,1
DA:140,1
DA:141,1
DA:142,1
DA:143,1
DA:147,0
DA:148,0
DA:149,0
DA:151,0
DA:156,0
DA:157,0
DA:158,0
DA:159,0
DA:160,0
DA:164,15
DA:165,15
DA:168,17
LF:99
LH:81
BRDA:34,0,0,0
BRDA:34,0,1,0
BRDA:34,1,0,0
BRDA:34,1,1,0
BRDA:40,2,0,0
BRDA:40,2,1,0
BRDA:52,3,0,2
BRDA:52,3,1,15
BRDA:56,4,0,11
BRDA:56,4,1,0
BRDA:56,5,0,11
BRDA:56,5,1,11
BRDA:58,6,0,1
BRDA:58,6,1,10
BRDA:66,7,0,1
BRDA:66,7,1,9
BRDA:69,8,0,1
BRDA:69,8,1,0
BRDA:74,9,0,2
BRDA:74,9,1,7
BRDA:78,10,0,1
BRDA:78,10,1,1
BRDA:85,11,0,1
BRDA:85,11,1,6
BRDA:85,12,0,7
BRDA:85,12,1,1
BRDA:93,13,0,0
BRDA:93,13,1,6
BRDA:93,14,0,6
BRDA:93,14,1,0
BRDA:101,15,0,1
BRDA:101,15,1,5
BRDA:101,16,0,6
BRDA:101,16,1,1
BRDA:105,17,0,1
BRDA:105,17,1,0
BRDA:112,18,0,1
BRDA:112,18,1,4
BRDA:112,19,0,5
BRDA:112,19,1,1
BRDA:116,20,0,1
BRDA:116,20,1,0
BRDA:123,21,0,2
BRDA:123,21,1,2
BRDA:123,22,0,4
BRDA:123,22,1,3
BRDA:131,23,0,1
BRDA:131,23,1,1
BRDA:139,24,0,1
BRDA:139,24,1,0
BRDA:147,25,0,0
BRDA:147,25,1,0
BRDA:147,26,0,0
BRDA:147,26,1,0
BRDA:156,27,0,0
BRDA:156,27,1,0
BRDA:156,28,0,0
BRDA:156,28,1,0
BRDA:156,28,2,0
BRDA:159,29,0,0
BRDA:159,29,1,0
BRDA:169,30,0,0
BRDA:169,30,1,17
BRF:63
BRH:38
end_of_record
