TN:
SF:src/renderer/src/App.tsx
FN:68,ShortcutsOverlay
FN:71,(anonymous_1)
FN:72,(anonymous_2)
FN:79,(anonymous_3)
FN:86,(anonymous_4)
FN:97,(anonymous_5)
FN:106,(anonymous_6)
FN:122,App
FN:125,(anonymous_8)
FN:126,(anonymous_9)
FN:127,(anonymous_10)
FN:128,(anonymous_11)
FN:129,(anonymous_12)
FN:131,(anonymous_13)
FN:132,(anonymous_14)
FN:133,(anonymous_15)
FN:136,(anonymous_16)
FN:137,(anonymous_17)
FN:139,(anonymous_18)
FN:143,(anonymous_19)
FN:147,(anonymous_20)
FN:155,(anonymous_21)
FN:161,(anonymous_22)
FN:162,(anonymous_23)
FN:172,(anonymous_24)
FN:176,(anonymous_25)
FN:248,(anonymous_26)
FN:254,(anonymous_27)
FN:256,(anonymous_28)
FN:260,(anonymous_29)
FN:278,(anonymous_30)
FN:281,(anonymous_31)
FN:290,(anonymous_32)
FN:303,(anonymous_33)
FNF:34
FNH:0
FNDA:0,ShortcutsOverlay
FNDA:0,(anonymous_1)
FNDA:0,(anonymous_2)
FNDA:0,(anonymous_3)
FNDA:0,(anonymous_4)
FNDA:0,(anonymous_5)
FNDA:0,(anonymous_6)
FNDA:0,App
FNDA:0,(anonymous_8)
FNDA:0,(anonymous_9)
FNDA:0,(anonymous_10)
FNDA:0,(anonymous_11)
FNDA:0,(anonymous_12)
FNDA:0,(anonymous_13)
FNDA:0,(anonymous_14)
FNDA:0,(anonymous_15)
FNDA:0,(anonymous_16)
FNDA:0,(anonymous_17)
FNDA:0,(anonymous_18)
FNDA:0,(anonymous_19)
FNDA:0,(anonymous_20)
FNDA:0,(anonymous_21)
FNDA:0,(anonymous_22)
FNDA:0,(anonymous_23)
FNDA:0,(anonymous_24)
FNDA:0,(anonymous_25)
FNDA:0,(anonymous_26)
FNDA:0,(anonymous_27)
FNDA:0,(anonymous_28)
FNDA:0,(anonymous_29)
FNDA:0,(anonymous_30)
FNDA:0,(anonymous_31)
FNDA:0,(anonymous_32)
FNDA:0,(anonymous_33)
DA:26,0
DA:38,0
DA:51,0
DA:59,0
DA:69,0
DA:71,0
DA:72,0
DA:73,0
DA:74,0
DA:75,0
DA:78,0
DA:79,0
DA:82,0
DA:86,0
DA:98,0
DA:107,0
DA:123,0
DA:125,0
DA:126,0
DA:127,0
DA:128,0
DA:129,0
DA:131,0
DA:132,0
DA:133,0
DA:134,0
DA:136,0
DA:137,0
DA:139,0
DA:140,0
DA:143,0
DA:144,0
DA:147,0
DA:148,0
DA:151,0
DA:152,0
DA:153,0
DA:155,0
DA:156,0
DA:157,0
DA:158,0
DA:161,0
DA:162,0
DA:163,0
DA:164,0
DA:165,0
DA:166,0
DA:167,0
DA:171,0
DA:172,0
DA:175,0
DA:177,0
DA:178,0
DA:180,0
DA:181,0
DA:182,0
DA:183,0
DA:184,0
DA:185,0
DA:186,0
DA:189,0
DA:191,0
DA:192,0
DA:193,0
DA:194,0
DA:195,0
DA:197,0
DA:201,0
DA:202,0
DA:203,0
DA:204,0
DA:205,0
DA:209,0
DA:210,0
DA:211,0
DA:212,0
DA:213,0
DA:214,0
DA:216,0
DA:220,0
DA:221,0
DA:222,0
DA:223,0
DA:224,0
DA:225,0
DA:226,0
DA:227,0
DA:228,0
DA:231,0
DA:234,0
DA:235,0
DA:236,0
DA:237,0
DA:240,0
DA:241,0
DA:242,0
DA:243,0
DA:246,0
DA:247,0
DA:248,0
DA:254,0
DA:255,0
DA:256,0
DA:259,0
DA:260,0
DA:263,0
DA:279,0
DA:282,0
DA:290,0
DA:303,0
LF:110
LH:0
BRDA:73,0,0,0
BRDA:73,0,1,0
BRDA:91,1,0,0
BRDA:91,1,1,0
BRDA:164,2,0,0
BRDA:164,2,1,0
BRDA:166,3,0,0
BRDA:166,3,1,0
BRDA:178,4,0,0
BRDA:178,4,1,0
BRDA:178,4,2,0
BRDA:180,5,0,0
BRDA:180,5,1,0
BRDA:182,6,0,0
BRDA:182,6,1,0
BRDA:183,7,0,0
BRDA:183,7,1,0
BRDA:184,8,0,0
BRDA:184,8,1,0
BRDA:189,9,0,0
BRDA:189,9,1,0
BRDA:189,10,0,0
BRDA:189,10,1,0
BRDA:191,11,0,0
BRDA:191,11,1,0
BRDA:191,12,0,0
BRDA:191,12,1,0
BRDA:191,12,2,0
BRDA:193,13,0,0
BRDA:193,13,1,0
BRDA:201,14,0,0
BRDA:201,14,1,0
BRDA:201,15,0,0
BRDA:201,15,1,0
BRDA:204,16,0,0
BRDA:204,16,1,0
BRDA:209,17,0,0
BRDA:209,17,1,0
BRDA:209,18,0,0
BRDA:209,18,1,0
BRDA:212,19,0,0
BRDA:212,19,1,0
BRDA:214,20,0,0
BRDA:214,20,1,0
BRDA:220,21,0,0
BRDA:220,21,1,0
BRDA:220,22,0,0
BRDA:220,22,1,0
BRDA:220,22,2,0
BRDA:220,22,3,0
BRDA:223,23,0,0
BRDA:223,23,1,0
BRDA:225,24,0,0
BRDA:225,24,1,0
BRDA:225,25,0,0
BRDA:225,25,1,0
BRDA:226,26,0,0
BRDA:226,26,1,0
BRDA:234,27,0,0
BRDA:234,27,1,0
BRDA:234,28,0,0
BRDA:234,28,1,0
BRDA:240,29,0,0
BRDA:240,29,1,0
BRDA:240,30,0,0
BRDA:240,30,1,0
BRDA:246,31,0,0
BRDA:246,31,1,0
BRDA:246,32,0,0
BRDA:246,32,1,0
BRDA:246,32,2,0
BRDA:259,33,0,0
BRDA:259,33,1,0
BRDA:303,34,0,0
BRDA:303,34,1,0
BRF:75
BRH:0
end_of_record
TN:
SF:src/renderer/src/main.tsx
FNF:0
FNH:0
DA:7,0
LF:1
LH:0
BRF:0
BRH:0
end_of_record
TN:
SF:src/renderer/src/components/Onboarding.tsx
FN:26,getCheckState
FN:31,getExpiryState
FN:37,StatusIcon
FN:50,getInstruction
FN:58,CheckRow
FN:112,Onboarding
FN:121,(anonymous_6)
FN:127,(anonymous_7)
FN:135,(anonymous_8)
FN:136,(anonymous_9)
FN:141,(anonymous_10)
FN:142,(anonymous_11)
FN:147,(anonymous_12)
FN:148,(anonymous_13)
FN:165,(anonymous_14)
FNF:15
FNH:0
FNDA:0,getCheckState
FNDA:0,getExpiryState
FNDA:0,StatusIcon
FNDA:0,getInstruction
FNDA:0,CheckRow
FNDA:0,Onboarding
FNDA:0,(anonymous_6)
FNDA:0,(anonymous_7)
FNDA:0,(anonymous_8)
FNDA:0,(anonymous_9)
FNDA:0,(anonymous_10)
FNDA:0,(anonymous_11)
FNDA:0,(anonymous_12)
FNDA:0,(anonymous_13)
FNDA:0,(anonymous_14)
DA:27,0
DA:28,0
DA:32,0
DA:33,0
DA:34,0
DA:38,0
DA:40,0
DA:42,0
DA:44,0
DA:46,0
DA:51,0
DA:52,0
DA:53,0
DA:54,0
DA:55,0
DA:69,0
DA:113,0
DA:114,0
DA:115,0
DA:121,0
DA:122,0
DA:123,0
DA:126,0
DA:128,0
DA:129,0
DA:134,0
DA:135,0
DA:136,0
DA:140,0
DA:141,0
DA:142,0
DA:146,0
DA:147,0
DA:148,0
DA:151,0
DA:152,0
DA:154,0
DA:157,0
DA:158,0
DA:159,0
DA:160,0
DA:165,0
DA:166,0
DA:169,0
DA:170,0
DA:171,0
DA:172,0
DA:173,0
DA:175,0
DA:251,0
LF:50
LH:0
BRDA:27,0,0,0
BRDA:27,0,1,0
BRDA:28,1,0,0
BRDA:28,1,1,0
BRDA:32,2,0,0
BRDA:32,2,1,0
BRDA:33,3,0,0
BRDA:33,3,1,0
BRDA:34,4,0,0
BRDA:34,4,1,0
BRDA:38,5,0,0
BRDA:38,5,1,0
BRDA:38,5,2,0
BRDA:38,5,3,0
BRDA:51,6,0,0
BRDA:51,6,1,0
BRDA:52,7,0,0
BRDA:52,7,1,0
BRDA:53,8,0,0
BRDA:53,8,1,0
BRDA:54,9,0,0
BRDA:54,9,1,0
BRDA:62,10,0,0
BRDA:74,11,0,0
BRDA:74,11,1,0
BRDA:86,12,0,0
BRDA:86,12,1,0
BRDA:86,12,2,0
BRDA:97,13,0,0
BRDA:97,13,1,0
BRDA:97,13,2,0
BRDA:141,14,0,0
BRDA:141,14,1,0
BRDA:157,15,0,0
BRDA:157,15,1,0
BRDA:159,16,0,0
BRDA:159,16,1,0
BRDA:159,17,0,0
BRDA:159,17,1,0
BRDA:159,17,2,0
BRDA:173,18,0,0
BRDA:173,18,1,0
BRDA:173,18,2,0
BRDA:217,19,0,0
BRDA:217,19,1,0
BRDA:217,19,2,0
BRDA:224,20,0,0
BRDA:224,20,1,0
BRDA:235,21,0,0
BRDA:235,21,1,0
BRF:50
BRH:0
end_of_record
TN:
SF:src/renderer/src/components/agents/AgentCard.tsx
FN:24,formatDuration
FN:33,AgentCard
FN:40,(anonymous_2)
FN:42,(anonymous_3)
FN:42,(anonymous_4)
FN:43,(anonymous_5)
FNF:6
FNH:4
FNDA:16,formatDuration
FNDA:16,AgentCard
FNDA:16,(anonymous_2)
FNDA:0,(anonymous_3)
FNDA:0,(anonymous_4)
FNDA:10,(anonymous_5)
DA:16,2
DA:25,16
DA:26,16
DA:27,16
DA:28,16
DA:29,15
DA:30,14
DA:34,16
DA:35,16
DA:36,16
DA:39,16
DA:40,16
DA:41,16
DA:42,10
DA:43,10
DA:46,16
LF:16
LH:16
BRDA:26,0,0,6
BRDA:26,0,1,10
BRDA:28,1,0,1
BRDA:28,1,1,15
BRDA:29,2,0,1
BRDA:29,2,1,14
BRDA:34,3,0,16
BRDA:34,3,1,0
BRDA:36,4,0,15
BRDA:36,4,1,1
BRDA:41,5,0,6
BRDA:41,5,1,10
BRDA:55,6,0,1
BRDA:55,6,1,15
BRDA:57,7,0,1
BRDA:57,7,1,15
BRDA:72,8,0,10
BRDA:72,8,1,6
BRF:18
BRH:17
end_of_record
TN:
SF:src/renderer/src/components/agents/AgentDetail.tsx
FN:27,AgentDetail
FN:31,(anonymous_1)
FN:32,(anonymous_2)
FN:40,(anonymous_3)
FN:74,(anonymous_4)
FN:77,(anonymous_5)
FN:130,LogFallback
FN:134,(anonymous_7)
FN:136,(anonymous_8)
FN:141,(anonymous_9)
FN:144,(anonymous_10)
FNF:11
FNH:10
FNDA:22,AgentDetail
FNDA:22,(anonymous_1)
FNDA:7,(anonymous_2)
FNDA:1,(anonymous_3)
FNDA:1,(anonymous_4)
FNDA:0,(anonymous_5)
FNDA:19,LogFallback
FNDA:15,(anonymous_7)
FNDA:12,(anonymous_8)
FNDA:3,(anonymous_9)
FNDA:15,(anonymous_10)
DA:19,2
DA:28,22
DA:29,22
DA:31,22
DA:32,22
DA:33,7
DA:35,22
DA:40,22
DA:41,1
DA:42,1
DA:45,22
DA:75,1
DA:78,0
DA:131,19
DA:132,19
DA:134,19
DA:135,15
DA:136,15
DA:137,12
DA:138,12
DA:139,12
DA:142,3
DA:144,15
DA:147,19
DA:148,15
DA:155,4
DA:156,3
DA:163,1
LF:28
LH:27
BRDA:28,0,0,22
BRDA:28,0,1,0
BRDA:35,1,0,1
BRDA:35,1,1,21
BRDA:100,2,0,22
BRDA:100,2,1,1
BRDA:111,3,0,7
BRDA:111,3,1,15
BRDA:120,4,0,22
BRDA:120,4,1,15
BRDA:137,5,0,12
BRDA:137,5,1,0
BRDA:142,6,0,3
BRDA:142,6,1,0
BRDA:147,7,0,15
BRDA:147,7,1,4
BRDA:155,8,0,3
BRDA:155,8,1,1
BRF:18
BRH:15
end_of_record
TN:
SF:src/renderer/src/components/agents/AgentList.tsx
FN:28,groupAgents
FN:50,GroupHeader
FN:76,AgentList
FN:80,(anonymous_3)
FN:83,(anonymous_4)
FN:90,(anonymous_5)
FN:109,(anonymous_6)
FN:136,(anonymous_7)
FN:137,(anonymous_8)
FN:138,(anonymous_9)
FN:145,(anonymous_10)
FN:146,(anonymous_11)
FN:147,(anonymous_12)
FN:154,(anonymous_13)
FN:154,(anonymous_14)
FN:155,(anonymous_15)
FN:156,(anonymous_16)
FNF:17
FNH:13
FNDA:36,groupAgents
FNDA:24,GroupHeader
FNDA:33,AgentList
FNDA:32,(anonymous_3)
FNDA:27,(anonymous_4)
FNDA:32,(anonymous_5)
FNDA:15,(anonymous_6)
FNDA:0,(anonymous_7)
FNDA:3,(anonymous_8)
FNDA:0,(anonymous_9)
FNDA:0,(anonymous_10)
FNDA:20,(anonymous_11)
FNDA:1,(anonymous_12)
FNDA:1,(anonymous_13)
FNDA:1,(anonymous_14)
FNDA:1,(anonymous_15)
FNDA:0,(anonymous_16)
DA:26,2
DA:29,36
DA:30,36
DA:31,36
DA:32,36
DA:34,36
DA:35,31
DA:36,4
DA:38,27
DA:39,27
DA:40,22
DA:42,5
DA:47,36
DA:51,24
DA:77,33
DA:78,33
DA:80,33
DA:81,32
DA:82,16
DA:83,16
DA:84,27
DA:90,33
DA:92,33
DA:109,15
DA:138,3
DA:147,20
DA:154,1
DA:156,1
LF:28
LH:28
BRDA:35,0,0,4
BRDA:35,0,1,27
BRDA:38,1,0,26
BRDA:38,1,1,1
BRDA:39,2,0,22
BRDA:39,2,1,5
BRDA:69,3,0,21
BRDA:69,3,1,3
BRDA:77,4,0,33
BRDA:77,4,1,32
BRDA:81,5,0,16
BRDA:81,5,1,16
BRDA:84,6,0,27
BRDA:84,6,1,20
BRDA:84,6,2,15
BRDA:125,7,0,33
BRDA:125,7,1,2
BRDA:125,7,2,1
BRDA:134,8,0,33
BRDA:134,8,1,2
BRDA:143,9,0,33
BRDA:143,9,1,18
BRDA:152,10,0,33
BRDA:152,10,1,4
BRDA:155,11,0,4
BRDA:155,11,1,1
BRDA:161,12,0,33
BRDA:161,12,1,9
BRF:28
BRH:28
end_of_record
TN:
SF:src/renderer/src/components/agents/ChatBubble.tsx
FN:31,formatTime
FN:39,ChatBubble
FNF:2
FNH:2
FNDA:4,formatTime
FNDA:11,ChatBubble
DA:13,3
DA:32,4
DA:33,4
DA:40,11
DA:51,11
DA:57,11
DA:64,11
LF:7
LH:7
BRDA:61,0,0,2
BRDA:61,0,1,9
BRDA:67,1,0,11
BRDA:67,1,1,4
BRF:4
BRH:4
end_of_record
TN:
SF:src/renderer/src/components/agents/ChatRenderer.tsx
FN:31,pairEvents
FN:120,StartedBlock
FN:128,CompletedBlock
FN:144,RateLimitedBlock
FN:159,renderBlock
FN:180,(anonymous_5)
FN:190,ChatRenderer
FN:192,(anonymous_7)
FN:197,(anonymous_8)
FN:198,(anonymous_9)
FN:203,(anonymous_10)
FN:209,(anonymous_11)
FN:233,(anonymous_12)
FNF:13
FNH:9
FNDA:29,pairEvents
FNDA:1,StartedBlock
FNDA:2,CompletedBlock
FNDA:1,RateLimitedBlock
FNDA:14,renderBlock
FNDA:0,(anonymous_5)
FNDA:13,ChatRenderer
FNDA:13,(anonymous_7)
FNDA:0,(anonymous_8)
FNDA:0,(anonymous_9)
FNDA:13,(anonymous_10)
FNDA:0,(anonymous_11)
FNDA:14,(anonymous_12)
DA:32,29
DA:34,29
DA:35,44
DA:37,44
DA:39,5
DA:40,5
DA:43,10
DA:44,10
DA:47,2
DA:48,2
DA:51,3
DA:52,3
DA:56,7
DA:57,7
DA:58,4
DA:66,4
DA:68,3
DA:70,7
DA:75,2
DA:81,2
DA:84,2
DA:85,2
DA:88,2
DA:89,2
DA:92,6
DA:101,6
DA:104,5
DA:111,5
DA:115,29
DA:121,1
DA:129,2
DA:130,2
DA:131,2
DA:145,1
DA:160,14
DA:162,1
DA:164,4
DA:166,1
DA:168,1
DA:170,1
DA:172,1
DA:174,1
DA:176,1
DA:178,2
DA:180,1
DA:191,13
DA:192,13
DA:193,13
DA:195,13
DA:197,0
DA:198,0
DA:203,13
DA:204,13
DA:205,12
DA:209,13
DA:210,0
DA:211,0
DA:212,0
DA:213,0
DA:216,13
DA:234,14
LF:61
LH:55
BRDA:37,0,0,5
BRDA:37,0,1,10
BRDA:37,0,2,2
BRDA:37,0,3,3
BRDA:37,0,4,7
BRDA:37,0,5,2
BRDA:37,0,6,2
BRDA:37,0,7,2
BRDA:37,0,8,6
BRDA:37,0,9,5
BRDA:57,1,0,4
BRDA:57,1,1,3
BRDA:57,2,0,7
BRDA:57,2,1,5
BRDA:123,3,0,1
BRDA:123,3,1,0
BRDA:130,4,0,1
BRDA:130,4,1,1
BRDA:138,5,0,1
BRDA:138,5,1,1
BRDA:160,6,0,1
BRDA:160,6,1,4
BRDA:160,6,2,1
BRDA:160,6,3,1
BRDA:160,6,4,1
BRDA:160,6,5,1
BRDA:160,6,6,1
BRDA:160,6,7,1
BRDA:160,6,8,2
BRDA:160,6,9,1
BRDA:204,7,0,12
BRDA:204,7,1,1
BRDA:204,8,0,13
BRDA:204,8,1,13
BRDA:211,9,0,0
BRDA:211,9,1,0
BRF:36
BRH:33
end_of_record
TN:
SF:src/renderer/src/components/agents/HealthBar.tsx
FN:8,HealthBar
FNF:1
FNH:1
FNDA:4,HealthBar
DA:9,4
LF:1
LH:1
BRDA:36,0,0,2
BRDA:36,0,1,2
BRDA:40,1,0,2
BRDA:40,1,1,2
BRDA:47,2,0,4
BRDA:47,2,1,2
BRDA:61,3,0,1
BRDA:61,3,1,1
BRF:8
BRH:8
end_of_record
TN:
SF:src/renderer/src/components/agents/PlaygroundCard.tsx
FN:17,formatFileSize
FN:23,PlaygroundCard
FN:44,(anonymous_2)
FN:48,(anonymous_3)
FNF:4
FNH:0
FNDA:0,formatFileSize
FNDA:0,PlaygroundCard
FNDA:0,(anonymous_2)
FNDA:0,(anonymous_3)
DA:18,0
DA:19,0
DA:20,0
DA:24,0
DA:45,0
DA:46,0
DA:49,0
DA:50,0
LF:8
LH:0
BRDA:18,0,0,0
BRDA:18,0,1,0
BRDA:19,1,0,0
BRDA:19,1,1,0
BRF:4
BRH:0
end_of_record
TN:
SF:src/renderer/src/components/agents/PlaygroundModal.tsx
FN:23,formatFileSize
FN:30,escapeHtml
FN:42,tokenizeLine
FN:113,PlaygroundModal
FN:123,(anonymous_4)
FN:132,(anonymous_5)
FN:134,(anonymous_6)
FN:137,(anonymous_7)
FN:151,(anonymous_8)
FN:152,(anonymous_9)
FN:169,(anonymous_10)
FN:238,(anonymous_11)
FN:247,(anonymous_12)
FN:371,(anonymous_13)
FNF:14
FNH:14
FNDA:35,formatFileSize
FNDA:25,escapeHtml
FNDA:89,tokenizeLine
FNDA:35,PlaygroundModal
FNDA:4,(anonymous_4)
FNDA:25,(anonymous_5)
FNDA:25,(anonymous_6)
FNDA:1,(anonymous_7)
FNDA:25,(anonymous_8)
FNDA:25,(anonymous_9)
FNDA:12,(anonymous_10)
FNDA:105,(anonymous_11)
FNDA:8,(anonymous_12)
FNDA:89,(anonymous_13)
DA:24,35
DA:25,19
DA:26,2
DA:31,25
DA:43,89
DA:46,89
DA:47,89
DA:49,89
DA:51,89
DA:53,207
DA:54,142
DA:57,207
DA:59,0
DA:64,207
DA:66,187
DA:67,187
DA:72,20
DA:74,9
DA:75,9
DA:80,9
DA:81,11
DA:83,11
DA:90,207
DA:94,89
DA:95,89
DA:98,89
DA:101,2
DA:107,2
DA:119,35
DA:122,35
DA:124,4
DA:125,2
DA:126,2
DA:132,35
DA:133,25
DA:134,25
DA:137,35
DA:138,1
DA:141,1
DA:142,1
DA:148,35
DA:149,35
DA:151,35
DA:152,35
DA:154,35
DA:170,12
DA:239,105
DA:240,105
DA:241,105
DA:247,8
DA:372,89
LF:51
LH:50
BRDA:24,0,0,16
BRDA:24,0,1,19
BRDA:25,1,0,17
BRDA:25,1,1,2
BRDA:53,2,0,142
BRDA:53,2,1,65
BRDA:57,3,0,0
BRDA:57,3,1,207
BRDA:64,4,0,187
BRDA:64,4,1,20
BRDA:64,5,0,207
BRDA:64,5,1,187
BRDA:72,6,0,9
BRDA:72,6,1,11
BRDA:72,7,0,20
BRDA:72,7,1,9
BRDA:72,7,2,9
BRDA:81,8,0,11
BRDA:81,8,1,0
BRDA:94,9,0,89
BRDA:94,9,1,0
BRDA:98,10,0,89
BRDA:98,10,1,0
BRDA:124,11,0,2
BRDA:124,11,1,2
BRDA:148,12,0,35
BRDA:148,12,1,7
BRDA:149,13,0,35
BRDA:149,13,1,7
BRDA:170,14,0,1
BRDA:170,14,1,11
BRDA:253,15,0,35
BRDA:253,15,1,70
BRDA:254,16,0,35
BRDA:254,16,1,70
BRDA:324,17,0,35
BRDA:324,17,1,31
BRDA:329,18,0,28
BRDA:329,18,1,3
BRDA:348,19,0,35
BRDA:348,19,1,32
BRF:41
BRH:37
end_of_record
TN:
SF:src/renderer/src/components/agents/SpawnModal.tsx
FN:19,SpawnModal
FN:29,(anonymous_1)
FN:30,(anonymous_2)
FN:31,(anonymous_3)
FN:36,(anonymous_4)
FN:42,(anonymous_5)
FN:45,(anonymous_6)
FN:58,(anonymous_7)
FN:64,(anonymous_8)
FN:68,(anonymous_9)
FN:70,(anonymous_10)
FN:82,(anonymous_11)
FN:86,(anonymous_12)
FN:88,(anonymous_13)
FN:94,(anonymous_14)
FN:98,(anonymous_15)
FN:111,(anonymous_16)
FN:126,(anonymous_17)
FN:142,(anonymous_18)
FN:153,(anonymous_19)
FN:169,(anonymous_20)
FN:190,(anonymous_21)
FN:192,(anonymous_22)
FN:200,(anonymous_23)
FN:205,(anonymous_24)
FN:225,(anonymous_25)
FN:228,(anonymous_26)
FN:243,(anonymous_27)
FN:250,(anonymous_28)
FNF:29
FNH:27
FNDA:109,SpawnModal
FNDA:111,(anonymous_1)
FNDA:111,(anonymous_2)
FNDA:111,(anonymous_3)
FNDA:19,(anonymous_4)
FNDA:1,(anonymous_5)
FNDA:19,(anonymous_6)
FNDA:19,(anonymous_7)
FNDA:16,(anonymous_8)
FNDA:27,(anonymous_9)
FNDA:68,(anonymous_10)
FNDA:25,(anonymous_11)
FNDA:27,(anonymous_12)
FNDA:2,(anonymous_13)
FNDA:4,(anonymous_14)
FNDA:3,(anonymous_15)
FNDA:1,(anonymous_16)
FNDA:0,(anonymous_17)
FNDA:67,(anonymous_18)
FNDA:1,(anonymous_19)
FNDA:8,(anonymous_20)
FNDA:67,(anonymous_21)
FNDA:9,(anonymous_22)
FNDA:9,(anonymous_23)
FNDA:1,(anonymous_24)
FNDA:0,(anonymous_25)
FNDA:214,(anonymous_26)
FNDA:321,(anonymous_27)
FNDA:1,(anonymous_28)
DA:12,2
DA:20,109
DA:21,109
DA:22,109
DA:23,109
DA:24,109
DA:25,109
DA:26,109
DA:27,109
DA:28,109
DA:29,111
DA:30,111
DA:31,111
DA:32,109
DA:33,109
DA:34,109
DA:36,109
DA:37,19
DA:38,19
DA:39,19
DA:43,1
DA:45,19
DA:47,19
DA:48,19
DA:49,19
DA:50,4
DA:51,4
DA:58,109
DA:59,19
DA:60,17
DA:61,17
DA:62,17
DA:63,17
DA:64,17
DA:68,109
DA:69,27
DA:70,25
DA:71,68
DA:72,1
DA:73,1
DA:74,1
DA:75,1
DA:77,0
DA:81,25
DA:82,25
DA:86,109
DA:87,27
DA:88,4
DA:89,2
DA:90,2
DA:93,4
DA:94,4
DA:97,109
DA:99,3
DA:100,3
DA:101,3
DA:102,3
DA:103,0
DA:104,0
DA:106,3
DA:107,3
DA:108,3
DA:111,2
DA:112,2
DA:113,2
DA:115,2
DA:116,2
DA:117,2
DA:119,1
DA:120,1
DA:121,0
DA:122,0
DA:127,0
DA:128,0
DA:134,1
DA:141,109
DA:143,67
DA:144,0
DA:145,0
DA:146,0
DA:153,109
DA:154,1
DA:155,1
DA:156,1
DA:159,109
DA:160,109
DA:161,109
DA:163,109
DA:169,8
DA:190,67
DA:192,9
DA:201,9
DA:205,1
DA:225,0
DA:229,214
DA:230,214
DA:231,214
DA:244,321
DA:250,1
LF:99
LH:88
BRDA:22,0,0,109
BRDA:22,0,1,0
BRDA:43,1,0,1
BRDA:43,1,1,0
BRDA:49,2,0,4
BRDA:49,2,1,15
BRDA:51,3,0,4
BRDA:51,3,1,0
BRDA:59,4,0,17
BRDA:59,4,1,2
BRDA:61,5,0,17
BRDA:61,5,1,0
BRDA:69,6,0,2
BRDA:69,6,1,25
BRDA:71,7,0,1
BRDA:71,7,1,67
BRDA:74,8,0,1
BRDA:74,8,1,0
BRDA:87,9,0,23
BRDA:87,9,1,4
BRDA:89,10,0,2
BRDA:89,10,1,0
BRDA:89,11,0,2
BRDA:89,11,1,2
BRDA:100,12,0,0
BRDA:100,12,1,3
BRDA:100,13,0,3
BRDA:100,13,1,3
BRDA:102,14,0,0
BRDA:102,14,1,3
BRDA:119,15,0,1
BRDA:119,15,1,0
BRDA:120,16,0,0
BRDA:120,16,1,1
BRDA:143,17,0,0
BRDA:143,17,1,67
BRDA:143,18,0,67
BRDA:143,18,1,0
BRDA:145,19,0,0
BRDA:145,19,1,0
BRDA:145,20,0,0
BRDA:145,20,1,0
BRDA:145,20,2,0
BRDA:145,20,3,0
BRDA:165,21,0,109
BRDA:165,21,1,107
BRDA:174,22,0,0
BRDA:174,22,1,107
BRDA:192,23,0,9
BRDA:192,23,1,5
BRDA:197,24,0,107
BRDA:197,24,1,7
BRDA:197,24,2,7
BRDA:208,25,0,0
BRDA:208,25,1,9
BRDA:214,26,0,0
BRDA:214,26,1,107
BRDA:214,27,0,0
BRDA:214,27,1,107
BRDA:216,28,0,107
BRDA:216,28,1,0
BRDA:230,29,0,166
BRDA:230,29,1,48
BRDA:249,30,0,107
BRDA:249,30,1,214
BRDA:259,31,0,107
BRDA:259,31,1,1
BRDA:271,32,0,107
BRDA:271,32,1,70
BRDA:271,32,2,70
BRDA:271,32,3,70
BRDA:272,33,0,107
BRDA:272,33,1,107
BRDA:274,34,0,23
BRDA:274,34,1,84
BRDA:274,35,0,0
BRDA:274,35,1,84
BRF:77
BRH:53
end_of_record
TN:
SF:src/renderer/src/components/agents/SteerInput.tsx
FN:10,SteerInput
FN:17,(anonymous_1)
FN:26,(anonymous_2)
FN:34,(anonymous_3)
FN:55,(anonymous_4)
FN:73,(anonymous_5)
FN:76,(anonymous_6)
FNF:7
FNH:7
FNDA:70,SteerInput
FNDA:70,(anonymous_1)
FNDA:4,(anonymous_2)
FNDA:57,(anonymous_3)
FNDA:54,(anonymous_4)
FNDA:7,(anonymous_5)
FNDA:2,(anonymous_6)
DA:11,70
DA:12,70
DA:14,70
DA:17,70
DA:18,70
DA:19,70
DA:20,70
DA:21,70
DA:22,70
DA:23,70
DA:26,70
DA:27,4
DA:28,4
DA:29,3
DA:30,3
DA:33,70
DA:35,57
DA:36,2
DA:37,2
DA:43,70
DA:55,54
DA:74,7
DA:77,2
LF:23
LH:23
BRDA:19,0,0,0
BRDA:19,0,1,70
BRDA:28,1,0,1
BRDA:28,1,1,3
BRDA:35,2,0,2
BRDA:35,2,1,55
BRDA:35,3,0,57
BRDA:35,3,1,3
BRDA:93,4,0,21
BRDA:93,4,1,49
BRDA:94,5,0,21
BRDA:94,5,1,49
BRDA:95,6,0,21
BRDA:95,6,1,49
BRF:14
BRH:13
end_of_record
TN:
SF:src/renderer/src/components/agents/ThinkingBlock.tsx
FN:11,ThinkingBlock
FN:24,(anonymous_1)
FN:24,(anonymous_2)
FNF:3
FNH:3
FNDA:15,ThinkingBlock
FNDA:6,(anonymous_1)
FNDA:6,(anonymous_2)
DA:12,15
DA:14,15
DA:24,6
LF:3
LH:3
BRDA:44,0,0,5
BRDA:44,0,1,10
BRDA:64,1,0,15
BRDA:64,1,1,5
BRDA:64,1,2,3
BRF:5
BRH:5
end_of_record
TN:
SF:src/renderer/src/components/agents/ToolCallBlock.tsx
FN:17,formatTime
FN:39,ToolCallBlock
FN:57,(anonymous_2)
FNF:3
FNH:3
FNDA:26,formatTime
FNDA:26,ToolCallBlock
FNDA:9,(anonymous_2)
DA:18,26
DA:19,26
DA:21,0
DA:25,3
DA:40,26
DA:42,26
DA:57,9
LF:7
LH:6
BRDA:69,0,0,8
BRDA:69,0,1,18
BRDA:76,1,0,8
BRDA:76,1,1,18
BRDA:105,2,0,26
BRDA:105,2,1,8
BRDA:108,3,0,7
BRDA:108,3,1,1
BRDA:109,4,0,7
BRDA:109,4,1,1
BRDA:116,5,0,7
BRDA:116,5,1,1
BRDA:132,6,0,26
BRDA:132,6,1,8
BRDA:134,7,0,8
BRDA:134,7,1,3
BRDA:142,8,0,8
BRDA:142,8,1,2
BRF:18
BRH:18
end_of_record
TN:
SF:src/renderer/src/components/dashboard/ActiveTasksCard.tsx
FN:20,StatusBadge
FN:40,ActiveTasksCard
FN:41,(anonymous_2)
FN:44,(anonymous_3)
FN:45,(anonymous_4)
FN:77,(anonymous_5)
FNF:6
FNH:6
FNDA:11,StatusBadge
FNDA:15,ActiveTasksCard
FNDA:15,(anonymous_2)
FNDA:15,(anonymous_3)
FNDA:16,(anonymous_4)
FNDA:11,(anonymous_5)
DA:8,2
DA:14,2
DA:21,11
DA:22,11
DA:41,15
DA:43,15
DA:45,15
DA:46,16
DA:53,15
DA:78,11
LF:10
LH:10
BRDA:21,0,0,11
BRDA:21,0,1,0
BRDA:35,1,0,11
BRDA:35,1,1,0
BRDA:46,2,0,16
BRDA:46,2,1,9
BRDA:46,2,2,7
BRDA:58,3,0,6
BRDA:58,3,1,9
BRF:9
BRH:7
end_of_record
TN:
SF:src/renderer/src/components/dashboard/CostSummaryCard.tsx
FN:7,formatCost
FN:12,CostSummaryCard
FN:13,(anonymous_2)
FN:14,(anonymous_3)
FN:16,(anonymous_4)
FN:17,(anonymous_5)
FN:19,(anonymous_6)
FN:41,(anonymous_7)
FNF:8
FNH:6
FNDA:4,formatCost
FNDA:2,CostSummaryCard
FNDA:2,(anonymous_2)
FNDA:2,(anonymous_3)
FNDA:2,(anonymous_4)
FNDA:0,(anonymous_5)
FNDA:0,(anonymous_6)
FNDA:6,(anonymous_7)
DA:8,4
DA:9,0
DA:13,2
DA:14,2
DA:16,2
DA:17,2
DA:18,2
DA:19,0
DA:22,2
DA:28,2
DA:42,6
LF:11
LH:9
BRDA:8,0,0,4
BRDA:8,0,1,0
BRDA:17,1,0,0
BRDA:17,1,1,0
BRDA:18,2,0,2
BRDA:18,2,1,0
BRDA:19,3,0,0
BRDA:19,3,1,0
BRF:8
BRH:2
end_of_record
TN:
SF:src/renderer/src/components/dashboard/DashboardCard.tsx
FN:10,DashboardCard
FNF:1
FNH:1
FNDA:37,DashboardCard
DA:11,37
LF:1
LH:1
BRDA:31,0,0,37
BRDA:31,0,1,37
BRDA:48,1,0,37
BRDA:48,1,1,0
BRF:4
BRH:3
end_of_record
TN:
SF:src/renderer/src/components/dashboard/OpenPRsCard.tsx
FN:9,OpenPRsCard
FN:13,(anonymous_1)
FN:18,(anonymous_2)
FN:23,(anonymous_3)
FN:26,(anonymous_4)
FN:29,(anonymous_5)
FN:63,(anonymous_6)
FN:111,(anonymous_7)
FNF:8
FNH:5
FNDA:2,OpenPRsCard
FNDA:2,(anonymous_1)
FNDA:2,(anonymous_2)
FNDA:0,(anonymous_3)
FNDA:2,(anonymous_4)
FNDA:2,(anonymous_5)
FNDA:0,(anonymous_6)
FNDA:0,(anonymous_7)
DA:7,1
DA:10,2
DA:11,2
DA:13,2
DA:14,2
DA:15,2
DA:16,2
DA:19,2
DA:20,2
DA:24,0
DA:27,2
DA:29,2
DA:30,2
DA:34,2
DA:64,0
DA:111,0
LF:16
LH:13
BRDA:19,0,0,2
BRDA:19,0,1,0
BRDA:20,1,0,2
BRDA:20,1,1,0
BRDA:24,2,0,0
BRDA:24,2,1,0
BRDA:27,3,0,2
BRDA:27,3,1,0
BRDA:39,4,0,2
BRDA:39,4,1,0
BRDA:50,5,0,0
BRDA:50,5,1,0
BRDA:96,6,0,0
BRDA:96,6,1,0
BRF:14
BRH:4
end_of_record
TN:
SF:src/renderer/src/components/dashboard/RecentCompletionsCard.tsx
FN:10,formatRelative
FN:21,RecentCompletionsCard
FN:22,(anonymous_2)
FN:24,(anonymous_3)
FN:26,(anonymous_4)
FN:27,(anonymous_5)
FN:53,(anonymous_6)
FNF:7
FNH:7
FNDA:17,formatRelative
FNDA:18,RecentCompletionsCard
FNDA:18,(anonymous_2)
FNDA:18,(anonymous_3)
FNDA:23,(anonymous_4)
FNDA:8,(anonymous_5)
FNDA:17,(anonymous_6)
DA:8,2
DA:11,17
DA:12,17
DA:13,17
DA:14,17
DA:15,16
DA:16,13
DA:17,13
DA:18,1
DA:22,18
DA:24,18
DA:25,18
DA:26,23
DA:28,8
DA:29,8
DA:30,8
DA:35,18
DA:54,17
LF:18
LH:18
BRDA:11,0,0,0
BRDA:11,0,1,17
BRDA:14,1,0,1
BRDA:14,1,1,16
BRDA:15,2,0,3
BRDA:15,2,1,13
BRDA:17,3,0,12
BRDA:17,3,1,1
BRDA:28,4,0,8
BRDA:28,4,1,0
BRDA:29,5,0,8
BRDA:29,5,1,0
BRDA:40,6,0,6
BRDA:40,6,1,12
BRDA:84,7,0,17
BRDA:84,7,1,2
BRF:16
BRH:13
end_of_record
TN:
SF:src/renderer/src/components/diff/DiffCommentComposer.tsx
FN:10,DiffCommentComposer
FN:18,(anonymous_1)
FN:22,(anonymous_2)
FN:28,(anonymous_3)
FN:45,(anonymous_4)
FNF:5
FNH:5
FNDA:35,DiffCommentComposer
FNDA:7,(anonymous_1)
FNDA:1,(anonymous_2)
FNDA:28,(anonymous_3)
FNDA:28,(anonymous_4)
DA:15,35
DA:16,35
DA:18,35
DA:19,7
DA:22,35
DA:23,1
DA:24,1
DA:25,1
DA:28,35
DA:29,28
DA:30,0
DA:31,0
DA:33,28
DA:34,0
DA:35,0
DA:39,35
DA:45,28
LF:17
LH:13
BRDA:13,0,0,35
BRDA:24,1,0,0
BRDA:24,1,1,1
BRDA:29,2,0,0
BRDA:29,2,1,28
BRDA:29,3,0,28
BRDA:29,3,1,0
BRDA:29,3,2,0
BRDA:33,4,0,0
BRDA:33,4,1,28
BRF:10
BRH:5
end_of_record
TN:
SF:src/renderer/src/components/diff/DiffCommentWidget.tsx
FN:11,DiffCommentWidget
FN:20,(anonymous_1)
FN:20,(anonymous_2)
FN:30,(anonymous_3)
FNF:4
FNH:4
FNDA:13,DiffCommentWidget
FNDA:3,(anonymous_1)
FNDA:3,(anonymous_2)
FNDA:11,(anonymous_3)
DA:12,13
DA:14,13
DA:16,12
DA:20,3
DA:31,11
LF:5
LH:5
BRDA:14,0,0,1
BRDA:14,0,1,12
BRDA:22,1,0,2
BRDA:22,1,1,10
BRDA:25,2,0,1
BRDA:25,2,1,11
BRDA:28,3,0,13
BRDA:28,3,1,10
BRF:8
BRH:8
end_of_record
TN:
SF:src/renderer/src/components/diff/DiffSizeWarning.tsx
FN:9,formatBytes
FN:15,DiffSizeWarning
FNF:2
FNH:2
FNDA:6,formatBytes
FNDA:6,DiffSizeWarning
DA:10,6
DA:11,5
DA:12,1
DA:16,6
LF:4
LH:4
BRDA:10,0,0,1
BRDA:10,0,1,5
BRDA:11,1,0,4
BRDA:11,1,1,1
BRF:4
BRH:4
end_of_record
TN:
SF:src/renderer/src/components/diff/DiffViewer.tsx
FN:19,FileList
FN:35,(anonymous_1)
FN:39,(anonymous_2)
FN:86,rowHeight
FN:94,VirtualizedDiffContent
FN:112,(anonymous_5)
FN:115,(anonymous_6)
FN:116,(anonymous_7)
FN:123,(anonymous_8)
FN:130,(anonymous_9)
FN:144,(anonymous_10)
FN:157,(anonymous_11)
FN:215,PlainDiffContent
FN:256,(anonymous_13)
FN:260,(anonymous_14)
FN:275,(anonymous_15)
FN:279,(anonymous_16)
FN:284,(anonymous_17)
FN:297,(anonymous_18)
FN:313,(anonymous_19)
FN:319,(anonymous_20)
FN:343,(anonymous_21)
FN:348,(anonymous_22)
FN:354,(anonymous_23)
FN:358,(anonymous_24)
FN:370,(anonymous_25)
FN:403,DiffViewer
FN:417,(anonymous_27)
FN:419,(anonymous_28)
FN:424,(anonymous_29)
FN:440,(anonymous_30)
FN:455,(anonymous_31)
FN:456,(anonymous_32)
FN:458,(anonymous_33)
FN:461,(anonymous_34)
FN:469,(anonymous_35)
FN:505,(anonymous_36)
FN:507,(anonymous_37)
FN:508,(anonymous_38)
FN:516,(anonymous_39)
FN:527,(anonymous_40)
FN:542,(anonymous_41)
FN:559,(anonymous_42)
FN:563,(anonymous_43)
FN:589,(anonymous_44)
FN:604,(anonymous_45)
FNF:46
FNH:40
FNDA:30,FileList
FNDA:42,(anonymous_1)
FNDA:1,(anonymous_2)
FNDA:562,rowHeight
FNDA:1,VirtualizedDiffContent
FNDA:1,(anonymous_5)
FNDA:0,(anonymous_6)
FNDA:0,(anonymous_7)
FNDA:1,(anonymous_8)
FNDA:1,(anonymous_9)
FNDA:1,(anonymous_10)
FNDA:59,(anonymous_11)
FNDA:29,PlainDiffContent
FNDA:41,(anonymous_13)
FNDA:82,(anonymous_14)
FNDA:41,(anonymous_15)
FNDA:82,(anonymous_16)
FNDA:670,(anonymous_17)
FNDA:0,(anonymous_18)
FNDA:2,(anonymous_19)
FNDA:1,(anonymous_20)
FNDA:0,(anonymous_21)
FNDA:0,(anonymous_22)
FNDA:670,(anonymous_23)
FNDA:4,(anonymous_24)
FNDA:1,(anonymous_25)
FNDA:31,DiffViewer
FNDA:31,(anonymous_27)
FNDA:23,(anonymous_28)
FNDA:31,(anonymous_29)
FNDA:23,(anonymous_30)
FNDA:23,(anonymous_31)
FNDA:1,(anonymous_32)
FNDA:23,(anonymous_33)
FNDA:670,(anonymous_34)
FNDA:23,(anonymous_35)
FNDA:23,(anonymous_36)
FNDA:30,(anonymous_37)
FNDA:30,(anonymous_38)
FNDA:23,(anonymous_39)
FNDA:3,(anonymous_40)
FNDA:2,(anonymous_41)
FNDA:28,(anonymous_42)
FNDA:5,(anonymous_43)
FNDA:0,(anonymous_44)
FNDA:27,(anonymous_45)
DA:28,30
DA:36,42
DA:39,1
DA:81,1
DA:82,1
DA:83,1
DA:84,1
DA:87,562
DA:88,560
DA:89,558
DA:109,1
DA:110,1
DA:112,1
DA:113,1
DA:114,1
DA:115,1
DA:116,1
DA:117,0
DA:118,0
DA:121,1
DA:122,1
DA:123,1
DA:124,1
DA:125,1
DA:130,1
DA:131,1
DA:132,1
DA:133,1
DA:134,10
DA:135,10
DA:136,0
DA:138,10
DA:141,1
DA:144,1
DA:145,1
DA:146,1
DA:147,59
DA:148,1
DA:151,1
DA:152,1
DA:154,1
DA:158,59
DA:159,59
DA:160,1
DA:178,58
DA:180,1
DA:181,1
DA:192,57
DA:193,57
DA:254,29
DA:257,41
DA:261,82
DA:276,41
DA:280,82
DA:285,670
DA:286,670
DA:287,670
DA:288,670
DA:290,670
DA:298,0
DA:299,0
DA:314,2
DA:315,2
DA:316,2
DA:317,2
DA:320,1
DA:321,0
DA:322,0
DA:344,0
DA:345,0
DA:346,0
DA:349,0
DA:350,0
DA:355,670
DA:356,670
DA:357,670
DA:358,4
DA:359,4
DA:370,1
DA:412,31
DA:413,31
DA:414,31
DA:415,31
DA:416,31
DA:417,31
DA:419,31
DA:420,31
DA:421,31
DA:424,31
DA:425,31
DA:426,31
DA:427,2
DA:428,2
DA:429,2
DA:430,2
DA:431,2
DA:433,31
DA:437,31
DA:440,31
DA:441,23
DA:442,23
DA:443,2
DA:444,2
DA:445,2
DA:446,2
DA:448,23
DA:452,31
DA:453,31
DA:455,31
DA:456,23
DA:457,23
DA:458,23
DA:461,31
DA:462,670
DA:463,2
DA:469,31
DA:470,23
DA:471,22
DA:479,1
DA:480,1
DA:481,1
DA:482,1
DA:484,1
DA:485,1
DA:486,1
DA:487,1
DA:489,1
DA:490,1
DA:491,1
DA:492,1
DA:494,1
DA:495,550
DA:496,550
DA:501,1
DA:505,31
DA:506,23
DA:507,23
DA:508,30
DA:509,30
DA:512,23
DA:516,31
DA:517,23
DA:518,1
DA:519,1
DA:520,1
DA:521,552
DA:522,552
DA:524,1
DA:527,31
DA:528,3
DA:529,3
DA:531,3
DA:532,0
DA:533,0
DA:534,0
DA:537,3
DA:538,3
DA:542,31
DA:543,2
DA:544,2
DA:546,2
DA:547,0
DA:548,0
DA:549,0
DA:552,2
DA:553,2
DA:554,2
DA:559,31
DA:560,28
DA:561,28
DA:563,27
DA:564,5
DA:565,5
DA:566,5
DA:569,4
DA:570,1
DA:571,1
DA:572,1
DA:573,1
DA:575,3
DA:576,1
DA:577,1
DA:578,1
DA:579,1
DA:583,2
DA:584,2
DA:585,2
DA:587,2
DA:589,0
DA:594,2
DA:595,1
DA:597,1
DA:599,2
DA:603,27
DA:604,27
DA:607,31
DA:608,1
DA:615,30
LF:198
LH:179
BRDA:38,0,0,5
BRDA:38,0,1,37
BRDA:43,1,0,42
BRDA:43,1,1,40
BRDA:44,2,0,42
BRDA:44,2,1,40
BRDA:87,3,0,2
BRDA:87,3,1,560
BRDA:88,4,0,2
BRDA:88,4,1,558
BRDA:114,5,0,0
BRDA:114,5,1,1
BRDA:135,6,0,0
BRDA:135,6,1,10
BRDA:147,7,0,1
BRDA:147,7,1,60
BRDA:152,8,0,1
BRDA:152,8,1,0
BRDA:159,9,0,1
BRDA:159,9,1,58
BRDA:163,10,0,0
BRDA:163,10,1,1
BRDA:168,11,0,1
BRDA:168,11,1,0
BRDA:171,12,0,1
BRDA:171,12,1,0
BRDA:178,13,0,1
BRDA:178,13,1,57
BRDA:180,14,0,1
BRDA:180,14,1,0
BRDA:184,15,0,0
BRDA:184,15,1,1
BRDA:196,16,0,57
BRDA:196,16,1,0
BRDA:199,17,0,59
BRDA:199,17,1,0
BRDA:202,18,0,0
BRDA:202,18,1,57
BRDA:202,19,0,0
BRDA:202,19,1,57
BRDA:259,20,0,5
BRDA:259,20,1,36
BRDA:261,21,0,41
BRDA:261,21,1,41
BRDA:267,22,0,41
BRDA:267,22,1,40
BRDA:270,23,0,41
BRDA:270,23,1,40
BRDA:278,24,0,2
BRDA:278,24,1,39
BRDA:278,25,0,41
BRDA:278,25,1,2
BRDA:280,26,0,41
BRDA:280,26,1,41
BRDA:285,27,0,670
BRDA:285,27,1,40
BRDA:286,28,0,670
BRDA:286,28,1,0
BRDA:287,29,0,670
BRDA:287,29,1,0
BRDA:292,30,0,670
BRDA:292,30,1,3
BRDA:292,30,2,3
BRDA:292,30,3,1
BRDA:292,30,4,1
BRDA:307,31,0,1
BRDA:307,31,1,669
BRDA:309,32,0,670
BRDA:309,32,1,40
BRDA:312,33,0,18
BRDA:312,33,1,652
BRDA:314,34,0,0
BRDA:314,34,1,2
BRDA:314,35,0,2
BRDA:314,35,1,2
BRDA:320,36,0,1
BRDA:320,36,1,0
BRDA:320,37,0,1
BRDA:320,37,1,0
BRDA:320,37,2,0
BRDA:320,37,3,0
BRDA:321,38,0,0
BRDA:321,38,1,0
BRDA:330,39,0,670
BRDA:330,39,1,40
BRDA:333,40,0,40
BRDA:333,40,1,630
BRDA:333,41,0,40
BRDA:333,41,1,590
BRDA:337,42,0,670
BRDA:337,42,1,3
BRDA:337,42,2,3
BRDA:340,43,0,670
BRDA:340,43,1,0
BRDA:340,43,2,0
BRDA:340,43,3,0
BRDA:355,44,0,670
BRDA:355,44,1,0
BRDA:356,45,0,670
BRDA:356,45,1,0
BRDA:357,46,0,666
BRDA:357,46,1,4
BRDA:357,47,0,670
BRDA:357,47,1,4
BRDA:367,48,0,4
BRDA:367,48,1,2
BRDA:405,49,0,31
BRDA:407,50,0,31
BRDA:421,51,0,31
BRDA:421,51,1,2
BRDA:427,52,0,0
BRDA:427,52,1,2
BRDA:427,53,0,2
BRDA:427,53,1,2
BRDA:429,54,0,2
BRDA:429,54,1,2
BRDA:442,55,0,23
BRDA:442,55,1,21
BRDA:444,56,0,2
BRDA:444,56,1,2
BRDA:462,57,0,668
BRDA:462,57,1,2
BRDA:462,58,0,670
BRDA:462,58,1,3
BRDA:463,59,0,2
BRDA:463,59,1,2
BRDA:463,59,2,1
BRDA:470,60,0,22
BRDA:470,60,1,1
BRDA:517,61,0,22
BRDA:517,61,1,1
BRDA:528,62,0,0
BRDA:528,62,1,3
BRDA:528,63,0,3
BRDA:528,63,1,3
BRDA:531,64,0,0
BRDA:531,64,1,3
BRDA:533,65,0,0
BRDA:533,65,1,0
BRDA:533,66,0,0
BRDA:533,66,1,0
BRDA:538,67,0,3
BRDA:538,67,1,0
BRDA:546,68,0,0
BRDA:546,68,1,2
BRDA:548,69,0,0
BRDA:548,69,1,0
BRDA:548,70,0,0
BRDA:548,70,1,0
BRDA:554,71,0,2
BRDA:554,71,1,0
BRDA:560,72,0,0
BRDA:560,72,1,28
BRDA:561,73,0,1
BRDA:561,73,1,27
BRDA:565,74,0,0
BRDA:565,74,1,5
BRDA:565,75,0,5
BRDA:565,75,1,5
BRDA:566,76,0,1
BRDA:566,76,1,4
BRDA:566,77,0,5
BRDA:566,77,1,4
BRDA:566,77,2,4
BRDA:569,78,0,1
BRDA:569,78,1,3
BRDA:571,79,0,1
BRDA:571,79,1,0
BRDA:575,80,0,1
BRDA:575,80,1,2
BRDA:577,81,0,0
BRDA:577,81,1,1
BRDA:583,82,0,2
BRDA:583,82,1,0
BRDA:583,83,0,2
BRDA:583,83,1,1
BRDA:585,84,0,0
BRDA:585,84,1,2
BRDA:587,85,0,0
BRDA:587,85,1,2
BRDA:589,86,0,0
BRDA:589,86,1,0
BRDA:594,87,0,1
BRDA:594,87,1,1
BRDA:595,88,0,1
BRDA:595,88,1,0
BRDA:597,89,0,0
BRDA:597,89,1,1
BRDA:607,90,0,1
BRDA:607,90,1,30
BRDA:619,91,0,1
BRDA:619,91,1,29
BRF:192
BRH:141
end_of_record
TN:
SF:src/renderer/src/components/git-tree/BranchSelector.tsx
FN:20,BranchSelector
FN:30,toggleDropdown
FN:32,(anonymous_2)
FN:35,handleSelect
FN:44,handleKeyDown
FN:92,(anonymous_5)
FN:124,(anonymous_6)
FN:129,(anonymous_7)
FN:144,(anonymous_8)
FN:150,(anonymous_9)
FNF:10
FNH:7
FNDA:25,BranchSelector
FNDA:8,toggleDropdown
FNDA:8,(anonymous_2)
FNDA:3,handleSelect
FNDA:0,handleKeyDown
FNDA:1,(anonymous_5)
FNDA:21,(anonymous_6)
FNDA:3,(anonymous_7)
FNDA:0,(anonymous_8)
FNDA:0,(anonymous_9)
DA:26,25
DA:28,25
DA:31,8
DA:32,8
DA:36,3
DA:37,1
DA:38,1
DA:40,2
DA:41,2
DA:45,0
DA:48,25
DA:92,1
DA:125,21
DA:129,3
DA:145,0
DA:146,0
DA:151,0
DA:152,0
LF:18
LH:13
BRDA:31,0,0,0
BRDA:31,0,1,8
BRDA:36,1,0,1
BRDA:36,1,1,2
BRDA:45,2,0,0
BRDA:45,2,1,0
BRDA:59,3,0,25
BRDA:59,3,1,0
BRDA:59,4,0,2
BRDA:59,4,1,23
BRDA:61,5,0,2
BRDA:61,5,1,23
BRDA:73,6,0,2
BRDA:73,6,1,23
BRDA:76,7,0,2
BRDA:76,7,1,23
BRDA:81,8,0,25
BRDA:81,8,1,0
BRDA:87,9,0,25
BRDA:87,9,1,8
BRDA:112,10,0,1
BRDA:112,10,1,7
BRDA:137,11,0,7
BRDA:137,11,1,14
BRDA:139,12,0,7
BRDA:139,12,1,14
BRDA:145,13,0,0
BRDA:145,13,1,0
BRDA:151,14,0,0
BRDA:151,14,1,0
BRF:30
BRH:21
end_of_record
TN:
SF:src/renderer/src/components/git-tree/CommitBox.tsx
FN:21,CommitBox
FN:30,handleKeyDown
FN:50,(anonymous_2)
FN:69,(anonymous_3)
FN:73,(anonymous_4)
FN:138,(anonymous_5)
FN:142,(anonymous_6)
FNF:7
FNH:3
FNDA:14,CommitBox
FNDA:3,handleKeyDown
FNDA:1,(anonymous_2)
FNDA:0,(anonymous_3)
FNDA:0,(anonymous_4)
FNDA:0,(anonymous_5)
FNDA:0,(anonymous_6)
DA:28,14
DA:31,3
DA:32,3
DA:33,3
DA:37,14
DA:50,1
DA:70,0
DA:74,0
DA:139,0
DA:143,0
LF:10
LH:6
BRDA:28,0,0,14
BRDA:28,0,1,7
BRDA:31,1,0,3
BRDA:31,1,1,0
BRDA:31,2,0,3
BRDA:31,2,1,1
BRDA:31,2,2,3
BRDA:33,3,0,2
BRDA:33,3,1,1
BRDA:87,4,0,9
BRDA:87,4,1,5
BRDA:88,5,0,8
BRDA:88,5,1,1
BRDA:100,6,0,5
BRDA:100,6,1,9
BRDA:101,7,0,5
BRDA:101,7,1,9
BRDA:107,8,0,5
BRDA:107,8,1,9
BRDA:112,9,0,14
BRDA:112,9,1,6
BRF:21
BRH:20
end_of_record
TN:
SF:src/renderer/src/components/git-tree/FileTreeSection.tsx
FN:27,FileTreeSection
FN:42,toggleCollapsed
FN:43,(anonymous_2)
FN:124,(anonymous_3)
FN:129,(anonymous_4)
FN:152,(anonymous_5)
FN:157,(anonymous_6)
FN:170,(anonymous_7)
FNF:8
FNH:8
FNDA:29,FileTreeSection
FNDA:5,toggleCollapsed
FNDA:5,(anonymous_2)
FNDA:1,(anonymous_3)
FNDA:1,(anonymous_4)
FNDA:1,(anonymous_5)
FNDA:1,(anonymous_6)
FNDA:48,(anonymous_7)
DA:38,29
DA:40,29
DA:43,5
DA:46,28
DA:125,1
DA:126,1
DA:130,1
DA:131,1
DA:153,1
DA:154,1
DA:158,1
DA:159,1
DA:171,48
LF:13
LH:13
BRDA:40,0,0,1
BRDA:40,0,1,28
BRDA:62,1,0,4
BRDA:62,1,1,24
BRDA:81,2,0,4
BRDA:81,2,1,24
BRDA:109,3,0,29
BRDA:109,3,1,23
BRDA:109,3,2,22
BRDA:137,4,0,29
BRDA:137,4,1,5
BRDA:137,4,2,4
BRDA:168,5,0,29
BRDA:168,5,1,24
BRF:14
BRH:14
end_of_record
TN:
SF:src/renderer/src/components/git-tree/GitFileRow.tsx
FN:23,statusColor
FN:38,splitPath
FN:51,GitFileRow
FN:62,handleRowClick
FN:67,handleStageClick
FN:92,(anonymous_5)
FN:98,(anonymous_6)
FN:147,(anonymous_7)
FN:152,(anonymous_8)
FNF:9
FNH:5
FNDA:62,statusColor
FNDA:62,splitPath
FNDA:62,GitFileRow
FNDA:2,handleRowClick
FNDA:3,handleStageClick
FNDA:0,(anonymous_5)
FNDA:0,(anonymous_6)
FNDA:0,(anonymous_7)
FNDA:0,(anonymous_8)
DA:24,62
DA:26,35
DA:28,24
DA:30,2
DA:32,1
DA:34,0
DA:39,62
DA:40,62
DA:41,57
DA:60,62
DA:63,2
DA:64,2
DA:68,3
DA:69,3
DA:70,1
DA:72,2
DA:76,62
DA:93,0
DA:94,0
DA:99,0
DA:100,0
DA:148,0
DA:149,0
DA:153,0
DA:154,0
LF:25
LH:16
BRDA:24,0,0,35
BRDA:24,0,1,24
BRDA:24,0,2,2
BRDA:24,0,3,1
BRDA:24,0,4,0
BRDA:40,1,0,5
BRDA:40,1,1,57
BRDA:55,2,0,62
BRDA:69,3,0,1
BRDA:69,3,1,2
BRDA:87,4,0,2
BRDA:87,4,1,60
BRDA:93,5,0,0
BRDA:93,5,1,0
BRDA:99,6,0,0
BRDA:99,6,1,0
BRDA:122,7,0,62
BRDA:122,7,1,57
BRDA:131,8,0,40
BRDA:131,8,1,22
BRDA:132,9,0,40
BRDA:132,9,1,22
BRDA:157,10,0,40
BRDA:157,10,1,22
BRF:24
BRH:19
end_of_record
TN:
SF:src/renderer/src/components/git-tree/InlineDiffDrawer.tsx
FN:20,lineColor
FN:27,lineBackground
FN:38,InlineDiffDrawer
FN:102,(anonymous_3)
FN:105,(anonymous_4)
FN:135,(anonymous_5)
FNF:6
FNH:4
FNDA:56,lineColor
FNDA:56,lineBackground
FNDA:10,InlineDiffDrawer
FNDA:0,(anonymous_3)
FNDA:0,(anonymous_4)
FNDA:56,(anonymous_5)
DA:21,56
DA:22,32
DA:23,16
DA:24,8
DA:28,56
DA:29,32
DA:30,16
DA:31,8
DA:43,10
DA:45,9
DA:46,10
DA:48,10
DA:103,0
DA:106,0
DA:136,56
LF:15
LH:13
BRDA:21,0,0,24
BRDA:21,0,1,32
BRDA:22,1,0,16
BRDA:22,1,1,16
BRDA:23,2,0,8
BRDA:23,2,1,8
BRDA:28,3,0,24
BRDA:28,3,1,32
BRDA:29,4,0,16
BRDA:29,4,1,16
BRDA:30,5,0,8
BRDA:30,5,1,8
BRDA:43,6,0,1
BRDA:43,6,1,9
BRDA:45,7,0,8
BRDA:45,7,1,1
BRDA:46,8,0,10
BRDA:46,8,1,0
BRDA:122,9,0,1
BRDA:122,9,1,8
BRDA:147,10,0,56
BRDA:147,10,1,0
BRF:22
BRH:20
end_of_record
TN:
SF:src/renderer/src/components/ide/EditorPane.tsx
FN:17,EditorPane
FN:20,(anonymous_1)
FN:23,(anonymous_2)
FN:39,handleBeforeMount
FN:45,handleMount
FN:48,(anonymous_5)
FN:51,handleChange
FNF:7
FNH:3
FNDA:7,EditorPane
FNDA:7,(anonymous_1)
FNDA:7,(anonymous_2)
FNDA:0,handleBeforeMount
FNDA:0,handleMount
FNDA:0,(anonymous_5)
FNDA:0,handleChange
DA:7,2
DA:20,7
DA:21,7
DA:23,7
DA:24,7
DA:25,0
DA:26,0
DA:27,0
DA:28,0
DA:30,0
DA:31,0
DA:35,7
DA:36,5
DA:40,0
DA:41,0
DA:42,0
DA:46,0
DA:47,0
DA:48,0
DA:52,0
DA:55,2
LF:21
LH:8
BRDA:24,0,0,7
BRDA:24,0,1,0
BRDA:26,1,0,0
BRDA:26,1,1,0
BRDA:35,2,0,5
BRDA:35,2,1,2
BRDA:35,3,0,7
BRDA:35,3,1,3
BRDA:47,4,0,0
BRDA:47,4,1,0
BRDA:52,5,0,0
BRDA:52,5,1,0
BRDA:58,6,0,0
BRDA:58,6,1,2
BRF:14
BRH:6
end_of_record
TN:
SF:src/renderer/src/components/ide/EditorTabBar.tsx
FN:8,EditorTabBar
FN:9,(anonymous_1)
FN:10,(anonymous_2)
FN:11,(anonymous_3)
FN:12,(anonymous_4)
FN:14,handleClose
FN:20,handleMiddleClick
FN:30,(anonymous_7)
FN:35,(anonymous_8)
FN:36,(anonymous_9)
FN:42,(anonymous_10)
FNF:11
FNH:9
FNDA:8,EditorTabBar
FNDA:8,(anonymous_1)
FNDA:8,(anonymous_2)
FNDA:8,(anonymous_3)
FNDA:8,(anonymous_4)
FNDA:1,handleClose
FNDA:0,handleMiddleClick
FNDA:10,(anonymous_7)
FNDA:1,(anonymous_8)
FNDA:0,(anonymous_9)
FNDA:1,(anonymous_10)
DA:9,8
DA:10,8
DA:11,8
DA:12,8
DA:15,1
DA:16,1
DA:17,0
DA:21,0
DA:22,0
DA:23,0
DA:24,0
DA:28,8
DA:31,10
DA:32,10
DA:35,1
DA:36,0
DA:42,1
LF:17
LH:11
BRDA:16,0,0,1
BRDA:16,0,1,0
BRDA:21,1,0,0
BRDA:21,1,1,0
BRDA:23,2,0,0
BRDA:23,2,1,0
BRDA:34,3,0,5
BRDA:34,3,1,5
BRDA:40,4,0,10
BRDA:40,4,1,5
BRF:10
BRH:5
end_of_record
TN:
SF:src/renderer/src/components/ide/FileContextMenu.tsx
FN:18,FileContextMenu
FN:21,(anonymous_1)
FN:22,handleMouseDown
FN:26,(anonymous_3)
FN:35,(anonymous_4)
FN:38,(anonymous_5)
FN:43,(anonymous_6)
FN:46,(anonymous_7)
FN:50,(anonymous_8)
FNF:9
FNH:9
FNDA:15,FileContextMenu
FNDA:15,(anonymous_1)
FNDA:2,handleMouseDown
FNDA:15,(anonymous_3)
FNDA:2,(anonymous_4)
FNDA:1,(anonymous_5)
FNDA:1,(anonymous_6)
FNDA:1,(anonymous_7)
FNDA:1,(anonymous_8)
DA:19,15
DA:21,15
DA:23,2
DA:25,15
DA:26,15
DA:29,15
DA:31,15
DA:35,2
DA:38,1
DA:43,1
DA:46,1
DA:50,1
LF:12
LH:12
BRDA:23,0,0,1
BRDA:23,0,1,1
BRDA:23,1,0,2
BRDA:23,1,1,2
BRDA:29,2,0,10
BRDA:29,2,1,5
BRDA:34,3,0,15
BRDA:34,3,1,10
BRF:8
BRH:8
end_of_record
TN:
SF:src/renderer/src/components/ide/FileSidebar.tsx
FN:11,FileSidebar
FN:12,(anonymous_1)
FN:13,(anonymous_2)
FN:14,(anonymous_3)
FN:17,handleOpenFolder
FN:22,handleNewFile
FN:28,handleNewFolder
FN:34,handleRename
FN:42,handleDelete
FN:48,handleCopyPath
FN:51,(anonymous_10)
FN:55,(anonymous_11)
FN:74,(anonymous_12)
FN:75,(anonymous_13)
FN:76,(anonymous_14)
FN:77,(anonymous_15)
FN:79,(anonymous_16)
FNF:17
FNH:7
FNDA:11,FileSidebar
FNDA:11,(anonymous_1)
FNDA:11,(anonymous_2)
FNDA:11,(anonymous_3)
FNDA:2,handleOpenFolder
FNDA:0,handleNewFile
FNDA:0,handleNewFolder
FNDA:0,handleRename
FNDA:0,handleDelete
FNDA:0,handleCopyPath
FNDA:1,(anonymous_10)
FNDA:2,(anonymous_11)
FNDA:0,(anonymous_12)
FNDA:0,(anonymous_13)
FNDA:0,(anonymous_14)
FNDA:0,(anonymous_15)
FNDA:0,(anonymous_16)
DA:12,11
DA:13,11
DA:14,11
DA:15,11
DA:18,2
DA:19,2
DA:23,0
DA:24,0
DA:25,0
DA:29,0
DA:30,0
DA:31,0
DA:35,0
DA:36,0
DA:37,0
DA:38,0
DA:39,0
DA:43,0
DA:44,0
DA:45,0
DA:48,0
DA:50,11
DA:51,1
DA:55,2
DA:74,0
DA:75,0
DA:76,0
DA:77,0
DA:79,0
LF:29
LH:9
BRDA:19,0,0,1
BRDA:19,0,1,1
BRDA:24,1,0,0
BRDA:24,1,1,0
BRDA:30,2,0,0
BRDA:30,2,1,0
BRDA:38,3,0,0
BRDA:38,3,1,0
BRDA:38,4,0,0
BRDA:38,4,1,0
BRDA:43,5,0,0
BRDA:43,5,1,0
BRDA:44,6,0,0
BRDA:44,6,1,0
BRDA:63,7,0,11
BRDA:63,7,1,4
BRDA:67,8,0,4
BRDA:67,8,1,7
BRDA:72,9,0,11
BRDA:72,9,1,0
BRF:20
BRH:7
end_of_record
TN:
SF:src/renderer/src/components/ide/FileTree.tsx
FN:10,FileTree
FN:14,(anonymous_1)
FN:16,(anonymous_2)
FN:18,(anonymous_3)
FN:19,(anonymous_4)
FN:25,(anonymous_5)
FN:28,(anonymous_6)
FN:29,(anonymous_7)
FN:30,(anonymous_8)
FN:40,(anonymous_9)
FNF:10
FNH:9
FNDA:12,FileTree
FNDA:8,(anonymous_1)
FNDA:7,(anonymous_2)
FNDA:6,(anonymous_3)
FNDA:2,(anonymous_4)
FNDA:1,(anonymous_5)
FNDA:8,(anonymous_6)
FNDA:8,(anonymous_7)
FNDA:0,(anonymous_8)
FNDA:5,(anonymous_9)
DA:11,12
DA:12,12
DA:14,12
DA:15,8
DA:17,7
DA:18,6
DA:20,2
DA:21,2
DA:23,7
DA:25,1
DA:28,12
DA:29,12
DA:30,8
DA:31,8
DA:34,12
DA:35,1
DA:38,11
DA:41,5
LF:18
LH:18
BRDA:20,0,0,0
BRDA:20,0,1,2
BRDA:21,1,0,0
BRDA:21,1,1,2
BRDA:34,2,0,1
BRDA:34,2,1,11
BRF:6
BRH:4
end_of_record
TN:
SF:src/renderer/src/components/ide/FileTreeNode.tsx
FN:14,getFileIcon
FN:23,FileTreeNode
FN:24,(anonymous_2)
FN:25,(anonymous_3)
FN:26,(anonymous_4)
FN:27,(anonymous_5)
FN:30,(anonymous_6)
FN:33,(anonymous_7)
FN:36,(anonymous_8)
FN:38,(anonymous_9)
FN:39,(anonymous_10)
FN:44,(anonymous_11)
FN:54,(anonymous_12)
FN:67,(anonymous_13)
FNF:14
FNH:7
FNDA:2,getFileIcon
FNDA:5,FileTreeNode
FNDA:5,(anonymous_2)
FNDA:5,(anonymous_3)
FNDA:5,(anonymous_4)
FNDA:5,(anonymous_5)
FNDA:0,(anonymous_6)
FNDA:5,(anonymous_7)
FNDA:0,(anonymous_8)
FNDA:0,(anonymous_9)
FNDA:0,(anonymous_10)
FNDA:0,(anonymous_11)
FNDA:0,(anonymous_12)
FNDA:0,(anonymous_13)
DA:15,2
DA:16,2
DA:17,0
DA:18,0
DA:19,0
DA:20,0
DA:24,5
DA:25,5
DA:26,5
DA:27,5
DA:28,5
DA:29,5
DA:30,5
DA:31,5
DA:33,5
DA:34,5
DA:35,0
DA:37,0
DA:38,0
DA:40,0
DA:41,0
DA:48,5
DA:50,5
DA:54,0
DA:68,0
LF:25
LH:14
BRDA:15,0,0,2
BRDA:15,0,1,0
BRDA:16,1,0,2
BRDA:16,1,1,0
BRDA:17,2,0,0
BRDA:17,2,1,0
BRDA:18,3,0,0
BRDA:18,3,1,0
BRDA:19,4,0,0
BRDA:19,4,1,0
BRDA:29,5,0,5
BRDA:29,5,1,5
BRDA:34,6,0,0
BRDA:34,6,1,5
BRDA:34,7,0,5
BRDA:34,7,1,3
BRDA:40,8,0,0
BRDA:40,8,1,0
BRDA:41,9,0,0
BRDA:41,9,1,0
BRDA:52,10,0,3
BRDA:52,10,1,2
BRDA:53,11,0,0
BRDA:53,11,1,5
BRDA:54,12,0,0
BRDA:54,12,1,0
BRDA:58,13,0,3
BRDA:58,13,1,2
BRDA:58,14,0,0
BRDA:58,14,1,3
BRDA:61,15,0,3
BRDA:61,15,1,2
BRDA:61,16,0,0
BRDA:61,16,1,3
BRDA:65,17,0,5
BRDA:65,17,1,3
BRDA:65,17,2,0
BRF:37
BRH:18
end_of_record
TN:
SF:src/renderer/src/components/ide/IDEEmptyState.tsx
FN:8,IDEEmptyState
FN:9,(anonymous_1)
FN:10,(anonymous_2)
FN:12,handleRecentFolder
FN:30,(anonymous_4)
FN:32,(anonymous_5)
FNF:6
FNH:6
FNDA:9,IDEEmptyState
FNDA:9,(anonymous_1)
FNDA:9,(anonymous_2)
FNDA:1,handleRecentFolder
FNDA:4,(anonymous_4)
FNDA:1,(anonymous_5)
DA:9,9
DA:10,9
DA:13,1
DA:14,1
DA:17,9
DA:31,4
DA:32,1
LF:7
LH:7
BRDA:27,0,0,9
BRDA:27,0,1,3
BRF:2
BRH:2
end_of_record
TN:
SF:src/renderer/src/components/ide/TerminalPanel.tsx
FN:9,TerminalPanel
FN:10,(anonymous_1)
FN:11,(anonymous_2)
FN:12,(anonymous_3)
FN:13,(anonymous_4)
FN:14,(anonymous_5)
FN:15,(anonymous_6)
FN:16,(anonymous_7)
FN:17,(anonymous_8)
FN:18,(anonymous_9)
FN:19,(anonymous_10)
FN:20,(anonymous_11)
FN:21,(anonymous_12)
FN:22,(anonymous_13)
FN:25,(anonymous_14)
FN:29,(anonymous_15)
FN:31,(anonymous_16)
FN:34,(anonymous_17)
FN:36,(anonymous_18)
FNF:19
FNH:13
FNDA:3,TerminalPanel
FNDA:3,(anonymous_1)
FNDA:3,(anonymous_2)
FNDA:3,(anonymous_3)
FNDA:3,(anonymous_4)
FNDA:3,(anonymous_5)
FNDA:3,(anonymous_6)
FNDA:3,(anonymous_7)
FNDA:3,(anonymous_8)
FNDA:3,(anonymous_9)
FNDA:3,(anonymous_10)
FNDA:3,(anonymous_11)
FNDA:3,(anonymous_12)
FNDA:0,(anonymous_13)
FNDA:0,(anonymous_14)
FNDA:0,(anonymous_15)
FNDA:0,(anonymous_16)
FNDA:0,(anonymous_17)
FNDA:0,(anonymous_18)
DA:10,3
DA:11,3
DA:12,3
DA:13,3
DA:14,3
DA:15,3
DA:16,3
DA:17,3
DA:18,3
DA:19,3
DA:20,3
DA:21,3
DA:22,3
DA:23,3
DA:25,3
DA:26,0
DA:29,3
DA:30,0
DA:31,0
DA:34,3
DA:35,0
DA:36,0
DA:39,3
LF:23
LH:18
BRDA:26,0,0,0
BRDA:26,0,1,0
BRDA:26,1,0,0
BRDA:26,1,1,0
BRDA:31,2,0,0
BRDA:31,2,1,0
BRF:6
BRH:0
end_of_record
TN:
SF:src/renderer/src/components/ide/UnsavedDialog.tsx
FN:8,useUnsavedDialog
FN:11,confirmUnsaved
FNF:2
FNH:2
FNDA:17,useUnsavedDialog
FNDA:4,confirmUnsaved
DA:9,17
DA:12,4
DA:20,17
LF:3
LH:3
BRF:0
BRH:0
end_of_record
TN:
SF:src/renderer/src/components/ide/file-tree-constants.ts
FNF:0
FNH:0
DA:1,3
LF:1
LH:1
BRF:0
BRH:0
end_of_record
TN:
SF:src/renderer/src/components/layout/ActivityBar.tsx
FN:40,ActivityBar
FN:42,(anonymous_1)
FN:44,(anonymous_2)
FN:45,(anonymous_3)
FN:46,(anonymous_4)
FN:47,(anonymous_5)
FN:48,(anonymous_6)
FN:59,handleClick
FN:67,(anonymous_8)
FN:78,handleContextMenu
FN:83,closeContextMenu
FN:87,handleCloseAll
FN:92,(anonymous_12)
FN:104,(anonymous_13)
FN:108,(anonymous_14)
FN:116,(anonymous_15)
FN:120,(anonymous_16)
FN:121,(anonymous_17)
FN:157,(anonymous_18)
FN:181,(anonymous_19)
FN:190,(anonymous_20)
FN:199,(anonymous_21)
FN:208,(anonymous_22)
FN:210,(anonymous_23)
FN:214,(anonymous_24)
FN:230,(anonymous_25)
FN:234,(anonymous_26)
FNF:27
FNH:0
FNDA:0,ActivityBar
FNDA:0,(anonymous_1)
FNDA:0,(anonymous_2)
FNDA:0,(anonymous_3)
FNDA:0,(anonymous_4)
FNDA:0,(anonymous_5)
FNDA:0,(anonymous_6)
FNDA:0,handleClick
FNDA:0,(anonymous_8)
FNDA:0,handleContextMenu
FNDA:0,closeContextMenu
FNDA:0,handleCloseAll
FNDA:0,(anonymous_12)
FNDA:0,(anonymous_13)
FNDA:0,(anonymous_14)
FNDA:0,(anonymous_15)
FNDA:0,(anonymous_16)
FNDA:0,(anonymous_17)
FNDA:0,(anonymous_18)
FNDA:0,(anonymous_19)
FNDA:0,(anonymous_20)
FNDA:0,(anonymous_21)
FNDA:0,(anonymous_22)
FNDA:0,(anonymous_23)
FNDA:0,(anonymous_24)
FNDA:0,(anonymous_25)
FNDA:0,(anonymous_26)
DA:18,0
DA:42,0
DA:44,0
DA:45,0
DA:46,0
DA:47,0
DA:48,0
DA:49,0
DA:51,0
DA:54,0
DA:55,0
DA:57,0
DA:60,0
DA:61,0
DA:62,0
DA:63,0
DA:64,0
DA:65,0
DA:66,0
DA:67,0
DA:68,0
DA:71,0
DA:72,0
DA:73,0
DA:79,0
DA:80,0
DA:84,0
DA:88,0
DA:90,0
DA:91,0
DA:92,0
DA:93,0
DA:94,0
DA:96,0
DA:98,0
DA:101,0
DA:105,0
DA:109,0
DA:110,0
DA:111,0
DA:117,0
DA:118,0
DA:120,0
DA:121,0
DA:158,0
DA:159,0
DA:182,0
DA:183,0
DA:184,0
DA:185,0
DA:191,0
DA:192,0
DA:193,0
DA:194,0
DA:200,0
DA:201,0
DA:202,0
DA:203,0
DA:208,0
DA:211,0
DA:215,0
DA:216,0
DA:231,0
DA:235,0
LF:64
LH:0
BRDA:48,0,0,0
BRDA:48,0,1,0
BRDA:54,1,0,0
BRDA:54,1,1,0
BRDA:63,2,0,0
BRDA:63,2,1,0
BRDA:66,3,0,0
BRDA:66,3,1,0
BRDA:68,4,0,0
BRDA:68,4,1,0
BRDA:72,5,0,0
BRDA:72,5,1,0
BRDA:93,6,0,0
BRDA:93,6,1,0
BRDA:102,7,0,0
BRDA:102,7,1,0
BRDA:114,8,0,0
BRDA:114,8,1,0
BRDA:123,9,0,0
BRDA:123,9,1,0
BRDA:124,10,0,0
BRDA:124,10,1,0
BRDA:129,11,0,0
BRDA:129,11,1,0
BRDA:147,12,0,0
BRDA:147,12,1,0
BRDA:184,13,0,0
BRDA:184,13,1,0
BRDA:193,14,0,0
BRDA:193,14,1,0
BRDA:202,15,0,0
BRDA:202,15,1,0
BRF:32
BRH:0
end_of_record
TN:
SF:src/renderer/src/components/layout/CommandPalette.tsx
FN:30,fuzzyMatch
FN:45,CommandPalette
FN:54,(anonymous_2)
FN:55,(anonymous_3)
FN:58,(anonymous_4)
FN:62,(anonymous_5)
FN:71,(anonymous_6)
FN:74,(anonymous_7)
FN:79,(anonymous_8)
FN:90,(anonymous_9)
FN:95,(anonymous_10)
FN:107,(anonymous_11)
FN:111,(anonymous_12)
FN:121,(anonymous_13)
FN:132,(anonymous_14)
FN:148,(anonymous_15)
FN:158,(anonymous_16)
FN:169,(anonymous_17)
FN:182,(anonymous_18)
FN:189,(anonymous_19)
FN:195,(anonymous_20)
FN:206,(anonymous_21)
FN:208,(anonymous_22)
FN:212,(anonymous_23)
FN:215,(anonymous_24)
FN:218,(anonymous_25)
FN:220,(anonymous_26)
FN:224,(anonymous_27)
FN:224,(anonymous_28)
FN:225,(anonymous_29)
FN:236,(anonymous_30)
FN:242,(anonymous_31)
FN:247,(anonymous_32)
FN:256,(anonymous_33)
FN:262,(anonymous_34)
FN:265,(anonymous_35)
FN:281,(anonymous_36)
FN:298,(anonymous_37)
FN:302,(anonymous_38)
FN:305,(anonymous_39)
FN:313,(anonymous_40)
FN:314,(anonymous_41)
FNF:42
FNH:31
FNDA:702,fuzzyMatch
FNDA:107,CommandPalette
FNDA:107,(anonymous_2)
FNDA:107,(anonymous_3)
FNDA:18,(anonymous_4)
FNDA:17,(anonymous_5)
FNDA:17,(anonymous_6)
FNDA:0,(anonymous_7)
FNDA:107,(anonymous_8)
FNDA:749,(anonymous_9)
FNDA:2,(anonymous_10)
FNDA:0,(anonymous_11)
FNDA:0,(anonymous_12)
FNDA:0,(anonymous_13)
FNDA:0,(anonymous_14)
FNDA:0,(anonymous_15)
FNDA:0,(anonymous_16)
FNDA:0,(anonymous_17)
FNDA:0,(anonymous_18)
FNDA:0,(anonymous_19)
FNDA:0,(anonymous_20)
FNDA:107,(anonymous_21)
FNDA:702,(anonymous_22)
FNDA:107,(anonymous_23)
FNDA:428,(anonymous_24)
FNDA:3332,(anonymous_25)
FNDA:428,(anonymous_26)
FNDA:107,(anonymous_27)
FNDA:239,(anonymous_28)
FNDA:107,(anonymous_29)
FNDA:1,(anonymous_30)
FNDA:45,(anonymous_31)
FNDA:23,(anonymous_32)
FNDA:33,(anonymous_33)
FNDA:3,(anonymous_34)
FNDA:1,(anonymous_35)
FNDA:11,(anonymous_36)
FNDA:27,(anonymous_37)
FNDA:236,(anonymous_38)
FNDA:820,(anonymous_39)
FNDA:1,(anonymous_40)
FNDA:2,(anonymous_41)
DA:23,1
DA:31,702
DA:32,702
DA:33,702
DA:34,702
DA:35,7296
DA:37,702
DA:46,107
DA:47,107
DA:48,107
DA:49,107
DA:50,107
DA:51,107
DA:52,107
DA:53,107
DA:54,107
DA:55,107
DA:58,107
DA:59,18
DA:60,17
DA:61,17
DA:62,17
DA:64,17
DA:65,17
DA:68,17
DA:72,17
DA:79,107
DA:80,107
DA:90,749
DA:96,2
DA:97,2
DA:101,107
DA:108,0
DA:109,0
DA:111,0
DA:112,0
DA:122,0
DA:123,0
DA:125,0
DA:126,0
DA:127,0
DA:128,0
DA:131,0
DA:132,0
DA:133,0
DA:135,0
DA:137,0
DA:142,107
DA:149,0
DA:150,0
DA:151,0
DA:159,0
DA:160,0
DA:161,0
DA:170,0
DA:171,0
DA:172,0
DA:173,0
DA:175,0
DA:183,0
DA:184,0
DA:189,107
DA:190,0
DA:196,0
DA:197,0
DA:198,0
DA:203,107
DA:206,107
DA:207,107
DA:208,702
DA:212,107
DA:213,107
DA:214,107
DA:215,428
DA:218,3332
DA:220,428
DA:224,239
DA:225,107
DA:226,107
DA:227,107
DA:228,107
DA:229,239
DA:230,833
DA:233,107
DA:236,107
DA:237,1
DA:238,1
DA:242,107
DA:243,45
DA:247,107
DA:248,23
DA:249,22
DA:250,22
DA:251,22
DA:255,107
DA:257,33
DA:258,1
DA:259,1
DA:260,32
DA:261,3
DA:262,3
DA:263,29
DA:264,1
DA:265,1
DA:266,28
DA:267,1
DA:268,1
DA:274,107
DA:281,11
DA:298,27
DA:303,236
DA:306,820
DA:307,820
DA:313,1
DA:314,2
LF:115
LH:83
BRDA:34,0,0,702
BRDA:34,0,1,7424
BRDA:35,1,0,524
BRDA:35,1,1,6772
BRDA:59,2,0,1
BRDA:59,2,1,17
BRDA:125,3,0,0
BRDA:125,3,1,0
BRDA:133,4,0,0
BRDA:133,4,1,0
BRDA:150,5,0,0
BRDA:150,5,1,0
BRDA:160,6,0,0
BRDA:160,6,1,0
BRDA:171,7,0,0
BRDA:171,7,1,0
BRDA:173,8,0,0
BRDA:173,8,1,0
BRDA:192,9,0,0
BRDA:192,9,1,0
BRDA:207,10,0,53
BRDA:207,10,1,54
BRDA:237,11,0,1
BRDA:237,11,1,0
BRDA:248,12,0,1
BRDA:248,12,1,22
BRDA:250,13,0,22
BRDA:250,13,1,0
BRDA:257,14,0,1
BRDA:257,14,1,32
BRDA:260,15,0,3
BRDA:260,15,1,29
BRDA:263,16,0,1
BRDA:263,16,1,28
BRDA:266,17,0,1
BRDA:266,17,1,27
BRDA:276,18,0,107
BRDA:276,18,1,106
BRDA:287,19,0,0
BRDA:287,19,1,106
BRDA:306,20,0,820
BRDA:306,20,1,0
BRDA:310,21,0,92
BRDA:310,21,1,728
BRDA:317,22,0,820
BRDA:317,22,1,700
BRDA:323,23,0,106
BRDA:323,23,1,14
BRF:48
BRH:30
end_of_record
TN:
SF:src/renderer/src/components/layout/NotificationBell.tsx
FN:22,NotificationBell
FN:27,(anonymous_1)
FN:28,(anonymous_2)
FN:29,(anonymous_3)
FN:30,(anonymous_4)
FN:35,(anonymous_5)
FN:38,(anonymous_6)
FN:50,(anonymous_7)
FN:53,(anonymous_8)
FN:61,(anonymous_9)
FN:62,(anonymous_10)
FN:65,(anonymous_11)
FN:107,(anonymous_12)
FN:117,(anonymous_13)
FNF:14
FNH:14
FNDA:26,NotificationBell
FNDA:72,(anonymous_1)
FNDA:72,(anonymous_2)
FNDA:72,(anonymous_3)
FNDA:72,(anonymous_4)
FNDA:24,(anonymous_5)
FNDA:3,(anonymous_6)
FNDA:8,(anonymous_7)
FNDA:1,(anonymous_8)
FNDA:9,(anonymous_9)
FNDA:9,(anonymous_10)
FNDA:1,(anonymous_11)
FNDA:13,(anonymous_12)
FNDA:1,(anonymous_13)
DA:6,2
DA:14,2
DA:23,26
DA:24,26
DA:25,26
DA:27,72
DA:28,72
DA:29,72
DA:30,72
DA:32,26
DA:35,26
DA:36,24
DA:38,8
DA:39,3
DA:45,0
DA:49,8
DA:50,8
DA:53,26
DA:54,1
DA:55,1
DA:61,26
DA:62,9
DA:65,26
DA:66,1
DA:69,26
DA:108,13
DA:109,13
DA:111,13
DA:117,1
LF:29
LH:28
BRDA:36,0,0,16
BRDA:36,0,1,8
BRDA:39,1,0,0
BRDA:39,1,1,3
BRDA:40,2,0,3
BRDA:40,2,1,3
BRDA:40,2,2,1
BRDA:40,2,3,1
BRDA:55,3,0,0
BRDA:55,3,1,1
BRDA:79,4,0,26
BRDA:79,4,1,14
BRDA:86,5,0,26
BRDA:86,5,1,10
BRDA:90,6,0,10
BRDA:90,6,1,6
BRDA:101,7,0,1
BRDA:101,7,1,9
BRDA:115,8,0,4
BRDA:115,8,1,9
BRDA:127,9,0,13
BRDA:127,9,1,9
BRF:22
BRH:20
end_of_record
TN:
SF:src/renderer/src/components/layout/StatusBar.tsx
FN:7,StatusBar
FNF:1
FNH:1
FNDA:2,StatusBar
DA:8,2
LF:1
LH:1
BRDA:17,0,0,2
BRDA:17,0,1,2
BRF:2
BRH:2
end_of_record
TN:
SF:src/renderer/src/components/layout/TitleBar.tsx
FN:13,TitleBar
FN:14,(anonymous_1)
FN:15,(anonymous_2)
FN:16,(anonymous_3)
FNF:4
FNH:4
FNDA:4,TitleBar
FNDA:4,(anonymous_1)
FNDA:4,(anonymous_2)
FNDA:12,(anonymous_3)
DA:14,4
DA:15,4
DA:16,12
DA:18,4
LF:4
LH:4
BRDA:29,0,0,4
BRDA:29,0,1,0
BRDA:33,1,0,0
BRDA:33,1,1,0
BRDA:36,2,0,0
BRDA:36,2,1,0
BRDA:40,3,0,4
BRDA:40,3,1,1
BRDA:46,4,0,4
BRDA:46,4,1,0
BRF:10
BRH:4
end_of_record
TN:
SF:src/renderer/src/components/layout/ToastContainer.tsx
FN:5,ToastItem
FN:21,(anonymous_1)
FN:33,(anonymous_2)
FN:46,ToastContainer
FN:47,(anonymous_4)
FN:48,(anonymous_5)
FN:56,(anonymous_6)
FN:65,(anonymous_7)
FNF:8
FNH:6
FNDA:8,ToastItem
FNDA:0,(anonymous_1)
FNDA:0,(anonymous_2)
FNDA:9,ToastContainer
FNDA:28,(anonymous_4)
FNDA:28,(anonymous_5)
FNDA:8,(anonymous_6)
FNDA:1,(anonymous_7)
DA:7,8
DA:13,8
DA:15,8
DA:22,0
DA:23,0
DA:24,0
DA:34,0
DA:35,0
DA:36,0
DA:47,28
DA:48,28
DA:49,9
DA:51,9
DA:53,7
DA:57,8
DA:65,1
LF:16
LH:10
BRDA:7,0,0,3
BRDA:7,0,1,5
BRDA:9,1,0,2
BRDA:9,1,1,3
BRDA:13,2,0,8
BRDA:13,2,1,7
BRDA:16,3,0,2
BRDA:16,3,1,6
BRDA:16,4,0,2
BRDA:16,4,1,6
BRDA:18,5,0,8
BRDA:18,5,1,1
BRDA:30,6,0,8
BRDA:30,6,1,1
BRDA:30,6,2,1
BRDA:51,7,0,2
BRDA:51,7,1,7
BRDA:63,8,0,0
BRDA:63,8,1,8
BRF:19
BRH:18
end_of_record
TN:
SF:src/renderer/src/components/panels/PanelDropOverlay.tsx
FN:30,getDropZone
FN:47,zoneStyle
FN:72,PanelDropOverlay
FN:75,handleDragOver
FN:83,handleDrop
FN:102,handleDragLeave
FNF:6
FNH:6
FNDA:19,getDropZone
FNDA:2,zoneStyle
FNDA:12,PanelDropOverlay
FNDA:2,handleDragOver
FNDA:6,handleDrop
FNDA:1,handleDragLeave
DA:31,19
DA:32,19
DA:34,19
DA:35,17
DA:36,15
DA:37,12
DA:38,10
DA:45,2
DA:48,2
DA:54,2
DA:56,0
DA:58,0
DA:60,0
DA:62,0
DA:64,2
DA:73,12
DA:76,2
DA:77,2
DA:78,2
DA:79,2
DA:80,2
DA:84,6
DA:85,6
DA:86,6
DA:88,5
DA:89,5
DA:92,5
DA:93,5
DA:95,1
DA:98,4
DA:99,4
DA:103,1
DA:106,12
LF:33
LH:29
BRDA:34,0,0,2
BRDA:34,0,1,17
BRDA:35,1,0,2
BRDA:35,1,1,15
BRDA:36,2,0,3
BRDA:36,2,1,12
BRDA:37,3,0,2
BRDA:37,3,1,10
BRDA:54,4,0,0
BRDA:54,4,1,0
BRDA:54,4,2,0
BRDA:54,4,3,0
BRDA:54,4,4,2
BRDA:86,5,0,1
BRDA:86,5,1,5
BRDA:118,6,0,12
BRDA:118,6,1,2
BRF:17
BRH:13
end_of_record
TN:
SF:src/renderer/src/components/panels/PanelLeaf.tsx
FN:13,(anonymous_0)
FN:14,(anonymous_1)
FN:15,(anonymous_2)
FN:16,(anonymous_3)
FN:17,(anonymous_4)
FN:18,(anonymous_5)
FN:19,(anonymous_6)
FN:20,(anonymous_7)
FN:21,(anonymous_8)
FN:28,(anonymous_9)
FN:29,(anonymous_10)
FN:30,(anonymous_11)
FN:31,(anonymous_12)
FN:32,(anonymous_13)
FN:33,(anonymous_14)
FN:34,(anonymous_15)
FN:35,(anonymous_16)
FN:36,(anonymous_17)
FN:43,resolveView
FN:72,ViewSkeleton
FN:116,PanelLeaf
FN:117,(anonymous_21)
FN:118,(anonymous_22)
FN:124,handlePanelClick
FN:128,handleDragEnter
FN:134,handleDragLeave
FN:142,(anonymous_26)
FN:183,(anonymous_27)
FNF:28
FNH:12
FNDA:0,(anonymous_0)
FNDA:2,(anonymous_1)
FNDA:2,(anonymous_2)
FNDA:0,(anonymous_3)
FNDA:0,(anonymous_4)
FNDA:0,(anonymous_5)
FNDA:1,(anonymous_6)
FNDA:0,(anonymous_7)
FNDA:0,(anonymous_8)
FNDA:0,(anonymous_9)
FNDA:0,(anonymous_10)
FNDA:0,(anonymous_11)
FNDA:0,(anonymous_12)
FNDA:0,(anonymous_13)
FNDA:0,(anonymous_14)
FNDA:0,(anonymous_15)
FNDA:0,(anonymous_16)
FNDA:0,(anonymous_17)
FNDA:21,resolveView
FNDA:6,ViewSkeleton
FNDA:20,PanelLeaf
FNDA:32,(anonymous_21)
FNDA:32,(anonymous_22)
FNDA:2,handlePanelClick
FNDA:3,handleDragEnter
FNDA:0,handleDragLeave
FNDA:1,(anonymous_26)
FNDA:21,(anonymous_27)
DA:13,2
DA:14,2
DA:15,2
DA:16,2
DA:17,2
DA:18,2
DA:19,2
DA:20,2
DA:21,2
DA:27,2
DA:28,0
DA:29,0
DA:30,0
DA:31,0
DA:32,0
DA:33,0
DA:34,0
DA:35,0
DA:36,0
DA:44,21
DA:46,0
DA:48,15
DA:50,3
DA:52,2
DA:54,0
DA:56,0
DA:58,0
DA:60,1
DA:62,0
DA:64,0
DA:73,6
DA:117,32
DA:118,32
DA:119,20
DA:120,20
DA:122,20
DA:125,2
DA:129,3
DA:130,2
DA:135,0
DA:136,0
DA:137,0
DA:141,20
DA:143,1
DA:144,0
DA:147,1
DA:148,1
DA:149,1
DA:152,0
DA:153,0
DA:156,1
DA:161,20
DA:184,21
DA:185,21
LF:54
LH:33
BRDA:44,0,0,0
BRDA:44,0,1,15
BRDA:44,0,2,3
BRDA:44,0,3,2
BRDA:44,0,4,0
BRDA:44,0,5,0
BRDA:44,0,6,0
BRDA:44,0,7,1
BRDA:44,0,8,0
BRDA:44,0,9,0
BRDA:129,1,0,2
BRDA:129,1,1,1
BRDA:136,2,0,0
BRDA:136,2,1,0
BRDA:136,3,0,0
BRDA:136,3,1,0
BRDA:143,4,0,0
BRDA:143,4,1,1
BRDA:143,5,0,1
BRDA:143,5,1,0
BRDA:147,6,0,1
BRDA:147,6,1,0
BRDA:148,7,0,1
BRDA:148,7,1,0
BRDA:152,8,0,0
BRDA:152,8,1,0
BRDA:152,9,0,0
BRDA:152,9,1,0
BRDA:175,10,0,16
BRDA:175,10,1,4
BRDA:193,11,0,20
BRDA:193,11,1,1
BRDA:204,12,0,20
BRDA:204,12,1,2
BRF:34
BRH:16
end_of_record
TN:
SF:src/renderer/src/components/panels/PanelRenderer.tsx
FN:11,PanelRenderer
FNF:1
FNH:1
FNDA:9,PanelRenderer
DA:12,9
DA:13,6
DA:16,3
LF:3
LH:3
BRDA:12,0,0,6
BRDA:12,0,1,3
BRF:2
BRH:2
end_of_record
TN:
SF:src/renderer/src/components/panels/PanelResizeHandle.tsx
FN:5,PanelResizeHandle
FNF:1
FNH:1
FNDA:3,PanelResizeHandle
DA:6,3
DA:7,3
LF:2
LH:2
BRDA:10,0,0,1
BRDA:10,0,1,2
BRDA:11,1,0,1
BRDA:11,1,1,2
BRDA:13,2,0,1
BRDA:13,2,1,2
BRF:6
BRH:6
end_of_record
TN:
SF:src/renderer/src/components/panels/PanelTabBar.tsx
FN:14,PanelTabBar
FN:15,(anonymous_1)
FN:16,(anonymous_2)
FN:17,(anonymous_3)
FN:18,(anonymous_4)
FN:23,handleTabClick
FN:28,handleTabClose
FN:33,handleDragStart
FN:64,(anonymous_8)
FN:74,(anonymous_9)
FN:75,(anonymous_10)
FN:96,(anonymous_11)
FNF:12
FNH:12
FNDA:29,PanelTabBar
FNDA:41,(anonymous_1)
FNDA:41,(anonymous_2)
FNDA:41,(anonymous_3)
FNDA:41,(anonymous_4)
FNDA:2,handleTabClick
FNDA:2,handleTabClose
FNDA:1,handleDragStart
FNDA:37,(anonymous_8)
FNDA:1,(anonymous_9)
FNDA:2,(anonymous_10)
FNDA:2,(anonymous_11)
DA:15,41
DA:16,41
DA:17,41
DA:18,41
DA:21,29
DA:24,2
DA:25,2
DA:29,2
DA:30,2
DA:37,1
DA:38,1
DA:39,1
DA:47,1
DA:50,29
DA:65,37
DA:66,37
DA:74,1
DA:75,2
DA:96,2
LF:19
LH:19
BRDA:21,0,0,29
BRDA:21,0,1,8
BRDA:83,1,0,29
BRDA:83,1,1,8
BRDA:84,2,0,29
BRDA:84,2,1,8
BRDA:94,3,0,37
BRDA:94,3,1,29
BRF:8
BRH:8
end_of_record
TN:
SF:src/renderer/src/components/pr-station/MergeButton.tsx
FN:20,MergeButton
FN:30,(anonymous_1)
FN:32,(anonymous_2)
FN:34,handleOutside
FN:40,(anonymous_4)
FN:44,(anonymous_5)
FN:49,handleMerge
FN:50,(anonymous_7)
FN:64,(anonymous_8)
FN:85,(anonymous_9)
FN:85,(anonymous_10)
FN:96,(anonymous_11)
FN:102,(anonymous_12)
FNF:13
FNH:12
FNDA:24,MergeButton
FNDA:0,(anonymous_1)
FNDA:11,(anonymous_2)
FNDA:1,handleOutside
FNDA:2,(anonymous_4)
FNDA:8,(anonymous_5)
FNDA:4,handleMerge
FNDA:4,(anonymous_7)
FNDA:30,(anonymous_8)
FNDA:2,(anonymous_9)
FNDA:2,(anonymous_10)
FNDA:12,(anonymous_11)
FNDA:1,(anonymous_12)
DA:14,2
DA:21,24
DA:22,24
DA:23,24
DA:24,24
DA:26,24
DA:27,24
DA:28,24
DA:30,24
DA:32,24
DA:33,11
DA:35,1
DA:36,0
DA:39,2
DA:40,2
DA:44,24
DA:45,8
DA:46,8
DA:50,4
DA:51,4
DA:52,4
DA:53,4
DA:54,4
DA:55,2
DA:56,2
DA:58,2
DA:60,4
DA:64,30
DA:65,24
DA:71,24
DA:85,2
DA:97,12
DA:103,1
DA:104,1
LF:34
LH:33
BRDA:27,0,0,24
BRDA:27,0,1,24
BRDA:28,1,0,24
BRDA:28,1,1,23
BRDA:28,1,2,16
BRDA:33,2,0,9
BRDA:33,2,1,2
BRDA:35,3,0,0
BRDA:35,3,1,1
BRDA:35,4,0,1
BRDA:35,4,1,1
BRDA:51,5,0,0
BRDA:51,5,1,4
BRDA:58,6,0,2
BRDA:58,6,1,0
BRDA:65,7,0,1
BRDA:65,7,1,23
BRDA:67,8,0,7
BRDA:67,8,1,16
BRDA:81,9,0,7
BRDA:81,9,1,17
BRDA:94,10,0,24
BRDA:94,10,1,4
BRDA:101,11,0,4
BRDA:101,11,1,8
BRF:25
BRH:22
end_of_record
TN:
SF:src/renderer/src/components/pr-station/PRStationActions.tsx
FN:28,PRStationActions
FN:39,(anonymous_1)
FN:41,(anonymous_2)
FN:43,(anonymous_3)
FN:45,handleOutside
FN:51,(anonymous_5)
FN:54,(anonymous_6)
FN:59,handleMerge
FN:74,handleClose
FN:100,(anonymous_9)
FN:111,(anonymous_10)
FN:125,(anonymous_11)
FN:139,(anonymous_12)
FN:147,(anonymous_13)
FN:147,(anonymous_14)
FN:155,(anonymous_15)
FN:159,(anonymous_16)
FN:174,(anonymous_17)
FNF:18
FNH:16
FNDA:52,PRStationActions
FNDA:52,(anonymous_1)
FNDA:0,(anonymous_2)
FNDA:17,(anonymous_3)
FNDA:2,handleOutside
FNDA:2,(anonymous_5)
FNDA:13,(anonymous_6)
FNDA:5,handleMerge
FNDA:2,handleClose
FNDA:63,(anonymous_9)
FNDA:1,(anonymous_10)
FNDA:0,(anonymous_11)
FNDA:7,(anonymous_12)
FNDA:2,(anonymous_13)
FNDA:2,(anonymous_14)
FNDA:12,(anonymous_15)
FNDA:2,(anonymous_16)
FNDA:3,(anonymous_17)
DA:20,1
DA:29,52
DA:30,52
DA:31,52
DA:32,52
DA:33,52
DA:35,52
DA:36,52
DA:37,52
DA:39,52
DA:41,52
DA:43,52
DA:44,17
DA:46,2
DA:47,0
DA:50,2
DA:51,2
DA:54,52
DA:55,13
DA:56,13
DA:60,5
DA:61,5
DA:62,5
DA:63,5
DA:64,3
DA:65,3
DA:67,2
DA:69,5
DA:70,5
DA:75,2
DA:76,2
DA:77,2
DA:78,2
DA:79,1
DA:80,1
DA:82,1
DA:84,2
DA:85,2
DA:89,52
DA:90,1
DA:100,63
DA:102,51
DA:103,17
DA:111,1
DA:118,34
DA:119,8
DA:125,0
DA:132,26
DA:139,7
DA:147,2
DA:156,12
DA:160,2
DA:161,2
DA:174,3
LF:54
LH:52
BRDA:37,0,0,52
BRDA:37,0,1,52
BRDA:44,1,0,15
BRDA:44,1,1,2
BRDA:46,2,0,0
BRDA:46,2,1,2
BRDA:46,3,0,2
BRDA:46,3,1,2
BRDA:60,4,0,0
BRDA:60,4,1,5
BRDA:67,5,0,2
BRDA:67,5,1,0
BRDA:75,6,0,0
BRDA:75,6,1,2
BRDA:82,7,0,1
BRDA:82,7,1,0
BRDA:89,8,0,1
BRDA:89,8,1,51
BRDA:102,9,0,17
BRDA:102,9,1,34
BRDA:118,10,0,8
BRDA:118,10,1,26
BRDA:140,11,0,1
BRDA:140,11,1,25
BRDA:153,12,0,52
BRDA:153,12,1,4
BRDA:158,13,0,4
BRDA:158,13,1,8
BRF:28
BRH:23
end_of_record
TN:
SF:src/renderer/src/components/pr-station/PRStationChecks.tsx
FN:9,CheckIcon
FN:19,checkStatusClass
FN:25,PRStationChecks
FN:51,(anonymous_3)
FNF:4
FNH:4
FNDA:3,CheckIcon
FNDA:3,checkStatusClass
FNDA:3,PRStationChecks
FNDA:3,(anonymous_3)
DA:10,3
DA:11,1
DA:13,2
DA:14,1
DA:16,1
DA:20,3
DA:21,2
DA:22,1
DA:26,3
DA:27,1
DA:38,2
DA:39,1
DA:47,1
DA:52,3
LF:14
LH:14
BRDA:10,0,0,1
BRDA:10,0,1,2
BRDA:13,1,0,1
BRDA:13,1,1,1
BRDA:13,2,0,2
BRDA:13,2,1,1
BRDA:20,3,0,1
BRDA:20,3,1,2
BRDA:21,4,0,1
BRDA:21,4,1,1
BRDA:21,5,0,2
BRDA:21,5,1,1
BRDA:26,6,0,1
BRDA:26,6,1,2
BRDA:38,7,0,1
BRDA:38,7,1,1
BRDA:55,8,0,3
BRDA:55,8,1,3
BRF:18
BRH:18
end_of_record
TN:
SF:src/renderer/src/components/pr-station/PRStationConflictBanner.tsx
FN:11,PRStationConflictBanner
FN:15,(anonymous_1)
FN:21,(anonymous_2)
FN:27,(anonymous_3)
FN:30,(anonymous_4)
FN:33,(anonymous_5)
FN:48,(anonymous_6)
FNF:7
FNH:6
FNDA:5,PRStationConflictBanner
FNDA:2,(anonymous_1)
FNDA:1,(anonymous_2)
FNDA:1,(anonymous_3)
FNDA:0,(anonymous_4)
FNDA:1,(anonymous_5)
FNDA:2,(anonymous_6)
DA:12,5
DA:13,5
DA:15,5
DA:16,2
DA:17,1
DA:18,1
DA:21,1
DA:22,1
DA:24,1
DA:25,1
DA:28,1
DA:31,0
DA:33,1
DA:36,5
DA:38,3
DA:49,2
LF:16
LH:15
BRDA:16,0,0,1
BRDA:16,0,1,1
BRDA:22,1,0,0
BRDA:22,1,1,1
BRDA:36,2,0,2
BRDA:36,2,1,3
BRDA:44,3,0,1
BRDA:44,3,1,2
BRDA:46,4,0,1
BRDA:46,4,1,1
BRF:10
BRH:9
end_of_record
TN:
SF:src/renderer/src/components/pr-station/PRStationConversation.tsx
FN:16,buildTimeline
FN:20,(anonymous_1)
FN:34,(anonymous_2)
FN:52,(anonymous_3)
FN:53,(anonymous_4)
FN:56,CommentCard
FN:81,PRStationConversation
FN:118,(anonymous_7)
FN:139,(anonymous_8)
FNF:9
FNH:8
FNDA:3,buildTimeline
FNDA:4,(anonymous_1)
FNDA:0,(anonymous_2)
FNDA:1,(anonymous_3)
FNDA:3,(anonymous_4)
FNDA:5,CommentCard
FNDA:3,PRStationConversation
FNDA:3,(anonymous_7)
FNDA:4,(anonymous_8)
DA:20,4
DA:21,3
DA:22,3
DA:23,4
DA:24,2
DA:25,2
DA:26,2
DA:30,3
DA:31,3
DA:32,2
DA:33,2
DA:34,2
DA:35,2
DA:36,2
DA:39,3
DA:41,3
DA:42,1
DA:45,3
DA:46,2
DA:52,3
DA:53,3
DA:66,5
DA:67,5
DA:86,3
DA:87,0
DA:98,3
DA:100,3
DA:101,1
DA:109,2
DA:111,2
DA:119,3
DA:120,1
DA:129,2
DA:130,2
DA:140,4
LF:35
LH:34
BRDA:23,0,0,2
BRDA:23,0,1,2
BRDA:24,1,0,2
BRDA:24,1,1,2
BRDA:33,2,0,2
BRDA:33,2,1,0
BRDA:48,3,0,2
BRDA:48,3,1,0
BRDA:86,4,0,0
BRDA:86,4,1,3
BRDA:100,5,0,1
BRDA:100,5,1,2
BRDA:119,6,0,1
BRDA:119,6,1,2
BRDA:135,7,0,2
BRDA:135,7,1,2
BRF:16
BRH:13
end_of_record
TN:
SF:src/renderer/src/components/pr-station/PRStationDetail.tsx
FN:32,FileStatusIcon
FN:43,fileStatusLabel
FN:52,fileStatusBadgeClass
FN:60,PRStationDetail
FN:72,(anonymous_4)
FN:75,fetchAll
FN:76,(anonymous_6)
FN:126,(anonymous_7)
FN:179,(anonymous_8)
FN:239,(anonymous_9)
FNF:10
FNH:9
FNDA:18,FileStatusIcon
FNDA:18,fileStatusLabel
FNDA:18,fileStatusBadgeClass
FNDA:18,PRStationDetail
FNDA:9,(anonymous_4)
FNDA:9,fetchAll
FNDA:9,(anonymous_6)
FNDA:9,(anonymous_7)
FNDA:0,(anonymous_8)
FNDA:18,(anonymous_9)
DA:33,18
DA:35,9
DA:37,0
DA:39,9
DA:44,18
DA:45,9
DA:46,0
DA:47,0
DA:48,9
DA:53,18
DA:54,9
DA:55,0
DA:56,9
DA:61,18
DA:62,18
DA:63,18
DA:64,18
DA:65,18
DA:66,18
DA:67,18
DA:68,18
DA:69,18
DA:70,18
DA:72,18
DA:73,9
DA:76,9
DA:77,9
DA:79,9
DA:80,9
DA:81,9
DA:82,9
DA:84,9
DA:86,9
DA:93,9
DA:95,9
DA:96,9
DA:97,9
DA:98,9
DA:99,9
DA:101,9
DA:102,9
DA:103,9
DA:104,9
DA:105,9
DA:106,9
DA:107,9
DA:108,9
DA:110,9
DA:111,9
DA:112,9
DA:113,9
DA:116,0
DA:118,9
DA:119,9
DA:120,9
DA:125,9
DA:126,9
DA:129,18
DA:130,9
DA:148,9
DA:149,0
DA:157,9
DA:159,18
DA:180,0
DA:240,18
LF:65
LH:58
BRDA:33,0,0,9
BRDA:33,0,1,0
BRDA:33,0,2,9
BRDA:44,1,0,9
BRDA:44,1,1,0
BRDA:44,1,2,0
BRDA:44,1,3,9
BRDA:53,2,0,9
BRDA:53,2,1,0
BRDA:53,2,2,9
BRDA:77,3,0,0
BRDA:77,3,1,9
BRDA:93,4,0,0
BRDA:93,4,1,9
BRDA:95,5,0,9
BRDA:95,5,1,0
BRDA:96,6,0,9
BRDA:96,6,1,0
BRDA:97,7,0,9
BRDA:97,7,1,0
BRDA:98,8,0,9
BRDA:98,8,1,0
BRDA:99,9,0,9
BRDA:99,9,1,0
BRDA:110,10,0,9
BRDA:110,10,1,0
BRDA:112,11,0,0
BRDA:112,11,1,9
BRDA:116,12,0,0
BRDA:116,12,1,0
BRDA:118,13,0,9
BRDA:118,13,1,0
BRDA:129,14,0,9
BRDA:129,14,1,9
BRDA:148,15,0,0
BRDA:148,15,1,9
BRDA:157,16,0,9
BRDA:157,16,1,0
BRDA:169,17,0,18
BRDA:169,17,1,0
BRDA:177,18,0,18
BRDA:177,18,1,0
BRDA:194,19,0,18
BRDA:194,19,1,0
BRDA:194,19,2,0
BRDA:206,20,0,9
BRDA:206,20,1,0
BRDA:235,21,0,0
BRDA:235,21,1,9
BRF:49
BRH:25
end_of_record
TN:
SF:src/renderer/src/components/pr-station/PRStationDiff.tsx
FN:15,PRStationDiff
FN:26,(anonymous_1)
FN:28,(anonymous_2)
FN:29,(anonymous_3)
FN:31,(anonymous_4)
FN:46,(anonymous_5)
FN:51,(anonymous_6)
FN:52,(anonymous_7)
FN:55,(anonymous_8)
FN:56,(anonymous_9)
FN:70,(anonymous_10)
FN:76,(anonymous_11)
FN:77,(anonymous_12)
FN:87,(anonymous_13)
FN:93,(anonymous_14)
FN:99,(anonymous_15)
FN:120,(anonymous_16)
FN:121,(anonymous_17)
FN:137,(anonymous_18)
FNF:19
FNH:14
FNDA:16,PRStationDiff
FNDA:16,(anonymous_1)
FNDA:16,(anonymous_2)
FNDA:16,(anonymous_3)
FNDA:1,(anonymous_4)
FNDA:7,(anonymous_5)
FNDA:7,(anonymous_6)
FNDA:0,(anonymous_7)
FNDA:8,(anonymous_8)
FNDA:8,(anonymous_9)
FNDA:7,(anonymous_10)
FNDA:7,(anonymous_11)
FNDA:0,(anonymous_12)
FNDA:1,(anonymous_13)
FNDA:8,(anonymous_14)
FNDA:0,(anonymous_15)
FNDA:0,(anonymous_16)
FNDA:0,(anonymous_17)
FNDA:1,(anonymous_18)
DA:13,1
DA:16,16
DA:17,16
DA:18,16
DA:19,16
DA:20,16
DA:21,16
DA:24,16
DA:25,16
DA:26,16
DA:28,16
DA:29,16
DA:31,16
DA:32,1
DA:43,16
DA:44,16
DA:46,16
DA:47,7
DA:48,7
DA:49,7
DA:50,7
DA:51,7
DA:52,0
DA:55,16
DA:56,8
DA:57,8
DA:58,0
DA:59,0
DA:60,0
DA:62,8
DA:63,8
DA:64,8
DA:65,8
DA:66,8
DA:67,8
DA:69,8
DA:71,7
DA:72,7
DA:75,7
DA:76,7
DA:77,0
DA:79,7
DA:80,0
DA:81,0
DA:82,0
DA:85,7
DA:88,1
DA:89,1
DA:90,1
DA:93,8
DA:94,8
DA:95,8
DA:99,16
DA:100,0
DA:101,0
DA:102,0
DA:105,16
DA:106,8
DA:114,8
DA:116,7
DA:117,0
DA:120,7
DA:121,7
DA:123,7
DA:137,1
LF:65
LH:53
BRDA:26,0,0,16
BRDA:26,0,1,14
BRDA:37,1,0,0
BRDA:37,1,1,1
BRDA:38,2,0,0
BRDA:38,2,1,1
BRDA:52,3,0,0
BRDA:52,3,1,0
BRDA:57,4,0,0
BRDA:57,4,1,8
BRDA:71,5,0,0
BRDA:71,5,1,7
BRDA:76,6,0,7
BRDA:76,6,1,0
BRDA:77,7,0,0
BRDA:77,7,1,0
BRDA:79,8,0,0
BRDA:79,8,1,7
BRDA:88,9,0,1
BRDA:88,9,1,0
BRDA:88,10,0,1
BRDA:88,10,1,1
BRDA:88,11,0,1
BRDA:88,11,1,0
BRDA:89,12,0,1
BRDA:89,12,1,0
BRDA:102,13,0,0
BRDA:102,13,1,0
BRDA:105,14,0,8
BRDA:105,14,1,8
BRDA:114,15,0,1
BRDA:114,15,1,7
BRDA:116,16,0,0
BRDA:116,16,1,7
BRF:34
BRH:18
end_of_record
TN:
SF:src/renderer/src/components/pr-station/PRStationFilters.tsx
FN:20,PRStationFilters
FN:21,handleRepoClick
FN:25,handleSortChange
FN:34,(anonymous_3)
FN:39,(anonymous_4)
FN:43,(anonymous_5)
FN:63,(anonymous_6)
FNF:7
FNH:7
FNDA:40,PRStationFilters
FNDA:2,handleRepoClick
FNDA:1,handleSortChange
FNDA:1,(anonymous_3)
FNDA:16,(anonymous_4)
FNDA:1,(anonymous_5)
FNDA:120,(anonymous_6)
DA:14,3
DA:22,2
DA:26,1
DA:29,40
DA:34,1
DA:40,16
DA:43,1
DA:64,120
LF:8
LH:8
BRDA:33,0,0,38
BRDA:33,0,1,2
BRDA:42,1,0,2
BRDA:42,1,1,14
BRF:4
BRH:4
end_of_record
TN:
SF:src/renderer/src/components/pr-station/PRStationList.tsx
FN:19,(anonymous_0)
FN:22,CIBadge
FN:47,PRStationList
FN:54,(anonymous_3)
FN:62,(anonymous_4)
FN:69,(anonymous_5)
FN:79,(anonymous_6)
FN:93,(anonymous_7)
FN:96,(anonymous_8)
FN:96,(anonymous_9)
FN:102,(anonymous_10)
FNF:11
FNH:10
FNDA:3,(anonymous_0)
FNDA:2,CIBadge
FNDA:7,PRStationList
FNDA:4,(anonymous_3)
FNDA:4,(anonymous_4)
FNDA:0,(anonymous_5)
FNDA:2,(anonymous_6)
FNDA:2,(anonymous_7)
FNDA:2,(anonymous_8)
FNDA:2,(anonymous_9)
FNDA:1,(anonymous_10)
DA:18,1
DA:19,3
DA:23,2
DA:24,0
DA:26,2
DA:27,2
DA:33,0
DA:34,0
DA:40,0
DA:48,7
DA:49,7
DA:50,7
DA:52,7
DA:54,7
DA:55,4
DA:56,4
DA:57,4
DA:58,4
DA:62,7
DA:64,4
DA:66,4
DA:69,7
DA:70,0
DA:71,0
DA:74,7
DA:79,2
DA:93,2
DA:96,2
DA:97,2
DA:98,2
DA:102,1
LF:31
LH:25
BRDA:23,0,0,0
BRDA:23,0,1,2
BRDA:23,1,0,2
BRDA:23,1,1,2
BRDA:26,2,0,2
BRDA:26,2,1,0
BRDA:33,3,0,0
BRDA:33,3,1,0
BRDA:52,4,0,7
BRDA:52,4,1,7
BRDA:87,5,0,4
BRDA:87,5,1,3
BRDA:87,6,0,7
BRDA:87,6,1,4
BRDA:93,7,0,1
BRDA:93,7,1,2
BRDA:97,8,0,2
BRDA:97,8,1,0
BRDA:101,9,0,0
BRDA:101,9,1,2
BRDA:107,10,0,2
BRDA:107,10,1,0
BRDA:112,11,0,2
BRDA:112,11,1,0
BRF:24
BRH:16
end_of_record
TN:
SF:src/renderer/src/components/pr-station/PRStationReviews.tsx
FN:11,ReviewStateBadge
FN:43,latestReviewPerUser
FN:55,PRStationReviews
FN:86,(anonymous_3)
FNF:4
FNH:4
FNDA:2,ReviewStateBadge
FNDA:2,latestReviewPerUser
FNDA:3,PRStationReviews
FNDA:2,(anonymous_3)
DA:12,2
DA:14,1
DA:20,1
DA:26,0
DA:32,0
DA:38,0
DA:44,2
DA:45,2
DA:46,3
DA:47,3
DA:48,3
DA:49,2
DA:52,2
DA:56,3
DA:57,1
DA:68,2
DA:70,2
DA:71,1
DA:79,1
DA:87,2
LF:20
LH:17
BRDA:12,0,0,1
BRDA:12,0,1,1
BRDA:12,0,2,0
BRDA:12,0,3,0
BRDA:12,0,4,0
BRDA:46,1,0,0
BRDA:46,1,1,3
BRDA:48,2,0,2
BRDA:48,2,1,1
BRDA:48,3,0,3
BRDA:48,3,1,1
BRDA:56,4,0,1
BRDA:56,4,1,2
BRDA:70,5,0,1
BRDA:70,5,1,1
BRDA:93,6,0,2
BRDA:93,6,1,2
BRF:17
BRH:13
end_of_record
TN:
SF:src/renderer/src/components/pr-station/ReviewSubmitDialog.tsx
FN:20,ReviewSubmitDialog
FN:24,(anonymous_1)
FN:25,(anonymous_2)
FN:27,(anonymous_3)
FN:29,(anonymous_4)
FN:36,(anonymous_5)
FN:65,(anonymous_6)
FN:71,(anonymous_7)
FN:77,(anonymous_8)
FN:84,(anonymous_9)
FNF:10
FNH:10
FNDA:51,ReviewSubmitDialog
FNDA:51,(anonymous_1)
FNDA:51,(anonymous_2)
FNDA:51,(anonymous_3)
FNDA:7,(anonymous_4)
FNDA:2,(anonymous_5)
FNDA:12,(anonymous_6)
FNDA:20,(anonymous_7)
FNDA:153,(anonymous_8)
FNDA:3,(anonymous_9)
DA:18,1
DA:21,51
DA:22,51
DA:23,51
DA:24,51
DA:25,51
DA:27,51
DA:29,51
DA:30,7
DA:31,7
DA:32,7
DA:33,7
DA:36,2
DA:45,7
DA:46,5
DA:47,5
DA:48,5
DA:49,5
DA:51,2
DA:53,7
DA:57,51
DA:63,51
DA:65,12
DA:71,20
DA:78,153
DA:84,3
LF:26
LH:26
BRDA:24,0,0,51
BRDA:24,0,1,46
BRDA:30,1,0,0
BRDA:30,1,1,7
BRDA:35,2,0,7
BRDA:35,2,1,6
BRDA:40,3,0,0
BRDA:40,3,1,2
BRDA:41,4,0,0
BRDA:41,4,1,2
BRDA:51,5,0,2
BRDA:51,5,1,0
BRDA:94,6,0,51
BRDA:94,6,1,5
BRDA:96,7,0,4
BRDA:96,7,1,1
BRF:16
BRH:12
end_of_record
TN:
SF:src/renderer/src/components/settings/AboutSection.tsx
FN:10,AboutSection
FN:25,(anonymous_1)
FNF:2
FNH:0
FNDA:0,AboutSection
FNDA:0,(anonymous_1)
DA:7,2
DA:8,2
DA:11,0
DA:25,0
LF:4
LH:2
BRF:0
BRH:0
end_of_record
TN:
SF:src/renderer/src/components/settings/AgentManagerSection.tsx
FN:15,AgentManagerSection
FN:24,(anonymous_1)
FN:25,loadSettings
FN:42,(anonymous_3)
FN:61,markDirty
FN:77,(anonymous_5)
FN:90,(anonymous_6)
FN:104,(anonymous_7)
FN:119,(anonymous_8)
FN:131,(anonymous_9)
FNF:10
FNH:8
FNDA:38,AgentManagerSection
FNDA:9,(anonymous_1)
FNDA:9,loadSettings
FNDA:3,(anonymous_3)
FNDA:21,markDirty
FNDA:4,(anonymous_5)
FNDA:14,(anonymous_6)
FNDA:0,(anonymous_7)
FNDA:3,(anonymous_8)
FNDA:0,(anonymous_9)
DA:9,3
DA:10,3
DA:11,3
DA:12,3
DA:13,3
DA:16,38
DA:17,38
DA:18,38
DA:19,38
DA:20,38
DA:21,38
DA:22,38
DA:24,38
DA:26,9
DA:33,9
DA:34,9
DA:35,9
DA:36,9
DA:37,9
DA:39,9
DA:42,38
DA:43,3
DA:44,3
DA:45,3
DA:52,3
DA:53,3
DA:55,0
DA:57,3
DA:62,21
DA:65,38
DA:78,4
DA:79,4
DA:91,14
DA:92,14
DA:105,0
DA:106,0
DA:120,3
DA:121,3
DA:132,0
DA:133,0
LF:40
LH:35
BRDA:33,0,0,1
BRDA:33,0,1,8
BRDA:34,1,0,1
BRDA:34,1,1,8
BRDA:34,2,0,9
BRDA:34,2,1,1
BRDA:35,3,0,1
BRDA:35,3,1,8
BRDA:35,4,0,9
BRDA:35,4,1,1
BRDA:36,5,0,2
BRDA:36,5,1,7
BRDA:37,6,0,1
BRDA:37,6,1,8
BRDA:147,7,0,38
BRDA:147,7,1,24
BRDA:151,8,0,3
BRDA:151,8,1,35
BRF:18
BRH:18
end_of_record
TN:
SF:src/renderer/src/components/settings/AgentRuntimeSection.tsx
FN:14,AgentRuntimeSection
FN:20,(anonymous_1)
FN:21,(anonymous_2)
FN:27,(anonymous_3)
FN:53,(anonymous_4)
FN:63,(anonymous_5)
FN:65,(anonymous_6)
FNF:7
FNH:0
FNDA:0,AgentRuntimeSection
FNDA:0,(anonymous_1)
FNDA:0,(anonymous_2)
FNDA:0,(anonymous_3)
FNDA:0,(anonymous_4)
FNDA:0,(anonymous_5)
FNDA:0,(anonymous_6)
DA:8,2
DA:15,0
DA:16,0
DA:17,0
DA:18,0
DA:20,0
DA:21,0
DA:22,0
DA:23,0
DA:27,0
DA:28,0
DA:29,0
DA:30,0
DA:34,0
DA:35,0
DA:37,0
DA:39,0
DA:43,0
DA:53,0
DA:63,0
DA:66,0
LF:21
LH:1
BRDA:22,0,0,0
BRDA:22,0,1,0
BRDA:23,1,0,0
BRDA:23,1,1,0
BRDA:78,2,0,0
BRDA:78,2,1,0
BRDA:78,2,2,0
BRDA:82,3,0,0
BRDA:82,3,1,0
BRF:9
BRH:0
end_of_record
TN:
SF:src/renderer/src/components/settings/AppearanceSection.tsx
FN:16,useAccentColor
FN:18,(anonymous_1)
FN:21,(anonymous_2)
FN:27,(anonymous_3)
FN:37,AppearanceSection
FN:39,(anonymous_5)
FN:40,(anonymous_6)
FN:50,(anonymous_7)
FN:55,(anonymous_8)
FN:63,(anonymous_9)
FN:68,(anonymous_10)
FNF:11
FNH:11
FNDA:17,useAccentColor
FNDA:14,(anonymous_1)
FNDA:3,(anonymous_2)
FNDA:14,(anonymous_3)
FNDA:17,AppearanceSection
FNDA:17,(anonymous_5)
FNDA:17,(anonymous_6)
FNDA:1,(anonymous_7)
FNDA:1,(anonymous_8)
FNDA:102,(anonymous_9)
FNDA:3,(anonymous_10)
DA:7,3
DA:17,17
DA:18,14
DA:21,17
DA:22,3
DA:23,3
DA:24,3
DA:27,17
DA:28,14
DA:29,14
DA:30,1
DA:34,17
DA:38,17
DA:39,17
DA:40,17
DA:42,17
DA:50,1
DA:55,1
DA:64,102
DA:68,3
LF:20
LH:20
BRDA:18,0,0,14
BRDA:18,0,1,13
BRDA:29,1,0,1
BRDA:29,1,1,13
BRDA:49,2,0,7
BRDA:49,2,1,10
BRDA:54,3,0,10
BRDA:54,3,1,7
BRDA:66,4,0,17
BRDA:66,4,1,85
BRF:10
BRH:10
end_of_record
TN:
SF:src/renderer/src/components/settings/ConnectionsSection.tsx
FN:36,formatExpiry
FN:44,ConnectionsSection
FN:49,(anonymous_2)
FN:61,(anonymous_3)
FN:68,(anonymous_4)
FN:73,(anonymous_5)
FN:83,(anonymous_6)
FN:84,(anonymous_7)
FN:90,(anonymous_8)
FN:114,(anonymous_9)
FN:115,(anonymous_10)
FN:120,(anonymous_11)
FN:126,(anonymous_12)
FN:135,(anonymous_13)
FN:212,(anonymous_14)
FN:222,(anonymous_15)
FN:235,(anonymous_16)
FNF:17
FNH:13
FNDA:0,formatExpiry
FNDA:58,ConnectionsSection
FNDA:14,(anonymous_2)
FNDA:14,(anonymous_3)
FNDA:14,(anonymous_4)
FNDA:14,(anonymous_5)
FNDA:15,(anonymous_6)
FNDA:15,(anonymous_7)
FNDA:2,(anonymous_8)
FNDA:14,(anonymous_9)
FNDA:14,(anonymous_10)
FNDA:0,(anonymous_11)
FNDA:0,(anonymous_12)
FNDA:2,(anonymous_13)
FNDA:2,(anonymous_14)
FNDA:13,(anonymous_15)
FNDA:0,(anonymous_16)
DA:26,3
DA:32,3
DA:37,0
DA:38,0
DA:40,0
DA:46,58
DA:47,58
DA:49,58
DA:50,14
DA:51,14
DA:52,14
DA:53,13
DA:55,1
DA:57,14
DA:61,58
DA:64,58
DA:65,58
DA:66,58
DA:68,58
DA:69,14
DA:74,14
DA:82,58
DA:84,15
DA:85,15
DA:90,58
DA:91,2
DA:92,2
DA:93,2
DA:98,2
DA:99,2
DA:101,0
DA:103,2
DA:108,58
DA:109,58
DA:110,58
DA:111,58
DA:112,58
DA:114,58
DA:115,14
DA:116,14
DA:120,58
DA:121,0
DA:122,0
DA:123,0
DA:126,58
DA:127,0
DA:128,0
DA:129,0
DA:130,0
DA:131,0
DA:132,0
DA:135,58
DA:136,2
DA:137,2
DA:138,2
DA:139,2
DA:140,2
DA:141,2
DA:142,1
DA:144,1
DA:147,0
DA:148,0
DA:150,2
DA:155,58
DA:156,58
DA:157,58
DA:158,30
DA:159,30
DA:160,30
DA:161,0
DA:162,0
DA:163,0
DA:167,58
DA:212,2
DA:222,13
DA:235,0
LF:76
LH:57
BRDA:75,0,0,14
BRDA:75,0,1,14
BRDA:76,1,0,14
BRDA:76,1,1,14
BRDA:77,2,0,14
BRDA:77,2,1,14
BRDA:127,3,0,0
BRDA:127,3,1,0
BRDA:140,4,0,1
BRDA:140,4,1,1
BRDA:141,5,0,1
BRDA:141,5,1,1
BRDA:157,6,0,30
BRDA:157,6,1,28
BRDA:158,7,0,30
BRDA:158,7,1,0
BRDA:158,8,0,30
BRDA:158,8,1,30
BRDA:161,9,0,0
BRDA:161,9,1,0
BRDA:161,10,0,0
BRDA:161,10,1,0
BRDA:178,11,0,58
BRDA:178,11,1,0
BRDA:246,12,0,58
BRDA:246,12,1,17
BRDA:250,13,0,2
BRDA:250,13,1,56
BRDA:266,14,0,58
BRDA:266,14,1,0
BRDA:267,15,0,58
BRDA:267,15,1,56
BRDA:267,15,2,56
BRF:33
BRH:24
end_of_record
TN:
SF:src/renderer/src/components/settings/CredentialForm.tsx
FN:38,CredentialForm
FN:56,(anonymous_1)
FN:57,(anonymous_2)
FN:60,(anonymous_3)
FN:73,(anonymous_4)
FN:85,(anonymous_5)
FN:96,(anonymous_6)
FN:109,(anonymous_7)
FNF:8
FNH:7
FNDA:73,CredentialForm
FNDA:3,(anonymous_1)
FNDA:3,(anonymous_2)
FNDA:1,(anonymous_3)
FNDA:73,(anonymous_4)
FNDA:3,(anonymous_5)
FNDA:3,(anonymous_6)
FNDA:0,(anonymous_7)
DA:54,73
DA:56,73
DA:57,3
DA:60,73
DA:61,1
DA:62,1
DA:63,1
DA:65,0
DA:69,73
DA:74,73
DA:85,3
DA:96,3
DA:109,0
LF:13
LH:11
BRDA:77,0,0,73
BRDA:77,0,1,66
BRDA:79,1,0,72
BRDA:79,1,1,1
BRDA:83,2,0,2
BRDA:83,2,1,70
BRDA:84,3,0,72
BRDA:84,3,1,0
BRDA:87,4,0,7
BRDA:87,4,1,65
BRDA:88,5,0,7
BRDA:88,5,1,0
BRDA:89,6,0,65
BRDA:89,6,1,0
BRDA:97,7,0,2
BRDA:97,7,1,70
BRDA:98,8,0,2
BRDA:98,8,1,70
BRDA:101,9,0,2
BRDA:101,9,1,70
BRDA:108,10,0,1
BRDA:108,10,1,0
BRDA:110,11,0,1
BRDA:110,11,1,0
BRDA:117,12,0,0
BRDA:117,12,1,73
BRDA:123,13,0,73
BRDA:123,13,1,60
BRDA:129,14,0,60
BRDA:129,14,1,3
BRDA:135,15,0,60
BRDA:135,15,1,4
BRDA:136,16,0,2
BRDA:136,16,1,2
BRDA:137,17,0,2
BRDA:137,17,1,2
BRDA:146,18,0,73
BRDA:146,18,1,14
BRDA:146,18,2,0
BRF:39
BRH:32
end_of_record
TN:
SF:src/renderer/src/components/settings/RepositoriesSection.tsx
FN:22,RepositoriesSection
FN:31,(anonymous_1)
FN:32,(anonymous_2)
FN:37,(anonymous_3)
FN:43,(anonymous_4)
FN:44,(anonymous_5)
FN:51,(anonymous_6)
FN:73,(anonymous_7)
FN:82,(anonymous_8)
FN:98,(anonymous_9)
FN:119,(anonymous_10)
FN:126,(anonymous_11)
FN:138,(anonymous_12)
FN:144,(anonymous_13)
FN:149,(anonymous_14)
FN:154,(anonymous_15)
FN:160,(anonymous_16)
FN:179,(anonymous_17)
FNF:18
FNH:16
FNDA:62,RepositoriesSection
FNDA:9,(anonymous_1)
FNDA:9,(anonymous_2)
FNDA:2,(anonymous_3)
FNDA:1,(anonymous_4)
FNDA:2,(anonymous_5)
FNDA:1,(anonymous_6)
FNDA:1,(anonymous_7)
FNDA:5,(anonymous_8)
FNDA:1,(anonymous_9)
FNDA:10,(anonymous_10)
FNDA:21,(anonymous_11)
FNDA:4,(anonymous_12)
FNDA:10,(anonymous_13)
FNDA:392,(anonymous_14)
FNDA:0,(anonymous_15)
FNDA:0,(anonymous_16)
FNDA:3,(anonymous_17)
DA:9,3
DA:23,62
DA:24,62
DA:25,62
DA:26,62
DA:27,62
DA:28,62
DA:29,62
DA:31,62
DA:32,9
DA:33,9
DA:37,62
DA:38,2
DA:39,2
DA:42,62
DA:44,2
DA:45,1
DA:46,1
DA:51,62
DA:52,1
DA:53,1
DA:63,1
DA:64,1
DA:65,1
DA:66,1
DA:67,1
DA:68,1
DA:69,1
DA:70,1
DA:73,62
DA:74,1
DA:75,1
DA:78,62
DA:83,5
DA:98,1
DA:119,10
DA:126,21
DA:138,4
DA:144,10
DA:150,392
DA:154,0
DA:160,0
DA:179,3
LF:43
LH:41
BRDA:33,0,0,2
BRDA:33,0,1,7
BRDA:52,1,0,0
BRDA:52,1,1,1
BRDA:52,2,0,1
BRDA:52,2,1,1
BRDA:58,3,0,1
BRDA:58,3,1,0
BRDA:59,4,0,1
BRDA:59,4,1,0
BRDA:75,5,0,1
BRDA:75,5,1,0
BRDA:86,6,0,5
BRDA:86,6,1,1
BRDA:90,7,0,5
BRDA:90,7,1,5
BRDA:90,7,2,5
BRDA:107,8,0,62
BRDA:107,8,1,58
BRDA:107,8,2,9
BRDA:112,9,0,49
BRDA:112,9,1,13
BRDA:152,10,0,49
BRDA:152,10,1,343
BRDA:167,11,0,49
BRDA:167,11,1,45
BRF:26
BRH:22
end_of_record
TN:
SF:src/renderer/src/components/settings/TaskTemplatesSection.tsx
FN:10,TaskTemplatesSection
FN:14,(anonymous_1)
FN:15,(anonymous_2)
FN:21,(anonymous_3)
FN:28,(anonymous_4)
FN:36,(anonymous_5)
FN:43,(anonymous_6)
FN:50,(anonymous_7)
FN:71,(anonymous_8)
FN:79,(anonymous_9)
FN:87,(anonymous_10)
FN:99,(anonymous_11)
FNF:12
FNH:5
FNDA:13,TaskTemplatesSection
FNDA:6,(anonymous_1)
FNDA:6,(anonymous_2)
FNDA:0,(anonymous_3)
FNDA:0,(anonymous_4)
FNDA:0,(anonymous_5)
FNDA:1,(anonymous_6)
FNDA:0,(anonymous_7)
FNDA:2,(anonymous_8)
FNDA:0,(anonymous_9)
FNDA:0,(anonymous_10)
FNDA:0,(anonymous_11)
DA:11,13
DA:12,13
DA:14,13
DA:15,6
DA:16,6
DA:17,6
DA:21,13
DA:22,0
DA:23,0
DA:24,0
DA:27,13
DA:29,0
DA:30,0
DA:35,13
DA:37,0
DA:38,0
DA:43,13
DA:44,1
DA:45,1
DA:46,1
DA:49,13
DA:51,0
DA:52,0
DA:53,0
DA:54,0
DA:56,0
DA:57,0
DA:59,0
DA:60,0
DA:65,13
DA:67,7
DA:72,2
DA:79,0
DA:87,0
DA:99,0
LF:35
LH:17
BRDA:52,0,0,0
BRDA:52,0,1,0
BRDA:65,1,0,6
BRDA:65,1,1,7
BRDA:81,2,0,2
BRDA:81,2,1,1
BRDA:88,3,0,1
BRDA:88,3,1,1
BRDA:89,4,0,1
BRDA:89,4,1,1
BRDA:92,5,0,1
BRDA:92,5,1,1
BRDA:104,6,0,7
BRDA:104,6,1,5
BRF:14
BRH:12
end_of_record
TN:
SF:src/renderer/src/components/sprint/AgentStatusChip.tsx
FN:11,AgentStatusChip
FNF:1
FNH:1
FNDA:25,AgentStatusChip
DA:12,25
DA:16,25
LF:2
LH:2
BRDA:12,0,0,4
BRDA:12,0,1,21
BRDA:13,1,0,4
BRDA:13,1,1,0
BRDA:19,2,0,4
BRDA:19,2,1,21
BRDA:19,3,0,25
BRDA:19,3,1,25
BRDA:21,4,0,0
BRDA:21,4,1,21
BRDA:23,5,0,0
BRDA:23,5,1,21
BRF:12
BRH:9
end_of_record
TN:
SF:src/renderer/src/components/sprint/BulkActionBar.tsx
FN:12,BulkActionBar
FN:26,(anonymous_1)
FN:31,(anonymous_2)
FN:35,(anonymous_3)
FN:40,(anonymous_4)
FN:62,(anonymous_5)
FN:68,(anonymous_6)
FN:72,(anonymous_7)
FNF:8
FNH:8
FNDA:20,BulkActionBar
FNDA:1,(anonymous_1)
FNDA:3,(anonymous_2)
FNDA:1,(anonymous_3)
FNDA:1,(anonymous_4)
FNDA:2,(anonymous_5)
FNDA:10,(anonymous_6)
FNDA:1,(anonymous_7)
DA:19,20
DA:20,20
DA:22,20
DA:23,2
DA:26,18
DA:27,1
DA:28,1
DA:31,18
DA:32,3
DA:35,18
DA:36,1
DA:37,1
DA:40,18
DA:41,1
DA:44,18
DA:62,2
DA:69,10
DA:72,1
LF:18
LH:18
BRDA:22,0,0,2
BRDA:22,0,1,18
BRDA:66,1,0,18
BRDA:66,1,1,2
BRDA:90,2,0,20
BRDA:90,2,1,3
BRDA:94,3,0,3
BRDA:94,3,1,0
BRF:8
BRH:7
end_of_record
TN:
SF:src/renderer/src/components/sprint/ConflictDrawer.tsx
FN:23,ConflictDrawer
FN:29,(anonymous_1)
FN:41,(anonymous_2)
FN:52,(anonymous_3)
FN:54,(anonymous_4)
FN:64,(anonymous_5)
FN:66,(anonymous_6)
FN:73,(anonymous_7)
FN:77,(anonymous_8)
FN:85,(anonymous_9)
FN:147,(anonymous_10)
FN:154,(anonymous_11)
FN:184,(anonymous_12)
FN:200,(anonymous_13)
FN:210,(anonymous_14)
FNF:15
FNH:3
FNDA:3,ConflictDrawer
FNDA:2,(anonymous_1)
FNDA:0,(anonymous_2)
FNDA:0,(anonymous_3)
FNDA:0,(anonymous_4)
FNDA:0,(anonymous_5)
FNDA:0,(anonymous_6)
FNDA:0,(anonymous_7)
FNDA:1,(anonymous_8)
FNDA:0,(anonymous_9)
FNDA:0,(anonymous_10)
FNDA:0,(anonymous_11)
FNDA:0,(anonymous_12)
FNDA:0,(anonymous_13)
FNDA:0,(anonymous_14)
DA:24,3
DA:25,3
DA:26,3
DA:29,3
DA:30,2
DA:32,0
DA:34,0
DA:35,0
DA:36,0
DA:38,0
DA:39,0
DA:41,0
DA:46,0
DA:53,0
DA:54,0
DA:65,0
DA:66,0
DA:73,0
DA:77,3
DA:78,1
DA:79,1
DA:80,1
DA:84,3
DA:86,0
DA:87,0
DA:88,0
DA:89,0
DA:90,0
DA:91,0
DA:92,0
DA:95,0
DA:96,0
DA:97,0
DA:99,0
DA:117,0
DA:118,0
DA:120,0
DA:122,0
DA:128,3
DA:148,0
DA:149,0
DA:150,0
DA:154,0
DA:185,0
DA:200,0
DA:210,0
LF:46
LH:11
BRDA:30,0,0,2
BRDA:30,0,1,0
BRDA:30,1,0,2
BRDA:30,1,1,0
BRDA:35,2,0,0
BRDA:35,2,1,0
BRDA:35,3,0,0
BRDA:35,3,1,0
BRDA:36,4,0,0
BRDA:36,4,1,0
BRDA:36,5,0,0
BRDA:36,5,1,0
BRDA:39,6,0,0
BRDA:39,6,1,0
BRDA:53,7,0,0
[...]
BRDA:60,4,1,1
BRDA:73,5,0,0
BRDA:73,5,1,1
BRDA:73,6,0,0
BRDA:73,6,1,0
BRDA:76,7,0,0
BRDA:76,7,1,0
BRDA:81,8,0,0
BRDA:81,8,1,1
BRDA:118,9,0,0
BRDA:118,9,1,1
BRDA:126,10,0,1
BRDA:126,10,1,0
BRDA:148,11,0,1
BRDA:148,11,1,0
BRDA:156,12,0,1
BRDA:156,12,1,0
BRDA:157,13,0,0
BRDA:157,13,1,1
BRF:28
BRH:13
end_of_record
TN:
SF:src/renderer/src/views/CostView.tsx
FN:19,formatCost
FN:25,formatTokens
FN:32,formatDuration
FN:41,formatDate
FN:46,cacheHitPct
FN:55,costTier
FN:62,truncate
FN:68,ClaudeCodePanel
FN:110,TaskTable
FN:121,(anonymous_9)
FN:129,(anonymous_10)
FN:132,(anonymous_11)
FN:139,(anonymous_12)
FN:145,(anonymous_13)
FN:152,(anonymous_14)
FN:169,(anonymous_15)
FN:193,exportCsv
FN:195,(anonymous_17)
FN:207,CostView
FN:214,(anonymous_19)
FN:216,(anonymous_20)
FN:233,(anonymous_21)
FN:236,(anonymous_22)
FN:237,(anonymous_23)
FN:247,(anonymous_24)
FN:250,(anonymous_25)
FN:253,(anonymous_26)
FNF:27
FNH:24
FNDA:62,formatCost
FNDA:16,formatTokens
FNDA:30,formatDuration
FNDA:30,formatDate
FNDA:32,cacheHitPct
FNDA:30,costTier
FNDA:46,truncate
FNDA:16,ClaudeCodePanel
FNDA:15,TaskTable
FNDA:45,(anonymous_9)
FNDA:1,(anonymous_10)
FNDA:0,(anonymous_11)
FNDA:0,(anonymous_12)
FNDA:30,(anonymous_13)
FNDA:1,(anonymous_14)
FNDA:1,(anonymous_15)
FNDA:1,exportCsv
FNDA:2,(anonymous_17)
FNDA:36,CostView
FNDA:40,(anonymous_19)
FNDA:18,(anonymous_20)
FNDA:17,(anonymous_21)
FNDA:32,(anonymous_22)
FNDA:14,(anonymous_23)
FNDA:1,(anonymous_24)
FNDA:0,(anonymous_25)
FNDA:1,(anonymous_26)
DA:20,62
DA:21,62
DA:22,46
DA:26,16
DA:27,16
DA:28,0
DA:29,0
DA:33,30
DA:34,30
DA:35,30
DA:36,15
DA:37,15
DA:38,15
DA:42,30
DA:43,30
DA:47,32
DA:48,32
DA:49,32
DA:50,32
DA:51,32
DA:52,32
DA:56,30
DA:57,30
DA:58,0
DA:59,0
DA:63,46
DA:69,16
DA:121,45
DA:123,15
DA:129,1
DA:132,0
DA:139,0
DA:146,30
DA:147,30
DA:148,30
DA:152,1
DA:170,1
DA:171,1
DA:172,1
DA:194,1
DA:195,1
DA:196,2
DA:197,2
DA:198,2
DA:199,2
DA:201,1
DA:202,1
DA:208,36
DA:209,36
DA:210,36
DA:211,36
DA:212,36
DA:213,36
DA:214,40
DA:216,36
DA:217,18
DA:218,18
DA:222,15
DA:223,15
DA:225,15
DA:229,17
DA:233,36
DA:234,36
DA:236,36
DA:237,32
DA:238,14
DA:239,13
DA:241,1
DA:242,14
DA:243,14
DA:247,36
DA:248,1
DA:249,1
DA:250,1
DA:253,36
DA:254,1
DA:261,36
DA:262,17
DA:278,19
LF:79
LH:73
BRDA:20,0,0,0
BRDA:20,0,1,62
BRDA:20,1,0,62
BRDA:20,1,1,62
BRDA:21,2,0,16
BRDA:21,2,1,46
BRDA:26,3,0,0
BRDA:26,3,1,16
BRDA:26,4,0,16
BRDA:26,4,1,16
BRDA:27,5,0,16
BRDA:27,5,1,0
BRDA:28,6,0,0
BRDA:28,6,1,0
BRDA:33,7,0,0
BRDA:33,7,1,30
BRDA:33,8,0,30
BRDA:33,8,1,30
BRDA:35,9,0,15
BRDA:35,9,1,15
BRDA:47,10,0,32
BRDA:47,10,1,0
BRDA:48,11,0,32
BRDA:48,11,1,0
BRDA:50,12,0,0
BRDA:50,12,1,32
BRDA:50,13,0,32
BRDA:50,13,1,32
BRDA:52,14,0,0
BRDA:52,14,1,32
BRDA:56,15,0,0
BRDA:56,15,1,30
BRDA:56,16,0,30
BRDA:56,16,1,30
BRDA:57,17,0,30
BRDA:57,17,1,0
BRDA:58,18,0,0
BRDA:58,18,1,0
BRDA:63,19,0,0
BRDA:63,19,1,46
BRDA:88,20,0,16
BRDA:88,20,1,0
BRDA:92,21,0,16
BRDA:92,21,1,16
BRDA:121,22,0,15
BRDA:121,22,1,30
BRDA:154,23,0,30
BRDA:154,23,1,0
BRDA:155,24,0,30
BRDA:155,24,1,0
BRDA:159,25,0,30
BRDA:159,25,1,0
BRDA:160,26,0,30
BRDA:160,26,1,0
BRDA:162,27,0,30
BRDA:162,27,1,0
BRDA:165,28,0,15
BRDA:165,28,1,15
BRDA:197,29,0,2
BRDA:197,29,1,0
BRDA:199,30,0,2
BRDA:199,30,1,0
BRDA:199,31,0,2
BRDA:199,31,1,0
BRDA:199,32,0,2
BRDA:199,32,1,0
BRDA:199,33,0,2
BRDA:199,33,1,0
BRDA:199,34,0,2
BRDA:199,34,1,0
BRDA:199,35,0,2
BRDA:199,35,1,0
BRDA:199,36,0,2
BRDA:199,36,1,1
BRDA:238,37,0,13
BRDA:238,37,1,1
BRDA:241,38,0,1
BRDA:241,38,1,0
BRDA:242,39,0,14
BRDA:242,39,1,0
BRDA:261,40,0,17
BRDA:261,40,1,19
BRDA:263,41,0,0
BRDA:263,41,1,17
BRDA:279,42,0,0
BRDA:279,42,1,19
BRDA:288,43,0,1
BRDA:288,43,1,18
BRDA:295,44,0,36
BRDA:295,44,1,17
BRDA:298,45,0,3
BRDA:298,45,1,16
BRF:92
BRH:60
end_of_record
TN:
SF:src/renderer/src/views/DashboardView.tsx
FN:10,DashboardView
FN:11,(anonymous_1)
FN:12,(anonymous_2)
FN:14,(anonymous_3)
FNF:4
FNH:4
FNDA:2,DashboardView
FNDA:2,(anonymous_1)
FNDA:2,(anonymous_2)
FNDA:2,(anonymous_3)
DA:11,2
DA:12,2
DA:14,2
DA:15,2
DA:16,2
DA:19,2
LF:6
LH:6
BRF:0
BRH:0
end_of_record
TN:
SF:src/renderer/src/views/GitTreeView.tsx
FN:12,GitTreeView
FN:13,(anonymous_1)
FN:14,(anonymous_2)
FN:15,(anonymous_3)
FN:16,(anonymous_4)
FN:17,(anonymous_5)
FN:18,(anonymous_6)
FN:19,(anonymous_7)
FN:20,(anonymous_8)
FN:21,(anonymous_9)
FN:22,(anonymous_10)
FN:23,(anonymous_11)
FN:45,(anonymous_12)
FN:49,(anonymous_13)
FN:56,(anonymous_14)
FN:62,handleRefresh
FN:67,handleRepoChange
FN:71,handleCheckout
FN:73,(anonymous_18)
FN:79,handleSelectFile
FN:84,handleStageFile
FN:89,handleUnstageFile
FN:94,handleStageAll
FN:99,handleUnstageAll
FN:104,handleCommit
FN:109,handlePush
FN:174,(anonymous_26)
FN:209,(anonymous_27)
FN:212,(anonymous_28)
FN:252,(anonymous_29)
FN:264,(anonymous_30)
FNF:31
FNH:15
FNDA:12,GitTreeView
FNDA:12,(anonymous_1)
FNDA:12,(anonymous_2)
FNDA:12,(anonymous_3)
FNDA:12,(anonymous_4)
FNDA:12,(anonymous_5)
FNDA:12,(anonymous_6)
FNDA:12,(anonymous_7)
FNDA:12,(anonymous_8)
FNDA:12,(anonymous_9)
FNDA:12,(anonymous_10)
FNDA:12,(anonymous_11)
FNDA:12,(anonymous_12)
FNDA:12,(anonymous_13)
FNDA:0,(anonymous_14)
FNDA:0,handleRefresh
FNDA:0,handleRepoChange
FNDA:0,handleCheckout
FNDA:0,(anonymous_18)
FNDA:0,handleSelectFile
FNDA:0,handleStageFile
FNDA:0,handleUnstageFile
FNDA:0,handleStageAll
FNDA:0,handleUnstageAll
FNDA:0,handleCommit
FNDA:0,handlePush
FNDA:2,(anonymous_26)
FNDA:0,(anonymous_27)
FNDA:0,(anonymous_28)
FNDA:0,(anonymous_29)
FNDA:0,(anonymous_30)
DA:13,12
DA:14,12
DA:15,12
DA:16,12
DA:17,12
DA:18,12
DA:19,12
DA:20,12
DA:21,12
DA:22,12
DA:23,12
DA:39,12
DA:42,12
DA:45,12
DA:46,12
DA:49,12
DA:50,12
DA:51,12
DA:52,12
DA:56,12
DA:57,0
DA:60,12
DA:63,0
DA:64,0
DA:68,0
DA:72,0
DA:73,0
DA:74,0
DA:75,0
DA:80,0
DA:81,0
DA:85,0
DA:86,0
DA:90,0
DA:91,0
DA:95,0
DA:96,0
DA:100,0
DA:101,0
DA:105,0
DA:106,0
DA:110,0
DA:111,0
DA:114,12
DA:175,2
DA:210,0
DA:213,0
DA:252,0
DA:264,0
LF:49
LH:23
BRDA:42,0,0,12
BRDA:42,0,1,11
BRDA:42,0,2,10
BRDA:50,1,0,0
BRDA:50,1,1,12
BRDA:57,2,0,0
BRDA:57,2,1,0
BRDA:60,3,0,12
BRDA:60,3,1,0
BRDA:63,4,0,0
BRDA:63,4,1,0
BRDA:72,5,0,0
BRDA:72,5,1,0
BRDA:80,6,0,0
BRDA:80,6,1,0
BRDA:85,7,0,0
BRDA:85,7,1,0
BRDA:90,8,0,0
BRDA:90,8,1,0
BRDA:95,9,0,0
BRDA:95,9,1,0
BRDA:100,10,0,0
BRDA:100,10,1,0
BRDA:105,11,0,0
BRDA:105,11,1,0
BRDA:110,12,0,0
BRDA:110,12,1,0
BRDA:158,13,0,12
BRDA:158,13,1,1
BRDA:160,14,0,1
BRDA:160,14,1,0
BRDA:176,15,0,2
BRDA:176,15,1,0
BRDA:204,16,0,0
BRDA:204,16,1,12
BRDA:219,17,0,0
BRDA:219,17,1,12
BRDA:268,18,0,12
BRDA:268,18,1,11
BRDA:268,18,2,10
BRDA:268,18,3,10
BRDA:268,18,4,10
BRF:42
BRH:16
end_of_record
TN:
SF:src/renderer/src/views/IDEView.tsx
FN:15,IDEView
FN:16,(anonymous_1)
FN:17,(anonymous_2)
FN:42,(anonymous_3)
FN:57,(anonymous_4)
FN:65,(anonymous_5)
FN:66,(anonymous_6)
FN:67,(anonymous_7)
FN:68,(anonymous_8)
FN:69,(anonymous_9)
FN:70,(anonymous_10)
FN:71,(anonymous_11)
FN:72,(anonymous_12)
FN:73,(anonymous_13)
FN:76,(anonymous_14)
FN:79,(anonymous_15)
FN:84,(anonymous_16)
FN:84,(anonymous_17)
FN:85,(anonymous_18)
FN:85,(anonymous_19)
FN:88,(anonymous_20)
FN:96,(anonymous_21)
FN:98,(anonymous_22)
FN:102,(anonymous_23)
FN:104,(anonymous_24)
FN:113,(anonymous_25)
FN:118,(anonymous_26)
FN:123,(anonymous_27)
FN:125,(anonymous_28)
FN:134,(anonymous_29)
FN:150,(anonymous_30)
FN:158,(anonymous_31)
FN:165,(anonymous_32)
FN:181,(anonymous_33)
FN:189,(anonymous_34)
FN:196,(anonymous_35)
FN:210,(anonymous_36)
FN:211,(anonymous_37)
FN:218,(anonymous_38)
FN:226,(anonymous_39)
FNF:40
FNH:24
FNDA:1,IDEView
FNDA:1,(anonymous_1)
FNDA:1,(anonymous_2)
FNDA:0,(anonymous_3)
FNDA:5,(anonymous_4)
FNDA:5,(anonymous_5)
FNDA:5,(anonymous_6)
FNDA:5,(anonymous_7)
FNDA:5,(anonymous_8)
FNDA:5,(anonymous_9)
FNDA:5,(anonymous_10)
FNDA:5,(anonymous_11)
FNDA:5,(anonymous_12)
FNDA:5,(anonymous_13)
FNDA:5,(anonymous_14)
FNDA:5,(anonymous_15)
FNDA:5,(anonymous_16)
FNDA:5,(anonymous_17)
FNDA:0,(anonymous_18)
FNDA:0,(anonymous_19)
FNDA:0,(anonymous_20)
FNDA:0,(anonymous_21)
FNDA:0,(anonymous_22)
FNDA:0,(anonymous_23)
FNDA:0,(anonymous_24)
FNDA:0,(anonymous_25)
FNDA:0,(anonymous_26)
FNDA:5,(anonymous_27)
FNDA:5,(anonymous_28)
FNDA:0,(anonymous_29)
FNDA:0,(anonymous_30)
FNDA:0,(anonymous_31)
FNDA:0,(anonymous_32)
FNDA:0,(anonymous_33)
FNDA:2,(anonymous_34)
FNDA:2,(anonymous_35)
FNDA:5,(anonymous_36)
FNDA:0,(anonymous_37)
FNDA:5,(anonymous_38)
FNDA:3,(anonymous_39)
DA:16,1
DA:17,1
DA:18,1
DA:19,1
DA:20,5
DA:21,5
DA:29,5
DA:35,0
DA:36,5
DA:37,5
DA:39,5
DA:40,5
DA:42,0
DA:43,0
DA:46,0
DA:48,0
DA:51,0
DA:57,5
DA:65,5
DA:66,5
DA:67,5
DA:68,5
DA:69,5
DA:70,5
DA:71,5
DA:72,5
DA:73,5
DA:75,5
DA:76,5
DA:77,5
DA:79,5
DA:80,5
DA:81,0
DA:82,5
DA:83,5
DA:84,5
DA:85,0
DA:88,0
DA:89,0
DA:90,0
DA:91,5
DA:92,5
DA:93,5
DA:96,0
DA:97,0
DA:98,0
DA:99,5
DA:102,5
DA:103,0
DA:104,0
DA:105,0
DA:106,5
DA:107,5
DA:110,0
DA:113,0
DA:114,0
DA:115,5
DA:118,5
DA:119,0
DA:120,0
DA:123,0
DA:124,5
DA:125,5
DA:126,0
DA:127,5
DA:128,5
DA:129,0
DA:130,0
DA:131,0
DA:132,0
DA:133,0
DA:134,0
DA:135,0
DA:136,0
DA:138,0
DA:139,0
DA:140,0
DA:141,0
DA:142,0
DA:145,0
DA:146,0
DA:147,0
DA:148,0
DA:149,0
DA:150,0
DA:151,0
DA:152,0
DA:154,0
DA:155,0
DA:156,0
DA:157,0
DA:158,0
DA:159,0
DA:160,0
DA:162,0
DA:163,0
DA:164,0
DA:165,0
DA:166,0
DA:167,0
DA:169,0
DA:170,0
DA:171,0
DA:174,0
DA:175,0
DA:176,0
DA:177,0
DA:180,0
DA:181,0
DA:186,5
DA:187,5
DA:189,2
DA:195,2
DA:196,2
DA:210,5
DA:211,0
DA:218,5
DA:226,3
LF:118
LH:50
BRDA:20,0,0,5
BRDA:20,0,1,-4
BRDA:20,1,0,1
BRDA:20,1,1,1
BRDA:30,2,0,5
BRDA:30,2,1,5
BRDA:31,3,0,0
BRDA:31,3,1,0
BRDA:32,4,0,0
BRDA:32,4,1,0
BRDA:33,5,0,0
BRDA:33,5,1,0
BRDA:35,6,0,5
BRDA:35,6,1,-5
BRDA:39,7,0,5
BRDA:39,7,1,0
BRDA:43,8,0,0
BRDA:43,8,1,0
BRDA:46,9,0,0
BRDA:46,9,1,0
BRDA:76,10,0,5
BRDA:76,10,1,5
BRDA:80,11,0,5
BRDA:80,11,1,0
BRDA:82,12,0,5
BRDA:82,12,1,0
BRDA:84,13,0,5
BRDA:84,13,1,5
BRDA:89,14,0,0
BRDA:89,14,1,0
BRDA:91,15,0,5
BRDA:91,15,1,-5
BRDA:97,16,0,0
BRDA:97,16,1,0
BRDA:103,17,0,0
BRDA:103,17,1,0
BRDA:105,18,0,0
BRDA:105,18,1,0
BRDA:107,19,0,5
BRDA:107,19,1,0
BRDA:115,20,0,0
BRDA:115,20,1,0
BRDA:124,21,0,5
BRDA:124,21,1,0
BRDA:126,22,0,0
BRDA:126,22,1,0
BRDA:126,23,0,0
BRDA:126,23,1,0
BRDA:127,24,0,0
BRDA:127,24,1,0
BRDA:128,25,0,0
BRDA:128,25,1,5
BRDA:129,26,0,0
BRDA:129,26,1,0
BRDA:130,27,0,0
BRDA:130,27,1,0
BRDA:130,28,0,0
BRDA:130,28,1,0
BRDA:131,29,0,0
BRDA:131,29,1,0
BRDA:132,30,0,0
BRDA:132,30,1,0
BRDA:132,31,0,0
BRDA:132,31,1,0
BRDA:135,32,0,0
BRDA:135,32,1,0
BRDA:138,33,0,0
BRDA:138,33,1,0
BRDA:141,34,0,0
BRDA:141,34,1,0
BRDA:145,35,0,0
BRDA:145,35,1,0
BRDA:146,36,0,0
BRDA:146,36,1,0
BRDA:147,37,0,0
BRDA:147,37,1,0
BRDA:151,38,0,0
BRDA:151,38,1,0
BRDA:154,39,0,0
BRDA:154,39,1,0
BRDA:154,40,0,0
BRDA:154,40,1,0
BRDA:155,41,0,0
BRDA:155,41,1,0
BRDA:155,42,0,0
BRDA:155,42,1,0
BRDA:159,43,0,0
BRDA:159,43,1,0
BRDA:162,44,0,0
BRDA:162,44,1,0
BRDA:162,45,0,0
BRDA:162,45,1,0
BRDA:166,46,0,0
BRDA:166,46,1,0
BRDA:169,47,0,0
BRDA:169,47,1,0
BRDA:169,48,0,0
BRDA:169,48,1,0
BRDA:170,49,0,0
BRDA:170,49,1,0
BRDA:171,50,0,0
BRDA:171,50,1,0
BRDA:174,51,0,0
BRDA:174,51,1,0
BRDA:174,52,0,0
BRDA:174,52,1,0
BRDA:174,52,2,0
BRDA:174,52,3,0
BRDA:177,53,0,0
BRDA:177,53,1,0
BRDA:186,54,0,5
BRDA:186,54,1,0
BRDA:198,55,0,0
BRDA:198,55,1,3
BRDA:206,56,0,3
BRDA:206,56,1,3
BRDA:208,57,0,5
BRDA:208,57,1,5
BRDA:214,58,0,5
BRDA:214,58,1,5
BRDA:215,59,0,5
BRDA:215,59,1,5
BRDA:215,60,0,5
BRDA:215,60,1,5
BRDA:216,61,0,5
BRDA:216,61,1,5
BRDA:222,62,0,5
BRDA:222,62,1,5
BRF:128
BRH:33
end_of_record
TN:
SF:src/renderer/src/views/MemoryView.tsx
FN:30,formatRelativeTime
FN:42,formatSize
FN:49,groupFiles
FN:75,MemoryView
FN:95,(anonymous_4)
FN:106,(anonymous_5)
FN:110,(anonymous_6)
FN:127,(anonymous_7)
FN:140,(anonymous_8)
FN:151,(anonymous_9)
FN:155,(anonymous_10)
FN:173,(anonymous_11)
FN:193,(anonymous_12)
FN:198,(anonymous_13)
FN:199,onKeyDown
FN:206,(anonymous_15)
FN:210,(anonymous_16)
FN:212,onBeforeUnload
FN:216,(anonymous_18)
FN:221,(anonymous_19)
FN:230,(anonymous_20)
FN:232,(anonymous_21)
FN:234,(anonymous_22)
FN:241,(anonymous_23)
FN:255,(anonymous_24)
FN:259,(anonymous_25)
FN:276,(anonymous_26)
FN:290,(anonymous_27)
FN:291,(anonymous_28)
FN:311,(anonymous_29)
FN:336,(anonymous_30)
FN:340,(anonymous_31)
FN:347,(anonymous_32)
FN:371,(anonymous_33)
FN:382,(anonymous_34)
FN:385,(anonymous_35)
FN:392,(anonymous_36)
FN:406,(anonymous_37)
FN:416,(anonymous_38)
FN:449,(anonymous_39)
FNF:40
FNH:30
FNDA:210,formatRelativeTime
FNDA:210,formatSize
FNDA:196,groupFiles
FNDA:196,MemoryView
FNDA:21,(anonymous_4)
FNDA:19,(anonymous_5)
FNDA:14,(anonymous_6)
FNDA:14,(anonymous_7)
FNDA:2,(anonymous_8)
FNDA:1,(anonymous_9)
FNDA:2,(anonymous_10)
FNDA:0,(anonymous_11)
FNDA:0,(anonymous_12)
FNDA:137,(anonymous_13)
FNDA:117,onKeyDown
FNDA:137,(anonymous_15)
FNDA:31,(anonymous_16)
FNDA:0,onBeforeUnload
FNDA:8,(anonymous_18)
FNDA:196,(anonymous_19)
FNDA:196,(anonymous_20)
FNDA:196,(anonymous_21)
FNDA:117,(anonymous_22)
FNDA:0,(anonymous_23)
FNDA:195,(anonymous_24)
FNDA:19,(anonymous_25)
FNDA:3,(anonymous_26)
FNDA:18,(anonymous_27)
FNDA:20,(anonymous_28)
FNDA:0,(anonymous_29)
FNDA:0,(anonymous_30)
FNDA:0,(anonymous_31)
FNDA:0,(anonymous_32)
FNDA:0,(anonymous_33)
FNDA:149,(anonymous_34)
FNDA:209,(anonymous_35)
FNDA:14,(anonymous_36)
FNDA:76,(anonymous_37)
FNDA:0,(anonymous_38)
FNDA:103,(anonymous_39)
DA:31,210
DA:32,210
DA:33,210
DA:34,0
DA:35,0
DA:36,0
DA:37,0
DA:38,0
DA:39,0
DA:43,210
DA:44,0
DA:45,0
DA:46,0
DA:50,196
DA:51,196
DA:52,196
DA:53,196
DA:55,196
DA:56,210
DA:57,1
DA:58,209
DA:59,1
DA:60,208
DA:61,0
DA:63,208
DA:67,196
DA:68,196
DA:69,196
DA:70,196
DA:72,196
DA:76,196
DA:77,196
DA:78,196
DA:79,196
DA:80,196
DA:81,196
DA:82,196
DA:83,196
DA:84,196
DA:85,196
DA:86,196
DA:87,196
DA:88,196
DA:89,196
DA:91,196
DA:93,196
DA:95,196
DA:96,21
DA:97,21
DA:98,21
DA:100,0
DA:102,21
DA:106,196
DA:107,19
DA:110,196
DA:111,14
DA:112,14
DA:113,14
DA:114,14
DA:115,14
DA:116,14
DA:118,0
DA:120,14
DA:127,196
DA:128,14
DA:129,3
DA:135,2
DA:137,12
DA:140,196
DA:141,2
DA:142,2
DA:143,2
DA:144,2
DA:145,2
DA:147,0
DA:151,196
DA:152,1
DA:155,196
DA:156,2
DA:157,2
DA:158,2
DA:159,2
DA:160,2
DA:161,2
DA:162,2
DA:163,2
DA:164,2
DA:165,2
DA:167,0
DA:169,2
DA:173,196
DA:174,0
DA:176,0
DA:177,0
DA:178,0
DA:181,0
DA:182,0
DA:183,0
DA:184,0
DA:186,0
DA:187,0
DA:189,0
DA:193,196
DA:194,0
DA:195,0
DA:198,196
DA:200,117
DA:201,1
DA:202,1
DA:205,137
DA:206,137
DA:210,196
DA:211,31
DA:213,0
DA:215,8
DA:216,8
DA:220,196
DA:221,196
DA:222,196
DA:223,196
DA:224,196
DA:225,196
DA:228,196
DA:229,196
DA:230,196
DA:232,196
DA:233,196
DA:234,195
DA:235,117
DA:236,117
DA:237,0
DA:239,0
DA:240,0
DA:241,0
DA:242,0
DA:243,0
DA:244,0
DA:245,0
DA:249,0
DA:250,0
DA:251,0
DA:254,195
DA:255,195
DA:259,196
DA:260,19
DA:261,0
DA:262,19
DA:265,196
DA:276,3
DA:290,18
DA:292,20
DA:293,20
DA:294,0
DA:295,0
DA:311,0
DA:337,0
DA:340,0
DA:348,0
DA:371,0
DA:383,149
DA:386,209
DA:387,209
DA:392,14
DA:407,76
DA:416,0
DA:449,103
LF:166
LH:118
BRDA:33,0,0,210
BRDA:33,0,1,0
BRDA:35,1,0,0
BRDA:35,1,1,0
BRDA:37,2,0,0
BRDA:37,2,1,0
BRDA:43,3,0,210
BRDA:43,3,1,0
BRDA:45,4,0,0
BRDA:45,4,1,0
BRDA:56,5,0,1
BRDA:56,5,1,209
BRDA:58,6,0,1
BRDA:58,6,1,208
BRDA:60,7,0,0
BRDA:60,7,1,208
BRDA:68,8,0,1
BRDA:68,8,1,195
BRDA:69,9,0,0
BRDA:69,9,1,196
BRDA:70,10,0,148
BRDA:70,10,1,48
BRDA:100,11,0,0
BRDA:100,11,1,0
BRDA:118,12,0,0
BRDA:118,12,1,0
BRDA:128,13,0,3
BRDA:128,13,1,11
BRDA:135,14,0,1
BRDA:135,14,1,1
BRDA:141,15,0,0
BRDA:141,15,1,2
BRDA:147,16,0,0
BRDA:147,16,1,0
BRDA:157,17,0,0
BRDA:157,17,1,2
BRDA:158,18,0,1
BRDA:158,18,1,1
BRDA:167,19,0,0
BRDA:167,19,1,0
BRDA:176,20,0,0
BRDA:176,20,1,0
BRDA:186,21,0,0
BRDA:186,21,1,0
BRDA:200,22,0,1
BRDA:200,22,1,116
BRDA:200,23,0,117
BRDA:200,23,1,115
BRDA:200,23,2,2
BRDA:211,24,0,23
BRDA:211,24,1,8
BRDA:223,25,0,1
BRDA:223,25,1,195
BRDA:233,26,0,1
BRDA:233,26,1,195
BRDA:236,27,0,117
BRDA:236,27,1,0
BRDA:236,28,0,117
BRDA:236,28,1,20
BRDA:237,29,0,0
BRDA:237,29,1,0
BRDA:237,30,0,0
BRDA:237,30,1,0
BRDA:237,30,2,0
BRDA:239,31,0,0
BRDA:239,31,1,0
BRDA:239,32,0,0
BRDA:239,32,1,0
BRDA:243,33,0,0
BRDA:243,33,1,0
BRDA:244,34,0,0
BRDA:244,34,1,0
BRDA:244,35,0,0
BRDA:244,35,1,0
BRDA:245,36,0,0
BRDA:245,36,1,0
BRDA:249,37,0,0
BRDA:249,37,1,0
BRDA:249,38,0,0
BRDA:249,38,1,0
BRDA:249,38,2,0
BRDA:260,39,0,19
BRDA:260,39,1,0
BRDA:266,40,0,0
BRDA:266,40,1,196
BRDA:285,41,0,196
BRDA:285,41,1,23
BRDA:292,42,0,2
BRDA:292,42,1,18
BRDA:293,43,0,0
BRDA:293,43,1,20
BRDA:314,44,0,196
BRDA:314,44,1,0
BRDA:328,45,0,0
BRDA:328,45,1,196
BRDA:330,46,0,0
BRDA:330,46,1,0
BRDA:334,47,0,0
BRDA:334,47,1,0
BRDA:339,48,0,0
BRDA:339,48,1,0
BRDA:344,49,0,0
BRDA:344,49,1,0
BRDA:367,50,0,196
BRDA:367,50,1,1
BRDA:369,51,0,0
BRDA:369,51,1,1
BRDA:369,52,0,0
BRDA:369,52,1,1
BRDA:390,53,0,126
BRDA:390,53,1,83
BRDA:390,54,0,0
BRDA:390,54,1,209
BRDA:404,55,0,196
BRDA:404,55,1,19
BRDA:404,55,2,19
BRDA:411,56,0,196
BRDA:411,56,1,177
BRDA:411,56,2,28
BRDA:425,57,0,11
BRDA:425,57,1,185
BRDA:429,58,0,125
BRDA:429,58,1,60
BRDA:434,59,0,125
BRDA:434,59,1,108
BRF:125
BRH:62
end_of_record
TN:
SF:src/renderer/src/views/PRStationView.tsx
FN:21,PRStationView
FN:31,(anonymous_1)
FN:36,(anonymous_2)
FN:36,(anonymous_3)
FN:40,(anonymous_4)
FN:43,(anonymous_5)
FN:47,(anonymous_6)
FN:50,(anonymous_7)
FN:54,(anonymous_8)
FN:63,(anonymous_9)
FN:64,(anonymous_10)
FN:87,(anonymous_11)
FN:101,(anonymous_12)
FN:107,(anonymous_13)
FN:111,(anonymous_14)
FN:114,(anonymous_15)
FN:117,(anonymous_16)
FN:149,(anonymous_17)
FN:155,(anonymous_18)
FN:169,(anonymous_19)
FN:204,(anonymous_20)
FN:205,(anonymous_21)
FN:208,(anonymous_22)
FNF:23
FNH:15
FNDA:42,PRStationView
FNDA:42,(anonymous_1)
FNDA:14,(anonymous_2)
FNDA:0,(anonymous_3)
FNDA:14,(anonymous_4)
FNDA:0,(anonymous_5)
FNDA:0,(anonymous_6)
FNDA:0,(anonymous_7)
FNDA:0,(anonymous_8)
FNDA:1,(anonymous_9)
FNDA:1,(anonymous_10)
FNDA:10,(anonymous_11)
FNDA:25,(anonymous_12)
FNDA:10,(anonymous_13)
FNDA:10,(anonymous_14)
FNDA:0,(anonymous_15)
FNDA:10,(anonymous_16)
FNDA:1,(anonymous_17)
FNDA:2,(anonymous_18)
FNDA:2,(anonymous_19)
FNDA:1,(anonymous_20)
FNDA:0,(anonymous_21)
FNDA:0,(anonymous_22)
DA:22,42
DA:23,42
DA:24,42
DA:25,42
DA:26,42
DA:27,42
DA:28,42
DA:29,42
DA:30,42
DA:31,42
DA:32,42
DA:35,42
DA:36,14
DA:40,42
DA:41,14
DA:42,14
DA:43,0
DA:45,14
DA:46,0
DA:47,0
DA:49,14
DA:50,0
DA:53,14
DA:54,0
DA:57,14
DA:60,42
DA:62,42
DA:64,1
DA:65,1
DA:66,1
DA:68,1
DA:69,0
DA:70,0
DA:71,0
DA:72,0
DA:73,0
DA:76,1
DA:78,1
DA:87,42
DA:88,10
DA:89,0
DA:95,0
DA:98,10
DA:101,42
DA:102,25
DA:103,15
DA:104,15
DA:106,10
DA:107,10
DA:108,10
DA:109,10
DA:110,10
DA:112,10
DA:117,10
DA:118,10
DA:123,42
DA:149,1
DA:155,2
DA:169,2
DA:204,1
DA:206,0
DA:207,0
DA:208,0
LF:63
LH:48
BRDA:30,0,0,26
BRDA:30,0,1,16
BRDA:32,1,0,26
BRDA:32,1,1,16
BRDA:32,2,0,26
BRDA:32,2,1,17
BRDA:42,3,0,0
BRDA:42,3,1,14
BRDA:45,4,0,0
BRDA:45,4,1,14
BRDA:49,5,0,0
BRDA:49,5,1,14
BRDA:68,6,0,0
BRDA:68,6,1,1
BRDA:71,7,0,0
BRDA:71,7,1,0
BRDA:88,8,0,0
BRDA:88,8,1,10
BRDA:88,9,0,10
BRDA:88,9,1,0
BRDA:88,9,2,0
BRDA:91,10,0,0
BRDA:91,10,1,0
BRDA:95,11,0,0
BRDA:95,11,1,0
BRDA:102,12,0,15
BRDA:102,12,1,10
BRDA:108,13,0,0
BRDA:108,13,1,10
BRDA:112,14,0,10
BRDA:112,14,1,0
BRDA:124,15,0,0
BRDA:124,15,1,42
BRDA:140,16,0,26
BRDA:140,16,1,16
BRDA:148,17,0,24
BRDA:148,17,1,2
BRDA:154,18,0,2
BRDA:154,18,1,24
BRDA:161,19,0,26
BRDA:161,19,1,9
BRDA:164,20,0,0
BRDA:164,20,1,9
BRDA:175,21,0,24
BRDA:175,21,1,2
BRDA:200,22,0,42
BRDA:200,22,1,2
BRDA:200,22,2,2
BRF:48
BRH:31
end_of_record
TN:
SF:src/renderer/src/views/SettingsView.tsx
FN:39,SettingsView
FN:50,(anonymous_1)
FN:56,(anonymous_2)
FN:64,(anonymous_3)
FNF:4
FNH:4
FNDA:7,SettingsView
FNDA:49,(anonymous_1)
FNDA:2,(anonymous_2)
FNDA:13,(anonymous_3)
DA:17,2
DA:29,2
DA:40,7
DA:41,7
DA:42,7
DA:44,7
DA:51,49
DA:56,2
DA:64,13
LF:9
LH:9
BRDA:45,0,0,0
BRDA:45,0,1,7
BRDA:55,1,0,7
BRDA:55,1,1,42
BRF:4
BRH:3
end_of_record
TN:
SF:src/renderer/src/views/SprintView.tsx
FN:9,SprintView
FNF:1
FNH:1
FNDA:1,SprintView
DA:10,1
DA:11,1
LF:2
LH:2
BRDA:17,0,0,0
BRDA:17,0,1,1
BRF:2
BRH:1
end_of_record
TN:
SF:src/renderer/src/views/TaskWorkbenchView.tsx
FN:5,TaskWorkbenchView
FNF:1
FNH:0
FNDA:0,TaskWorkbenchView
DA:6,0
DA:7,0
LF:2
LH:0
BRDA:13,0,0,0
BRDA:13,0,1,0
BRF:2
BRH:0
end_of_record
